
> Configure project :packages:address
e: file:///D:/OtherProject/mine/crypto/web3-kmp/packages/address/build.gradle.kts:3:24: Unresolved reference: android

FAILURE: Build failed with an exception.

* Where:
Build file 'D:\OtherProject\mine\crypto\web3-kmp\packages\address\build.gradle.kts' line: 3

* What went wrong:
Script compilation error:

  Line 3:     alias(libs.plugins.android.library)
                                 ^ Unresolved reference: android

1 error

* Try:
> Run with --stacktrace option to get the stack trace.
> Run with --info or --debug option to get more log output.
> Run with --scan to get full insights.
> Get more help at https://help.gradle.org.

BUILD FAILED in 900ms
