build	Set up job	ï»¿2026-01-06T19:02:33.8739410Z Current runner version: '2.330.0'
build	Set up job	2026-01-06T19:02:33.8774494Z ##[group]Runner Image Provisioner
build	Set up job	2026-01-06T19:02:33.8775844Z Hosted Compute Agent
build	Set up job	2026-01-06T19:02:33.8777011Z Version: 20251211.462
build	Set up job	2026-01-06T19:02:33.8778197Z Commit: 6cbad8c2bb55d58165063d031ccabf57e2d2db61
build	Set up job	2026-01-06T19:02:33.8779424Z Build Date: 2025-12-11T16:28:49Z
build	Set up job	2026-01-06T19:02:33.8780461Z Worker ID: {bc8c18ea-2a45-4aa4-a9f5-f9a4772154db}
build	Set up job	2026-01-06T19:02:33.8781769Z ##[endgroup]
build	Set up job	2026-01-06T19:02:33.8782587Z ##[group]Operating System
build	Set up job	2026-01-06T19:02:33.8783523Z Ubuntu
build	Set up job	2026-01-06T19:02:33.8784451Z 24.04.3
build	Set up job	2026-01-06T19:02:33.8785273Z LTS
build	Set up job	2026-01-06T19:02:33.8786052Z ##[endgroup]
build	Set up job	2026-01-06T19:02:33.8787198Z ##[group]Runner Image
build	Set up job	2026-01-06T19:02:33.8788198Z Image: ubuntu-24.04
build	Set up job	2026-01-06T19:02:33.8788985Z Version: 20251215.174.1
build	Set up job	2026-01-06T19:02:33.8790950Z Included Software: https://github.com/actions/runner-images/blob/ubuntu24/20251215.174/images/ubuntu/Ubuntu2404-Readme.md
build	Set up job	2026-01-06T19:02:33.8793494Z Image Release: https://github.com/actions/runner-images/releases/tag/ubuntu24%2F20251215.174
build	Set up job	2026-01-06T19:02:33.8795630Z ##[endgroup]
build	Set up job	2026-01-06T19:02:33.8797699Z ##[group]GITHUB_TOKEN Permissions
build	Set up job	2026-01-06T19:02:33.8800187Z Contents: read
build	Set up job	2026-01-06T19:02:33.8801314Z Metadata: read
build	Set up job	2026-01-06T19:02:33.8802110Z Packages: read
build	Set up job	2026-01-06T19:02:33.8802912Z ##[endgroup]
build	Set up job	2026-01-06T19:02:33.8806394Z Secret source: Actions
build	Set up job	2026-01-06T19:02:33.8807478Z Prepare workflow directory
build	Set up job	2026-01-06T19:02:33.9457175Z Prepare all required actions
build	Set up job	2026-01-06T19:02:33.9493513Z Getting action download info
build	Set up job	2026-01-06T19:02:34.3640927Z Download action repository 'actions/checkout@v4' (SHA:34e114876b0b11c390a56381ad16ebd13914f8d5)
build	Set up job	2026-01-06T19:02:34.4639359Z Download action repository 'actions/setup-java@v4' (SHA:c1e323688fd81a25caa38c78aa6df2d33d3e20d9)
build	Set up job	2026-01-06T19:02:35.0983729Z Download action repository 'gradle/gradle-build-action@v2' (SHA:a8f75513eafdebd8141bd1cd4e30fcd194af8dfa)
build	Set up job	2026-01-06T19:02:36.7421951Z Complete job name: build
build	Run actions/checkout@v4	ï»¿2026-01-06T19:02:36.8164823Z ##[group]Run actions/checkout@v4
build	Run actions/checkout@v4	2026-01-06T19:02:36.8166077Z with:
build	Run actions/checkout@v4	2026-01-06T19:02:36.8166923Z   path: kotlin-solana
build	Run actions/checkout@v4	2026-01-06T19:02:36.8167721Z   repository: ImL1s/solana-kmp
build	Run actions/checkout@v4	2026-01-06T19:02:36.8168844Z   token: ***
build	Run actions/checkout@v4	2026-01-06T19:02:36.8169520Z   ssh-strict: true
build	Run actions/checkout@v4	2026-01-06T19:02:36.8170227Z   ssh-user: git
build	Run actions/checkout@v4	2026-01-06T19:02:36.8170960Z   persist-credentials: true
build	Run actions/checkout@v4	2026-01-06T19:02:36.8171764Z   clean: true
build	Run actions/checkout@v4	2026-01-06T19:02:36.8172515Z   sparse-checkout-cone-mode: true
build	Run actions/checkout@v4	2026-01-06T19:02:36.8173395Z   fetch-depth: 1
build	Run actions/checkout@v4	2026-01-06T19:02:36.8174104Z   fetch-tags: false
build	Run actions/checkout@v4	2026-01-06T19:02:36.8174829Z   show-progress: true
build	Run actions/checkout@v4	2026-01-06T19:02:36.8175581Z   lfs: false
build	Run actions/checkout@v4	2026-01-06T19:02:36.8176373Z   submodules: false
build	Run actions/checkout@v4	2026-01-06T19:02:36.8177121Z   set-safe-directory: true
build	Run actions/checkout@v4	2026-01-06T19:02:36.8178165Z env:
build	Run actions/checkout@v4	2026-01-06T19:02:36.8179107Z   GITHUB_TOKEN: ***
build	Run actions/checkout@v4	2026-01-06T19:02:36.8179825Z   GITHUB_ACTOR: ImL1s
build	Run actions/checkout@v4	2026-01-06T19:02:36.8180546Z ##[endgroup]
build	Run actions/checkout@v4	2026-01-06T19:02:36.9265423Z Syncing repository: ImL1s/solana-kmp
build	Run actions/checkout@v4	2026-01-06T19:02:36.9268507Z ##[group]Getting Git version info
build	Run actions/checkout@v4	2026-01-06T19:02:36.9269944Z Working directory is '/home/runner/work/solana-kmp/solana-kmp/kotlin-solana'
build	Run actions/checkout@v4	2026-01-06T19:02:36.9271903Z [command]/usr/bin/git version
build	Run actions/checkout@v4	2026-01-06T19:02:36.9336956Z git version 2.52.0
build	Run actions/checkout@v4	2026-01-06T19:02:36.9365147Z ##[endgroup]
build	Run actions/checkout@v4	2026-01-06T19:02:36.9381969Z Temporarily overriding HOME='/home/runner/work/_temp/01f20596-7f23-42e2-9779-c006f1176da7' before making global git config changes
build	Run actions/checkout@v4	2026-01-06T19:02:36.9386870Z Adding repository directory to the temporary git global config as a safe directory
build	Run actions/checkout@v4	2026-01-06T19:02:36.9397968Z [command]/usr/bin/git config --global --add safe.directory /home/runner/work/solana-kmp/solana-kmp/kotlin-solana
build	Run actions/checkout@v4	2026-01-06T19:02:36.9440883Z ##[group]Initializing the repository
build	Run actions/checkout@v4	2026-01-06T19:02:36.9445899Z [command]/usr/bin/git init /home/runner/work/solana-kmp/solana-kmp/kotlin-solana
build	Run actions/checkout@v4	2026-01-06T19:02:36.9570345Z hint: Using 'master' as the name for the initial branch. This default branch name
build	Run actions/checkout@v4	2026-01-06T19:02:36.9574148Z hint: will change to "main" in Git 3.0. To configure the initial branch name
build	Run actions/checkout@v4	2026-01-06T19:02:36.9577328Z hint: to use in all of your new repositories, which will suppress this warning,
build	Run actions/checkout@v4	2026-01-06T19:02:36.9579631Z hint: call:
build	Run actions/checkout@v4	2026-01-06T19:02:36.9580773Z hint:
build	Run actions/checkout@v4	2026-01-06T19:02:36.9582228Z hint: 	git config --global init.defaultBranch <name>
build	Run actions/checkout@v4	2026-01-06T19:02:36.9584116Z hint:
build	Run actions/checkout@v4	2026-01-06T19:02:36.9586582Z hint: Names commonly chosen instead of 'master' are 'main', 'trunk' and
build	Run actions/checkout@v4	2026-01-06T19:02:36.9589626Z hint: 'development'. The just-created branch can be renamed via this command:
build	Run actions/checkout@v4	2026-01-06T19:02:36.9592534Z hint:
build	Run actions/checkout@v4	2026-01-06T19:02:36.9593743Z hint: 	git branch -m <name>
build	Run actions/checkout@v4	2026-01-06T19:02:36.9595174Z hint:
build	Run actions/checkout@v4	2026-01-06T19:02:36.9597473Z hint: Disable this message with "git config set advice.defaultBranchName false"
build	Run actions/checkout@v4	2026-01-06T19:02:36.9601107Z Initialized empty Git repository in /home/runner/work/solana-kmp/solana-kmp/kotlin-solana/.git/
build	Run actions/checkout@v4	2026-01-06T19:02:36.9606782Z [command]/usr/bin/git remote add origin https://github.com/ImL1s/solana-kmp
build	Run actions/checkout@v4	2026-01-06T19:02:36.9633322Z ##[endgroup]
build	Run actions/checkout@v4	2026-01-06T19:02:36.9635581Z ##[group]Disabling automatic garbage collection
build	Run actions/checkout@v4	2026-01-06T19:02:36.9637823Z [command]/usr/bin/git config --local gc.auto 0
build	Run actions/checkout@v4	2026-01-06T19:02:36.9671031Z ##[endgroup]
build	Run actions/checkout@v4	2026-01-06T19:02:36.9673046Z ##[group]Setting up auth
build	Run actions/checkout@v4	2026-01-06T19:02:36.9679484Z [command]/usr/bin/git config --local --name-only --get-regexp core\.sshCommand
build	Run actions/checkout@v4	2026-01-06T19:02:36.9713737Z [command]/usr/bin/git submodule foreach --recursive sh -c "git config --local --name-only --get-regexp 'core\.sshCommand' && git config --local --unset-all 'core.sshCommand' || :"
build	Run actions/checkout@v4	2026-01-06T19:02:37.0097171Z [command]/usr/bin/git config --local --name-only --get-regexp http\.https\:\/\/github\.com\/\.extraheader
build	Run actions/checkout@v4	2026-01-06T19:02:37.0129932Z [command]/usr/bin/git submodule foreach --recursive sh -c "git config --local --name-only --get-regexp 'http\.https\:\/\/github\.com\/\.extraheader' && git config --local --unset-all 'http.https://github.com/.extraheader' || :"
build	Run actions/checkout@v4	2026-01-06T19:02:37.0348937Z [command]/usr/bin/git config --local --name-only --get-regexp ^includeIf\.gitdir:
build	Run actions/checkout@v4	2026-01-06T19:02:37.0380498Z [command]/usr/bin/git submodule foreach --recursive git config --local --show-origin --name-only --get-regexp remote.origin.url
build	Run actions/checkout@v4	2026-01-06T19:02:37.0611013Z [command]/usr/bin/git config --local http.https://github.com/.extraheader AUTHORIZATION: basic ***
build	Run actions/checkout@v4	2026-01-06T19:02:37.0647170Z ##[endgroup]
build	Run actions/checkout@v4	2026-01-06T19:02:37.0649457Z ##[group]Fetching the repository
build	Run actions/checkout@v4	2026-01-06T19:02:37.0658534Z [command]/usr/bin/git -c protocol.version=2 fetch --no-tags --prune --no-recurse-submodules --depth=1 origin +c07e7bc8136eb6f46485bb66c3a92e0e04a89359:refs/remotes/origin/dev
build	Run actions/checkout@v4	2026-01-06T19:02:37.5445505Z From https://github.com/ImL1s/solana-kmp
build	Run actions/checkout@v4	2026-01-06T19:02:37.5446443Z  * [new ref]         c07e7bc8136eb6f46485bb66c3a92e0e04a89359 -> origin/dev
build	Run actions/checkout@v4	2026-01-06T19:02:37.5477761Z ##[endgroup]
build	Run actions/checkout@v4	2026-01-06T19:02:37.5478316Z ##[group]Determining the checkout info
build	Run actions/checkout@v4	2026-01-06T19:02:37.5479929Z ##[endgroup]
build	Run actions/checkout@v4	2026-01-06T19:02:37.5484729Z [command]/usr/bin/git sparse-checkout disable
build	Run actions/checkout@v4	2026-01-06T19:02:37.5531756Z [command]/usr/bin/git config --local --unset-all extensions.worktreeConfig
build	Run actions/checkout@v4	2026-01-06T19:02:37.5556564Z ##[group]Checking out the ref
build	Run actions/checkout@v4	2026-01-06T19:02:37.5560175Z [command]/usr/bin/git checkout --progress --force -B dev refs/remotes/origin/dev
build	Run actions/checkout@v4	2026-01-06T19:02:37.5745550Z Switched to a new branch 'dev'
build	Run actions/checkout@v4	2026-01-06T19:02:37.5747890Z branch 'dev' set up to track 'origin/dev'.
build	Run actions/checkout@v4	2026-01-06T19:02:37.5754823Z ##[endgroup]
build	Run actions/checkout@v4	2026-01-06T19:02:37.5788977Z [command]/usr/bin/git log -1 --format=%H
build	Run actions/checkout@v4	2026-01-06T19:02:37.5810164Z c07e7bc8136eb6f46485bb66c3a92e0e04a89359
build	Run actions/checkout@v4	ï»¿2026-01-06T19:02:37.6106528Z ##[group]Run actions/checkout@v4
build	Run actions/checkout@v4	2026-01-06T19:02:37.6107283Z with:
build	Run actions/checkout@v4	2026-01-06T19:02:37.6107875Z   repository: ImL1s/kotlin-crypto-pure
build	Run actions/checkout@v4	2026-01-06T19:02:37.6108504Z   path: kotlin-crypto-pure
build	Run actions/checkout@v4	2026-01-06T19:02:37.6109138Z   token: ***
build	Run actions/checkout@v4	2026-01-06T19:02:37.6109446Z   ssh-strict: true
build	Run actions/checkout@v4	2026-01-06T19:02:37.6109998Z   ssh-user: git
build	Run actions/checkout@v4	2026-01-06T19:02:37.6110339Z   persist-credentials: true
build	Run actions/checkout@v4	2026-01-06T19:02:37.6110704Z   clean: true
build	Run actions/checkout@v4	2026-01-06T19:02:37.6111052Z   sparse-checkout-cone-mode: true
build	Run actions/checkout@v4	2026-01-06T19:02:37.6111445Z   fetch-depth: 1
build	Run actions/checkout@v4	2026-01-06T19:02:37.6111766Z   fetch-tags: false
build	Run actions/checkout@v4	2026-01-06T19:02:37.6112089Z   show-progress: true
build	Run actions/checkout@v4	2026-01-06T19:02:37.6112417Z   lfs: false
build	Run actions/checkout@v4	2026-01-06T19:02:37.6112715Z   submodules: false
build	Run actions/checkout@v4	2026-01-06T19:02:37.6113052Z   set-safe-directory: true
build	Run actions/checkout@v4	2026-01-06T19:02:37.6113397Z env:
build	Run actions/checkout@v4	2026-01-06T19:02:37.6113826Z   GITHUB_TOKEN: ***
build	Run actions/checkout@v4	2026-01-06T19:02:37.6114153Z   GITHUB_ACTOR: ImL1s
build	Run actions/checkout@v4	2026-01-06T19:02:37.6114476Z ##[endgroup]
build	Run actions/checkout@v4	2026-01-06T19:02:37.7042199Z Syncing repository: ImL1s/kotlin-crypto-pure
build	Run actions/checkout@v4	2026-01-06T19:02:37.7049391Z ##[group]Getting Git version info
build	Run actions/checkout@v4	2026-01-06T19:02:37.7050312Z Working directory is '/home/runner/work/solana-kmp/solana-kmp/kotlin-crypto-pure'
build	Run actions/checkout@v4	2026-01-06T19:02:37.7091366Z [command]/usr/bin/git version
build	Run actions/checkout@v4	2026-01-06T19:02:37.7130140Z git version 2.52.0
build	Run actions/checkout@v4	2026-01-06T19:02:37.7155749Z ##[endgroup]
build	Run actions/checkout@v4	2026-01-06T19:02:37.7169757Z Temporarily overriding HOME='/home/runner/work/_temp/6e904b15-54d2-4a47-a734-d648c528450d' before making global git config changes
build	Run actions/checkout@v4	2026-01-06T19:02:37.7171242Z Adding repository directory to the temporary git global config as a safe directory
build	Run actions/checkout@v4	2026-01-06T19:02:37.7183883Z [command]/usr/bin/git config --global --add safe.directory /home/runner/work/solana-kmp/solana-kmp/kotlin-crypto-pure
build	Run actions/checkout@v4	2026-01-06T19:02:37.7214608Z ##[group]Initializing the repository
build	Run actions/checkout@v4	2026-01-06T19:02:37.7220220Z [command]/usr/bin/git init /home/runner/work/solana-kmp/solana-kmp/kotlin-crypto-pure
build	Run actions/checkout@v4	2026-01-06T19:02:37.7255218Z hint: Using 'master' as the name for the initial branch. This default branch name
build	Run actions/checkout@v4	2026-01-06T19:02:37.7256552Z hint: will change to "main" in Git 3.0. To configure the initial branch name
build	Run actions/checkout@v4	2026-01-06T19:02:37.7257528Z hint: to use in all of your new repositories, which will suppress this warning,
build	Run actions/checkout@v4	2026-01-06T19:02:37.7258217Z hint: call:
build	Run actions/checkout@v4	2026-01-06T19:02:37.7258682Z hint:
build	Run actions/checkout@v4	2026-01-06T19:02:37.7259241Z hint: 	git config --global init.defaultBranch <name>
build	Run actions/checkout@v4	2026-01-06T19:02:37.7259905Z hint:
build	Run actions/checkout@v4	2026-01-06T19:02:37.7260549Z hint: Names commonly chosen instead of 'master' are 'main', 'trunk' and
build	Run actions/checkout@v4	2026-01-06T19:02:37.7261555Z hint: 'development'. The just-created branch can be renamed via this command:
build	Run actions/checkout@v4	2026-01-06T19:02:37.7262329Z hint:
build	Run actions/checkout@v4	2026-01-06T19:02:37.7262813Z hint: 	git branch -m <name>
build	Run actions/checkout@v4	2026-01-06T19:02:37.7263330Z hint:
build	Run actions/checkout@v4	2026-01-06T19:02:37.7264072Z hint: Disable this message with "git config set advice.defaultBranchName false"
build	Run actions/checkout@v4	2026-01-06T19:02:37.7265272Z Initialized empty Git repository in /home/runner/work/solana-kmp/solana-kmp/kotlin-crypto-pure/.git/
build	Run actions/checkout@v4	2026-01-06T19:02:37.7269648Z [command]/usr/bin/git remote add origin https://github.com/ImL1s/kotlin-crypto-pure
build	Run actions/checkout@v4	2026-01-06T19:02:37.7298615Z ##[endgroup]
build	Run actions/checkout@v4	2026-01-06T19:02:37.7299432Z ##[group]Disabling automatic garbage collection
build	Run actions/checkout@v4	2026-01-06T19:02:37.7303863Z [command]/usr/bin/git config --local gc.auto 0
build	Run actions/checkout@v4	2026-01-06T19:02:37.7332114Z ##[endgroup]
build	Run actions/checkout@v4	2026-01-06T19:02:37.7332910Z ##[group]Setting up auth
build	Run actions/checkout@v4	2026-01-06T19:02:37.7339248Z [command]/usr/bin/git config --local --name-only --get-regexp core\.sshCommand
build	Run actions/checkout@v4	2026-01-06T19:02:37.7369082Z [command]/usr/bin/git submodule foreach --recursive sh -c "git config --local --name-only --get-regexp 'core\.sshCommand' && git config --local --unset-all 'core.sshCommand' || :"
build	Run actions/checkout@v4	2026-01-06T19:02:37.7588006Z [command]/usr/bin/git config --local --name-only --get-regexp http\.https\:\/\/github\.com\/\.extraheader
build	Run actions/checkout@v4	2026-01-06T19:02:37.7617797Z [command]/usr/bin/git submodule foreach --recursive sh -c "git config --local --name-only --get-regexp 'http\.https\:\/\/github\.com\/\.extraheader' && git config --local --unset-all 'http.https://github.com/.extraheader' || :"
build	Run actions/checkout@v4	2026-01-06T19:02:37.7838930Z [command]/usr/bin/git config --local --name-only --get-regexp ^includeIf\.gitdir:
build	Run actions/checkout@v4	2026-01-06T19:02:37.7868571Z [command]/usr/bin/git submodule foreach --recursive git config --local --show-origin --name-only --get-regexp remote.origin.url
build	Run actions/checkout@v4	2026-01-06T19:02:37.8113097Z [command]/usr/bin/git config --local http.https://github.com/.extraheader AUTHORIZATION: basic ***
build	Run actions/checkout@v4	2026-01-06T19:02:37.8150889Z ##[endgroup]
build	Run actions/checkout@v4	2026-01-06T19:02:37.8151654Z ##[group]Determining the default branch
build	Run actions/checkout@v4	2026-01-06T19:02:37.8155913Z Retrieving the default branch name
build	Run actions/checkout@v4	2026-01-06T19:02:38.1736343Z Default branch 'main'
build	Run actions/checkout@v4	2026-01-06T19:02:38.1743676Z ##[endgroup]
build	Run actions/checkout@v4	2026-01-06T19:02:38.1744326Z ##[group]Fetching the repository
build	Run actions/checkout@v4	2026-01-06T19:02:38.1746694Z [command]/usr/bin/git -c protocol.version=2 fetch --no-tags --prune --no-recurse-submodules --depth=1 origin +refs/heads/main:refs/remotes/origin/main
build	Run actions/checkout@v4	2026-01-06T19:02:38.9409806Z From https://github.com/ImL1s/kotlin-crypto-pure
build	Run actions/checkout@v4	2026-01-06T19:02:38.9410706Z  * [new branch]      main       -> origin/main
build	Run actions/checkout@v4	2026-01-06T19:02:38.9440910Z ##[endgroup]
build	Run actions/checkout@v4	2026-01-06T19:02:38.9441548Z ##[group]Determining the checkout info
build	Run actions/checkout@v4	2026-01-06T19:02:38.9442861Z ##[endgroup]
build	Run actions/checkout@v4	2026-01-06T19:02:38.9448415Z [command]/usr/bin/git sparse-checkout disable
build	Run actions/checkout@v4	2026-01-06T19:02:38.9489457Z [command]/usr/bin/git config --local --unset-all extensions.worktreeConfig
build	Run actions/checkout@v4	2026-01-06T19:02:38.9518050Z ##[group]Checking out the ref
build	Run actions/checkout@v4	2026-01-06T19:02:38.9523019Z [command]/usr/bin/git checkout --progress --force -B main refs/remotes/origin/main
build	Run actions/checkout@v4	2026-01-06T19:02:38.9857170Z Switched to a new branch 'main'
build	Run actions/checkout@v4	2026-01-06T19:02:38.9859196Z branch 'main' set up to track 'origin/main'.
build	Run actions/checkout@v4	2026-01-06T19:02:38.9869308Z ##[endgroup]
build	Run actions/checkout@v4	2026-01-06T19:02:38.9908589Z [command]/usr/bin/git log -1 --format=%H
build	Run actions/checkout@v4	2026-01-06T19:02:38.9932765Z 54e6c885b08416cffc96f9561314e7001cf8cb7f
build	Run actions/checkout@v4	ï»¿2026-01-06T19:02:39.0105996Z ##[group]Run actions/checkout@v4
build	Run actions/checkout@v4	2026-01-06T19:02:39.0106608Z with:
build	Run actions/checkout@v4	2026-01-06T19:02:39.0106800Z   repository: ImL1s/kotlin-address
build	Run actions/checkout@v4	2026-01-06T19:02:39.0107044Z   path: kotlin-address
build	Run actions/checkout@v4	2026-01-06T19:02:39.0107372Z   token: ***
build	Run actions/checkout@v4	2026-01-06T19:02:39.0107553Z   ssh-strict: true
build	Run actions/checkout@v4	2026-01-06T19:02:39.0107738Z   ssh-user: git
build	Run actions/checkout@v4	2026-01-06T19:02:39.0107922Z   persist-credentials: true
build	Run actions/checkout@v4	2026-01-06T19:02:39.0108147Z   clean: true
build	Run actions/checkout@v4	2026-01-06T19:02:39.0108332Z   sparse-checkout-cone-mode: true
build	Run actions/checkout@v4	2026-01-06T19:02:39.0108561Z   fetch-depth: 1
build	Run actions/checkout@v4	2026-01-06T19:02:39.0108751Z   fetch-tags: false
build	Run actions/checkout@v4	2026-01-06T19:02:39.0108936Z   show-progress: true
build	Run actions/checkout@v4	2026-01-06T19:02:39.0109121Z   lfs: false
build	Run actions/checkout@v4	2026-01-06T19:02:39.0109290Z   submodules: false
build	Run actions/checkout@v4	2026-01-06T19:02:39.0109586Z   set-safe-directory: true
build	Run actions/checkout@v4	2026-01-06T19:02:39.0109814Z env:
build	Run actions/checkout@v4	2026-01-06T19:02:39.0110075Z   GITHUB_TOKEN: ***
build	Run actions/checkout@v4	2026-01-06T19:02:39.0110253Z   GITHUB_ACTOR: ImL1s
build	Run actions/checkout@v4	2026-01-06T19:02:39.0110440Z ##[endgroup]
build	Run actions/checkout@v4	2026-01-06T19:02:39.1023691Z Syncing repository: ImL1s/kotlin-address
build	Run actions/checkout@v4	2026-01-06T19:02:39.1031413Z ##[group]Getting Git version info
build	Run actions/checkout@v4	2026-01-06T19:02:39.1032059Z Working directory is '/home/runner/work/solana-kmp/solana-kmp/kotlin-address'
build	Run actions/checkout@v4	2026-01-06T19:02:39.1070943Z [command]/usr/bin/git version
build	Run actions/checkout@v4	2026-01-06T19:02:39.1106828Z git version 2.52.0
build	Run actions/checkout@v4	2026-01-06T19:02:39.1131265Z ##[endgroup]
build	Run actions/checkout@v4	2026-01-06T19:02:39.1143666Z Temporarily overriding HOME='/home/runner/work/_temp/b5ea37e8-f140-440b-922f-390803d96b9d' before making global git config changes
build	Run actions/checkout@v4	2026-01-06T19:02:39.1144622Z Adding repository directory to the temporary git global config as a safe directory
build	Run actions/checkout@v4	2026-01-06T19:02:39.1156560Z [command]/usr/bin/git config --global --add safe.directory /home/runner/work/solana-kmp/solana-kmp/kotlin-address
build	Run actions/checkout@v4	2026-01-06T19:02:39.1184685Z ##[group]Initializing the repository
build	Run actions/checkout@v4	2026-01-06T19:02:39.1189540Z [command]/usr/bin/git init /home/runner/work/solana-kmp/solana-kmp/kotlin-address
build	Run actions/checkout@v4	2026-01-06T19:02:39.1225020Z hint: Using 'master' as the name for the initial branch. This default branch name
build	Run actions/checkout@v4	2026-01-06T19:02:39.1225899Z hint: will change to "main" in Git 3.0. To configure the initial branch name
build	Run actions/checkout@v4	2026-01-06T19:02:39.1226878Z hint: to use in all of your new repositories, which will suppress this warning,
build	Run actions/checkout@v4	2026-01-06T19:02:39.1227466Z hint: call:
build	Run actions/checkout@v4	2026-01-06T19:02:39.1227774Z hint:
build	Run actions/checkout@v4	2026-01-06T19:02:39.1228150Z hint: 	git config --global init.defaultBranch <name>
build	Run actions/checkout@v4	2026-01-06T19:02:39.1228698Z hint:
build	Run actions/checkout@v4	2026-01-06T19:02:39.1228977Z hint: Names commonly chosen instead of 'master' are 'main', 'trunk' and
build	Run actions/checkout@v4	2026-01-06T19:02:39.1229433Z hint: 'development'. The just-created branch can be renamed via this command:
build	Run actions/checkout@v4	2026-01-06T19:02:39.1229776Z hint:
build	Run actions/checkout@v4	2026-01-06T19:02:39.1229981Z hint: 	git branch -m <name>
build	Run actions/checkout@v4	2026-01-06T19:02:39.1230201Z hint:
build	Run actions/checkout@v4	2026-01-06T19:02:39.1230516Z hint: Disable this message with "git config set advice.defaultBranchName false"
build	Run actions/checkout@v4	2026-01-06T19:02:39.1231060Z Initialized empty Git repository in /home/runner/work/solana-kmp/solana-kmp/kotlin-address/.git/
build	Run actions/checkout@v4	2026-01-06T19:02:39.1237187Z [command]/usr/bin/git remote add origin https://github.com/ImL1s/kotlin-address
build	Run actions/checkout@v4	2026-01-06T19:02:39.1265376Z ##[endgroup]
build	Run actions/checkout@v4	2026-01-06T19:02:39.1265784Z ##[group]Disabling automatic garbage collection
build	Run actions/checkout@v4	2026-01-06T19:02:39.1270008Z [command]/usr/bin/git config --local gc.auto 0
build	Run actions/checkout@v4	2026-01-06T19:02:39.1297148Z ##[endgroup]
build	Run actions/checkout@v4	2026-01-06T19:02:39.1297522Z ##[group]Setting up auth
build	Run actions/checkout@v4	2026-01-06T19:02:39.1303148Z [command]/usr/bin/git config --local --name-only --get-regexp core\.sshCommand
build	Run actions/checkout@v4	2026-01-06T19:02:39.1331241Z [command]/usr/bin/git submodule foreach --recursive sh -c "git config --local --name-only --get-regexp 'core\.sshCommand' && git config --local --unset-all 'core.sshCommand' || :"
build	Run actions/checkout@v4	2026-01-06T19:02:39.1550686Z [command]/usr/bin/git config --local --name-only --get-regexp http\.https\:\/\/github\.com\/\.extraheader
build	Run actions/checkout@v4	2026-01-06T19:02:39.1578992Z [command]/usr/bin/git submodule foreach --recursive sh -c "git config --local --name-only --get-regexp 'http\.https\:\/\/github\.com\/\.extraheader' && git config --local --unset-all 'http.https://github.com/.extraheader' || :"
build	Run actions/checkout@v4	2026-01-06T19:02:39.1796447Z [command]/usr/bin/git config --local --name-only --get-regexp ^includeIf\.gitdir:
build	Run actions/checkout@v4	2026-01-06T19:02:39.1825743Z [command]/usr/bin/git submodule foreach --recursive git config --local --show-origin --name-only --get-regexp remote.origin.url
build	Run actions/checkout@v4	2026-01-06T19:02:39.2060211Z [command]/usr/bin/git config --local http.https://github.com/.extraheader AUTHORIZATION: basic ***
build	Run actions/checkout@v4	2026-01-06T19:02:39.2100626Z ##[endgroup]
build	Run actions/checkout@v4	2026-01-06T19:02:39.2101425Z ##[group]Determining the default branch
build	Run actions/checkout@v4	2026-01-06T19:02:39.2104911Z Retrieving the default branch name
build	Run actions/checkout@v4	2026-01-06T19:02:39.5230006Z Default branch 'master'
build	Run actions/checkout@v4	2026-01-06T19:02:39.5231763Z ##[endgroup]
build	Run actions/checkout@v4	2026-01-06T19:02:39.5234311Z ##[group]Fetching the repository
build	Run actions/checkout@v4	2026-01-06T19:02:39.5239575Z [command]/usr/bin/git -c protocol.version=2 fetch --no-tags --prune --no-recurse-submodules --depth=1 origin +refs/heads/master:refs/remotes/origin/master
build	Run actions/checkout@v4	2026-01-06T19:02:40.3036482Z From https://github.com/ImL1s/kotlin-address
build	Run actions/checkout@v4	2026-01-06T19:02:40.3037218Z  * [new branch]      master     -> origin/master
build	Run actions/checkout@v4	2026-01-06T19:02:40.3064135Z ##[endgroup]
build	Run actions/checkout@v4	2026-01-06T19:02:40.3064542Z ##[group]Determining the checkout info
build	Run actions/checkout@v4	2026-01-06T19:02:40.3066083Z ##[endgroup]
build	Run actions/checkout@v4	2026-01-06T19:02:40.3071294Z [command]/usr/bin/git sparse-checkout disable
build	Run actions/checkout@v4	2026-01-06T19:02:40.3108430Z [command]/usr/bin/git config --local --unset-all extensions.worktreeConfig
build	Run actions/checkout@v4	2026-01-06T19:02:40.3134085Z ##[group]Checking out the ref
build	Run actions/checkout@v4	2026-01-06T19:02:40.3138453Z [command]/usr/bin/git checkout --progress --force -B master refs/remotes/origin/master
build	Run actions/checkout@v4	2026-01-06T19:02:40.3237354Z Reset branch 'master'
build	Run actions/checkout@v4	2026-01-06T19:02:40.3240375Z branch 'master' set up to track 'origin/master'.
build	Run actions/checkout@v4	2026-01-06T19:02:40.3246524Z ##[endgroup]
build	Run actions/checkout@v4	2026-01-06T19:02:40.3282884Z [command]/usr/bin/git log -1 --format=%H
build	Run actions/checkout@v4	2026-01-06T19:02:40.3305982Z 75fa9fe4fa5b72c8e4eb3363953f940f1452bab4
build	Set up JDK 17	ï»¿2026-01-06T19:02:40.3468622Z ##[group]Run actions/setup-java@v4
build	Set up JDK 17	2026-01-06T19:02:40.3468892Z with:
build	Set up JDK 17	2026-01-06T19:02:40.3469076Z   java-version: 17
build	Set up JDK 17	2026-01-06T19:02:40.3469275Z   distribution: temurin
build	Set up JDK 17	2026-01-06T19:02:40.3469487Z   java-package: jdk
build	Set up JDK 17	2026-01-06T19:02:40.3469686Z   check-latest: false
build	Set up JDK 17	2026-01-06T19:02:40.3469880Z   server-id: github
build	Set up JDK 17	2026-01-06T19:02:40.3470081Z   server-username: GITHUB_ACTOR
build	Set up JDK 17	2026-01-06T19:02:40.3470321Z   server-password: GITHUB_TOKEN
build	Set up JDK 17	2026-01-06T19:02:40.3470556Z   overwrite-settings: true
build	Set up JDK 17	2026-01-06T19:02:40.3470937Z   job-status: success
build	Set up JDK 17	2026-01-06T19:02:40.3471252Z   token: ***
build	Set up JDK 17	2026-01-06T19:02:40.3471424Z env:
build	Set up JDK 17	2026-01-06T19:02:40.3471692Z   GITHUB_TOKEN: ***
build	Set up JDK 17	2026-01-06T19:02:40.3471886Z   GITHUB_ACTOR: ImL1s
build	Set up JDK 17	2026-01-06T19:02:40.3472071Z ##[endgroup]
build	Set up JDK 17	2026-01-06T19:02:40.5468439Z ##[group]Installed distributions
build	Set up JDK 17	2026-01-06T19:02:40.5539402Z Resolved Java 17.0.17+10 from tool-cache
build	Set up JDK 17	2026-01-06T19:02:40.5540450Z Setting Java 17.0.17+10 as the default
build	Set up JDK 17	2026-01-06T19:02:40.5553197Z Creating toolchains.xml for JDK version 17 from temurin
build	Set up JDK 17	2026-01-06T19:02:40.5629547Z Writing to /home/runner/.m2/toolchains.xml
build	Set up JDK 17	2026-01-06T19:02:40.5630051Z 
build	Set up JDK 17	2026-01-06T19:02:40.5630216Z Java configuration:
build	Set up JDK 17	2026-01-06T19:02:40.5631849Z   Distribution: temurin
build	Set up JDK 17	2026-01-06T19:02:40.5632241Z   Version: 17.0.17+10
build	Set up JDK 17	2026-01-06T19:02:40.5632834Z   Path: /opt/hostedtoolcache/Java_Temurin-Hotspot_jdk/17.0.17-10/x64
build	Set up JDK 17	2026-01-06T19:02:40.5633365Z 
build	Set up JDK 17	2026-01-06T19:02:40.5633799Z ##[endgroup]
build	Set up JDK 17	2026-01-06T19:02:40.5651222Z Creating settings.xml with server-id: github
build	Set up JDK 17	2026-01-06T19:02:40.5657416Z Writing to /home/runner/.m2/settings.xml
build	Setup Gradle	ï»¿2026-01-06T19:02:40.5794991Z ##[group]Run gradle/gradle-build-action@v2
build	Setup Gradle	2026-01-06T19:02:40.5795286Z with:
build	Setup Gradle	2026-01-06T19:02:40.5795465Z   cache-disabled: false
build	Setup Gradle	2026-01-06T19:02:40.5795666Z   cache-read-only: true
build	Setup Gradle	2026-01-06T19:02:40.5795866Z   cache-write-only: false
build	Setup Gradle	2026-01-06T19:02:40.5796083Z   cache-overwrite-existing: false
build	Setup Gradle	2026-01-06T19:02:40.5796609Z   gradle-home-cache-includes: caches
build	Setup Gradle	notifications
build	Setup Gradle	
build	Setup Gradle	2026-01-06T19:02:40.5796904Z   gradle-home-cache-cleanup: false
build	Setup Gradle	2026-01-06T19:02:40.5797149Z   generate-job-summary: true
build	Setup Gradle	2026-01-06T19:02:40.5797365Z   dependency-graph: disabled
build	Setup Gradle	2026-01-06T19:02:40.5797594Z   gradle-home-cache-strict-match: false
build	Setup Gradle	2026-01-06T19:02:40.5797846Z   workflow-job-context: null
build	Setup Gradle	2026-01-06T19:02:40.5798264Z   github-token: ***
build	Setup Gradle	2026-01-06T19:02:40.5798441Z env:
build	Setup Gradle	2026-01-06T19:02:40.5798677Z   GITHUB_TOKEN: ***
build	Setup Gradle	2026-01-06T19:02:40.5798861Z   GITHUB_ACTOR: ImL1s
build	Setup Gradle	2026-01-06T19:02:40.5799174Z   JAVA_HOME: /opt/hostedtoolcache/Java_Temurin-Hotspot_jdk/17.0.17-10/x64
build	Setup Gradle	2026-01-06T19:02:40.5799607Z   JAVA_HOME_17_X64: /opt/hostedtoolcache/Java_Temurin-Hotspot_jdk/17.0.17-10/x64
build	Setup Gradle	2026-01-06T19:02:40.5799966Z ##[endgroup]
build	Setup Gradle	2026-01-06T19:02:40.8672463Z ##[group]Restore Gradle state from cache
build	Setup Gradle	2026-01-06T19:02:40.9491462Z ##[warning]Failed to restore v8-gradle|Linux|ci-build[37a6259cc0c1dae299a7866489dff0bd]-c07e7bc8136eb6f46485bb66c3a92e0e04a89359: Error: Cache service responded with 400
build	Setup Gradle	2026-01-06T19:02:40.9521093Z Gradle User Home cache not found. Will initialize empty.
build	Setup Gradle	2026-01-06T19:02:40.9521936Z ##[endgroup]
build	Build with Gradle	ï»¿2026-01-06T19:02:40.9655449Z ##[group]Run cd kotlin-solana
build	Build with Gradle	2026-01-06T19:02:40.9655783Z [36;1mcd kotlin-solana[0m
build	Build with Gradle	2026-01-06T19:02:40.9656017Z [36;1mchmod +x gradlew[0m
build	Build with Gradle	2026-01-06T19:02:40.9656564Z [36;1m./gradlew build[0m
build	Build with Gradle	2026-01-06T19:02:40.9692104Z shell: /usr/bin/bash -e {0}
build	Build with Gradle	2026-01-06T19:02:40.9692356Z env:
build	Build with Gradle	2026-01-06T19:02:40.9692871Z   GITHUB_TOKEN: ***
build	Build with Gradle	2026-01-06T19:02:40.9693090Z   GITHUB_ACTOR: ImL1s
build	Build with Gradle	2026-01-06T19:02:40.9693413Z   JAVA_HOME: /opt/hostedtoolcache/Java_Temurin-Hotspot_jdk/17.0.17-10/x64
build	Build with Gradle	2026-01-06T19:02:40.9693872Z   JAVA_HOME_17_X64: /opt/hostedtoolcache/Java_Temurin-Hotspot_jdk/17.0.17-10/x64
build	Build with Gradle	2026-01-06T19:02:40.9694248Z   GRADLE_BUILD_ACTION_SETUP_COMPLETED: true
build	Build with Gradle	2026-01-06T19:02:40.9694523Z   GRADLE_BUILD_ACTION_CACHE_RESTORED: true
build	Build with Gradle	2026-01-06T19:02:40.9694816Z   GRADLE_OPTS: -Xmx4g -XX:MaxMetaspaceSize=512m
build	Build with Gradle	2026-01-06T19:02:40.9695087Z ##[endgroup]
build	Build with Gradle	2026-01-06T19:02:41.3621937Z Downloading https://services.gradle.org/distributions/gradle-8.13-all.zip
build	Build with Gradle	2026-01-06T19:02:44.1620685Z ......................10%......................20%......................30%......................40%......................50%......................60%......................70%.......................80%......................90%......................100%
build	Build with Gradle	2026-01-06T19:02:47.5506329Z 
build	Build with Gradle	2026-01-06T19:02:47.5508196Z Welcome to Gradle 8.13!
build	Build with Gradle	2026-01-06T19:02:47.5512308Z 
build	Build with Gradle	2026-01-06T19:02:47.5513166Z Here are the highlights of this release:
build	Build with Gradle	2026-01-06T19:02:47.5513972Z  - Daemon JVM auto-provisioning
build	Build with Gradle	2026-01-06T19:02:47.5517543Z  - Enhancements for Scala plugin and JUnit testing
build	Build with Gradle	2026-01-06T19:02:47.5518563Z  - Improvements for build authors and plugin developers
build	Build with Gradle	2026-01-06T19:02:47.5520074Z 
build	Build with Gradle	2026-01-06T19:02:47.5521187Z For more details see https://docs.gradle.org/8.13/release-notes.html
build	Build with Gradle	2026-01-06T19:02:47.5521900Z 
build	Build with Gradle	2026-01-06T19:02:47.6460172Z Starting a Gradle Daemon (subsequent builds will be faster)
build	Build with Gradle	2026-01-06T19:04:40.2462691Z 
build	Build with Gradle	2026-01-06T19:04:40.2503785Z > Configure project :kotlin-crypto-pure:demo-cli
build	Build with Gradle	2026-01-06T19:04:40.2505928Z w: file:///home/runner/work/solana-kmp/solana-kmp/kotlin-crypto-pure/demo-cli/build.gradle.kts:7:9: Experimental API in the Kotlin Gradle Plugin: No stability guarantees can be provided. The API could get removed in the future without replacement
build	Build with Gradle	2026-01-06T19:04:40.2509945Z w: file:///home/runner/work/solana-kmp/solana-kmp/kotlin-crypto-pure/demo-cli/build.gradle.kts:8:13: Experimental API in the Kotlin Gradle Plugin: No stability guarantees can be provided. The API could get removed in the future without replacement
build	Build with Gradle	2026-01-06T19:04:54.7457021Z 
build	Build with Gradle	2026-01-06T19:04:54.7459676Z > Configure project :amount
build	Build with Gradle	2026-01-06T19:04:54.7463997Z w: file:///home/runner/work/solana-kmp/solana-kmp/kotlin-solana/amount/build.gradle.kts:17:13: 'kotlinOptions(KotlinJvmOptions.() -> Unit): Unit' is deprecated. Please migrate to the compilerOptions DSL. More details are here: https://kotl.in/u1r8ln
build	Build with Gradle	2026-01-06T19:04:57.2458485Z 
build	Build with Gradle	2026-01-06T19:04:57.2459218Z > Configure project :base58
build	Build with Gradle	2026-01-06T19:04:57.2460907Z w: file:///home/runner/work/solana-kmp/solana-kmp/kotlin-solana/base58/build.gradle.kts:16:13: 'kotlinOptions(KotlinJvmOptions.() -> Unit): Unit' is deprecated. Please migrate to the compilerOptions DSL. More details are here: https://kotl.in/u1r8ln
build	Build with Gradle	2026-01-06T19:05:02.9458752Z 
build	Build with Gradle	2026-01-06T19:05:02.9459515Z > Configure project :mplbubblegum
build	Build with Gradle	2026-01-06T19:05:02.9461295Z w: file:///home/runner/work/solana-kmp/solana-kmp/kotlin-solana/mplbubblegum/build.gradle.kts:17:13: 'kotlinOptions(KotlinJvmOptions.() -> Unit): Unit' is deprecated. Please migrate to the compilerOptions DSL. More details are here: https://kotl.in/u1r8ln
build	Build with Gradle	2026-01-06T19:05:04.2458335Z 
build	Build with Gradle	2026-01-06T19:05:04.2462614Z > Configure project :mpltokenmetadata
build	Build with Gradle	2026-01-06T19:05:04.2511730Z w: file:///home/runner/work/solana-kmp/solana-kmp/kotlin-solana/mpltokenmetadata/build.gradle.kts:17:13: 'kotlinOptions(KotlinJvmOptions.() -> Unit): Unit' is deprecated. Please migrate to the compilerOptions DSL. More details are here: https://kotl.in/u1r8ln
build	Build with Gradle	2026-01-06T19:05:05.1473828Z 
build	Build with Gradle	2026-01-06T19:05:05.1478226Z > Configure project :readapi
build	Build with Gradle	2026-01-06T19:05:05.1479968Z w: file:///home/runner/work/solana-kmp/solana-kmp/kotlin-solana/readapi/build.gradle.kts:17:13: 'kotlinOptions(KotlinJvmOptions.() -> Unit): Unit' is deprecated. Please migrate to the compilerOptions DSL. More details are here: https://kotl.in/u1r8ln
build	Build with Gradle	2026-01-06T19:05:06.1459042Z 
build	Build with Gradle	2026-01-06T19:05:06.1463717Z > Configure project :rpc
build	Build with Gradle	2026-01-06T19:05:06.1465602Z w: file:///home/runner/work/solana-kmp/solana-kmp/kotlin-solana/rpc/build.gradle.kts:17:13: 'kotlinOptions(KotlinJvmOptions.() -> Unit): Unit' is deprecated. Please migrate to the compilerOptions DSL. More details are here: https://kotl.in/u1r8ln
build	Build with Gradle	2026-01-06T19:05:07.0456817Z 
build	Build with Gradle	2026-01-06T19:05:07.0462796Z > Configure project :signer
build	Build with Gradle	2026-01-06T19:05:07.0464479Z w: file:///home/runner/work/solana-kmp/solana-kmp/kotlin-solana/signer/build.gradle.kts:16:13: 'kotlinOptions(KotlinJvmOptions.() -> Unit): Unit' is deprecated. Please migrate to the compilerOptions DSL. More details are here: https://kotl.in/u1r8ln
build	Build with Gradle	2026-01-06T19:05:07.8465720Z 
build	Build with Gradle	2026-01-06T19:05:07.8466754Z > Configure project :solana
build	Build with Gradle	2026-01-06T19:05:07.8468762Z w: file:///home/runner/work/solana-kmp/solana-kmp/kotlin-solana/solana/build.gradle.kts:19:13: 'kotlinOptions(KotlinJvmOptions.() -> Unit): Unit' is deprecated. Please migrate to the compilerOptions DSL. More details are here: https://kotl.in/u1r8ln
build	Build with Gradle	2026-01-06T19:05:08.6483746Z 
build	Build with Gradle	2026-01-06T19:05:08.6484234Z > Configure project :solanaeddsa
build	Build with Gradle	2026-01-06T19:05:08.6485944Z w: file:///home/runner/work/solana-kmp/solana-kmp/kotlin-solana/solanaeddsa/build.gradle.kts:16:13: 'kotlinOptions(KotlinJvmOptions.() -> Unit): Unit' is deprecated. Please migrate to the compilerOptions DSL. More details are here: https://kotl.in/u1r8ln
build	Build with Gradle	2026-01-06T19:05:09.3466852Z 
build	Build with Gradle	2026-01-06T19:05:09.3467452Z > Configure project :solanapublickeys
build	Build with Gradle	2026-01-06T19:05:09.3469175Z w: file:///home/runner/work/solana-kmp/solana-kmp/kotlin-solana/solanapublickeys/build.gradle.kts:16:13: 'kotlinOptions(KotlinJvmOptions.() -> Unit): Unit' is deprecated. Please migrate to the compilerOptions DSL. More details are here: https://kotl.in/u1r8ln
build	Build with Gradle	2026-01-06T19:05:22.0457757Z Checking the license for package Android SDK Platform 33 in /usr/local/lib/android/sdk/licenses
build	Build with Gradle	2026-01-06T19:05:22.0459701Z License for package Android SDK Platform 33 accepted.
build	Build with Gradle	2026-01-06T19:05:22.0460348Z Preparing "Install Android SDK Platform 33 (revision 3)".
build	Build with Gradle	2026-01-06T19:05:25.3456836Z "Install Android SDK Platform 33 (revision 3)" ready.
build	Build with Gradle	2026-01-06T19:05:25.3458078Z Installing Android SDK Platform 33 in /usr/local/lib/android/sdk/platforms/android-33
build	Build with Gradle	2026-01-06T19:05:25.3458714Z "Install Android SDK Platform 33 (revision 3)" complete.
build	Build with Gradle	2026-01-06T19:05:25.6459593Z "Install Android SDK Platform 33 (revision 3)" finished.
build	Build with Gradle	2026-01-06T19:06:35.6463508Z 
build	Build with Gradle	2026-01-06T19:06:35.6464653Z > Task :amount:checkKotlinGradlePluginConfigurationErrors SKIPPED
build	Build with Gradle	2026-01-06T19:06:35.6467936Z > Task :kotlin-crypto-pure:crypto-core:checkKotlinGradlePluginConfigurationErrors SKIPPED
build	Build with Gradle	2026-01-06T19:06:38.5457171Z > Task :amount:transformCommonMainDependenciesMetadata
build	Build with Gradle	2026-01-06T19:06:40.5459584Z > Task :amount:generateProjectStructureMetadata
build	Build with Gradle	2026-01-06T19:06:40.5461424Z > Task :amount:metadataCommonMainProcessResources NO-SOURCE
build	Build with Gradle	2026-01-06T19:06:40.5462007Z > Task :amount:preBuild UP-TO-DATE
build	Build with Gradle	2026-01-06T19:06:40.5462509Z > Task :amount:preDebugBuild UP-TO-DATE
build	Build with Gradle	2026-01-06T19:06:40.6472802Z > Task :amount:mergeDebugJniLibFolders
build	Build with Gradle	2026-01-06T19:06:40.6474381Z > Task :amount:mergeDebugNativeLibs NO-SOURCE
build	Build with Gradle	2026-01-06T19:06:40.6475174Z > Task :amount:stripDebugDebugSymbols NO-SOURCE
build	Build with Gradle	2026-01-06T19:06:40.6477337Z > Task :amount:copyDebugJniLibsProjectAndLocalJars
build	Build with Gradle	2026-01-06T19:06:40.6477900Z > Task :amount:generateDebugResValues
build	Build with Gradle	2026-01-06T19:06:40.6478343Z > Task :amount:generateDebugResources
build	Build with Gradle	2026-01-06T19:06:40.6478807Z > Task :amount:packageDebugResources
build	Build with Gradle	2026-01-06T19:06:41.1457994Z > Task :amount:extractDeepLinksForAarDebug
build	Build with Gradle	2026-01-06T19:06:41.2530978Z > Task :amount:javaPreCompileDebug
build	Build with Gradle	2026-01-06T19:06:41.2532125Z > Task :amount:mergeDebugShaders
build	Build with Gradle	2026-01-06T19:06:41.2532649Z > Task :amount:compileDebugShaders NO-SOURCE
build	Build with Gradle	2026-01-06T19:06:41.2533243Z > Task :amount:debugAssetsCopyForAGP NO-SOURCE
build	Build with Gradle	2026-01-06T19:06:41.2537697Z > Task :amount:generateDebugAssets UP-TO-DATE
build	Build with Gradle	2026-01-06T19:06:41.2538385Z > Task :amount:packageDebugAssets
build	Build with Gradle	2026-01-06T19:06:41.2539014Z > Task :amount:prepareDebugArtProfile
build	Build with Gradle	2026-01-06T19:06:41.3481702Z > Task :amount:prepareLintJarForPublish
build	Build with Gradle	2026-01-06T19:06:41.3485780Z > Task :amount:parseDebugLocalResources
build	Build with Gradle	2026-01-06T19:06:41.4458483Z > Task :amount:writeDebugAarMetadata
build	Build with Gradle	2026-01-06T19:06:41.4459091Z > Task :amount:preReleaseBuild UP-TO-DATE
build	Build with Gradle	2026-01-06T19:06:41.4459581Z > Task :amount:generateDebugRFile
build	Build with Gradle	2026-01-06T19:06:41.4460031Z > Task :amount:processDebugManifest
build	Build with Gradle	2026-01-06T19:06:41.4460479Z > Task :amount:mergeReleaseJniLibFolders
build	Build with Gradle	2026-01-06T19:06:44.6474444Z 
build	Build with Gradle	2026-01-06T19:06:44.6477273Z > Task :amount:compileCommonMainKotlinMetadata
build	Build with Gradle	2026-01-06T19:06:44.6479989Z w: file:///home/runner/work/solana-kmp/solana-kmp/kotlin-solana/amount/src/commonMain/kotlin/foundation/metaplex/amount/Amount.kt:107:21 Unchecked cast of 'kotlin.Int' to 'D'.
build	Build with Gradle	2026-01-06T19:06:44.6482591Z w: file:///home/runner/work/solana-kmp/solana-kmp/kotlin-solana/amount/src/commonMain/kotlin/foundation/metaplex/amount/Amount.kt:123:36 Unchecked cast of 'kotlin.String' to 'I'.
build	Build with Gradle	2026-01-06T19:06:44.6485541Z w: file:///home/runner/work/solana-kmp/solana-kmp/kotlin-solana/amount/src/commonMain/kotlin/foundation/metaplex/amount/Amount.kt:124:25 Unchecked cast of 'kotlin.Int' to 'D'.
build	Build with Gradle	2026-01-06T19:06:44.6488146Z w: file:///home/runner/work/solana-kmp/solana-kmp/kotlin-solana/amount/src/commonMain/kotlin/foundation/metaplex/amount/Amount.kt:135:36 Unchecked cast of 'kotlin.String' to 'I'.
build	Build with Gradle	2026-01-06T19:06:44.6490581Z w: file:///home/runner/work/solana-kmp/solana-kmp/kotlin-solana/amount/src/commonMain/kotlin/foundation/metaplex/amount/Amount.kt:136:25 Unchecked cast of 'kotlin.Int' to 'D'.
build	Build with Gradle	2026-01-06T19:06:45.3476899Z 
build	Build with Gradle	2026-01-06T19:06:45.3477880Z > Task :amount:metadataCommonMainClasses
build	Build with Gradle	2026-01-06T19:06:45.4457167Z > Task :amount:allMetadataJar
build	Build with Gradle	2026-01-06T19:06:45.4469771Z > Task :amount:mergeReleaseNativeLibs NO-SOURCE
build	Build with Gradle	2026-01-06T19:06:45.4470745Z > Task :amount:stripReleaseDebugSymbols NO-SOURCE
build	Build with Gradle	2026-01-06T19:06:45.4471756Z > Task :amount:copyReleaseJniLibsProjectAndLocalJars
build	Build with Gradle	2026-01-06T19:06:45.4472683Z > Task :amount:generateReleaseResValues
build	Build with Gradle	2026-01-06T19:06:45.4473684Z > Task :amount:extractDeepLinksForAarRelease
build	Build with Gradle	2026-01-06T19:06:45.4474606Z > Task :amount:generateReleaseResources
build	Build with Gradle	2026-01-06T19:06:45.4475564Z > Task :amount:packageReleaseResources
build	Build with Gradle	2026-01-06T19:06:45.5457131Z > Task :amount:mergeReleaseShaders
build	Build with Gradle	2026-01-06T19:06:45.5460962Z > Task :amount:javaPreCompileRelease
build	Build with Gradle	2026-01-06T19:06:45.5470303Z > Task :amount:parseReleaseLocalResources
build	Build with Gradle	2026-01-06T19:06:45.5471987Z > Task :amount:compileReleaseShaders NO-SOURCE
build	Build with Gradle	2026-01-06T19:06:45.5475641Z > Task :amount:generateReleaseAssets UP-TO-DATE
build	Build with Gradle	2026-01-06T19:06:45.5477533Z > Task :amount:releaseAssetsCopyForAGP NO-SOURCE
build	Build with Gradle	2026-01-06T19:06:45.5479850Z > Task :amount:packageReleaseAssets
build	Build with Gradle	2026-01-06T19:06:45.5480307Z > Task :amount:prepareReleaseArtProfile
build	Build with Gradle	2026-01-06T19:06:45.5481939Z > Task :amount:generateReleaseRFile
build	Build with Gradle	2026-01-06T19:06:45.5485832Z > Task :amount:processReleaseManifest
build	Build with Gradle	2026-01-06T19:06:45.5489928Z > Task :amount:mapReleaseSourceSetPaths
build	Build with Gradle	2026-01-06T19:06:45.6464878Z > Task :amount:mergeReleaseResources
build	Build with Gradle	2026-01-06T19:06:47.3527213Z > Task :amount:writeReleaseAarMetadata
build	Build with Gradle	2026-01-06T19:06:47.3529005Z > Task :amount:compileNativeMainKotlinMetadata SKIPPED
build	Build with Gradle	2026-01-06T19:06:47.3529933Z > Task :amount:metadataNativeMainProcessResources NO-SOURCE
build	Build with Gradle	2026-01-06T19:06:47.3531510Z > Task :amount:metadataNativeMainClasses UP-TO-DATE
build	Build with Gradle	2026-01-06T19:06:47.3532302Z > Task :amount:compileAppleMainKotlinMetadata SKIPPED
build	Build with Gradle	2026-01-06T19:06:47.3533052Z > Task :amount:metadataAppleMainProcessResources NO-SOURCE
build	Build with Gradle	2026-01-06T19:06:47.3533807Z > Task :amount:metadataAppleMainClasses UP-TO-DATE
build	Build with Gradle	2026-01-06T19:06:47.3534996Z > Task :amount:compileIosMainKotlinMetadata SKIPPED
build	Build with Gradle	2026-01-06T19:06:47.3535745Z > Task :amount:compileKotlinIosArm64 SKIPPED
build	Build with Gradle	2026-01-06T19:06:47.3536688Z > Task :amount:compileKotlinIosSimulatorArm64 SKIPPED
build	Build with Gradle	2026-01-06T19:06:47.3537478Z > Task :amount:compileKotlinIosX64 SKIPPED
build	Build with Gradle	2026-01-06T19:06:47.3538145Z > Task :amount:compileKotlinMacosArm64 SKIPPED
build	Build with Gradle	2026-01-06T19:06:47.3538798Z > Task :amount:compileKotlinMacosX64 SKIPPED
build	Build with Gradle	2026-01-06T19:06:47.3539471Z > Task :amount:compileKotlinWatchosArm64 SKIPPED
build	Build with Gradle	2026-01-06T19:06:47.3540183Z > Task :amount:compileKotlinWatchosSimulatorArm64 SKIPPED
build	Build with Gradle	2026-01-06T19:06:47.3540859Z > Task :amount:compileKotlinWatchosX64 SKIPPED
build	Build with Gradle	2026-01-06T19:06:47.3541448Z > Task :amount:compileMacosMainKotlinMetadata SKIPPED
build	Build with Gradle	2026-01-06T19:06:47.3585172Z > Task :amount:iosArm64ProcessResources NO-SOURCE
build	Build with Gradle	2026-01-06T19:06:47.3585867Z > Task :amount:iosArm64MainKlibrary UP-TO-DATE
build	Build with Gradle	2026-01-06T19:06:47.3588083Z > Task :amount:compileTestKotlinIosArm64 SKIPPED
build	Build with Gradle	2026-01-06T19:06:47.3588674Z > Task :amount:iosSimulatorArm64ProcessResources NO-SOURCE
build	Build with Gradle	2026-01-06T19:06:47.3589269Z > Task :amount:iosSimulatorArm64MainKlibrary UP-TO-DATE
build	Build with Gradle	2026-01-06T19:06:47.3589853Z > Task :amount:compileTestKotlinIosSimulatorArm64 SKIPPED
build	Build with Gradle	2026-01-06T19:06:47.3590418Z > Task :amount:iosX64ProcessResources NO-SOURCE
build	Build with Gradle	2026-01-06T19:06:47.3591388Z > Task :amount:iosX64MainKlibrary UP-TO-DATE
build	Build with Gradle	2026-01-06T19:06:47.3591879Z > Task :amount:compileTestKotlinIosX64 SKIPPED
build	Build with Gradle	2026-01-06T19:06:47.3592388Z > Task :amount:macosArm64ProcessResources NO-SOURCE
build	Build with Gradle	2026-01-06T19:06:47.3592900Z > Task :amount:macosArm64MainKlibrary UP-TO-DATE
build	Build with Gradle	2026-01-06T19:06:47.3593425Z > Task :amount:compileTestKotlinMacosArm64 SKIPPED
build	Build with Gradle	2026-01-06T19:06:47.3593947Z > Task :amount:macosX64ProcessResources NO-SOURCE
build	Build with Gradle	2026-01-06T19:06:47.3594453Z > Task :amount:macosX64MainKlibrary UP-TO-DATE
build	Build with Gradle	2026-01-06T19:06:47.3594943Z > Task :amount:compileTestKotlinMacosX64 SKIPPED
build	Build with Gradle	2026-01-06T19:06:47.3595490Z > Task :amount:watchosArm64ProcessResources NO-SOURCE
build	Build with Gradle	2026-01-06T19:06:47.3596052Z > Task :amount:watchosArm64MainKlibrary UP-TO-DATE
build	Build with Gradle	2026-01-06T19:06:47.3596782Z > Task :amount:compileTestKotlinWatchosArm64 SKIPPED
build	Build with Gradle	2026-01-06T19:06:47.3597416Z > Task :amount:watchosSimulatorArm64ProcessResources NO-SOURCE
build	Build with Gradle	2026-01-06T19:06:47.3598079Z > Task :amount:watchosSimulatorArm64MainKlibrary UP-TO-DATE
build	Build with Gradle	2026-01-06T19:06:47.3598758Z > Task :amount:compileTestKotlinWatchosSimulatorArm64 SKIPPED
build	Build with Gradle	2026-01-06T19:06:47.3599362Z > Task :amount:watchosX64ProcessResources NO-SOURCE
build	Build with Gradle	2026-01-06T19:06:47.3599898Z > Task :amount:watchosX64MainKlibrary UP-TO-DATE
build	Build with Gradle	2026-01-06T19:06:47.3600411Z > Task :amount:compileTestKotlinWatchosX64 SKIPPED
build	Build with Gradle	2026-01-06T19:06:47.3600972Z > Task :amount:compileWatchosMainKotlinMetadata SKIPPED
build	Build with Gradle	2026-01-06T19:06:47.4537450Z > Task :amount:metadataIosMainProcessResources NO-SOURCE
build	Build with Gradle	2026-01-06T19:06:47.4538121Z > Task :amount:metadataIosMainClasses UP-TO-DATE
build	Build with Gradle	2026-01-06T19:06:47.4538742Z > Task :amount:metadataMacosMainProcessResources NO-SOURCE
build	Build with Gradle	2026-01-06T19:06:47.4539423Z > Task :amount:metadataMacosMainClasses UP-TO-DATE
build	Build with Gradle	2026-01-06T19:06:47.4540057Z > Task :amount:metadataWatchosMainProcessResources NO-SOURCE
build	Build with Gradle	2026-01-06T19:06:47.4540725Z > Task :amount:metadataWatchosMainClasses UP-TO-DATE
build	Build with Gradle	2026-01-06T19:06:47.4541304Z > Task :amount:iosArm64MetadataElements SKIPPED
build	Build with Gradle	2026-01-06T19:06:47.4541914Z > Task :amount:iosSimulatorArm64MetadataElements SKIPPED
build	Build with Gradle	2026-01-06T19:06:47.4542482Z > Task :amount:iosX64MetadataElements SKIPPED
build	Build with Gradle	2026-01-06T19:06:47.4542992Z > Task :amount:verifyReleaseResources
build	Build with Gradle	2026-01-06T19:06:47.4543467Z > Task :amount:jvmProcessResources NO-SOURCE
build	Build with Gradle	2026-01-06T19:06:47.4543986Z > Task :amount:linkDebugFrameworkIosArm64 SKIPPED
build	Build with Gradle	2026-01-06T19:06:47.4544527Z > Task :amount:linkDebugFrameworkIosX64 SKIPPED
build	Build with Gradle	2026-01-06T19:06:47.4545050Z > Task :amount:linkDebugFrameworkIosFat SKIPPED
build	Build with Gradle	2026-01-06T19:06:47.4545663Z > Task :amount:linkDebugFrameworkIosSimulatorArm64 SKIPPED
build	Build with Gradle	2026-01-06T19:06:47.4546662Z > Task :amount:linkDebugFrameworkMacosArm64 SKIPPED
build	Build with Gradle	2026-01-06T19:06:47.4548040Z > Task :amount:linkDebugFrameworkMacosX64 SKIPPED
build	Build with Gradle	2026-01-06T19:06:47.4548583Z > Task :amount:linkDebugFrameworkOsxFat SKIPPED
build	Build with Gradle	2026-01-06T19:06:47.4549167Z > Task :amount:linkDebugFrameworkWatchosArm64 SKIPPED
build	Build with Gradle	2026-01-06T19:06:47.4549755Z > Task :amount:linkDebugFrameworkWatchosX64 SKIPPED
build	Build with Gradle	2026-01-06T19:06:47.4550329Z > Task :amount:linkDebugFrameworkWatchosFat SKIPPED
build	Build with Gradle	2026-01-06T19:06:47.4550956Z > Task :amount:linkDebugFrameworkWatchosSimulatorArm64 SKIPPED
build	Build with Gradle	2026-01-06T19:06:47.4551593Z > Task :amount:linkReleaseFrameworkIosArm64 SKIPPED
build	Build with Gradle	2026-01-06T19:06:47.4552163Z > Task :amount:linkReleaseFrameworkIosX64 SKIPPED
build	Build with Gradle	2026-01-06T19:06:47.4552712Z > Task :amount:linkReleaseFrameworkIosFat SKIPPED
build	Build with Gradle	2026-01-06T19:06:47.4553349Z > Task :amount:linkReleaseFrameworkIosSimulatorArm64 SKIPPED
build	Build with Gradle	2026-01-06T19:06:47.4554013Z > Task :amount:linkReleaseFrameworkMacosArm64 SKIPPED
build	Build with Gradle	2026-01-06T19:06:47.4554590Z > Task :amount:linkReleaseFrameworkMacosX64 SKIPPED
build	Build with Gradle	2026-01-06T19:06:47.4555186Z > Task :amount:linkReleaseFrameworkOsxFat SKIPPED
build	Build with Gradle	2026-01-06T19:06:47.4555784Z > Task :amount:linkReleaseFrameworkWatchosArm64 SKIPPED
build	Build with Gradle	2026-01-06T19:06:47.4556616Z > Task :amount:linkReleaseFrameworkWatchosX64 SKIPPED
build	Build with Gradle	2026-01-06T19:06:47.4557208Z > Task :amount:linkReleaseFrameworkWatchosFat SKIPPED
build	Build with Gradle	2026-01-06T19:06:47.4558238Z > Task :amount:linkReleaseFrameworkWatchosSimulatorArm64 SKIPPED
build	Build with Gradle	2026-01-06T19:06:47.4558908Z > Task :amount:macosArm64MetadataElements SKIPPED
build	Build with Gradle	2026-01-06T19:06:47.4559460Z > Task :amount:macosX64MetadataElements SKIPPED
build	Build with Gradle	2026-01-06T19:06:47.4560029Z > Task :amount:watchosArm64MetadataElements SKIPPED
build	Build with Gradle	2026-01-06T19:06:47.4560651Z > Task :amount:watchosSimulatorArm64MetadataElements SKIPPED
build	Build with Gradle	2026-01-06T19:06:47.4561280Z > Task :amount:watchosX64MetadataElements SKIPPED
build	Build with Gradle	2026-01-06T19:06:47.4561844Z > Task :amount:linkDebugTestIosSimulatorArm64 SKIPPED
build	Build with Gradle	2026-01-06T19:06:47.4562403Z > Task :amount:iosSimulatorArm64Test SKIPPED
build	Build with Gradle	2026-01-06T19:06:47.4562893Z > Task :amount:linkDebugTestIosX64 SKIPPED
build	Build with Gradle	2026-01-06T19:06:47.4563386Z > Task :amount:iosX64Test SKIPPED
build	Build with Gradle	2026-01-06T19:06:47.5470195Z > Task :amount:jvmTestProcessResources NO-SOURCE
build	Build with Gradle	2026-01-06T19:06:47.5471187Z > Task :amount:linkDebugTestMacosArm64 SKIPPED
build	Build with Gradle	2026-01-06T19:06:47.5471630Z > Task :amount:macosArm64Test SKIPPED
build	Build with Gradle	2026-01-06T19:06:47.5472435Z > Task :amount:linkDebugTestMacosX64 SKIPPED
build	Build with Gradle	2026-01-06T19:06:47.5486956Z > Task :amount:macosX64Test SKIPPED
build	Build with Gradle	2026-01-06T19:06:47.5487683Z > Task :amount:preDebugUnitTestBuild UP-TO-DATE
build	Build with Gradle	2026-01-06T19:06:50.3459685Z 
build	Build with Gradle	2026-01-06T19:06:50.3468699Z > Task :amount:compileReleaseKotlinAndroid
build	Build with Gradle	2026-01-06T19:06:50.3470386Z w: file:///home/runner/work/solana-kmp/solana-kmp/kotlin-solana/amount/src/commonMain/kotlin/foundation/metaplex/amount/Amount.kt:37:23 Type 'kotlin.String' is final, so the value of the type parameter is predetermined.
build	Build with Gradle	2026-01-06T19:06:50.3472993Z w: file:///home/runner/work/solana-kmp/solana-kmp/kotlin-solana/amount/src/commonMain/kotlin/foundation/metaplex/amount/Amount.kt:37:45 Type 'kotlin.Int' is final, so the value of the type parameter is predetermined.
build	Build with Gradle	2026-01-06T19:06:50.3475675Z w: file:///home/runner/work/solana-kmp/solana-kmp/kotlin-solana/amount/src/commonMain/kotlin/foundation/metaplex/amount/Amount.kt:59:10 Type 'kotlin.String' is final, so the value of the type parameter is predetermined.
build	Build with Gradle	2026-01-06T19:06:50.3478513Z w: file:///home/runner/work/solana-kmp/solana-kmp/kotlin-solana/amount/src/commonMain/kotlin/foundation/metaplex/amount/Amount.kt:59:32 Type 'kotlin.Int' is final, so the value of the type parameter is predetermined.
build	Build with Gradle	2026-01-06T19:06:50.3481171Z w: file:///home/runner/work/solana-kmp/solana-kmp/kotlin-solana/amount/src/commonMain/kotlin/foundation/metaplex/amount/Amount.kt:67:10 Type 'kotlin.String' is final, so the value of the type parameter is predetermined.
build	Build with Gradle	2026-01-06T19:06:50.3574362Z w: file:///home/runner/work/solana-kmp/solana-kmp/kotlin-solana/amount/src/commonMain/kotlin/foundation/metaplex/amount/Amount.kt:67:32 Type 'kotlin.Int' is final, so the value of the type parameter is predetermined.
build	Build with Gradle	2026-01-06T19:06:50.3577797Z w: file:///home/runner/work/solana-kmp/solana-kmp/kotlin-solana/amount/src/commonMain/kotlin/foundation/metaplex/amount/Amount.kt:75:10 Type 'kotlin.String' is final, so the value of the type parameter is predetermined.
build	Build with Gradle	2026-01-06T19:06:50.3580556Z w: file:///home/runner/work/solana-kmp/solana-kmp/kotlin-solana/amount/src/commonMain/kotlin/foundation/metaplex/amount/Amount.kt:75:32 Type 'kotlin.Int' is final, so the value of the type parameter is predetermined.
build	Build with Gradle	2026-01-06T19:06:50.3583187Z w: file:///home/runner/work/solana-kmp/solana-kmp/kotlin-solana/amount/src/commonMain/kotlin/foundation/metaplex/amount/Amount.kt:88:10 Type 'kotlin.String' is final, so the value of the type parameter is predetermined.
build	Build with Gradle	2026-01-06T19:06:50.3585810Z w: file:///home/runner/work/solana-kmp/solana-kmp/kotlin-solana/amount/src/commonMain/kotlin/foundation/metaplex/amount/Amount.kt:88:32 Type 'kotlin.Int' is final, so the value of the type parameter is predetermined.
build	Build with Gradle	2026-01-06T19:06:50.3588655Z w: file:///home/runner/work/solana-kmp/solana-kmp/kotlin-solana/amount/src/commonMain/kotlin/foundation/metaplex/amount/Amount.kt:105:10 Type 'kotlin.Int' is final, so the value of the type parameter is predetermined.
build	Build with Gradle	2026-01-06T19:06:50.3591007Z w: file:///home/runner/work/solana-kmp/solana-kmp/kotlin-solana/amount/src/commonMain/kotlin/foundation/metaplex/amount/Amount.kt:107:21 Unchecked cast of 'kotlin.Int' to 'D'.
build	Build with Gradle	2026-01-06T19:06:50.3593886Z w: file:///home/runner/work/solana-kmp/solana-kmp/kotlin-solana/amount/src/commonMain/kotlin/foundation/metaplex/amount/Amount.kt:116:10 Type 'kotlin.String' is final, so the value of the type parameter is predetermined.
build	Build with Gradle	2026-01-06T19:06:50.3596793Z w: file:///home/runner/work/solana-kmp/solana-kmp/kotlin-solana/amount/src/commonMain/kotlin/foundation/metaplex/amount/Amount.kt:116:32 Type 'kotlin.Int' is final, so the value of the type parameter is predetermined.
build	Build with Gradle	2026-01-06T19:06:50.3599254Z w: file:///home/runner/work/solana-kmp/solana-kmp/kotlin-solana/amount/src/commonMain/kotlin/foundation/metaplex/amount/Amount.kt:123:36 Unchecked cast of 'kotlin.String' to 'I'.
build	Build with Gradle	2026-01-06T19:06:50.3601325Z w: file:///home/runner/work/solana-kmp/solana-kmp/kotlin-solana/amount/src/commonMain/kotlin/foundation/metaplex/amount/Amount.kt:124:25 Unchecked cast of 'kotlin.Int' to 'D'.
build	Build with Gradle	2026-01-06T19:06:50.3603578Z w: file:///home/runner/work/solana-kmp/solana-kmp/kotlin-solana/amount/src/commonMain/kotlin/foundation/metaplex/amount/Amount.kt:128:10 Type 'kotlin.String' is final, so the value of the type parameter is predetermined.
build	Build with Gradle	2026-01-06T19:06:50.3606029Z w: file:///home/runner/work/solana-kmp/solana-kmp/kotlin-solana/amount/src/commonMain/kotlin/foundation/metaplex/amount/Amount.kt:128:32 Type 'kotlin.Int' is final, so the value of the type parameter is predetermined.
build	Build with Gradle	2026-01-06T19:06:50.3608479Z w: file:///home/runner/work/solana-kmp/solana-kmp/kotlin-solana/amount/src/commonMain/kotlin/foundation/metaplex/amount/Amount.kt:135:36 Unchecked cast of 'kotlin.String' to 'I'.
build	Build with Gradle	2026-01-06T19:06:50.3610465Z w: file:///home/runner/work/solana-kmp/solana-kmp/kotlin-solana/amount/src/commonMain/kotlin/foundation/metaplex/amount/Amount.kt:136:25 Unchecked cast of 'kotlin.Int' to 'D'.
build	Build with Gradle	2026-01-06T19:06:50.3612697Z w: file:///home/runner/work/solana-kmp/solana-kmp/kotlin-solana/amount/src/commonMain/kotlin/foundation/metaplex/amount/Amount.kt:174:10 Type 'kotlin.String' is final, so the value of the type parameter is predetermined.
build	Build with Gradle	2026-01-06T19:06:50.3615129Z w: file:///home/runner/work/solana-kmp/solana-kmp/kotlin-solana/amount/src/commonMain/kotlin/foundation/metaplex/amount/Amount.kt:174:32 Type 'kotlin.Int' is final, so the value of the type parameter is predetermined.
build	Build with Gradle	2026-01-06T19:06:50.3617783Z w: file:///home/runner/work/solana-kmp/solana-kmp/kotlin-solana/amount/src/commonMain/kotlin/foundation/metaplex/amount/Amount.kt:186:10 Type 'kotlin.String' is final, so the value of the type parameter is predetermined.
build	Build with Gradle	2026-01-06T19:06:50.3620586Z w: file:///home/runner/work/solana-kmp/solana-kmp/kotlin-solana/amount/src/commonMain/kotlin/foundation/metaplex/amount/Amount.kt:186:32 Type 'kotlin.Int' is final, so the value of the type parameter is predetermined.
build	Build with Gradle	2026-01-06T19:06:50.3623086Z w: file:///home/runner/work/solana-kmp/solana-kmp/kotlin-solana/amount/src/commonMain/kotlin/foundation/metaplex/amount/Amount.kt:226:10 Type 'kotlin.String' is final, so the value of the type parameter is predetermined.
build	Build with Gradle	2026-01-06T19:06:50.3625589Z w: file:///home/runner/work/solana-kmp/solana-kmp/kotlin-solana/amount/src/commonMain/kotlin/foundation/metaplex/amount/Amount.kt:226:32 Type 'kotlin.Int' is final, so the value of the type parameter is predetermined.
build	Build with Gradle	2026-01-06T19:06:50.3628258Z w: file:///home/runner/work/solana-kmp/solana-kmp/kotlin-solana/amount/src/commonMain/kotlin/foundation/metaplex/amount/Amount.kt:243:10 Type 'kotlin.String' is final, so the value of the type parameter is predetermined.
build	Build with Gradle	2026-01-06T19:06:50.3630749Z w: file:///home/runner/work/solana-kmp/solana-kmp/kotlin-solana/amount/src/commonMain/kotlin/foundation/metaplex/amount/Amount.kt:243:32 Type 'kotlin.Int' is final, so the value of the type parameter is predetermined.
build	Build with Gradle	2026-01-06T19:06:50.3633236Z w: file:///home/runner/work/solana-kmp/solana-kmp/kotlin-solana/amount/src/commonMain/kotlin/foundation/metaplex/amount/Amount.kt:260:10 Type 'kotlin.String' is final, so the value of the type parameter is predetermined.
build	Build with Gradle	2026-01-06T19:06:50.3635938Z w: file:///home/runner/work/solana-kmp/solana-kmp/kotlin-solana/amount/src/commonMain/kotlin/foundation/metaplex/amount/Amount.kt:260:32 Type 'kotlin.Int' is final, so the value of the type parameter is predetermined.
build	Build with Gradle	2026-01-06T19:06:50.3638609Z w: file:///home/runner/work/solana-kmp/solana-kmp/kotlin-solana/amount/src/commonMain/kotlin/foundation/metaplex/amount/Amount.kt:276:10 Type 'kotlin.String' is final, so the value of the type parameter is predetermined.
build	Build with Gradle	2026-01-06T19:06:50.3641097Z w: file:///home/runner/work/solana-kmp/solana-kmp/kotlin-solana/amount/src/commonMain/kotlin/foundation/metaplex/amount/Amount.kt:276:32 Type 'kotlin.Int' is final, so the value of the type parameter is predetermined.
build	Build with Gradle	2026-01-06T19:06:50.3643592Z w: file:///home/runner/work/solana-kmp/solana-kmp/kotlin-solana/amount/src/commonMain/kotlin/foundation/metaplex/amount/Amount.kt:291:10 Type 'kotlin.String' is final, so the value of the type parameter is predetermined.
build	Build with Gradle	2026-01-06T19:06:50.3646094Z w: file:///home/runner/work/solana-kmp/solana-kmp/kotlin-solana/amount/src/commonMain/kotlin/foundation/metaplex/amount/Amount.kt:291:32 Type 'kotlin.Int' is final, so the value of the type parameter is predetermined.
build	Build with Gradle	2026-01-06T19:06:50.3648799Z w: file:///home/runner/work/solana-kmp/solana-kmp/kotlin-solana/amount/src/commonMain/kotlin/foundation/metaplex/amount/Amount.kt:301:10 Type 'kotlin.String' is final, so the value of the type parameter is predetermined.
build	Build with Gradle	2026-01-06T19:06:50.3651294Z w: file:///home/runner/work/solana-kmp/solana-kmp/kotlin-solana/amount/src/commonMain/kotlin/foundation/metaplex/amount/Amount.kt:301:32 Type 'kotlin.Int' is final, so the value of the type parameter is predetermined.
build	Build with Gradle	2026-01-06T19:06:50.3653797Z w: file:///home/runner/work/solana-kmp/solana-kmp/kotlin-solana/amount/src/commonMain/kotlin/foundation/metaplex/amount/Amount.kt:318:10 Type 'kotlin.String' is final, so the value of the type parameter is predetermined.
build	Build with Gradle	2026-01-06T19:06:50.3656452Z w: file:///home/runner/work/solana-kmp/solana-kmp/kotlin-solana/amount/src/commonMain/kotlin/foundation/metaplex/amount/Amount.kt:318:32 Type 'kotlin.Int' is final, so the value of the type parameter is predetermined.
build	Build with Gradle	2026-01-06T19:06:50.3658959Z w: file:///home/runner/work/solana-kmp/solana-kmp/kotlin-solana/amount/src/commonMain/kotlin/foundation/metaplex/amount/Amount.kt:333:10 Type 'kotlin.String' is final, so the value of the type parameter is predetermined.
build	Build with Gradle	2026-01-06T19:06:50.3661382Z w: file:///home/runner/work/solana-kmp/solana-kmp/kotlin-solana/amount/src/commonMain/kotlin/foundation/metaplex/amount/Amount.kt:333:32 Type 'kotlin.Int' is final, so the value of the type parameter is predetermined.
build	Build with Gradle	2026-01-06T19:06:50.3664109Z w: file:///home/runner/work/solana-kmp/solana-kmp/kotlin-solana/amount/src/commonMain/kotlin/foundation/metaplex/amount/Amount.kt:352:10 Type 'kotlin.String' is final, so the value of the type parameter is predetermined.
build	Build with Gradle	2026-01-06T19:06:50.3666795Z w: file:///home/runner/work/solana-kmp/solana-kmp/kotlin-solana/amount/src/commonMain/kotlin/foundation/metaplex/amount/Amount.kt:352:32 Type 'kotlin.Int' is final, so the value of the type parameter is predetermined.
build	Build with Gradle	2026-01-06T19:06:50.3669361Z w: file:///home/runner/work/solana-kmp/solana-kmp/kotlin-solana/amount/src/commonMain/kotlin/foundation/metaplex/amount/Amount.kt:379:10 Type 'kotlin.String' is final, so the value of the type parameter is predetermined.
build	Build with Gradle	2026-01-06T19:06:50.3671866Z w: file:///home/runner/work/solana-kmp/solana-kmp/kotlin-solana/amount/src/commonMain/kotlin/foundation/metaplex/amount/Amount.kt:379:32 Type 'kotlin.Int' is final, so the value of the type parameter is predetermined.
build	Build with Gradle	2026-01-06T19:06:50.3674352Z w: file:///home/runner/work/solana-kmp/solana-kmp/kotlin-solana/amount/src/commonMain/kotlin/foundation/metaplex/amount/Amount.kt:390:10 Type 'kotlin.String' is final, so the value of the type parameter is predetermined.
build	Build with Gradle	2026-01-06T19:06:50.3677305Z w: file:///home/runner/work/solana-kmp/solana-kmp/kotlin-solana/amount/src/commonMain/kotlin/foundation/metaplex/amount/Amount.kt:390:32 Type 'kotlin.Int' is final, so the value of the type parameter is predetermined.
build	Build with Gradle	2026-01-06T19:06:50.3679841Z w: file:///home/runner/work/solana-kmp/solana-kmp/kotlin-solana/amount/src/commonMain/kotlin/foundation/metaplex/amount/Amount.kt:401:10 Type 'kotlin.String' is final, so the value of the type parameter is predetermined.
build	Build with Gradle	2026-01-06T19:06:50.3682366Z w: file:///home/runner/work/solana-kmp/solana-kmp/kotlin-solana/amount/src/commonMain/kotlin/foundation/metaplex/amount/Amount.kt:401:32 Type 'kotlin.Int' is final, so the value of the type parameter is predetermined.
build	Build with Gradle	2026-01-06T19:06:50.3684898Z w: file:///home/runner/work/solana-kmp/solana-kmp/kotlin-solana/amount/src/commonMain/kotlin/foundation/metaplex/amount/Amount.kt:412:10 Type 'kotlin.String' is final, so the value of the type parameter is predetermined.
build	Build with Gradle	2026-01-06T19:06:50.3687543Z w: file:///home/runner/work/solana-kmp/solana-kmp/kotlin-solana/amount/src/commonMain/kotlin/foundation/metaplex/amount/Amount.kt:412:32 Type 'kotlin.Int' is final, so the value of the type parameter is predetermined.
build	Build with Gradle	2026-01-06T19:06:50.3688890Z 
build	Build with Gradle	2026-01-06T19:06:50.3689041Z > Task :amount:compileKotlinJvm
build	Build with Gradle	2026-01-06T19:06:50.3690500Z w: file:///home/runner/work/solana-kmp/solana-kmp/kotlin-solana/amount/src/commonMain/kotlin/foundation/metaplex/amount/Amount.kt:37:23 Type 'kotlin.String' is final, so the value of the type parameter is predetermined.
build	Build with Gradle	2026-01-06T19:06:50.3693024Z w: file:///home/runner/work/solana-kmp/solana-kmp/kotlin-solana/amount/src/commonMain/kotlin/foundation/metaplex/amount/Amount.kt:37:45 Type 'kotlin.Int' is final, so the value of the type parameter is predetermined.
build	Build with Gradle	2026-01-06T19:06:50.3695518Z w: file:///home/runner/work/solana-kmp/solana-kmp/kotlin-solana/amount/src/commonMain/kotlin/foundation/metaplex/amount/Amount.kt:59:10 Type 'kotlin.String' is final, so the value of the type parameter is predetermined.
build	Build with Gradle	2026-01-06T19:06:50.3698185Z w: file:///home/runner/work/solana-kmp/solana-kmp/kotlin-solana/amount/src/commonMain/kotlin/foundation/metaplex/amount/Amount.kt:59:32 Type 'kotlin.Int' is final, so the value of the type parameter is predetermined.
build	Build with Gradle	2026-01-06T19:06:50.3700668Z w: file:///home/runner/work/solana-kmp/solana-kmp/kotlin-solana/amount/src/commonMain/kotlin/foundation/metaplex/amount/Amount.kt:67:10 Type 'kotlin.String' is final, so the value of the type parameter is predetermined.
build	Build with Gradle	2026-01-06T19:06:50.3703124Z w: file:///home/runner/work/solana-kmp/solana-kmp/kotlin-solana/amount/src/commonMain/kotlin/foundation/metaplex/amount/Amount.kt:67:32 Type 'kotlin.Int' is final, so the value of the type parameter is predetermined.
build	Build with Gradle	2026-01-06T19:06:50.3705824Z w: file:///home/runner/work/solana-kmp/solana-kmp/kotlin-solana/amount/src/commonMain/kotlin/foundation/metaplex/amount/Amount.kt:75:10 Type 'kotlin.String' is final, so the value of the type parameter is predetermined.
build	Build with Gradle	2026-01-06T19:06:50.3708539Z w: file:///home/runner/work/solana-kmp/solana-kmp/kotlin-solana/amount/src/commonMain/kotlin/foundation/metaplex/amount/Amount.kt:75:32 Type 'kotlin.Int' is final, so the value of the type parameter is predetermined.
build	Build with Gradle	2026-01-06T19:06:50.3711101Z w: file:///home/runner/work/solana-kmp/solana-kmp/kotlin-solana/amount/src/commonMain/kotlin/foundation/metaplex/amount/Amount.kt:88:10 Type 'kotlin.String' is final, so the value of the type parameter is predetermined.
build	Build with Gradle	2026-01-06T19:06:50.3713670Z w: file:///home/runner/work/solana-kmp/solana-kmp/kotlin-solana/amount/src/commonMain/kotlin/foundation/metaplex/amount/Amount.kt:88:32 Type 'kotlin.Int' is final, so the value of the type parameter is predetermined.
build	Build with Gradle	2026-01-06T19:06:50.3716372Z w: file:///home/runner/work/solana-kmp/solana-kmp/kotlin-solana/amount/src/commonMain/kotlin/foundation/metaplex/amount/Amount.kt:105:10 Type 'kotlin.Int' is final, so the value of the type parameter is predetermined.
build	Build with Gradle	2026-01-06T19:06:50.3718857Z w: file:///home/runner/work/solana-kmp/solana-kmp/kotlin-solana/amount/src/commonMain/kotlin/foundation/metaplex/amount/Amount.kt:107:21 Unchecked cast of 'kotlin.Int' to 'D'.
build	Build with Gradle	2026-01-06T19:06:50.3721516Z w: file:///home/runner/work/solana-kmp/solana-kmp/kotlin-solana/amount/src/commonMain/kotlin/foundation/metaplex/amount/Amount.kt:116:10 Type 'kotlin.String' is final, so the value of the type parameter is predetermined.
build	Build with Gradle	2026-01-06T19:06:50.3724033Z w: file:///home/runner/work/solana-kmp/solana-kmp/kotlin-solana/amount/src/commonMain/kotlin/foundation/metaplex/amount/Amount.kt:116:32 Type 'kotlin.Int' is final, so the value of the type parameter is predetermined.
build	Build with Gradle	2026-01-06T19:06:50.3726591Z w: file:///home/runner/work/solana-kmp/solana-kmp/kotlin-solana/amount/src/commonMain/kotlin/foundation/metaplex/amount/Amount.kt:123:36 Unchecked cast of 'kotlin.String' to 'I'.
build	Build with Gradle	2026-01-06T19:06:50.3728793Z w: file:///home/runner/work/solana-kmp/solana-kmp/kotlin-solana/amount/src/commonMain/kotlin/foundation/metaplex/amount/Amount.kt:124:25 Unchecked cast of 'kotlin.Int' to 'D'.
build	Build with Gradle	2026-01-06T19:06:50.3731147Z w: file:///home/runner/work/solana-kmp/solana-kmp/kotlin-solana/amount/src/commonMain/kotlin/foundation/metaplex/amount/Amount.kt:128:10 Type 'kotlin.String' is final, so the value of the type parameter is predetermined.
build	Build with Gradle	2026-01-06T19:06:50.3733723Z w: file:///home/runner/work/solana-kmp/solana-kmp/kotlin-solana/amount/src/commonMain/kotlin/foundation/metaplex/amount/Amount.kt:128:32 Type 'kotlin.Int' is final, so the value of the type parameter is predetermined.
build	Build with Gradle	2026-01-06T19:06:50.3736071Z w: file:///home/runner/work/solana-kmp/solana-kmp/kotlin-solana/amount/src/commonMain/kotlin/foundation/metaplex/amount/Amount.kt:135:36 Unchecked cast of 'kotlin.String' to 'I'.
build	Build with Gradle	2026-01-06T19:06:50.3738410Z w: file:///home/runner/work/solana-kmp/solana-kmp/kotlin-solana/amount/src/commonMain/kotlin/foundation/metaplex/amount/Amount.kt:136:25 Unchecked cast of 'kotlin.Int' to 'D'.
build	Build with Gradle	2026-01-06T19:06:50.3740719Z w: file:///home/runner/work/solana-kmp/solana-kmp/kotlin-solana/amount/src/commonMain/kotlin/foundation/metaplex/amount/Amount.kt:174:10 Type 'kotlin.String' is final, so the value of the type parameter is predetermined.
build	Build with Gradle	2026-01-06T19:06:50.3743201Z w: file:///home/runner/work/solana-kmp/solana-kmp/kotlin-solana/amount/src/commonMain/kotlin/foundation/metaplex/amount/Amount.kt:174:32 Type 'kotlin.Int' is final, so the value of the type parameter is predetermined.
build	Build with Gradle	2026-01-06T19:06:50.3745692Z w: file:///home/runner/work/solana-kmp/solana-kmp/kotlin-solana/amount/src/commonMain/kotlin/foundation/metaplex/amount/Amount.kt:186:10 Type 'kotlin.String' is final, so the value of the type parameter is predetermined.
build	Build with Gradle	2026-01-06T19:06:50.3748586Z w: file:///home/runner/work/solana-kmp/solana-kmp/kotlin-solana/amount/src/commonMain/kotlin/foundation/metaplex/amount/Amount.kt:186:32 Type 'kotlin.Int' is final, so the value of the type parameter is predetermined.
build	Build with Gradle	2026-01-06T19:06:50.3751109Z w: file:///home/runner/work/solana-kmp/solana-kmp/kotlin-solana/amount/src/commonMain/kotlin/foundation/metaplex/amount/Amount.kt:226:10 Type 'kotlin.String' is final, so the value of the type parameter is predetermined.
build	Build with Gradle	2026-01-06T19:06:50.3753594Z w: file:///home/runner/work/solana-kmp/solana-kmp/kotlin-solana/amount/src/commonMain/kotlin/foundation/metaplex/amount/Amount.kt:226:32 Type 'kotlin.Int' is final, so the value of the type parameter is predetermined.
build	Build with Gradle	2026-01-06T19:06:50.3756277Z w: file:///home/runner/work/solana-kmp/solana-kmp/kotlin-solana/amount/src/commonMain/kotlin/foundation/metaplex/amount/Amount.kt:243:10 Type 'kotlin.String' is final, so the value of the type parameter is predetermined.
build	Build with Gradle	2026-01-06T19:06:50.3758837Z w: file:///home/runner/work/solana-kmp/solana-kmp/kotlin-solana/amount/src/commonMain/kotlin/foundation/metaplex/amount/Amount.kt:243:32 Type 'kotlin.Int' is final, so the value of the type parameter is predetermined.
build	Build with Gradle	2026-01-06T19:06:50.3761433Z w: file:///home/runner/work/solana-kmp/solana-kmp/kotlin-solana/amount/src/commonMain/kotlin/foundation/metaplex/amount/Amount.kt:260:10 Type 'kotlin.String' is final, so the value of the type parameter is predetermined.
build	Build with Gradle	2026-01-06T19:06:50.3764178Z w: file:///home/runner/work/solana-kmp/solana-kmp/kotlin-solana/amount/src/commonMain/kotlin/foundation/metaplex/amount/Amount.kt:260:32 Type 'kotlin.Int' is final, so the value of the type parameter is predetermined.
build	Build with Gradle	2026-01-06T19:06:50.3766956Z w: file:///home/runner/work/solana-kmp/solana-kmp/kotlin-solana/amount/src/commonMain/kotlin/foundation/metaplex/amount/Amount.kt:276:10 Type 'kotlin.String' is final, so the value of the type parameter is predetermined.
build	Build with Gradle	2026-01-06T19:06:50.3769690Z w: file:///home/runner/work/solana-kmp/solana-kmp/kotlin-solana/amount/src/commonMain/kotlin/foundation/metaplex/amount/Amount.kt:276:32 Type 'kotlin.Int' is final, so the value of the type parameter is predetermined.
build	Build with Gradle	2026-01-06T19:06:50.3772238Z w: file:///home/runner/work/solana-kmp/solana-kmp/kotlin-solana/amount/src/commonMain/kotlin/foundation/metaplex/amount/Amount.kt:291:10 Type 'kotlin.String' is final, so the value of the type parameter is predetermined.
build	Build with Gradle	2026-01-06T19:06:50.3774775Z w: file:///home/runner/work/solana-kmp/solana-kmp/kotlin-solana/amount/src/commonMain/kotlin/foundation/metaplex/amount/Amount.kt:291:32 Type 'kotlin.Int' is final, so the value of the type parameter is predetermined.
build	Build with Gradle	2026-01-06T19:06:50.3777426Z w: file:///home/runner/work/solana-kmp/solana-kmp/kotlin-solana/amount/src/commonMain/kotlin/foundation/metaplex/amount/Amount.kt:301:10 Type 'kotlin.String' is final, so the value of the type parameter is predetermined.
build	Build with Gradle	2026-01-06T19:06:50.3779917Z w: file:///home/runner/work/solana-kmp/solana-kmp/kotlin-solana/amount/src/commonMain/kotlin/foundation/metaplex/amount/Amount.kt:301:32 Type 'kotlin.Int' is final, so the value of the type parameter is predetermined.
build	Build with Gradle	2026-01-06T19:06:50.3782401Z w: file:///home/runner/work/solana-kmp/solana-kmp/kotlin-solana/amount/src/commonMain/kotlin/foundation/metaplex/amount/Amount.kt:318:10 Type 'kotlin.String' is final, so the value of the type parameter is predetermined.
build	Build with Gradle	2026-01-06T19:06:50.3784877Z w: file:///home/runner/work/solana-kmp/solana-kmp/kotlin-solana/amount/src/commonMain/kotlin/foundation/metaplex/amount/Amount.kt:318:32 Type 'kotlin.Int' is final, so the value of the type parameter is predetermined.
build	Build with Gradle	2026-01-06T19:06:50.3787511Z w: file:///home/runner/work/solana-kmp/solana-kmp/kotlin-solana/amount/src/commonMain/kotlin/foundation/metaplex/amount/Amount.kt:333:10 Type 'kotlin.String' is final, so the value of the type parameter is predetermined.
build	Build with Gradle	2026-01-06T19:06:50.3790009Z w: file:///home/runner/work/solana-kmp/solana-kmp/kotlin-solana/amount/src/commonMain/kotlin/foundation/metaplex/amount/Amount.kt:333:32 Type 'kotlin.Int' is final, so the value of the type parameter is predetermined.
build	Build with Gradle	2026-01-06T19:06:50.3792707Z w: file:///home/runner/work/solana-kmp/solana-kmp/kotlin-solana/amount/src/commonMain/kotlin/foundation/metaplex/amount/Amount.kt:352:10 Type 'kotlin.String' is final, so the value of the type parameter is predetermined.
build	Build with Gradle	2026-01-06T19:06:50.3795297Z w: file:///home/runner/work/solana-kmp/solana-kmp/kotlin-solana/amount/src/commonMain/kotlin/foundation/metaplex/amount/Amount.kt:352:32 Type 'kotlin.Int' is final, so the value of the type parameter is predetermined.
build	Build with Gradle	2026-01-06T19:06:50.3797959Z w: file:///home/runner/work/solana-kmp/solana-kmp/kotlin-solana/amount/src/commonMain/kotlin/foundation/metaplex/amount/Amount.kt:379:10 Type 'kotlin.String' is final, so the value of the type parameter is predetermined.
build	Build with Gradle	2026-01-06T19:06:50.3800492Z w: file:///home/runner/work/solana-kmp/solana-kmp/kotlin-solana/amount/src/commonMain/kotlin/foundation/metaplex/amount/Amount.kt:379:32 Type 'kotlin.Int' is final, so the value of the type parameter is predetermined.
build	Build with Gradle	2026-01-06T19:06:50.3802945Z w: file:///home/runner/work/solana-kmp/solana-kmp/kotlin-solana/amount/src/commonMain/kotlin/foundation/metaplex/amount/Amount.kt:390:10 Type 'kotlin.String' is final, so the value of the type parameter is predetermined.
build	Build with Gradle	2026-01-06T19:06:50.3805710Z w: file:///home/runner/work/solana-kmp/solana-kmp/kotlin-solana/amount/src/commonMain/kotlin/foundation/metaplex/amount/Amount.kt:390:32 Type 'kotlin.Int' is final, so the value of the type parameter is predetermined.
build	Build with Gradle	2026-01-06T19:06:50.3808400Z w: file:///home/runner/work/solana-kmp/solana-kmp/kotlin-solana/amount/src/commonMain/kotlin/foundation/metaplex/amount/Amount.kt:401:10 Type 'kotlin.String' is final, so the value of the type parameter is predetermined.
build	Build with Gradle	2026-01-06T19:06:50.3810923Z w: file:///home/runner/work/solana-kmp/solana-kmp/kotlin-solana/amount/src/commonMain/kotlin/foundation/metaplex/amount/Amount.kt:401:32 Type 'kotlin.Int' is final, so the value of the type parameter is predetermined.
build	Build with Gradle	2026-01-06T19:06:50.3813463Z w: file:///home/runner/work/solana-kmp/solana-kmp/kotlin-solana/amount/src/commonMain/kotlin/foundation/metaplex/amount/Amount.kt:412:10 Type 'kotlin.String' is final, so the value of the type parameter is predetermined.
build	Build with Gradle	2026-01-06T19:06:50.3815995Z w: file:///home/runner/work/solana-kmp/solana-kmp/kotlin-solana/amount/src/commonMain/kotlin/foundation/metaplex/amount/Amount.kt:412:32 Type 'kotlin.Int' is final, so the value of the type parameter is predetermined.
build	Build with Gradle	2026-01-06T19:06:50.3817469Z 
build	Build with Gradle	2026-01-06T19:06:50.3817662Z > Task :amount:generateDebugUnitTestStubRFile
build	Build with Gradle	2026-01-06T19:06:50.3817990Z 
build	Build with Gradle	2026-01-06T19:06:50.3818165Z > Task :amount:compileDebugKotlinAndroid
build	Build with Gradle	2026-01-06T19:06:50.3819644Z w: file:///home/runner/work/solana-kmp/solana-kmp/kotlin-solana/amount/src/commonMain/kotlin/foundation/metaplex/amount/Amount.kt:37:23 Type 'kotlin.String' is final, so the value of the type parameter is predetermined.
build	Build with Gradle	2026-01-06T19:06:50.3822154Z w: file:///home/runner/work/solana-kmp/solana-kmp/kotlin-solana/amount/src/commonMain/kotlin/foundation/metaplex/amount/Amount.kt:37:45 Type 'kotlin.Int' is final, so the value of the type parameter is predetermined.
build	Build with Gradle	2026-01-06T19:06:50.3824651Z w: file:///home/runner/work/solana-kmp/solana-kmp/kotlin-solana/amount/src/commonMain/kotlin/foundation/metaplex/amount/Amount.kt:59:10 Type 'kotlin.String' is final, so the value of the type parameter is predetermined.
build	Build with Gradle	2026-01-06T19:06:50.3827359Z w: file:///home/runner/work/solana-kmp/solana-kmp/kotlin-solana/amount/src/commonMain/kotlin/foundation/metaplex/amount/Amount.kt:59:32 Type 'kotlin.Int' is final, so the value of the type parameter is predetermined.
build	Build with Gradle	2026-01-06T19:06:50.3829893Z w: file:///home/runner/work/solana-kmp/solana-kmp/kotlin-solana/amount/src/commonMain/kotlin/foundation/metaplex/amount/Amount.kt:67:10 Type 'kotlin.String' is final, so the value of the type parameter is predetermined.
build	Build with Gradle	2026-01-06T19:06:50.3832413Z w: file:///home/runner/work/solana-kmp/solana-kmp/kotlin-solana/amount/src/commonMain/kotlin/foundation/metaplex/amount/Amount.kt:67:32 Type 'kotlin.Int' is final, so the value of the type parameter is predetermined.
build	Build with Gradle	2026-01-06T19:06:50.3835115Z w: file:///home/runner/work/solana-kmp/solana-kmp/kotlin-solana/amount/src/commonMain/kotlin/foundation/metaplex/amount/Amount.kt:75:10 Type 'kotlin.String' is final, so the value of the type parameter is predetermined.
build	Build with Gradle	2026-01-06T19:06:50.3837661Z w: file:///home/runner/work/solana-kmp/solana-kmp/kotlin-solana/amount/src/commonMain/kotlin/foundation/metaplex/amount/Amount.kt:75:32 Type 'kotlin.Int' is final, so the value of the type parameter is predetermined.
build	Build with Gradle	2026-01-06T19:06:50.3840103Z w: file:///home/runner/work/solana-kmp/solana-kmp/kotlin-solana/amount/src/commonMain/kotlin/foundation/metaplex/amount/Amount.kt:88:10 Type 'kotlin.String' is final, so the value of the type parameter is predetermined.
build	Build with Gradle	2026-01-06T19:06:50.3842594Z w: file:///home/runner/work/solana-kmp/solana-kmp/kotlin-solana/amount/src/commonMain/kotlin/foundation/metaplex/amount/Amount.kt:88:32 Type 'kotlin.Int' is final, so the value of the type parameter is predetermined.
build	Build with Gradle	2026-01-06T19:06:50.3845129Z w: file:///home/runner/work/solana-kmp/solana-kmp/kotlin-solana/amount/src/commonMain/kotlin/foundation/metaplex/amount/Amount.kt:105:10 Type 'kotlin.Int' is final, so the value of the type parameter is predetermined.
build	Build with Gradle	2026-01-06T19:06:50.3847867Z w: file:///home/runner/work/solana-kmp/solana-kmp/kotlin-solana/amount/src/commonMain/kotlin/foundation/metaplex/amount/Amount.kt:107:21 Unchecked cast of 'kotlin.Int' to 'D'.
build	Build with Gradle	2026-01-06T19:06:50.3850116Z w: file:///home/runner/work/solana-kmp/solana-kmp/kotlin-solana/amount/src/commonMain/kotlin/foundation/metaplex/amount/Amount.kt:116:10 Type 'kotlin.String' is final, so the value of the type parameter is predetermined.
build	Build with Gradle	2026-01-06T19:06:50.3852474Z w: file:///home/runner/work/solana-kmp/solana-kmp/kotlin-solana/amount/src/commonMain/kotlin/foundation/metaplex/amount/Amount.kt:116:32 Type 'kotlin.Int' is final, so the value of the type parameter is predetermined.
build	Build with Gradle	2026-01-06T19:06:50.3854799Z w: file:///home/runner/work/solana-kmp/solana-kmp/kotlin-solana/amount/src/commonMain/kotlin/foundation/metaplex/amount/Amount.kt:123:36 Unchecked cast of 'kotlin.String' to 'I'.
build	Build with Gradle	2026-01-06T19:06:50.3857133Z w: file:///home/runner/work/solana-kmp/solana-kmp/kotlin-solana/amount/src/commonMain/kotlin/foundation/metaplex/amount/Amount.kt:124:25 Unchecked cast of 'kotlin.Int' to 'D'.
build	Build with Gradle	2026-01-06T19:06:50.3859523Z w: file:///home/runner/work/solana-kmp/solana-kmp/kotlin-solana/amount/src/commonMain/kotlin/foundation/metaplex/amount/Amount.kt:128:10 Type 'kotlin.String' is final, so the value of the type parameter is predetermined.
build	Build with Gradle	2026-01-06T19:06:50.3862130Z w: file:///home/runner/work/solana-kmp/solana-kmp/kotlin-solana/amount/src/commonMain/kotlin/foundation/metaplex/amount/Amount.kt:128:32 Type 'kotlin.Int' is final, so the value of the type parameter is predetermined.
build	Build with Gradle	2026-01-06T19:06:50.3864521Z w: file:///home/runner/work/solana-kmp/solana-kmp/kotlin-solana/amount/src/commonMain/kotlin/foundation/metaplex/amount/Amount.kt:135:36 Unchecked cast of 'kotlin.String' to 'I'.
build	Build with Gradle	2026-01-06T19:06:50.3866821Z w: file:///home/runner/work/solana-kmp/solana-kmp/kotlin-solana/amount/src/commonMain/kotlin/foundation/metaplex/amount/Amount.kt:136:25 Unchecked cast of 'kotlin.Int' to 'D'.
build	Build with Gradle	2026-01-06T19:06:50.3963440Z w: file:///home/runner/work/solana-kmp/solana-kmp/kotlin-solana/amount/src/commonMain/kotlin/foundation/metaplex/amount/Amount.kt:174:10 Type 'kotlin.String' is final, so the value of the type parameter is predetermined.
build	Build with Gradle	2026-01-06T19:06:50.3966830Z w: file:///home/runner/work/solana-kmp/solana-kmp/kotlin-solana/amount/src/commonMain/kotlin/foundation/metaplex/amount/Amount.kt:174:32 Type 'kotlin.Int' is final, so the value of the type parameter is predetermined.
build	Build with Gradle	2026-01-06T19:06:50.3969551Z w: file:///home/runner/work/solana-kmp/solana-kmp/kotlin-solana/amount/src/commonMain/kotlin/foundation/metaplex/amount/Amount.kt:186:10 Type 'kotlin.String' is final, so the value of the type parameter is predetermined.
build	Build with Gradle	2026-01-06T19:06:50.3972496Z w: file:///home/runner/work/solana-kmp/solana-kmp/kotlin-solana/amount/src/commonMain/kotlin/foundation/metaplex/amount/Amount.kt:186:32 Type 'kotlin.Int' is final, so the value of the type parameter is predetermined.
build	Build with Gradle	2026-01-06T19:06:50.3975106Z w: file:///home/runner/work/solana-kmp/solana-kmp/kotlin-solana/amount/src/commonMain/kotlin/foundation/metaplex/amount/Amount.kt:226:10 Type 'kotlin.String' is final, so the value of the type parameter is predetermined.
build	Build with Gradle	2026-01-06T19:06:50.3978042Z w: file:///home/runner/work/solana-kmp/solana-kmp/kotlin-solana/amount/src/commonMain/kotlin/foundation/metaplex/amount/Amount.kt:226:32 Type 'kotlin.Int' is final, so the value of the type parameter is predetermined.
build	Build with Gradle	2026-01-06T19:06:50.3980665Z w: file:///home/runner/work/solana-kmp/solana-kmp/kotlin-solana/amount/src/commonMain/kotlin/foundation/metaplex/amount/Amount.kt:243:10 Type 'kotlin.String' is final, so the value of the type parameter is predetermined.
build	Build with Gradle	2026-01-06T19:06:50.3983317Z w: file:///home/runner/work/solana-kmp/solana-kmp/kotlin-solana/amount/src/commonMain/kotlin/foundation/metaplex/amount/Amount.kt:243:32 Type 'kotlin.Int' is final, so the value of the type parameter is predetermined.
build	Build with Gradle	2026-01-06T19:06:50.3986832Z w: file:///home/runner/work/solana-kmp/solana-kmp/kotlin-solana/amount/src/commonMain/kotlin/foundation/metaplex/amount/Amount.kt:260:10 Type 'kotlin.String' is final, so the value of the type parameter is predetermined.
build	Build with Gradle	2026-01-06T19:06:50.3989997Z w: file:///home/runner/work/solana-kmp/solana-kmp/kotlin-solana/amount/src/commonMain/kotlin/foundation/metaplex/amount/Amount.kt:260:32 Type 'kotlin.Int' is final, so the value of the type parameter is predetermined.
build	Build with Gradle	2026-01-06T19:06:50.3993455Z w: file:///home/runner/work/solana-kmp/solana-kmp/kotlin-solana/amount/src/commonMain/kotlin/foundation/metaplex/amount/Amount.kt:276:10 Type 'kotlin.String' is final, so the value of the type parameter is predetermined.
build	Build with Gradle	2026-01-06T19:06:50.3996389Z w: file:///home/runner/work/solana-kmp/solana-kmp/kotlin-solana/amount/src/commonMain/kotlin/foundation/metaplex/amount/Amount.kt:276:32 Type 'kotlin.Int' is final, so the value of the type parameter is predetermined.
build	Build with Gradle	2026-01-06T19:06:50.3998976Z w: file:///home/runner/work/solana-kmp/solana-kmp/kotlin-solana/amount/src/commonMain/kotlin/foundation/metaplex/amount/Amount.kt:291:10 Type 'kotlin.String' is final, so the value of the type parameter is predetermined.
build	Build with Gradle	2026-01-06T19:06:50.4001563Z w: file:///home/runner/work/solana-kmp/solana-kmp/kotlin-solana/amount/src/commonMain/kotlin/foundation/metaplex/amount/Amount.kt:291:32 Type 'kotlin.Int' is final, so the value of the type parameter is predetermined.
build	Build with Gradle	2026-01-06T19:06:50.4004118Z w: file:///home/runner/work/solana-kmp/solana-kmp/kotlin-solana/amount/src/commonMain/kotlin/foundation/metaplex/amount/Amount.kt:301:10 Type 'kotlin.String' is final, so the value of the type parameter is predetermined.
build	Build with Gradle	2026-01-06T19:06:50.4006796Z w: file:///home/runner/work/solana-kmp/solana-kmp/kotlin-solana/amount/src/commonMain/kotlin/foundation/metaplex/amount/Amount.kt:301:32 Type 'kotlin.Int' is final, so the value of the type parameter is predetermined.
build	Build with Gradle	2026-01-06T19:06:50.4009323Z w: file:///home/runner/work/solana-kmp/solana-kmp/kotlin-solana/amount/src/commonMain/kotlin/foundation/metaplex/amount/Amount.kt:318:10 Type 'kotlin.String' is final, so the value of the type parameter is predetermined.
build	Build with Gradle	2026-01-06T19:06:50.4011870Z w: file:///home/runner/work/solana-kmp/solana-kmp/kotlin-solana/amount/src/commonMain/kotlin/foundation/metaplex/amount/Amount.kt:318:32 Type 'kotlin.Int' is final, so the value of the type parameter is predetermined.
build	Build with Gradle	2026-01-06T19:06:50.4014394Z w: file:///home/runner/work/solana-kmp/solana-kmp/kotlin-solana/amount/src/commonMain/kotlin/foundation/metaplex/amount/Amount.kt:333:10 Type 'kotlin.String' is final, so the value of the type parameter is predetermined.
build	Build with Gradle	2026-01-06T19:06:50.4021185Z w: file:///home/runner/work/solana-kmp/solana-kmp/kotlin-solana/amount/src/commonMain/kotlin/foundation/metaplex/amount/Amount.kt:333:32 Type 'kotlin.Int' is final, so the value of the type parameter is predetermined.
build	Build with Gradle	2026-01-06T19:06:50.4023745Z w: file:///home/runner/work/solana-kmp/solana-kmp/kotlin-solana/amount/src/commonMain/kotlin/foundation/metaplex/amount/Amount.kt:352:10 Type 'kotlin.String' is final, so the value of the type parameter is predetermined.
build	Build with Gradle	2026-01-06T19:06:50.4026501Z w: file:///home/runner/work/solana-kmp/solana-kmp/kotlin-solana/amount/src/commonMain/kotlin/foundation/metaplex/amount/Amount.kt:352:32 Type 'kotlin.Int' is final, so the value of the type parameter is predetermined.
build	Build with Gradle	2026-01-06T19:06:50.4029087Z w: file:///home/runner/work/solana-kmp/solana-kmp/kotlin-solana/amount/src/commonMain/kotlin/foundation/metaplex/amount/Amount.kt:379:10 Type 'kotlin.String' is final, so the value of the type parameter is predetermined.
build	Build with Gradle	2026-01-06T19:06:50.4031637Z w: file:///home/runner/work/solana-kmp/solana-kmp/kotlin-solana/amount/src/commonMain/kotlin/foundation/metaplex/amount/Amount.kt:379:32 Type 'kotlin.Int' is final, so the value of the type parameter is predetermined.
build	Build with Gradle	2026-01-06T19:06:50.4034153Z w: file:///home/runner/work/solana-kmp/solana-kmp/kotlin-solana/amount/src/commonMain/kotlin/foundation/metaplex/amount/Amount.kt:390:10 Type 'kotlin.String' is final, so the value of the type parameter is predetermined.
build	Build with Gradle	2026-01-06T19:06:50.4037132Z w: file:///home/runner/work/solana-kmp/solana-kmp/kotlin-solana/amount/src/commonMain/kotlin/foundation/metaplex/amount/Amount.kt:390:32 Type 'kotlin.Int' is final, so the value of the type parameter is predetermined.
build	Build with Gradle	2026-01-06T19:06:50.4039727Z w: file:///home/runner/work/solana-kmp/solana-kmp/kotlin-solana/amount/src/commonMain/kotlin/foundation/metaplex/amount/Amount.kt:401:10 Type 'kotlin.String' is final, so the value of the type parameter is predetermined.
build	Build with Gradle	2026-01-06T19:06:50.4042342Z w: file:///home/runner/work/solana-kmp/solana-kmp/kotlin-solana/amount/src/commonMain/kotlin/foundation/metaplex/amount/Amount.kt:401:32 Type 'kotlin.Int' is final, so the value of the type parameter is predetermined.
build	Build with Gradle	2026-01-06T19:06:50.4044986Z w: file:///home/runner/work/solana-kmp/solana-kmp/kotlin-solana/amount/src/commonMain/kotlin/foundation/metaplex/amount/Amount.kt:412:10 Type 'kotlin.String' is final, so the value of the type parameter is predetermined.
build	Build with Gradle	2026-01-06T19:06:50.4047764Z w: file:///home/runner/work/solana-kmp/solana-kmp/kotlin-solana/amount/src/commonMain/kotlin/foundation/metaplex/amount/Amount.kt:412:32 Type 'kotlin.Int' is final, so the value of the type parameter is predetermined.
build	Build with Gradle	2026-01-06T19:06:55.3457641Z 
build	Build with Gradle	2026-01-06T19:06:55.3458546Z > Task :amount:extractReleaseAnnotations
build	Build with Gradle	2026-01-06T19:06:55.3460951Z > Task :amount:extractDebugAnnotations
build	Build with Gradle	2026-01-06T19:06:55.3461458Z > Task :amount:compileDebugJavaWithJavac NO-SOURCE
build	Build with Gradle	2026-01-06T19:06:55.3462037Z > Task :amount:mergeDebugGeneratedProguardFiles
build	Build with Gradle	2026-01-06T19:06:55.3462596Z > Task :amount:mergeDebugConsumerProguardFiles
build	Build with Gradle	2026-01-06T19:06:55.3463075Z > Task :amount:processDebugJavaRes
build	Build with Gradle	2026-01-06T19:06:55.3463570Z > Task :amount:compileReleaseJavaWithJavac NO-SOURCE
build	Build with Gradle	2026-01-06T19:06:55.3464138Z > Task :amount:mergeReleaseGeneratedProguardFiles
build	Build with Gradle	2026-01-06T19:06:55.3464686Z > Task :amount:mergeReleaseConsumerProguardFiles
build	Build with Gradle	2026-01-06T19:06:55.3465185Z > Task :amount:processReleaseJavaRes
build	Build with Gradle	2026-01-06T19:06:55.3465628Z > Task :amount:jvmMainClasses
build	Build with Gradle	2026-01-06T19:06:55.4456565Z > Task :amount:jvmJar
build	Build with Gradle	2026-01-06T19:06:55.4457149Z > Task :amount:mergeReleaseJavaResource
build	Build with Gradle	2026-01-06T19:06:55.4457577Z > Task :amount:mergeDebugJavaResource
build	Build with Gradle	2026-01-06T19:06:55.6465112Z > Task :amount:syncDebugLibJars
build	Build with Gradle	2026-01-06T19:06:55.6465854Z > Task :amount:bundleDebugAar
build	Build with Gradle	2026-01-06T19:06:55.6466566Z > Task :amount:assembleDebug
build	Build with Gradle	2026-01-06T19:06:55.6467037Z > Task :amount:syncReleaseLibJars
build	Build with Gradle	2026-01-06T19:06:55.6467522Z > Task :amount:bundleReleaseAar
build	Build with Gradle	2026-01-06T19:06:55.6467976Z > Task :amount:assembleRelease
build	Build with Gradle	2026-01-06T19:06:55.6468938Z > Task :amount:assemble
build	Build with Gradle	2026-01-06T19:06:55.7497264Z > Task :amount:bundleLibCompileToJarDebug
build	Build with Gradle	2026-01-06T19:06:55.7498115Z > Task :amount:bundleLibRuntimeToJarDebug
build	Build with Gradle	2026-01-06T19:06:55.7498790Z > Task :amount:javaPreCompileDebugUnitTest
build	Build with Gradle	2026-01-06T19:06:55.8457677Z > Task :amount:bundleLibRuntimeToJarRelease
build	Build with Gradle	2026-01-06T19:06:55.8458740Z > Task :amount:preReleaseUnitTestBuild UP-TO-DATE
build	Build with Gradle	2026-01-06T19:06:55.8459553Z > Task :amount:bundleLibCompileToJarRelease
build	Build with Gradle	2026-01-06T19:06:55.8460329Z > Task :amount:generateReleaseUnitTestStubRFile
build	Build with Gradle	2026-01-06T19:06:57.2457090Z > Task :amount:javaPreCompileReleaseUnitTest
build	Build with Gradle	2026-01-06T19:06:57.2461924Z > Task :amount:linkDebugTestWatchosSimulatorArm64 SKIPPED
build	Build with Gradle	2026-01-06T19:06:57.2466939Z > Task :amount:watchosSimulatorArm64Test SKIPPED
build	Build with Gradle	2026-01-06T19:06:57.3497277Z > Task :amount:linkDebugTestWatchosX64 SKIPPED
build	Build with Gradle	2026-01-06T19:06:57.3526860Z > Task :amount:watchosX64Test SKIPPED
build	Build with Gradle	2026-01-06T19:06:57.3527713Z > Task :amount:bundleDebugLocalLintAar
build	Build with Gradle	2026-01-06T19:06:57.3528440Z > Task :amount:createFullJarDebug
build	Build with Gradle	2026-01-06T19:06:57.3529144Z > Task :amount:preDebugAndroidTestBuild UP-TO-DATE
build	Build with Gradle	2026-01-06T19:06:57.3529921Z > Task :amount:generateDebugAndroidTestResValues
build	Build with Gradle	2026-01-06T19:06:57.3530649Z > Task :amount:writeDebugLintModelMetadata
build	Build with Gradle	2026-01-06T19:06:57.4456363Z 
build	Build with Gradle	2026-01-06T19:06:57.4460929Z > Task :amount:compileDebugUnitTestKotlinAndroid
build	Build with Gradle	2026-01-06T19:06:57.4465830Z w: file:///home/runner/work/solana-kmp/solana-kmp/kotlin-solana/amount/src/commonTest/kotlin/foundation/metaplex/amount/AmountTests.kt:119:20 Check for instance is always 'true'.
build	Build with Gradle	2026-01-06T19:06:57.4470479Z 
build	Build with Gradle	2026-01-06T19:06:57.4474217Z > Task :amount:compileTestKotlinJvm
build	Build with Gradle	2026-01-06T19:06:57.4479145Z w: file:///home/runner/work/solana-kmp/solana-kmp/kotlin-solana/amount/src/commonTest/kotlin/foundation/metaplex/amount/AmountTests.kt:119:20 Check for instance is always 'true'.
build	Build with Gradle	2026-01-06T19:06:57.5468149Z 
build	Build with Gradle	2026-01-06T19:06:57.5472345Z > Task :amount:compileReleaseUnitTestKotlinAndroid
build	Build with Gradle	2026-01-06T19:06:57.5477665Z w: file:///home/runner/work/solana-kmp/solana-kmp/kotlin-solana/amount/src/commonTest/kotlin/foundation/metaplex/amount/AmountTests.kt:119:20 Check for instance is always 'true'.
build	Build with Gradle	2026-01-06T19:06:58.2457295Z 
build	Build with Gradle	2026-01-06T19:06:58.2462082Z > Task :amount:generateDebugAndroidTestLintModel
build	Build with Gradle	2026-01-06T19:06:58.2466862Z > Task :amount:jvmTestClasses
build	Build with Gradle	2026-01-06T19:06:59.1458929Z > Task :amount:jvmTest
build	Build with Gradle	2026-01-06T19:06:59.1463392Z > Task :amount:compileDebugUnitTestJavaWithJavac NO-SOURCE
build	Build with Gradle	2026-01-06T19:06:59.1467092Z > Task :amount:processDebugUnitTestJavaRes
build	Build with Gradle	2026-01-06T19:07:01.0457614Z > Task :amount:testDebugUnitTest
build	Build with Gradle	2026-01-06T19:07:01.0458572Z > Task :amount:compileReleaseUnitTestJavaWithJavac NO-SOURCE
build	Build with Gradle	2026-01-06T19:07:01.0459260Z > Task :amount:processReleaseUnitTestJavaRes
build	Build with Gradle	2026-01-06T19:07:01.6507360Z > Task :amount:testReleaseUnitTest
build	Build with Gradle	2026-01-06T19:07:01.6508112Z > Task :amount:allTests
build	Build with Gradle	2026-01-06T19:07:01.6508632Z > Task :amount:extractProguardFiles
build	Build with Gradle	2026-01-06T19:07:01.6509261Z > Task :amount:generateDebugLintReportModel
build	Build with Gradle	2026-01-06T19:07:01.6509897Z > Task :amount:generateDebugUnitTestLintModel
build	Build with Gradle	2026-01-06T19:07:05.6458895Z > Task :kotlin-crypto-pure:crypto-core:transformCommonMainDependenciesMetadata
build	Build with Gradle	2026-01-06T19:07:10.2459135Z > Task :amount:test
build	Build with Gradle	2026-01-06T19:07:10.2460855Z > Task :base58:checkKotlinGradlePluginConfigurationErrors SKIPPED
build	Build with Gradle	2026-01-06T19:07:10.2463577Z > Task :base58:generateProjectStructureMetadata
build	Build with Gradle	2026-01-06T19:07:10.2465840Z > Task :base58:metadataCommonMainProcessResources NO-SOURCE
build	Build with Gradle	2026-01-06T19:07:10.2471032Z > Task :base58:preBuild UP-TO-DATE
build	Build with Gradle	2026-01-06T19:07:10.2471487Z > Task :base58:preDebugBuild UP-TO-DATE
build	Build with Gradle	2026-01-06T19:07:10.2471925Z > Task :amount:lintAnalyzeDebugAndroidTest
build	Build with Gradle	2026-01-06T19:07:10.2472361Z > Task :base58:mergeDebugJniLibFolders
build	Build with Gradle	2026-01-06T19:07:10.2472814Z > Task :base58:mergeDebugNativeLibs NO-SOURCE
build	Build with Gradle	2026-01-06T19:07:10.2473267Z > Task :base58:stripDebugDebugSymbols NO-SOURCE
build	Build with Gradle	2026-01-06T19:07:10.2473768Z > Task :base58:copyDebugJniLibsProjectAndLocalJars
build	Build with Gradle	2026-01-06T19:07:10.2474619Z > Task :base58:generateDebugResValues
build	Build with Gradle	2026-01-06T19:07:10.3457108Z > Task :base58:generateDebugResources
build	Build with Gradle	2026-01-06T19:07:10.3461490Z > Task :base58:packageDebugResources
build	Build with Gradle	2026-01-06T19:07:10.3462140Z > Task :base58:extractDeepLinksForAarDebug
build	Build with Gradle	2026-01-06T19:07:10.3462672Z > Task :base58:javaPreCompileDebug
build	Build with Gradle	2026-01-06T19:07:10.3463192Z > Task :base58:parseDebugLocalResources
build	Build with Gradle	2026-01-06T19:07:10.3463689Z > Task :base58:mergeDebugShaders
build	Build with Gradle	2026-01-06T19:07:10.3464130Z > Task :base58:generateDebugRFile
build	Build with Gradle	2026-01-06T19:07:10.3464595Z > Task :base58:compileDebugShaders NO-SOURCE
build	Build with Gradle	2026-01-06T19:07:10.3465121Z > Task :base58:debugAssetsCopyForAGP NO-SOURCE
build	Build with Gradle	2026-01-06T19:07:10.3465668Z > Task :base58:generateDebugAssets UP-TO-DATE
build	Build with Gradle	2026-01-06T19:07:10.3466385Z > Task :base58:packageDebugAssets
build	Build with Gradle	2026-01-06T19:07:10.3466895Z > Task :base58:prepareDebugArtProfile
build	Build with Gradle	2026-01-06T19:07:10.3467395Z > Task :base58:processDebugManifest
build	Build with Gradle	2026-01-06T19:07:10.3467862Z > Task :base58:prepareLintJarForPublish
build	Build with Gradle	2026-01-06T19:07:10.3468394Z > Task :base58:preReleaseBuild UP-TO-DATE
build	Build with Gradle	2026-01-06T19:07:10.3469043Z > Task :base58:writeDebugAarMetadata
build	Build with Gradle	2026-01-06T19:07:10.3469483Z > Task :base58:mergeReleaseJniLibFolders
build	Build with Gradle	2026-01-06T19:07:10.3469914Z > Task :base58:mergeReleaseNativeLibs NO-SOURCE
build	Build with Gradle	2026-01-06T19:07:10.3470743Z > Task :base58:stripReleaseDebugSymbols NO-SOURCE
build	Build with Gradle	2026-01-06T19:07:10.3471570Z > Task :base58:generateReleaseResValues
build	Build with Gradle	2026-01-06T19:07:10.3472041Z > Task :base58:extractDeepLinksForAarRelease
build	Build with Gradle	2026-01-06T19:07:10.3472509Z > Task :base58:generateReleaseResources
build	Build with Gradle	2026-01-06T19:07:10.4457017Z > Task :base58:packageReleaseResources
build	Build with Gradle	2026-01-06T19:07:10.4460001Z > Task :base58:parseReleaseLocalResources
build	Build with Gradle	2026-01-06T19:07:10.4461504Z > Task :base58:copyReleaseJniLibsProjectAndLocalJars
build	Build with Gradle	2026-01-06T19:07:10.4468221Z > Task :base58:generateReleaseRFile
build	Build with Gradle	2026-01-06T19:07:10.4474033Z > Task :base58:javaPreCompileRelease
build	Build with Gradle	2026-01-06T19:07:10.4480330Z > Task :base58:mergeReleaseShaders
build	Build with Gradle	2026-01-06T19:07:10.4481599Z > Task :base58:compileReleaseShaders NO-SOURCE
build	Build with Gradle	2026-01-06T19:07:10.4482296Z > Task :base58:generateReleaseAssets UP-TO-DATE
build	Build with Gradle	2026-01-06T19:07:10.4482913Z > Task :base58:releaseAssetsCopyForAGP NO-SOURCE
build	Build with Gradle	2026-01-06T19:07:10.4484185Z > Task :base58:packageReleaseAssets
build	Build with Gradle	2026-01-06T19:07:10.4502072Z > Task :base58:prepareReleaseArtProfile
build	Build with Gradle	2026-01-06T19:07:10.4503598Z > Task :base58:processReleaseManifest
build	Build with Gradle	2026-01-06T19:07:10.4504174Z > Task :base58:metadataNativeMainProcessResources NO-SOURCE
build	Build with Gradle	2026-01-06T19:07:10.4504846Z > Task :base58:metadataAppleMainProcessResources NO-SOURCE
build	Build with Gradle	2026-01-06T19:07:10.4505425Z > Task :base58:compileKotlinIosArm64 SKIPPED
build	Build with Gradle	2026-01-06T19:07:10.4505966Z > Task :base58:compileKotlinIosSimulatorArm64 SKIPPED
build	Build with Gradle	2026-01-06T19:07:10.4506720Z > Task :base58:compileKotlinIosX64 SKIPPED
build	Build with Gradle	2026-01-06T19:07:10.4507222Z > Task :base58:compileKotlinMacosArm64 SKIPPED
build	Build with Gradle	2026-01-06T19:07:10.4507735Z > Task :base58:compileKotlinMacosX64 SKIPPED
build	Build with Gradle	2026-01-06T19:07:10.4508241Z > Task :base58:compileKotlinWatchosArm64 SKIPPED
build	Build with Gradle	2026-01-06T19:07:10.4508849Z > Task :base58:compileKotlinWatchosSimulatorArm64 SKIPPED
build	Build with Gradle	2026-01-06T19:07:10.4509410Z > Task :base58:compileKotlinWatchosX64 SKIPPED
build	Build with Gradle	2026-01-06T19:07:10.4509919Z > Task :base58:iosArm64ProcessResources NO-SOURCE
build	Build with Gradle	2026-01-06T19:07:10.4510422Z > Task :base58:iosArm64MainKlibrary UP-TO-DATE
build	Build with Gradle	2026-01-06T19:07:10.4510941Z > Task :base58:compileTestKotlinIosArm64 SKIPPED
build	Build with Gradle	2026-01-06T19:07:10.4511504Z > Task :base58:iosSimulatorArm64ProcessResources NO-SOURCE
build	Build with Gradle	2026-01-06T19:07:10.4512099Z > Task :base58:iosSimulatorArm64MainKlibrary UP-TO-DATE
build	Build with Gradle	2026-01-06T19:07:10.4512698Z > Task :base58:compileTestKotlinIosSimulatorArm64 SKIPPED
build	Build with Gradle	2026-01-06T19:07:10.4513253Z > Task :base58:iosX64ProcessResources NO-SOURCE
build	Build with Gradle	2026-01-06T19:07:10.4513752Z > Task :base58:iosX64MainKlibrary UP-TO-DATE
build	Build with Gradle	2026-01-06T19:07:10.4514234Z > Task :base58:compileTestKotlinIosX64 SKIPPED
build	Build with Gradle	2026-01-06T19:07:10.4514751Z > Task :base58:macosArm64ProcessResources NO-SOURCE
build	Build with Gradle	2026-01-06T19:07:10.4538328Z > Task :base58:macosArm64MainKlibrary UP-TO-DATE
build	Build with Gradle	2026-01-06T19:07:10.4539470Z > Task :base58:compileTestKotlinMacosArm64 SKIPPED
build	Build with Gradle	2026-01-06T19:07:10.4540186Z > Task :base58:macosX64ProcessResources NO-SOURCE
build	Build with Gradle	2026-01-06T19:07:10.4540845Z > Task :base58:macosX64MainKlibrary UP-TO-DATE
build	Build with Gradle	2026-01-06T19:07:10.4541516Z > Task :base58:compileTestKotlinMacosX64 SKIPPED
build	Build with Gradle	2026-01-06T19:07:10.4542246Z > Task :base58:watchosArm64ProcessResources NO-SOURCE
build	Build with Gradle	2026-01-06T19:07:10.4542981Z > Task :base58:watchosArm64MainKlibrary UP-TO-DATE
build	Build with Gradle	2026-01-06T19:07:10.4543664Z > Task :base58:compileTestKotlinWatchosArm64 SKIPPED
build	Build with Gradle	2026-01-06T19:07:10.4545073Z > Task :base58:watchosSimulatorArm64ProcessResources NO-SOURCE
build	Build with Gradle	2026-01-06T19:07:10.4546042Z > Task :base58:watchosSimulatorArm64MainKlibrary UP-TO-DATE
build	Build with Gradle	2026-01-06T19:07:10.4547697Z > Task :base58:compileTestKotlinWatchosSimulatorArm64 SKIPPED
build	Build with Gradle	2026-01-06T19:07:10.4548685Z > Task :base58:watchosX64ProcessResources NO-SOURCE
build	Build with Gradle	2026-01-06T19:07:10.4549745Z > Task :base58:watchosX64MainKlibrary UP-TO-DATE
build	Build with Gradle	2026-01-06T19:07:10.4550683Z > Task :base58:compileTestKotlinWatchosX64 SKIPPED
build	Build with Gradle	2026-01-06T19:07:10.4551489Z > Task :base58:metadataIosMainProcessResources NO-SOURCE
build	Build with Gradle	2026-01-06T19:07:10.4552243Z > Task :base58:metadataMacosMainProcessResources NO-SOURCE
build	Build with Gradle	2026-01-06T19:07:10.4553933Z > Task :base58:metadataWatchosMainProcessResources NO-SOURCE
build	Build with Gradle	2026-01-06T19:07:10.4554762Z > Task :base58:jvmProcessResources NO-SOURCE
build	Build with Gradle	2026-01-06T19:07:10.4555257Z > Task :base58:linkDebugFrameworkIosArm64 SKIPPED
build	Build with Gradle	2026-01-06T19:07:10.4555762Z > Task :base58:linkDebugFrameworkIosX64 SKIPPED
build	Build with Gradle	2026-01-06T19:07:10.4556436Z > Task :base58:linkDebugFrameworkIosFat SKIPPED
build	Build with Gradle	2026-01-06T19:07:10.4557002Z > Task :base58:linkDebugFrameworkIosSimulatorArm64 SKIPPED
build	Build with Gradle	2026-01-06T19:07:10.4557580Z > Task :base58:linkDebugFrameworkMacosArm64 SKIPPED
build	Build with Gradle	2026-01-06T19:07:10.4558103Z > Task :base58:linkDebugFrameworkMacosX64 SKIPPED
build	Build with Gradle	2026-01-06T19:07:10.4558625Z > Task :base58:linkDebugFrameworkOsxFat SKIPPED
build	Build with Gradle	2026-01-06T19:07:10.4559165Z > Task :base58:linkDebugFrameworkWatchosArm64 SKIPPED
build	Build with Gradle	2026-01-06T19:07:10.4559718Z > Task :base58:linkDebugFrameworkWatchosX64 SKIPPED
build	Build with Gradle	2026-01-06T19:07:10.4560258Z > Task :base58:linkDebugFrameworkWatchosFat SKIPPED
build	Build with Gradle	2026-01-06T19:07:10.4560858Z > Task :base58:linkDebugFrameworkWatchosSimulatorArm64 SKIPPED
build	Build with Gradle	2026-01-06T19:07:10.4561479Z > Task :base58:linkReleaseFrameworkIosArm64 SKIPPED
build	Build with Gradle	2026-01-06T19:07:10.4562016Z > Task :base58:linkReleaseFrameworkIosX64 SKIPPED
build	Build with Gradle	2026-01-06T19:07:10.4562537Z > Task :base58:linkReleaseFrameworkIosFat SKIPPED
build	Build with Gradle	2026-01-06T19:07:10.4563130Z > Task :base58:linkReleaseFrameworkIosSimulatorArm64 SKIPPED
build	Build with Gradle	2026-01-06T19:07:10.4563742Z > Task :base58:linkReleaseFrameworkMacosArm64 SKIPPED
build	Build with Gradle	2026-01-06T19:07:10.4566043Z > Task :base58:linkReleaseFrameworkMacosX64 SKIPPED
build	Build with Gradle	2026-01-06T19:07:10.4566904Z > Task :base58:linkReleaseFrameworkOsxFat SKIPPED
build	Build with Gradle	2026-01-06T19:07:10.4567462Z > Task :base58:linkReleaseFrameworkWatchosArm64 SKIPPED
build	Build with Gradle	2026-01-06T19:07:10.4568042Z > Task :base58:linkReleaseFrameworkWatchosX64 SKIPPED
build	Build with Gradle	2026-01-06T19:07:10.5459773Z > Task :base58:linkReleaseFrameworkWatchosFat SKIPPED
build	Build with Gradle	2026-01-06T19:07:10.5460916Z > Task :base58:linkReleaseFrameworkWatchosSimulatorArm64 SKIPPED
build	Build with Gradle	2026-01-06T19:07:10.5461859Z > Task :base58:linkDebugTestIosSimulatorArm64 SKIPPED
build	Build with Gradle	2026-01-06T19:07:10.5463194Z > Task :base58:iosSimulatorArm64Test SKIPPED
build	Build with Gradle	2026-01-06T19:07:10.5464140Z > Task :base58:linkDebugTestIosX64 SKIPPED
build	Build with Gradle	2026-01-06T19:07:10.5464764Z > Task :base58:iosX64Test SKIPPED
build	Build with Gradle	2026-01-06T19:07:10.5465351Z > Task :base58:jvmTestProcessResources NO-SOURCE
build	Build with Gradle	2026-01-06T19:07:10.5465794Z > Task :base58:linkDebugTestMacosArm64 SKIPPED
build	Build with Gradle	2026-01-06T19:07:10.5466302Z > Task :base58:macosArm64Test SKIPPED
build	Build with Gradle	2026-01-06T19:07:10.5466668Z > Task :base58:linkDebugTestMacosX64 SKIPPED
build	Build with Gradle	2026-01-06T19:07:10.5467038Z > Task :base58:macosX64Test SKIPPED
build	Build with Gradle	2026-01-06T19:07:10.5467412Z > Task :base58:preDebugUnitTestBuild UP-TO-DATE
build	Build with Gradle	2026-01-06T19:07:10.5467817Z > Task :base58:writeReleaseAarMetadata
build	Build with Gradle	2026-01-06T19:07:10.5468214Z > Task :base58:preReleaseUnitTestBuild UP-TO-DATE
build	Build with Gradle	2026-01-06T19:07:10.5468993Z > Task :base58:javaPreCompileDebugUnitTest
build	Build with Gradle	2026-01-06T19:07:10.5469449Z > Task :base58:linkDebugTestWatchosSimulatorArm64 SKIPPED
build	Build with Gradle	2026-01-06T19:07:10.5469925Z > Task :base58:watchosSimulatorArm64Test SKIPPED
build	Build with Gradle	2026-01-06T19:07:10.5470339Z > Task :base58:linkDebugTestWatchosX64 SKIPPED
build	Build with Gradle	2026-01-06T19:07:10.5470656Z > Task :base58:watchosX64Test SKIPPED
build	Build with Gradle	2026-01-06T19:07:10.5470956Z > Task :base58:preDebugAndroidTestBuild UP-TO-DATE
build	Build with Gradle	2026-01-06T19:07:10.5471276Z > Task :base58:generateDebugAndroidTestResValues
build	Build with Gradle	2026-01-06T19:07:10.5471570Z > Task :base58:writeDebugLintModelMetadata
build	Build with Gradle	2026-01-06T19:07:10.5471833Z > Task :base58:extractProguardFiles
build	Build with Gradle	2026-01-06T19:07:10.5472298Z > Task :mplbubblegum:checkKotlinGradlePluginConfigurationErrors SKIPPED
build	Build with Gradle	2026-01-06T19:07:10.5472988Z > Task :readapi:checkKotlinGradlePluginConfigurationErrors SKIPPED
build	Build with Gradle	2026-01-06T19:07:10.5473597Z > Task :rpc:checkKotlinGradlePluginConfigurationErrors SKIPPED
build	Build with Gradle	2026-01-06T19:07:10.5474300Z > Task :solanapublickeys:checkKotlinGradlePluginConfigurationErrors SKIPPED
build	Build with Gradle	2026-01-06T19:07:10.5475017Z > Task :solanapublickeys:generateProjectStructureMetadata
build	Build with Gradle	2026-01-06T19:07:10.5475610Z > Task :solanapublickeys:metadataCommonMainProcessResources NO-SOURCE
build	Build with Gradle	2026-01-06T19:07:10.5476384Z > Task :rpc:generateProjectStructureMetadata
build	Build with Gradle	2026-01-06T19:07:10.5477228Z > Task :rpc:metadataCommonMainProcessResources NO-SOURCE
build	Build with Gradle	2026-01-06T19:07:10.5477758Z > Task :readapi:generateProjectStructureMetadata
build	Build with Gradle	2026-01-06T19:07:10.5478282Z > Task :readapi:metadataCommonMainProcessResources NO-SOURCE
build	Build with Gradle	2026-01-06T19:07:10.5478943Z > Task :signer:checkKotlinGradlePluginConfigurationErrors SKIPPED
build	Build with Gradle	2026-01-06T19:07:10.5479511Z > Task :base58:javaPreCompileReleaseUnitTest
build	Build with Gradle	2026-01-06T19:07:10.6456579Z > Task :amount:lintAnalyzeDebug
build	Build with Gradle	2026-01-06T19:07:11.0456097Z > Task :amount:lintAnalyzeDebugUnitTest
build	Build with Gradle	2026-01-06T19:07:17.6457592Z > Task :signer:transformCommonMainDependenciesMetadata
build	Build with Gradle	2026-01-06T19:07:17.7490830Z > Task :signer:generateProjectStructureMetadata
build	Build with Gradle	2026-01-06T19:07:17.7491879Z > Task :signer:metadataCommonMainProcessResources NO-SOURCE
build	Build with Gradle	2026-01-06T19:07:17.7498841Z > Task :solana:checkKotlinGradlePluginConfigurationErrors SKIPPED
build	Build with Gradle	2026-01-06T19:07:17.7499596Z > Task :solanaeddsa:checkKotlinGradlePluginConfigurationErrors SKIPPED
build	Build with Gradle	2026-01-06T19:07:17.7500310Z > Task :solanaeddsa:generateProjectStructureMetadata
build	Build with Gradle	2026-01-06T19:07:17.7500974Z > Task :solanaeddsa:metadataCommonMainProcessResources NO-SOURCE
build	Build with Gradle	2026-01-06T19:07:17.7501634Z > Task :solana:generateProjectStructureMetadata
build	Build with Gradle	2026-01-06T19:07:17.7502223Z > Task :solana:metadataCommonMainProcessResources NO-SOURCE
build	Build with Gradle	2026-01-06T19:07:17.7503283Z > Task :mplbubblegum:generateProjectStructureMetadata
build	Build with Gradle	2026-01-06T19:07:17.7504164Z > Task :mplbubblegum:metadataCommonMainProcessResources NO-SOURCE
build	Build with Gradle	2026-01-06T19:07:17.7504935Z > Task :mplbubblegum:preBuild UP-TO-DATE
build	Build with Gradle	2026-01-06T19:07:17.7505799Z > Task :mplbubblegum:preDebugBuild UP-TO-DATE
build	Build with Gradle	2026-01-06T19:07:17.8479971Z > Task :mplbubblegum:mergeDebugJniLibFolders
build	Build with Gradle	2026-01-06T19:07:17.8481643Z > Task :mplbubblegum:mergeDebugNativeLibs NO-SOURCE
build	Build with Gradle	2026-01-06T19:07:17.8482783Z > Task :mplbubblegum:stripDebugDebugSymbols NO-SOURCE
build	Build with Gradle	2026-01-06T19:07:17.8483899Z > Task :mplbubblegum:generateDebugResValues
build	Build with Gradle	2026-01-06T19:07:17.8484923Z > Task :mplbubblegum:generateDebugResources
build	Build with Gradle	2026-01-06T19:07:17.8499000Z > Task :mplbubblegum:packageDebugResources
build	Build with Gradle	2026-01-06T19:07:17.8500023Z > Task :mplbubblegum:copyDebugJniLibsProjectAndLocalJars
build	Build with Gradle	2026-01-06T19:07:17.8500832Z > Task :readapi:preBuild UP-TO-DATE
build	Build with Gradle	2026-01-06T19:07:17.8501704Z > Task :readapi:preDebugBuild UP-TO-DATE
build	Build with Gradle	2026-01-06T19:07:17.8502416Z > Task :readapi:generateDebugResValues
build	Build with Gradle	2026-01-06T19:07:17.8503129Z > Task :readapi:generateDebugResources
build	Build with Gradle	2026-01-06T19:07:17.9458427Z > Task :readapi:packageDebugResources
build	Build with Gradle	2026-01-06T19:07:17.9461323Z > Task :mplbubblegum:parseDebugLocalResources
build	Build with Gradle	2026-01-06T19:07:17.9462337Z > Task :readapi:parseDebugLocalResources
build	Build with Gradle	2026-01-06T19:07:17.9468396Z 
build	Build with Gradle	2026-01-06T19:07:17.9469063Z > Task :amount:lintReportDebug
build	Build with Gradle	2026-01-06T19:07:17.9469937Z Wrote HTML report to file:///home/runner/work/solana-kmp/solana-kmp/kotlin-solana/amount/build/reports/lint-results-debug.html
build	Build with Gradle	2026-01-06T19:07:17.9470710Z 
build	Build with Gradle	2026-01-06T19:07:17.9470855Z > Task :amount:lintDebug
build	Build with Gradle	2026-01-06T19:07:17.9471213Z > Task :amount:lint
build	Build with Gradle	2026-01-06T19:07:17.9471545Z > Task :amount:check
build	Build with Gradle	2026-01-06T19:07:17.9471847Z > Task :amount:build
build	Build with Gradle	2026-01-06T19:07:17.9472204Z > Task :rpc:preBuild UP-TO-DATE
build	Build with Gradle	2026-01-06T19:07:17.9472619Z > Task :rpc:preDebugBuild UP-TO-DATE
build	Build with Gradle	2026-01-06T19:07:17.9473060Z > Task :readapi:generateDebugRFile
build	Build with Gradle	2026-01-06T19:07:17.9473498Z > Task :rpc:generateDebugResValues
build	Build with Gradle	2026-01-06T19:07:17.9473922Z > Task :mplbubblegum:generateDebugRFile
build	Build with Gradle	2026-01-06T19:07:17.9474376Z > Task :rpc:generateDebugResources
build	Build with Gradle	2026-01-06T19:07:18.0479799Z > Task :rpc:packageDebugResources
build	Build with Gradle	2026-01-06T19:07:18.0484459Z > Task :solanapublickeys:preBuild UP-TO-DATE
build	Build with Gradle	2026-01-06T19:07:18.0485559Z > Task :solanapublickeys:preDebugBuild UP-TO-DATE
build	Build with Gradle	2026-01-06T19:07:18.0490048Z > Task :rpc:parseDebugLocalResources
build	Build with Gradle	2026-01-06T19:07:18.0490832Z > Task :solanapublickeys:generateDebugResValues
build	Build with Gradle	2026-01-06T19:07:18.0492205Z > Task :solanapublickeys:generateDebugResources
build	Build with Gradle	2026-01-06T19:07:18.0500087Z > Task :rpc:generateDebugRFile
build	Build with Gradle	2026-01-06T19:07:18.1487352Z > Task :solanapublickeys:packageDebugResources
build	Build with Gradle	2026-01-06T19:07:18.1490268Z > Task :solanapublickeys:parseDebugLocalResources
build	Build with Gradle	2026-01-06T19:07:18.1491021Z > Task :rpc:javaPreCompileDebug
build	Build with Gradle	2026-01-06T19:07:18.1492674Z > Task :solanapublickeys:javaPreCompileDebug
build	Build with Gradle	2026-01-06T19:07:18.1494304Z > Task :signer:compileCommonMainKotlinMetadata
build	Build with Gradle	2026-01-06T19:07:18.1496632Z > Task :signer:metadataCommonMainClasses
build	Build with Gradle	2026-01-06T19:07:18.1498436Z > Task :readapi:javaPreCompileDebug
build	Build with Gradle	2026-01-06T19:07:18.1499385Z > Task :solanapublickeys:generateDebugRFile
build	Build with Gradle	2026-01-06T19:07:18.1501199Z > Task :signer:allMetadataJar
build	Build with Gradle	2026-01-06T19:07:18.1501965Z > Task :signer:preBuild UP-TO-DATE
build	Build with Gradle	2026-01-06T19:07:18.1503710Z > Task :signer:preDebugBuild UP-TO-DATE
build	Build with Gradle	2026-01-06T19:07:18.1504645Z > Task :signer:generateDebugResValues
build	Build with Gradle	2026-01-06T19:07:18.1505334Z > Task :signer:generateDebugResources
build	Build with Gradle	2026-01-06T19:07:18.2457373Z > Task :signer:packageDebugResources
build	Build with Gradle	2026-01-06T19:07:18.2459114Z > Task :solana:preBuild UP-TO-DATE
build	Build with Gradle	2026-01-06T19:07:18.2460622Z > Task :solana:preDebugBuild UP-TO-DATE
build	Build with Gradle	2026-01-06T19:07:18.2462164Z > Task :signer:javaPreCompileDebug
build	Build with Gradle	2026-01-06T19:07:18.2463712Z > Task :signer:parseDebugLocalResources
build	Build with Gradle	2026-01-06T19:07:18.2465234Z > Task :solana:generateDebugResValues
build	Build with Gradle	2026-01-06T19:07:18.2466859Z > Task :signer:generateDebugRFile
build	Build with Gradle	2026-01-06T19:07:18.2486845Z > Task :solana:generateDebugResources
build	Build with Gradle	2026-01-06T19:07:18.3456867Z > Task :solana:packageDebugResources
build	Build with Gradle	2026-01-06T19:07:18.4525145Z > Task :solanaeddsa:preBuild UP-TO-DATE
build	Build with Gradle	2026-01-06T19:07:18.4535366Z > Task :solanaeddsa:preDebugBuild UP-TO-DATE
build	Build with Gradle	2026-01-06T19:07:18.4536460Z > Task :solanaeddsa:generateDebugResValues
build	Build with Gradle	2026-01-06T19:07:18.4536938Z > Task :solana:parseDebugLocalResources
build	Build with Gradle	2026-01-06T19:07:18.4537414Z > Task :solana:generateDebugRFile
build	Build with Gradle	2026-01-06T19:07:18.4537827Z > Task :solanaeddsa:generateDebugResources
build	Build with Gradle	2026-01-06T19:07:18.4538294Z > Task :solanaeddsa:packageDebugResources
build	Build with Gradle	2026-01-06T19:07:18.4538765Z > Task :solanaeddsa:parseDebugLocalResources
build	Build with Gradle	2026-01-06T19:07:18.4539233Z > Task :solanaeddsa:javaPreCompileDebug
build	Build with Gradle	2026-01-06T19:07:18.4539668Z > Task :solanaeddsa:generateDebugRFile
build	Build with Gradle	2026-01-06T19:07:18.4540106Z > Task :solana:javaPreCompileDebug
build	Build with Gradle	2026-01-06T19:07:18.4540554Z > Task :mplbubblegum:extractDeepLinksForAarDebug
build	Build with Gradle	2026-01-06T19:07:18.4541024Z > Task :mplbubblegum:javaPreCompileDebug
build	Build with Gradle	2026-01-06T19:07:18.4541479Z > Task :mplbubblegum:mergeDebugShaders
build	Build with Gradle	2026-01-06T19:07:18.4541984Z > Task :mplbubblegum:compileDebugShaders NO-SOURCE
build	Build with Gradle	2026-01-06T19:07:18.4542532Z > Task :mplbubblegum:debugAssetsCopyForAGP NO-SOURCE
build	Build with Gradle	2026-01-06T19:07:18.4543055Z > Task :mplbubblegum:generateDebugAssets UP-TO-DATE
build	Build with Gradle	2026-01-06T19:07:18.5458472Z > Task :mplbubblegum:packageDebugAssets
build	Build with Gradle	2026-01-06T19:07:18.5459860Z > Task :mplbubblegum:prepareDebugArtProfile
build	Build with Gradle	2026-01-06T19:07:18.5460508Z > Task :mplbubblegum:prepareLintJarForPublish
build	Build with Gradle	2026-01-06T19:07:18.5461011Z > Task :mplbubblegum:preReleaseBuild UP-TO-DATE
build	Build with Gradle	2026-01-06T19:07:18.5461490Z > Task :mplbubblegum:writeDebugAarMetadata
build	Build with Gradle	2026-01-06T19:07:18.5461974Z > Task :mplbubblegum:processDebugManifest
build	Build with Gradle	2026-01-06T19:07:18.5462445Z > Task :mplbubblegum:mergeReleaseJniLibFolders
build	Build with Gradle	2026-01-06T19:07:18.5463035Z > Task :mplbubblegum:mergeReleaseNativeLibs NO-SOURCE
build	Build with Gradle	2026-01-06T19:07:18.5463603Z > Task :mplbubblegum:stripReleaseDebugSymbols NO-SOURCE
build	Build with Gradle	2026-01-06T19:07:18.5464195Z > Task :mplbubblegum:copyReleaseJniLibsProjectAndLocalJars
build	Build with Gradle	2026-01-06T19:07:18.5464752Z > Task :mplbubblegum:generateReleaseResValues
build	Build with Gradle	2026-01-06T19:07:18.5465252Z > Task :mplbubblegum:extractDeepLinksForAarRelease
build	Build with Gradle	2026-01-06T19:07:18.5465774Z > Task :mplbubblegum:generateReleaseResources
build	Build with Gradle	2026-01-06T19:07:18.5473482Z > Task :mplbubblegum:packageReleaseResources
build	Build with Gradle	2026-01-06T19:07:18.5474108Z > Task :readapi:preReleaseBuild UP-TO-DATE
build	Build with Gradle	2026-01-06T19:07:18.5474614Z > Task :readapi:generateReleaseResValues
build	Build with Gradle	2026-01-06T19:07:18.5475099Z > Task :mplbubblegum:parseReleaseLocalResources
build	Build with Gradle	2026-01-06T19:07:18.5475573Z > Task :readapi:generateReleaseResources
build	Build with Gradle	2026-01-06T19:07:18.5476016Z > Task :mplbubblegum:generateReleaseRFile
build	Build with Gradle	2026-01-06T19:07:18.5477053Z > Task :readapi:packageReleaseResources
build	Build with Gradle	2026-01-06T19:07:18.6477656Z > Task :rpc:preReleaseBuild UP-TO-DATE
build	Build with Gradle	2026-01-06T19:07:18.6478248Z > Task :rpc:generateReleaseResValues
build	Build with Gradle	2026-01-06T19:07:18.6478693Z > Task :readapi:parseReleaseLocalResources
build	Build with Gradle	2026-01-06T19:07:18.6479158Z > Task :readapi:generateReleaseRFile
build	Build with Gradle	2026-01-06T19:07:18.6479568Z > Task :rpc:generateReleaseResources
build	Build with Gradle	2026-01-06T19:07:18.6479991Z > Task :rpc:packageReleaseResources
build	Build with Gradle	2026-01-06T19:07:18.6480496Z > Task :solanapublickeys:preReleaseBuild UP-TO-DATE
build	Build with Gradle	2026-01-06T19:07:18.6481013Z > Task :rpc:parseReleaseLocalResources
build	Build with Gradle	2026-01-06T19:07:18.6481483Z > Task :solanapublickeys:generateReleaseResValues
build	Build with Gradle	2026-01-06T19:07:18.6482048Z > Task :rpc:generateReleaseRFile
build	Build with Gradle	2026-01-06T19:07:18.6482554Z > Task :solanapublickeys:generateReleaseResources
build	Build with Gradle	2026-01-06T19:07:18.6483088Z > Task :solanapublickeys:packageReleaseResources
build	Build with Gradle	2026-01-06T19:07:18.6483655Z > Task :solanapublickeys:parseReleaseLocalResources
build	Build with Gradle	2026-01-06T19:07:18.6484242Z > Task :solanapublickeys:javaPreCompileRelease
build	Build with Gradle	2026-01-06T19:07:18.6484762Z > Task :rpc:javaPreCompileRelease
build	Build with Gradle	2026-01-06T19:07:18.7457082Z > Task :signer:preReleaseBuild UP-TO-DATE
build	Build with Gradle	2026-01-06T19:07:18.7457725Z > Task :solanapublickeys:generateReleaseRFile
build	Build with Gradle	2026-01-06T19:07:18.7458222Z > Task :readapi:javaPreCompileRelease
build	Build with Gradle	2026-01-06T19:07:18.7458675Z > Task :signer:generateReleaseResValues
build	Build with Gradle	2026-01-06T19:07:18.7459140Z > Task :signer:generateReleaseResources
build	Build with Gradle	2026-01-06T19:07:18.7459604Z > Task :signer:packageReleaseResources
build	Build with Gradle	2026-01-06T19:07:18.7460062Z > Task :signer:parseReleaseLocalResources
build	Build with Gradle	2026-01-06T19:07:18.7460531Z > Task :signer:javaPreCompileRelease
build	Build with Gradle	2026-01-06T19:07:18.7461014Z > Task :solana:preReleaseBuild UP-TO-DATE
build	Build with Gradle	2026-01-06T19:07:18.7461519Z > Task :solana:generateReleaseResValues
build	Build with Gradle	2026-01-06T19:07:18.7461955Z > Task :signer:generateReleaseRFile
build	Build with Gradle	2026-01-06T19:07:18.7462396Z > Task :solana:generateReleaseResources
build	Build with Gradle	2026-01-06T19:07:18.8456443Z > Task :solana:packageReleaseResources
build	Build with Gradle	2026-01-06T19:07:18.8461347Z > Task :solanaeddsa:preReleaseBuild UP-TO-DATE
build	Build with Gradle	2026-01-06T19:07:18.8477898Z > Task :solanaeddsa:generateReleaseResValues
build	Build with Gradle	2026-01-06T19:07:18.8478773Z > Task :solanaeddsa:generateReleaseResources
build	Build with Gradle	2026-01-06T19:07:18.8479340Z > Task :solanaeddsa:packageReleaseResources
build	Build with Gradle	2026-01-06T19:07:18.8479875Z > Task :solana:parseReleaseLocalResources
build	Build with Gradle	2026-01-06T19:07:18.9456474Z > Task :solanaeddsa:parseReleaseLocalResources
build	Build with Gradle	2026-01-06T19:07:18.9484948Z > Task :solana:generateReleaseRFile
build	Build with Gradle	2026-01-06T19:07:18.9488080Z > Task :solanaeddsa:generateReleaseRFile
build	Build with Gradle	2026-01-06T19:07:18.9488765Z > Task :solanaeddsa:javaPreCompileRelease
build	Build with Gradle	2026-01-06T19:07:18.9490315Z > Task :solana:javaPreCompileRelease
build	Build with Gradle	2026-01-06T19:07:18.9491006Z > Task :mplbubblegum:javaPreCompileRelease
build	Build with Gradle	2026-01-06T19:07:18.9491576Z > Task :mplbubblegum:mergeReleaseShaders
build	Build with Gradle	2026-01-06T19:07:18.9492081Z > Task :mplbubblegum:compileReleaseShaders NO-SOURCE
build	Build with Gradle	2026-01-06T19:07:18.9492624Z > Task :mplbubblegum:generateReleaseAssets UP-TO-DATE
build	Build with Gradle	2026-01-06T19:07:18.9493194Z > Task :mplbubblegum:releaseAssetsCopyForAGP NO-SOURCE
build	Build with Gradle	2026-01-06T19:07:19.0456896Z > Task :mplbubblegum:packageReleaseAssets
build	Build with Gradle	2026-01-06T19:07:19.0457838Z > Task :mplbubblegum:prepareReleaseArtProfile
build	Build with Gradle	2026-01-06T19:07:19.0458483Z > Task :mplbubblegum:writeReleaseAarMetadata
build	Build with Gradle	2026-01-06T19:07:19.0459117Z > Task :mplbubblegum:processReleaseManifest
build	Build with Gradle	2026-01-06T19:07:19.1467996Z > Task :base58:compileReleaseLibraryResources
build	Build with Gradle	2026-01-06T19:07:19.1469009Z > Task :amount:compileReleaseLibraryResources
build	Build with Gradle	2026-01-06T19:07:19.1469764Z > Task :readapi:compileReleaseLibraryResources
build	Build with Gradle	2026-01-06T19:07:19.1470509Z > Task :rpc:compileReleaseLibraryResources
build	Build with Gradle	2026-01-06T19:07:19.1471295Z > Task :signer:compileReleaseLibraryResources
build	Build with Gradle	2026-01-06T19:07:19.2487280Z > Task :solana:compileReleaseLibraryResources
build	Build with Gradle	2026-01-06T19:07:19.2493761Z > Task :solanaeddsa:compileReleaseLibraryResources
build	Build with Gradle	2026-01-06T19:07:19.2494803Z > Task :mplbubblegum:metadataNativeMainProcessResources NO-SOURCE
build	Build with Gradle	2026-01-06T19:07:19.2496401Z > Task :mplbubblegum:metadataAppleMainProcessResources NO-SOURCE
build	Build with Gradle	2026-01-06T19:07:19.2498522Z > Task :mplbubblegum:compileKotlinIosArm64 SKIPPED
build	Build with Gradle	2026-01-06T19:07:19.2499369Z > Task :mplbubblegum:compileKotlinIosSimulatorArm64 SKIPPED
build	Build with Gradle	2026-01-06T19:07:19.2500153Z > Task :mplbubblegum:compileKotlinIosX64 SKIPPED
build	Build with Gradle	2026-01-06T19:07:19.2500848Z > Task :mplbubblegum:compileKotlinMacosArm64 SKIPPED
build	Build with Gradle	2026-01-06T19:07:19.2501565Z > Task :mplbubblegum:compileKotlinMacosX64 SKIPPED
build	Build with Gradle	2026-01-06T19:07:19.2502331Z > Task :mplbubblegum:iosArm64ProcessResources NO-SOURCE
build	Build with Gradle	2026-01-06T19:07:19.2503055Z > Task :mplbubblegum:iosArm64MainKlibrary UP-TO-DATE
build	Build with Gradle	2026-01-06T19:07:19.2503813Z > Task :mplbubblegum:compileTestKotlinIosArm64 SKIPPED
build	Build with Gradle	2026-01-06T19:07:19.2504700Z > Task :mplbubblegum:iosSimulatorArm64ProcessResources NO-SOURCE
build	Build with Gradle	2026-01-06T19:07:19.2505580Z > Task :mplbubblegum:iosSimulatorArm64MainKlibrary UP-TO-DATE
build	Build with Gradle	2026-01-06T19:07:19.2506663Z > Task :mplbubblegum:compileTestKotlinIosSimulatorArm64 SKIPPED
build	Build with Gradle	2026-01-06T19:07:19.2507548Z > Task :mplbubblegum:iosX64ProcessResources NO-SOURCE
build	Build with Gradle	2026-01-06T19:07:19.2508263Z > Task :mplbubblegum:iosX64MainKlibrary UP-TO-DATE
build	Build with Gradle	2026-01-06T19:07:19.2508952Z > Task :mplbubblegum:compileTestKotlinIosX64 SKIPPED
build	Build with Gradle	2026-01-06T19:07:19.2509671Z > Task :mplbubblegum:macosArm64ProcessResources NO-SOURCE
build	Build with Gradle	2026-01-06T19:07:19.2510361Z > Task :mplbubblegum:macosArm64MainKlibrary UP-TO-DATE
build	Build with Gradle	2026-01-06T19:07:19.2511035Z > Task :mplbubblegum:compileTestKotlinMacosArm64 SKIPPED
build	Build with Gradle	2026-01-06T19:07:19.2534410Z > Task :mplbubblegum:macosX64ProcessResources NO-SOURCE
build	Build with Gradle	2026-01-06T19:07:19.2535644Z > Task :mplbubblegum:macosX64MainKlibrary UP-TO-DATE
build	Build with Gradle	2026-01-06T19:07:19.2536599Z > Task :mplbubblegum:compileTestKotlinMacosX64 SKIPPED
build	Build with Gradle	2026-01-06T19:07:19.2537359Z > Task :mplbubblegum:metadataIosMainProcessResources NO-SOURCE
build	Build with Gradle	2026-01-06T19:07:19.2538155Z > Task :mplbubblegum:metadataMacosMainProcessResources NO-SOURCE
build	Build with Gradle	2026-01-06T19:07:19.2538998Z > Task :solanapublickeys:jvmProcessResources NO-SOURCE
build	Build with Gradle	2026-01-06T19:07:19.2539766Z > Task :rpc:jvmProcessResources NO-SOURCE
build	Build with Gradle	2026-01-06T19:07:19.3456868Z > Task :readapi:jvmProcessResources NO-SOURCE
build	Build with Gradle	2026-01-06T19:07:19.5459491Z > Task :solanapublickeys:compileReleaseLibraryResources
build	Build with Gradle	2026-01-06T19:07:19.5460711Z > Task :signer:jvmProcessResources NO-SOURCE
build	Build with Gradle	2026-01-06T19:07:19.5461399Z > Task :solanaeddsa:jvmProcessResources NO-SOURCE
build	Build with Gradle	2026-01-06T19:07:19.5462081Z > Task :solana:jvmProcessResources NO-SOURCE
build	Build with Gradle	2026-01-06T19:07:19.5462772Z > Task :mplbubblegum:jvmProcessResources NO-SOURCE
build	Build with Gradle	2026-01-06T19:07:19.5463455Z > Task :solana:compileKotlinIosArm64 SKIPPED
build	Build with Gradle	2026-01-06T19:07:19.5464110Z > Task :mplbubblegum:linkDebugFrameworkIosArm64 SKIPPED
build	Build with Gradle	2026-01-06T19:07:19.5465153Z > Task :solana:compileKotlinIosX64 SKIPPED
build	Build with Gradle	2026-01-06T19:07:19.5465886Z > Task :mplbubblegum:linkDebugFrameworkIosX64 SKIPPED
build	Build with Gradle	2026-01-06T19:07:19.5466970Z > Task :mplbubblegum:linkDebugFrameworkIosFat SKIPPED
build	Build with Gradle	2026-01-06T19:07:19.5467785Z > Task :solana:compileKotlinIosSimulatorArm64 SKIPPED
build	Build with Gradle	2026-01-06T19:07:19.5468643Z > Task :mplbubblegum:linkDebugFrameworkIosSimulatorArm64 SKIPPED
build	Build with Gradle	2026-01-06T19:07:19.5469536Z > Task :solana:compileKotlinMacosArm64 SKIPPED
build	Build with Gradle	2026-01-06T19:07:19.5471518Z > Task :mplbubblegum:linkDebugFrameworkMacosArm64 SKIPPED
build	Build with Gradle	2026-01-06T19:07:19.5472806Z > Task :solana:compileKotlinMacosX64 SKIPPED
build	Build with Gradle	2026-01-06T19:07:19.5474041Z > Task :mplbubblegum:linkDebugFrameworkMacosX64 SKIPPED
build	Build with Gradle	2026-01-06T19:07:19.5475297Z > Task :mplbubblegum:linkDebugFrameworkOsxFat SKIPPED
build	Build with Gradle	2026-01-06T19:07:19.5476748Z > Task :mplbubblegum:linkReleaseFrameworkIosArm64 SKIPPED
build	Build with Gradle	2026-01-06T19:07:19.5478046Z > Task :mplbubblegum:linkReleaseFrameworkIosX64 SKIPPED
build	Build with Gradle	2026-01-06T19:07:19.5478766Z > Task :mplbubblegum:linkReleaseFrameworkIosFat SKIPPED
build	Build with Gradle	2026-01-06T19:07:19.5479501Z > Task :mplbubblegum:linkReleaseFrameworkIosSimulatorArm64 SKIPPED
build	Build with Gradle	2026-01-06T19:07:19.5493150Z > Task :mplbubblegum:linkReleaseFrameworkMacosArm64 SKIPPED
build	Build with Gradle	2026-01-06T19:07:19.5497427Z > Task :mplbubblegum:linkReleaseFrameworkMacosX64 SKIPPED
build	Build with Gradle	2026-01-06T19:07:19.5501779Z > Task :mplbubblegum:linkReleaseFrameworkOsxFat SKIPPED
build	Build with Gradle	2026-01-06T19:07:19.5505606Z > Task :mplbubblegum:linkDebugTestIosSimulatorArm64 SKIPPED
build	Build with Gradle	2026-01-06T19:07:19.5509168Z > Task :mplbubblegum:iosSimulatorArm64Test SKIPPED
build	Build with Gradle	2026-01-06T19:07:19.5512362Z > Task :mplbubblegum:linkDebugTestIosX64 SKIPPED
build	Build with Gradle	2026-01-06T19:07:19.5514395Z > Task :mplbubblegum:iosX64Test SKIPPED
build	Build with Gradle	2026-01-06T19:07:19.5516259Z > Task :mplbubblegum:jvmTestProcessResources NO-SOURCE
build	Build with Gradle	2026-01-06T19:07:19.5518128Z > Task :mplbubblegum:linkDebugTestMacosArm64 SKIPPED
build	Build with Gradle	2026-01-06T19:07:19.5521397Z > Task :mplbubblegum:macosArm64Test SKIPPED
build	Build with Gradle	2026-01-06T19:07:19.5523537Z > Task :mplbubblegum:linkDebugTestMacosX64 SKIPPED
build	Build with Gradle	2026-01-06T19:07:19.5525355Z > Task :mplbubblegum:macosX64Test SKIPPED
build	Build with Gradle	2026-01-06T19:07:19.5526343Z > Task :mplbubblegum:preDebugUnitTestBuild UP-TO-DATE
build	Build with Gradle	2026-01-06T19:07:19.6494350Z > Task :signer:compileDebugKotlinAndroid
build	Build with Gradle	2026-01-06T19:07:19.6547626Z > Task :signer:compileDebugJavaWithJavac NO-SOURCE
build	Build with Gradle	2026-01-06T19:07:19.6548568Z > Task :signer:bundleLibCompileToJarDebug
build	Build with Gradle	2026-01-06T19:07:19.6549125Z > Task :mplbubblegum:javaPreCompileDebugUnitTest
build	Build with Gradle	2026-01-06T19:07:19.7456327Z > Task :signer:processDebugJavaRes
build	Build with Gradle	2026-01-06T19:07:19.7461047Z > Task :mplbubblegum:preReleaseUnitTestBuild UP-TO-DATE
build	Build with Gradle	2026-01-06T19:07:19.7462079Z > Task :signer:bundleLibRuntimeToJarDebug
build	Build with Gradle	2026-01-06T19:07:19.7462638Z > Task :amount:generateDebugLintModel
build	Build with Gradle	2026-01-06T19:07:19.7463185Z > Task :signer:compileReleaseKotlinAndroid
build	Build with Gradle	2026-01-06T19:07:19.7463775Z > Task :mplbubblegum:javaPreCompileReleaseUnitTest
build	Build with Gradle	2026-01-06T19:07:19.7464394Z > Task :solana:mergeDebugJniLibFolders
build	Build with Gradle	2026-01-06T19:07:19.7464962Z > Task :signer:compileReleaseJavaWithJavac NO-SOURCE
build	Build with Gradle	2026-01-06T19:07:19.7465591Z > Task :signer:bundleLibCompileToJarRelease
build	Build with Gradle	2026-01-06T19:07:19.8456785Z > Task :signer:bundleLibRuntimeToJarRelease
build	Build with Gradle	2026-01-06T19:07:19.8461541Z > Task :signer:processReleaseJavaRes
build	Build with Gradle	2026-01-06T19:07:19.8462485Z > Task :solana:mergeDebugNativeLibs NO-SOURCE
build	Build with Gradle	2026-01-06T19:07:19.8463112Z > Task :solana:stripDebugDebugSymbols NO-SOURCE
build	Build with Gradle	2026-01-06T19:07:19.8471509Z > Task :solana:extractDeepLinksForAarDebug
build	Build with Gradle	2026-01-06T19:07:19.8472160Z > Task :solana:copyDebugJniLibsProjectAndLocalJars
build	Build with Gradle	2026-01-06T19:07:19.8472722Z > Task :solana:mergeDebugShaders
build	Build with Gradle	2026-01-06T19:07:19.8473202Z > Task :solana:compileDebugShaders NO-SOURCE
build	Build with Gradle	2026-01-06T19:07:19.8473889Z > Task :kotlin-crypto-pure:crypto-core:generateProjectStructureMetadata
build	Build with Gradle	2026-01-06T19:07:19.8474575Z > Task :solana:debugAssetsCopyForAGP NO-SOURCE
build	Build with Gradle	2026-01-06T19:07:19.8475134Z > Task :solana:generateDebugAssets UP-TO-DATE
build	Build with Gradle	2026-01-06T19:07:19.9518612Z > Task :kotlin-crypto-pure:crypto-core:metadataCommonMainProcessResources NO-SOURCE
build	Build with Gradle	2026-01-06T19:07:19.9523190Z > Task :kotlin-crypto-pure:crypto-core:preBuild UP-TO-DATE
build	Build with Gradle	2026-01-06T19:07:19.9524140Z > Task :kotlin-crypto-pure:crypto-core:preDebugBuild UP-TO-DATE
build	Build with Gradle	2026-01-06T19:07:19.9524901Z > Task :solana:packageDebugAssets
build	Build with Gradle	2026-01-06T19:07:19.9525490Z > Task :solana:prepareDebugArtProfile
build	Build with Gradle	2026-01-06T19:07:19.9526509Z > Task :kotlin-crypto-pure:crypto-core:generateDebugResValues
build	Build with Gradle	2026-01-06T19:07:19.9527312Z > Task :solana:prepareLintJarForPublish
build	Build with Gradle	2026-01-06T19:07:19.9527887Z > Task :solana:processDebugManifest
build	Build with Gradle	2026-01-06T19:07:19.9528537Z > Task :kotlin-crypto-pure:crypto-core:generateDebugResources
build	Build with Gradle	2026-01-06T19:07:19.9529947Z > Task :readapi:mergeDebugJniLibFolders
build	Build with Gradle	2026-01-06T19:07:20.0457657Z > Task :readapi:mergeDebugNativeLibs NO-SOURCE
build	Build with Gradle	2026-01-06T19:07:20.0458726Z > Task :readapi:stripDebugDebugSymbols NO-SOURCE
build	Build with Gradle	2026-01-06T19:07:20.0459463Z > Task :solana:writeDebugAarMetadata
build	Build with Gradle	2026-01-06T19:07:20.0460090Z > Task :readapi:extractDeepLinksForAarDebug
build	Build with Gradle	2026-01-06T19:07:20.0460839Z > Task :readapi:copyDebugJniLibsProjectAndLocalJars
build	Build with Gradle	2026-01-06T19:07:20.0461554Z > Task :readapi:mergeDebugShaders
build	Build with Gradle	2026-01-06T19:07:20.0462213Z > Task :readapi:compileDebugShaders NO-SOURCE
build	Build with Gradle	2026-01-06T19:07:20.0462943Z > Task :readapi:debugAssetsCopyForAGP NO-SOURCE
build	Build with Gradle	2026-01-06T19:07:20.0463653Z > Task :readapi:generateDebugAssets UP-TO-DATE
build	Build with Gradle	2026-01-06T19:07:20.0464668Z > Task :readapi:packageDebugAssets
build	Build with Gradle	2026-01-06T19:07:20.1457375Z > Task :readapi:prepareDebugArtProfile
build	Build with Gradle	2026-01-06T19:07:20.1458270Z > Task :kotlin-crypto-pure:crypto-core:packageDebugResources
build	Build with Gradle	2026-01-06T19:07:20.1459634Z > Task :readapi:processDebugManifest
build	Build with Gradle	2026-01-06T19:07:20.1460312Z > Task :readapi:prepareLintJarForPublish
build	Build with Gradle	2026-01-06T19:07:20.1460953Z > Task :rpc:mergeDebugJniLibFolders
build	Build with Gradle	2026-01-06T19:07:20.1461759Z > Task :rpc:mergeDebugNativeLibs NO-SOURCE
build	Build with Gradle	2026-01-06T19:07:20.1463292Z > Task :rpc:stripDebugDebugSymbols NO-SOURCE
build	Build with Gradle	2026-01-06T19:07:20.1464183Z > Task :readapi:writeDebugAarMetadata
build	Build with Gradle	2026-01-06T19:07:20.2456016Z > Task :signer:compileKotlinJvm
build	Build with Gradle	2026-01-06T19:07:20.2457123Z > Task :rpc:copyDebugJniLibsProjectAndLocalJars
build	Build with Gradle	2026-01-06T19:07:20.9464124Z > Task :rpc:extractDeepLinksForAarDebug
build	Build with Gradle	2026-01-06T19:07:20.9468347Z > Task :signer:jvmMainClasses
build	Build with Gradle	2026-01-06T19:07:20.9472025Z > Task :signer:jvmJar
build	Build with Gradle	2026-01-06T19:07:21.0507611Z > Task :rpc:mergeDebugShaders
build	Build with Gradle	2026-01-06T19:07:21.0508714Z > Task :rpc:compileDebugShaders NO-SOURCE
build	Build with Gradle	2026-01-06T19:07:21.0530561Z > Task :rpc:debugAssetsCopyForAGP NO-SOURCE
build	Build with Gradle	2026-01-06T19:07:21.0534705Z > Task :rpc:generateDebugAssets UP-TO-DATE
build	Build with Gradle	2026-01-06T19:07:21.0535537Z > Task :rpc:packageDebugAssets
build	Build with Gradle	2026-01-06T19:07:21.0537003Z > Task :rpc:prepareDebugArtProfile
build	Build with Gradle	2026-01-06T19:07:21.0537472Z > Task :rpc:prepareLintJarForPublish
build	Build with Gradle	2026-01-06T19:07:21.0537911Z > Task :rpc:writeDebugAarMetadata
build	Build with Gradle	2026-01-06T19:07:21.0538332Z > Task :solanaeddsa:mergeDebugJniLibFolders
build	Build with Gradle	2026-01-06T19:07:21.0538785Z > Task :rpc:processDebugManifest
build	Build with Gradle	2026-01-06T19:07:21.0539227Z > Task :solanaeddsa:mergeDebugNativeLibs NO-SOURCE
build	Build with Gradle	2026-01-06T19:07:21.0539786Z > Task :solanaeddsa:stripDebugDebugSymbols NO-SOURCE
build	Build with Gradle	2026-01-06T19:07:21.1487359Z > Task :solanaeddsa:extractDeepLinksForAarDebug
build	Build with Gradle	2026-01-06T19:07:21.1488061Z > Task :solanaeddsa:copyDebugJniLibsProjectAndLocalJars
build	Build with Gradle	2026-01-06T19:07:21.1488613Z > Task :solanaeddsa:mergeDebugShaders
build	Build with Gradle	2026-01-06T19:07:21.1489107Z > Task :solanaeddsa:compileDebugShaders NO-SOURCE
build	Build with Gradle	2026-01-06T19:07:21.1489634Z > Task :solanaeddsa:debugAssetsCopyForAGP NO-SOURCE
build	Build with Gradle	2026-01-06T19:07:21.1490152Z > Task :solanaeddsa:generateDebugAssets UP-TO-DATE
build	Build with Gradle	2026-01-06T19:07:21.1490635Z > Task :solanaeddsa:packageDebugAssets
build	Build with Gradle	2026-01-06T19:07:21.1491085Z > Task :solanaeddsa:prepareDebugArtProfile
build	Build with Gradle	2026-01-06T19:07:21.1491561Z > Task :solanaeddsa:prepareLintJarForPublish
build	Build with Gradle	2026-01-06T19:07:21.1492026Z > Task :solanaeddsa:writeDebugAarMetadata
build	Build with Gradle	2026-01-06T19:07:21.1492521Z > Task :solanapublickeys:mergeDebugJniLibFolders
build	Build with Gradle	2026-01-06T19:07:21.1492986Z > Task :solanaeddsa:processDebugManifest
build	Build with Gradle	2026-01-06T19:07:21.1493823Z > Task :solanapublickeys:mergeDebugNativeLibs NO-SOURCE
build	Build with Gradle	2026-01-06T19:07:21.1494409Z > Task :solanapublickeys:stripDebugDebugSymbols NO-SOURCE
build	Build with Gradle	2026-01-06T19:07:21.1495005Z > Task :solanapublickeys:copyDebugJniLibsProjectAndLocalJars
build	Build with Gradle	2026-01-06T19:07:21.1495593Z > Task :solanapublickeys:extractDeepLinksForAarDebug
build	Build with Gradle	2026-01-06T19:07:21.2456534Z > Task :solanapublickeys:mergeDebugShaders
build	Build with Gradle	2026-01-06T19:07:21.2482097Z > Task :solanapublickeys:compileDebugShaders NO-SOURCE
build	Build with Gradle	2026-01-06T19:07:21.2488742Z > Task :solanapublickeys:debugAssetsCopyForAGP NO-SOURCE
build	Build with Gradle	2026-01-06T19:07:21.2489348Z > Task :solanapublickeys:generateDebugAssets UP-TO-DATE
build	Build with Gradle	2026-01-06T19:07:21.2489857Z > Task :solanapublickeys:packageDebugAssets
build	Build with Gradle	2026-01-06T19:07:21.2490334Z > Task :solanapublickeys:prepareDebugArtProfile
build	Build with Gradle	2026-01-06T19:07:21.2490811Z > Task :solanapublickeys:prepareLintJarForPublish
build	Build with Gradle	2026-01-06T19:07:21.2491292Z > Task :solanapublickeys:writeDebugAarMetadata
build	Build with Gradle	2026-01-06T19:07:21.2491752Z > Task :solanapublickeys:processDebugManifest
build	Build with Gradle	2026-01-06T19:07:21.2492231Z > Task :signer:mergeDebugJniLibFolders
build	Build with Gradle	2026-01-06T19:07:21.2492638Z > Task :signer:mergeDebugNativeLibs NO-SOURCE
build	Build with Gradle	2026-01-06T19:07:21.2493090Z > Task :signer:stripDebugDebugSymbols NO-SOURCE
build	Build with Gradle	2026-01-06T19:07:21.2493559Z > Task :signer:copyDebugJniLibsProjectAndLocalJars
build	Build with Gradle	2026-01-06T19:07:21.3489954Z > Task :signer:extractDebugAnnotations
build	Build with Gradle	2026-01-06T19:07:21.3494505Z > Task :signer:extractDeepLinksForAarDebug
build	Build with Gradle	2026-01-06T19:07:21.3499013Z > Task :signer:mergeDebugGeneratedProguardFiles
build	Build with Gradle	2026-01-06T19:07:21.3499916Z > Task :signer:mergeDebugConsumerProguardFiles
build	Build with Gradle	2026-01-06T19:07:21.3504302Z > Task :signer:mergeDebugShaders
build	Build with Gradle	2026-01-06T19:07:21.3505134Z > Task :signer:compileDebugShaders NO-SOURCE
build	Build with Gradle	2026-01-06T19:07:21.3509746Z > Task :signer:debugAssetsCopyForAGP NO-SOURCE
build	Build with Gradle	2026-01-06T19:07:21.3510776Z > Task :signer:generateDebugAssets UP-TO-DATE
build	Build with Gradle	2026-01-06T19:07:21.3511409Z > Task :signer:packageDebugAssets
build	Build with Gradle	2026-01-06T19:07:21.3547442Z > Task :signer:prepareDebugArtProfile
build	Build with Gradle	2026-01-06T19:07:21.3576902Z > Task :signer:prepareLintJarForPublish
build	Build with Gradle	2026-01-06T19:07:21.3578052Z > Task :signer:processDebugManifest
build	Build with Gradle	2026-01-06T19:07:21.3578677Z > Task :signer:writeDebugAarMetadata
build	Build with Gradle	2026-01-06T19:07:21.3579212Z > Task :mplbubblegum:preDebugAndroidTestBuild UP-TO-DATE
build	Build with Gradle	2026-01-06T19:07:21.3579745Z > Task :signer:mergeDebugJavaResource
build	Build with Gradle	2026-01-06T19:07:21.3580282Z > Task :mplbubblegum:generateDebugAndroidTestResValues
build	Build with Gradle	2026-01-06T19:07:21.3580738Z > Task :signer:syncDebugLibJars
build	Build with Gradle	2026-01-06T19:07:21.4490808Z > Task :signer:bundleDebugLocalLintAar
build	Build with Gradle	2026-01-06T19:07:21.4517077Z > Task :mplbubblegum:writeDebugLintModelMetadata
build	Build with Gradle	2026-01-06T19:07:21.4517867Z > Task :readapi:writeDebugLintModelMetadata
build	Build with Gradle	2026-01-06T19:07:21.4518556Z > Task :rpc:writeDebugLintModelMetadata
build	Build with Gradle	2026-01-06T19:07:21.4519157Z > Task :signer:createFullJarDebug
build	Build with Gradle	2026-01-06T19:07:21.4519600Z > Task :signer:writeDebugLintModelMetadata
build	Build with Gradle	2026-01-06T19:07:21.4520046Z > Task :solana:writeDebugLintModelMetadata
build	Build with Gradle	2026-01-06T19:07:21.4520506Z > Task :solanaeddsa:writeDebugLintModelMetadata
build	Build with Gradle	2026-01-06T19:07:21.4521036Z > Task :solanapublickeys:writeDebugLintModelMetadata
build	Build with Gradle	2026-01-06T19:07:21.4521524Z > Task :mplbubblegum:extractProguardFiles
build	Build with Gradle	2026-01-06T19:07:21.5456363Z > Task :readapi:extractProguardFiles
build	Build with Gradle	2026-01-06T19:07:21.5460702Z > Task :rpc:extractProguardFiles
build	Build with Gradle	2026-01-06T19:07:21.5461484Z > Task :solanapublickeys:extractProguardFiles
build	Build with Gradle	2026-01-06T19:07:21.5466524Z > Task :signer:extractProguardFiles
build	Build with Gradle	2026-01-06T19:07:21.6497756Z > Task :signer:generateDebugLintModel
build	Build with Gradle	2026-01-06T19:07:21.6527246Z > Task :solana:extractProguardFiles
build	Build with Gradle	2026-01-06T19:07:21.6528150Z > Task :solanaeddsa:extractProguardFiles
build	Build with Gradle	2026-01-06T19:07:21.6529034Z > Task :readapi:preDebugAndroidTestBuild UP-TO-DATE
build	Build with Gradle	2026-01-06T19:07:21.6529797Z > Task :readapi:generateDebugAndroidTestResValues
build	Build with Gradle	2026-01-06T19:07:21.6530514Z > Task :readapi:preDebugUnitTestBuild UP-TO-DATE
build	Build with Gradle	2026-01-06T19:07:21.6531207Z > Task :rpc:preDebugAndroidTestBuild UP-TO-DATE
build	Build with Gradle	2026-01-06T19:07:21.6531902Z > Task :rpc:generateDebugAndroidTestResValues
build	Build with Gradle	2026-01-06T19:07:21.6533149Z > Task :rpc:preDebugUnitTestBuild UP-TO-DATE
build	Build with Gradle	2026-01-06T19:07:21.6533849Z > Task :signer:preDebugAndroidTestBuild UP-TO-DATE
build	Build with Gradle	2026-01-06T19:07:21.6534563Z > Task :signer:generateDebugAndroidTestResValues
build	Build with Gradle	2026-01-06T19:07:21.7457147Z > Task :signer:generateDebugAndroidTestLintModel
build	Build with Gradle	2026-01-06T19:07:21.7485611Z > Task :signer:preDebugUnitTestBuild UP-TO-DATE
build	Build with Gradle	2026-01-06T19:07:21.7486688Z > Task :signer:generateDebugUnitTestLintModel
build	Build with Gradle	2026-01-06T19:07:22.0457711Z > Task :kotlin-crypto-pure:crypto-core:javaPreCompileDebug
build	Build with Gradle	2026-01-06T19:07:22.0461811Z > Task :kotlin-crypto-pure:crypto-core:parseDebugLocalResources
build	Build with Gradle	2026-01-06T19:07:22.0465581Z > Task :solana:preDebugAndroidTestBuild UP-TO-DATE
build	Build with Gradle	2026-01-06T19:07:22.0469396Z > Task :solana:generateDebugAndroidTestResValues
build	Build with Gradle	2026-01-06T19:07:22.0473012Z > Task :solana:preDebugUnitTestBuild UP-TO-DATE
build	Build with Gradle	2026-01-06T19:07:22.0477279Z > Task :solanaeddsa:preDebugAndroidTestBuild UP-TO-DATE
build	Build with Gradle	2026-01-06T19:07:22.0478118Z > Task :solanaeddsa:generateDebugAndroidTestResValues
build	Build with Gradle	2026-01-06T19:07:22.0481923Z > Task :solanaeddsa:preDebugUnitTestBuild UP-TO-DATE
build	Build with Gradle	2026-01-06T19:07:22.0482790Z > Task :solanapublickeys:preDebugAndroidTestBuild UP-TO-DATE
build	Build with Gradle	2026-01-06T19:07:22.0483711Z > Task :solanapublickeys:generateDebugAndroidTestResValues
build	Build with Gradle	2026-01-06T19:07:22.0484348Z > Task :solanapublickeys:preDebugUnitTestBuild UP-TO-DATE
build	Build with Gradle	2026-01-06T19:07:22.0485536Z > Task :mpltokenmetadata:checkKotlinGradlePluginConfigurationErrors SKIPPED
build	Build with Gradle	2026-01-06T19:07:22.1457360Z > Task :mpltokenmetadata:generateProjectStructureMetadata
build	Build with Gradle	2026-01-06T19:07:22.1465744Z > Task :mpltokenmetadata:metadataCommonMainProcessResources NO-SOURCE
build	Build with Gradle	2026-01-06T19:07:22.1466670Z > Task :mpltokenmetadata:preBuild UP-TO-DATE
build	Build with Gradle	2026-01-06T19:07:22.1467179Z > Task :mpltokenmetadata:preDebugBuild UP-TO-DATE
build	Build with Gradle	2026-01-06T19:07:23.5456982Z > Task :mpltokenmetadata:mergeDebugJniLibFolders
build	Build with Gradle	2026-01-06T19:07:23.5458105Z > Task :mpltokenmetadata:mergeDebugNativeLibs NO-SOURCE
build	Build with Gradle	2026-01-06T19:07:23.5459064Z > Task :mpltokenmetadata:stripDebugDebugSymbols NO-SOURCE
build	Build with Gradle	2026-01-06T19:07:23.5459957Z > Task :signer:lintAnalyzeDebugAndroidTest
build	Build with Gradle	2026-01-06T19:07:23.5460664Z > Task :mpltokenmetadata:generateDebugResValues
build	Build with Gradle	2026-01-06T19:07:23.5461396Z > Task :mpltokenmetadata:generateDebugResources
build	Build with Gradle	2026-01-06T19:07:23.5462121Z > Task :mpltokenmetadata:packageDebugResources
build	Build with Gradle	2026-01-06T19:07:23.6468297Z > Task :mpltokenmetadata:copyDebugJniLibsProjectAndLocalJars
build	Build with Gradle	2026-01-06T19:07:23.6473863Z > Task :mpltokenmetadata:extractDeepLinksForAarDebug
build	Build with Gradle	2026-01-06T19:07:23.6474765Z > Task :mpltokenmetadata:parseDebugLocalResources
build	Build with Gradle	2026-01-06T19:07:23.6475603Z > Task :mpltokenmetadata:javaPreCompileDebug
build	Build with Gradle	2026-01-06T19:07:23.6479421Z > Task :mpltokenmetadata:mergeDebugShaders
build	Build with Gradle	2026-01-06T19:07:23.6481005Z > Task :mpltokenmetadata:compileDebugShaders NO-SOURCE
build	Build with Gradle	2026-01-06T19:07:23.6481735Z > Task :mpltokenmetadata:debugAssetsCopyForAGP NO-SOURCE
build	Build with Gradle	2026-01-06T19:07:23.6483387Z > Task :mpltokenmetadata:generateDebugAssets UP-TO-DATE
build	Build with Gradle	2026-01-06T19:07:23.7481402Z > Task :mpltokenmetadata:generateDebugRFile
build	Build with Gradle	2026-01-06T19:07:23.8456933Z > Task :mpltokenmetadata:packageDebugAssets
build	Build with Gradle	2026-01-06T19:07:23.8458003Z > Task :mpltokenmetadata:prepareDebugArtProfile
build	Build with Gradle	2026-01-06T19:07:23.8458826Z > Task :kotlin-crypto-pure:crypto-core:generateDebugRFile
build	Build with Gradle	2026-01-06T19:07:23.8459591Z > Task :signer:lintAnalyzeDebugUnitTest
build	Build with Gradle	2026-01-06T19:07:23.9489297Z > Task :mpltokenmetadata:prepareLintJarForPublish
build	Build with Gradle	2026-01-06T19:07:24.1456570Z > Task :signer:lintAnalyzeDebug
build	Build with Gradle	2026-01-06T19:07:26.7456468Z > Task :base58:generateDebugUnitTestStubRFile
build	Build with Gradle	2026-01-06T19:07:28.4497734Z > Task :mpltokenmetadata:processDebugManifest
build	Build with Gradle	2026-01-06T19:07:28.4504816Z > Task :mpltokenmetadata:preReleaseBuild UP-TO-DATE
build	Build with Gradle	2026-01-06T19:07:28.4505453Z > Task :mpltokenmetadata:mergeReleaseJniLibFolders
build	Build with Gradle	2026-01-06T19:07:28.4506030Z > Task :mpltokenmetadata:mergeReleaseNativeLibs NO-SOURCE
build	Build with Gradle	2026-01-06T19:07:28.4506828Z > Task :mpltokenmetadata:stripReleaseDebugSymbols NO-SOURCE
build	Build with Gradle	2026-01-06T19:07:28.5457631Z > Task :mplbubblegum:generateDebugUnitTestStubRFile
build	Build with Gradle	2026-01-06T19:07:28.5567498Z > Task :mpltokenmetadata:generateReleaseResValues
build	Build with Gradle	2026-01-06T19:07:28.5568228Z > Task :mpltokenmetadata:extractDeepLinksForAarRelease
build	Build with Gradle	2026-01-06T19:07:28.5568815Z > Task :mpltokenmetadata:generateReleaseResources
build	Build with Gradle	2026-01-06T19:07:28.5569354Z > Task :mpltokenmetadata:packageReleaseResources
build	Build with Gradle	2026-01-06T19:07:28.6478499Z > Task :mpltokenmetadata:parseReleaseLocalResources
build	Build with Gradle	2026-01-06T19:07:29.1457207Z > Task :mpltokenmetadata:writeDebugAarMetadata
build	Build with Gradle	2026-01-06T19:07:29.1461218Z > Task :mpltokenmetadata:generateReleaseRFile
build	Build with Gradle	2026-01-06T19:07:29.1464903Z > Task :mpltokenmetadata:mergeReleaseShaders
build	Build with Gradle	2026-01-06T19:07:29.1468802Z > Task :mpltokenmetadata:compileReleaseShaders NO-SOURCE
build	Build with Gradle	2026-01-06T19:07:29.1472621Z > Task :mpltokenmetadata:generateReleaseAssets UP-TO-DATE
build	Build with Gradle	2026-01-06T19:07:29.1476567Z > Task :mpltokenmetadata:releaseAssetsCopyForAGP NO-SOURCE
build	Build with Gradle	2026-01-06T19:07:29.1480330Z > Task :mpltokenmetadata:javaPreCompileRelease
build	Build with Gradle	2026-01-06T19:07:29.1484147Z > Task :mpltokenmetadata:packageReleaseAssets
build	Build with Gradle	2026-01-06T19:07:29.1488652Z > Task :mpltokenmetadata:prepareReleaseArtProfile
build	Build with Gradle	2026-01-06T19:07:29.2507889Z > Task :mpltokenmetadata:copyReleaseJniLibsProjectAndLocalJars
build	Build with Gradle	2026-01-06T19:07:29.2509637Z > Task :mpltokenmetadata:metadataNativeMainProcessResources NO-SOURCE
build	Build with Gradle	2026-01-06T19:07:29.2511158Z > Task :mpltokenmetadata:metadataAppleMainProcessResources NO-SOURCE
build	Build with Gradle	2026-01-06T19:07:29.2512200Z > Task :mpltokenmetadata:compileKotlinIosArm64 SKIPPED
build	Build with Gradle	2026-01-06T19:07:29.2513078Z > Task :mpltokenmetadata:compileKotlinIosSimulatorArm64 SKIPPED
build	Build with Gradle	2026-01-06T19:07:29.2513898Z > Task :mpltokenmetadata:compileKotlinIosX64 SKIPPED
build	Build with Gradle	2026-01-06T19:07:29.2514722Z > Task :mpltokenmetadata:compileKotlinMacosArm64 SKIPPED
build	Build with Gradle	2026-01-06T19:07:29.2515604Z > Task :mpltokenmetadata:compileKotlinMacosX64 SKIPPED
build	Build with Gradle	2026-01-06T19:07:29.2516806Z > Task :mpltokenmetadata:iosArm64ProcessResources NO-SOURCE
build	Build with Gradle	2026-01-06T19:07:29.2517770Z > Task :mpltokenmetadata:iosArm64MainKlibrary UP-TO-DATE
build	Build with Gradle	2026-01-06T19:07:29.2518831Z > Task :mpltokenmetadata:compileTestKotlinIosArm64 SKIPPED
build	Build with Gradle	2026-01-06T19:07:29.2519806Z > Task :mpltokenmetadata:iosSimulatorArm64ProcessResources NO-SOURCE
build	Build with Gradle	2026-01-06T19:07:29.2520863Z > Task :mpltokenmetadata:iosSimulatorArm64MainKlibrary UP-TO-DATE
build	Build with Gradle	2026-01-06T19:07:29.2521893Z > Task :mpltokenmetadata:compileTestKotlinIosSimulatorArm64 SKIPPED
build	Build with Gradle	2026-01-06T19:07:29.2522840Z > Task :mpltokenmetadata:iosX64ProcessResources NO-SOURCE
build	Build with Gradle	2026-01-06T19:07:29.2523646Z > Task :mpltokenmetadata:iosX64MainKlibrary UP-TO-DATE
build	Build with Gradle	2026-01-06T19:07:29.2524430Z > Task :mpltokenmetadata:compileTestKotlinIosX64 SKIPPED
build	Build with Gradle	2026-01-06T19:07:29.2525308Z > Task :mpltokenmetadata:macosArm64ProcessResources NO-SOURCE
build	Build with Gradle	2026-01-06T19:07:29.2526448Z > Task :mpltokenmetadata:macosArm64MainKlibrary UP-TO-DATE
build	Build with Gradle	2026-01-06T19:07:29.2527376Z > Task :mpltokenmetadata:compileTestKotlinMacosArm64 SKIPPED
build	Build with Gradle	2026-01-06T19:07:29.2528293Z > Task :mpltokenmetadata:macosX64ProcessResources NO-SOURCE
build	Build with Gradle	2026-01-06T19:07:29.2529177Z > Task :mpltokenmetadata:macosX64MainKlibrary UP-TO-DATE
build	Build with Gradle	2026-01-06T19:07:29.2530065Z > Task :mpltokenmetadata:compileTestKotlinMacosX64 SKIPPED
build	Build with Gradle	2026-01-06T19:07:29.2531036Z > Task :mpltokenmetadata:metadataIosMainProcessResources NO-SOURCE
build	Build with Gradle	2026-01-06T19:07:29.2532094Z > Task :mpltokenmetadata:metadataMacosMainProcessResources NO-SOURCE
build	Build with Gradle	2026-01-06T19:07:29.2533052Z > Task :mpltokenmetadata:jvmProcessResources NO-SOURCE
build	Build with Gradle	2026-01-06T19:07:29.2533953Z > Task :mpltokenmetadata:linkDebugFrameworkIosArm64 SKIPPED
build	Build with Gradle	2026-01-06T19:07:29.2534856Z > Task :mpltokenmetadata:linkDebugFrameworkIosX64 SKIPPED
build	Build with Gradle	2026-01-06T19:07:29.2535748Z > Task :mpltokenmetadata:linkDebugFrameworkIosFat SKIPPED
build	Build with Gradle	2026-01-06T19:07:29.2536938Z > Task :mpltokenmetadata:linkDebugFrameworkIosSimulatorArm64 SKIPPED
build	Build with Gradle	2026-01-06T19:07:29.2537916Z > Task :mpltokenmetadata:linkDebugFrameworkMacosArm64 SKIPPED
build	Build with Gradle	2026-01-06T19:07:29.2538897Z > Task :mpltokenmetadata:linkDebugFrameworkMacosX64 SKIPPED
build	Build with Gradle	2026-01-06T19:07:29.2540244Z > Task :mpltokenmetadata:linkDebugFrameworkOsxFat SKIPPED
build	Build with Gradle	2026-01-06T19:07:29.2541366Z > Task :mpltokenmetadata:linkReleaseFrameworkIosArm64 SKIPPED
build	Build with Gradle	2026-01-06T19:07:29.2542202Z > Task :mpltokenmetadata:linkReleaseFrameworkIosX64 SKIPPED
build	Build with Gradle	2026-01-06T19:07:29.2542972Z > Task :mpltokenmetadata:linkReleaseFrameworkIosFat SKIPPED
build	Build with Gradle	2026-01-06T19:07:29.2543927Z > Task :mpltokenmetadata:linkReleaseFrameworkIosSimulatorArm64 SKIPPED
build	Build with Gradle	2026-01-06T19:07:29.2544888Z > Task :mpltokenmetadata:linkReleaseFrameworkMacosArm64 SKIPPED
build	Build with Gradle	2026-01-06T19:07:29.2545751Z > Task :mpltokenmetadata:linkReleaseFrameworkMacosX64 SKIPPED
build	Build with Gradle	2026-01-06T19:07:29.2546825Z > Task :mpltokenmetadata:linkReleaseFrameworkOsxFat SKIPPED
build	Build with Gradle	2026-01-06T19:07:29.2547699Z > Task :mpltokenmetadata:linkDebugTestIosSimulatorArm64 SKIPPED
build	Build with Gradle	2026-01-06T19:07:29.2548592Z > Task :mpltokenmetadata:iosSimulatorArm64Test SKIPPED
build	Build with Gradle	2026-01-06T19:07:29.2549448Z > Task :mpltokenmetadata:linkDebugTestIosX64 SKIPPED
build	Build with Gradle	2026-01-06T19:07:29.2550223Z > Task :mpltokenmetadata:iosX64Test SKIPPED
build	Build with Gradle	2026-01-06T19:07:29.2551010Z > Task :mpltokenmetadata:jvmTestProcessResources NO-SOURCE
build	Build with Gradle	2026-01-06T19:07:29.2551809Z > Task :mpltokenmetadata:linkDebugTestMacosArm64 SKIPPED
build	Build with Gradle	2026-01-06T19:07:29.2552546Z > Task :mpltokenmetadata:macosArm64Test SKIPPED
build	Build with Gradle	2026-01-06T19:07:29.2553276Z > Task :mpltokenmetadata:linkDebugTestMacosX64 SKIPPED
build	Build with Gradle	2026-01-06T19:07:29.2554380Z > Task :mpltokenmetadata:macosX64Test SKIPPED
build	Build with Gradle	2026-01-06T19:07:29.2554997Z > Task :mpltokenmetadata:preDebugUnitTestBuild UP-TO-DATE
build	Build with Gradle	2026-01-06T19:07:29.3477741Z > Task :mpltokenmetadata:generateDebugUnitTestStubRFile
build	Build with Gradle	2026-01-06T19:07:29.3478821Z > Task :mpltokenmetadata:writeReleaseAarMetadata
build	Build with Gradle	2026-01-06T19:07:29.3479788Z > Task :mpltokenmetadata:preReleaseUnitTestBuild UP-TO-DATE
build	Build with Gradle	2026-01-06T19:07:29.3480739Z > Task :mpltokenmetadata:processReleaseManifest
build	Build with Gradle	2026-01-06T19:07:29.3481590Z > Task :mpltokenmetadata:preDebugAndroidTestBuild UP-TO-DATE
build	Build with Gradle	2026-01-06T19:07:29.3482515Z > Task :mpltokenmetadata:javaPreCompileDebugUnitTest
build	Build with Gradle	2026-01-06T19:07:29.3483450Z > Task :mpltokenmetadata:javaPreCompileReleaseUnitTest
build	Build with Gradle	2026-01-06T19:07:29.3484333Z > Task :mpltokenmetadata:generateDebugAndroidTestResValues
build	Build with Gradle	2026-01-06T19:07:29.3485172Z > Task :mpltokenmetadata:writeDebugLintModelMetadata
build	Build with Gradle	2026-01-06T19:07:29.3485936Z > Task :mpltokenmetadata:extractProguardFiles
build	Build with Gradle	2026-01-06T19:07:29.3486848Z > Task :readapi:mergeReleaseJniLibFolders
build	Build with Gradle	2026-01-06T19:07:29.3487607Z > Task :readapi:mergeReleaseNativeLibs NO-SOURCE
build	Build with Gradle	2026-01-06T19:07:29.3488344Z > Task :readapi:stripReleaseDebugSymbols NO-SOURCE
build	Build with Gradle	2026-01-06T19:07:29.3489159Z > Task :readapi:copyReleaseJniLibsProjectAndLocalJars
build	Build with Gradle	2026-01-06T19:07:29.3489926Z > Task :readapi:extractDeepLinksForAarRelease
build	Build with Gradle	2026-01-06T19:07:29.3490624Z > Task :readapi:mergeReleaseShaders
build	Build with Gradle	2026-01-06T19:07:29.3491325Z > Task :readapi:compileReleaseShaders NO-SOURCE
build	Build with Gradle	2026-01-06T19:07:29.3492058Z > Task :readapi:generateReleaseAssets UP-TO-DATE
build	Build with Gradle	2026-01-06T19:07:29.3492804Z > Task :readapi:releaseAssetsCopyForAGP NO-SOURCE
build	Build with Gradle	2026-01-06T19:07:29.4461078Z > Task :readapi:packageReleaseAssets
build	Build with Gradle	2026-01-06T19:07:29.4465375Z > Task :readapi:prepareReleaseArtProfile
build	Build with Gradle	2026-01-06T19:07:29.4469674Z > Task :readapi:metadataNativeMainProcessResources NO-SOURCE
build	Build with Gradle	2026-01-06T19:07:29.4473546Z > Task :readapi:processReleaseManifest
build	Build with Gradle	2026-01-06T19:07:29.4477693Z > Task :readapi:metadataAppleMainProcessResources NO-SOURCE
build	Build with Gradle	2026-01-06T19:07:29.4481735Z > Task :readapi:compileKotlinIosArm64 SKIPPED
build	Build with Gradle	2026-01-06T19:07:29.4485670Z > Task :readapi:writeReleaseAarMetadata
build	Build with Gradle	2026-01-06T19:07:29.4489711Z > Task :readapi:compileKotlinIosSimulatorArm64 SKIPPED
build	Build with Gradle	2026-01-06T19:07:29.4491397Z > Task :readapi:compileKotlinIosX64 SKIPPED
build	Build with Gradle	2026-01-06T19:07:29.4495256Z > Task :readapi:compileKotlinMacosArm64 SKIPPED
build	Build with Gradle	2026-01-06T19:07:29.4516839Z > Task :readapi:compileKotlinMacosX64 SKIPPED
build	Build with Gradle	2026-01-06T19:07:29.4517674Z > Task :readapi:iosArm64ProcessResources NO-SOURCE
build	Build with Gradle	2026-01-06T19:07:29.4518456Z > Task :readapi:iosArm64MainKlibrary UP-TO-DATE
build	Build with Gradle	2026-01-06T19:07:29.4519111Z > Task :readapi:compileTestKotlinIosArm64 SKIPPED
build	Build with Gradle	2026-01-06T19:07:29.4520173Z > Task :readapi:iosSimulatorArm64ProcessResources NO-SOURCE
build	Build with Gradle	2026-01-06T19:07:29.4520780Z > Task :readapi:iosSimulatorArm64MainKlibrary UP-TO-DATE
build	Build with Gradle	2026-01-06T19:07:29.4521381Z > Task :readapi:compileTestKotlinIosSimulatorArm64 SKIPPED
build	Build with Gradle	2026-01-06T19:07:29.4521938Z > Task :readapi:iosX64ProcessResources NO-SOURCE
build	Build with Gradle	2026-01-06T19:07:29.4522445Z > Task :readapi:iosX64MainKlibrary UP-TO-DATE
build	Build with Gradle	2026-01-06T19:07:29.4522917Z > Task :readapi:compileTestKotlinIosX64 SKIPPED
build	Build with Gradle	2026-01-06T19:07:29.4523436Z > Task :readapi:macosArm64ProcessResources NO-SOURCE
build	Build with Gradle	2026-01-06T19:07:29.4523969Z > Task :readapi:macosArm64MainKlibrary UP-TO-DATE
build	Build with Gradle	2026-01-06T19:07:29.4524513Z > Task :readapi:compileTestKotlinMacosArm64 SKIPPED
build	Build with Gradle	2026-01-06T19:07:29.4525059Z > Task :readapi:macosX64ProcessResources NO-SOURCE
build	Build with Gradle	2026-01-06T19:07:29.4525587Z > Task :readapi:macosX64MainKlibrary UP-TO-DATE
build	Build with Gradle	2026-01-06T19:07:29.4526096Z > Task :readapi:compileTestKotlinMacosX64 SKIPPED
build	Build with Gradle	2026-01-06T19:07:29.4526862Z > Task :readapi:metadataIosMainProcessResources NO-SOURCE
build	Build with Gradle	2026-01-06T19:07:29.4527514Z > Task :readapi:metadataMacosMainProcessResources NO-SOURCE
build	Build with Gradle	2026-01-06T19:07:29.4528112Z > Task :readapi:linkDebugFrameworkIosArm64 SKIPPED
build	Build with Gradle	2026-01-06T19:07:29.4528658Z > Task :readapi:linkDebugFrameworkIosX64 SKIPPED
build	Build with Gradle	2026-01-06T19:07:29.4529185Z > Task :readapi:linkDebugFrameworkIosFat SKIPPED
build	Build with Gradle	2026-01-06T19:07:29.4530041Z > Task :readapi:linkDebugFrameworkIosSimulatorArm64 SKIPPED
build	Build with Gradle	2026-01-06T19:07:29.4530624Z > Task :readapi:linkDebugFrameworkMacosArm64 SKIPPED
build	Build with Gradle	2026-01-06T19:07:29.4531170Z > Task :readapi:linkDebugFrameworkMacosX64 SKIPPED
build	Build with Gradle	2026-01-06T19:07:29.4531711Z > Task :readapi:linkDebugFrameworkOsxFat SKIPPED
build	Build with Gradle	2026-01-06T19:07:29.4532254Z > Task :readapi:linkReleaseFrameworkIosArm64 SKIPPED
build	Build with Gradle	2026-01-06T19:07:29.4532809Z > Task :readapi:linkReleaseFrameworkIosX64 SKIPPED
build	Build with Gradle	2026-01-06T19:07:29.4533358Z > Task :readapi:linkReleaseFrameworkIosFat SKIPPED
build	Build with Gradle	2026-01-06T19:07:29.4533990Z > Task :readapi:linkReleaseFrameworkIosSimulatorArm64 SKIPPED
build	Build with Gradle	2026-01-06T19:07:29.4534651Z > Task :readapi:linkReleaseFrameworkMacosArm64 SKIPPED
build	Build with Gradle	2026-01-06T19:07:29.4535216Z > Task :readapi:linkReleaseFrameworkMacosX64 SKIPPED
build	Build with Gradle	2026-01-06T19:07:29.4535771Z > Task :readapi:linkReleaseFrameworkOsxFat SKIPPED
build	Build with Gradle	2026-01-06T19:07:29.4536504Z > Task :readapi:linkDebugTestIosSimulatorArm64 SKIPPED
build	Build with Gradle	2026-01-06T19:07:29.4537093Z > Task :readapi:iosSimulatorArm64Test SKIPPED
build	Build with Gradle	2026-01-06T19:07:29.4537571Z > Task :readapi:linkDebugTestIosX64 SKIPPED
build	Build with Gradle	2026-01-06T19:07:29.4538016Z > Task :readapi:iosX64Test SKIPPED
build	Build with Gradle	2026-01-06T19:07:29.4538477Z > Task :readapi:jvmTestProcessResources NO-SOURCE
build	Build with Gradle	2026-01-06T19:07:29.4538993Z > Task :readapi:linkDebugTestMacosArm64 SKIPPED
build	Build with Gradle	2026-01-06T19:07:29.4539474Z > Task :readapi:macosArm64Test SKIPPED
build	Build with Gradle	2026-01-06T19:07:29.4539942Z > Task :readapi:linkDebugTestMacosX64 SKIPPED
build	Build with Gradle	2026-01-06T19:07:29.4540389Z > Task :readapi:macosX64Test SKIPPED
build	Build with Gradle	2026-01-06T19:07:29.4540649Z 
build	Build with Gradle	2026-01-06T19:07:29.4540945Z > Task :kotlin-crypto-pure:crypto-core:compileCommonMainKotlinMetadata
build	Build with Gradle	2026-01-06T19:07:29.4543552Z w: file:///home/runner/work/solana-kmp/solana-kmp/kotlin-crypto-pure/crypto-core/src/commonMain/kotlin/io/github/iml1s/crypto/AesGcm.kt:78:1 'expect'/'actual' classes (including interfaces, objects, annotations, enums, and 'actual' typealiases) are in Beta. You can use -Xexpect-actual-classes flag to suppress this warning. Also see: https://youtrack.jetbrains.com/issue/KT-61573
build	Build with Gradle	2026-01-06T19:07:29.4548195Z w: file:///home/runner/work/solana-kmp/solana-kmp/kotlin-crypto-pure/crypto-core/src/commonMain/kotlin/io/github/iml1s/crypto/Secp256k1Provider.kt:12:1 'expect'/'actual' classes (including interfaces, objects, annotations, enums, and 'actual' typealiases) are in Beta. You can use -Xexpect-actual-classes flag to suppress this warning. Also see: https://youtrack.jetbrains.com/issue/KT-61573
build	Build with Gradle	2026-01-06T19:07:29.5507498Z 
build	Build with Gradle	2026-01-06T19:07:29.5511657Z > Task :readapi:preReleaseUnitTestBuild UP-TO-DATE
build	Build with Gradle	2026-01-06T19:07:29.5512517Z > Task :readapi:javaPreCompileDebugUnitTest
build	Build with Gradle	2026-01-06T19:07:29.5513731Z > Task :readapi:javaPreCompileReleaseUnitTest
build	Build with Gradle	2026-01-06T19:07:29.5514463Z > Task :readapi:generateDebugUnitTestStubRFile
build	Build with Gradle	2026-01-06T19:07:29.5515071Z > Task :rpc:mergeReleaseJniLibFolders
build	Build with Gradle	2026-01-06T19:07:29.5515665Z > Task :rpc:mergeReleaseNativeLibs NO-SOURCE
build	Build with Gradle	2026-01-06T19:07:29.5516644Z > Task :rpc:stripReleaseDebugSymbols NO-SOURCE
build	Build with Gradle	2026-01-06T19:07:29.5517311Z > Task :rpc:copyReleaseJniLibsProjectAndLocalJars
build	Build with Gradle	2026-01-06T19:07:29.5517929Z > Task :rpc:extractDeepLinksForAarRelease
build	Build with Gradle	2026-01-06T19:07:29.5518510Z > Task :rpc:mergeReleaseShaders
build	Build with Gradle	2026-01-06T19:07:29.5519057Z > Task :rpc:compileReleaseShaders NO-SOURCE
build	Build with Gradle	2026-01-06T19:07:29.5519650Z > Task :rpc:generateReleaseAssets UP-TO-DATE
build	Build with Gradle	2026-01-06T19:07:29.5520605Z > Task :rpc:releaseAssetsCopyForAGP NO-SOURCE
build	Build with Gradle	2026-01-06T19:07:29.5521318Z > Task :rpc:packageReleaseAssets
build	Build with Gradle	2026-01-06T19:07:29.5521858Z > Task :rpc:prepareReleaseArtProfile
build	Build with Gradle	2026-01-06T19:07:29.5522504Z > Task :rpc:metadataNativeMainProcessResources NO-SOURCE
build	Build with Gradle	2026-01-06T19:07:29.5523373Z > Task :rpc:writeReleaseAarMetadata
build	Build with Gradle	2026-01-06T19:07:29.5524092Z > Task :rpc:metadataAppleMainProcessResources NO-SOURCE
build	Build with Gradle	2026-01-06T19:07:29.5524743Z > Task :rpc:compileKotlinIosArm64 SKIPPED
build	Build with Gradle	2026-01-06T19:07:29.5525364Z > Task :rpc:compileKotlinIosSimulatorArm64 SKIPPED
build	Build with Gradle	2026-01-06T19:07:29.5525982Z > Task :rpc:compileKotlinIosX64 SKIPPED
build	Build with Gradle	2026-01-06T19:07:29.5527268Z > Task :rpc:processReleaseManifest
build	Build with Gradle	2026-01-06T19:07:29.5527842Z > Task :rpc:compileKotlinMacosArm64 SKIPPED
build	Build with Gradle	2026-01-06T19:07:29.5528449Z > Task :rpc:compileKotlinMacosX64 SKIPPED
build	Build with Gradle	2026-01-06T19:07:29.5529226Z > Task :rpc:compileKotlinWatchosArm64 SKIPPED
build	Build with Gradle	2026-01-06T19:07:29.5529904Z > Task :rpc:compileKotlinWatchosSimulatorArm64 SKIPPED
build	Build with Gradle	2026-01-06T19:07:29.5530883Z > Task :rpc:compileKotlinWatchosX64 SKIPPED
build	Build with Gradle	2026-01-06T19:07:29.5531550Z > Task :rpc:iosArm64ProcessResources NO-SOURCE
build	Build with Gradle	2026-01-06T19:07:29.5532214Z > Task :rpc:iosArm64MainKlibrary UP-TO-DATE
build	Build with Gradle	2026-01-06T19:07:29.5532862Z > Task :rpc:compileTestKotlinIosArm64 SKIPPED
build	Build with Gradle	2026-01-06T19:07:29.5533574Z > Task :rpc:iosSimulatorArm64ProcessResources NO-SOURCE
build	Build with Gradle	2026-01-06T19:07:29.5534260Z > Task :rpc:iosSimulatorArm64MainKlibrary UP-TO-DATE
build	Build with Gradle	2026-01-06T19:07:29.5535296Z > Task :rpc:compileTestKotlinIosSimulatorArm64 SKIPPED
build	Build with Gradle	2026-01-06T19:07:29.5536053Z > Task :rpc:iosX64ProcessResources NO-SOURCE
build	Build with Gradle	2026-01-06T19:07:29.5536853Z > Task :rpc:iosX64MainKlibrary UP-TO-DATE
build	Build with Gradle	2026-01-06T19:07:29.5537477Z > Task :rpc:compileTestKotlinIosX64 SKIPPED
build	Build with Gradle	2026-01-06T19:07:29.6462331Z > Task :rpc:macosArm64ProcessResources NO-SOURCE
build	Build with Gradle	2026-01-06T19:07:29.6467095Z > Task :rpc:macosArm64MainKlibrary UP-TO-DATE
build	Build with Gradle	2026-01-06T19:07:29.6468003Z > Task :rpc:compileTestKotlinMacosArm64 SKIPPED
build	Build with Gradle	2026-01-06T19:07:29.6473223Z > Task :rpc:macosX64ProcessResources NO-SOURCE
build	Build with Gradle	2026-01-06T19:07:29.6475252Z > Task :rpc:macosX64MainKlibrary UP-TO-DATE
build	Build with Gradle	2026-01-06T19:07:29.6476487Z > Task :rpc:compileTestKotlinMacosX64 SKIPPED
build	Build with Gradle	2026-01-06T19:07:29.6477280Z > Task :rpc:watchosArm64ProcessResources NO-SOURCE
build	Build with Gradle	2026-01-06T19:07:29.6478121Z > Task :rpc:watchosArm64MainKlibrary UP-TO-DATE
build	Build with Gradle	2026-01-06T19:07:29.6478772Z > Task :rpc:compileTestKotlinWatchosArm64 SKIPPED
build	Build with Gradle	2026-01-06T19:07:29.6479525Z > Task :rpc:watchosSimulatorArm64ProcessResources NO-SOURCE
build	Build with Gradle	2026-01-06T19:07:29.6480154Z > Task :rpc:watchosSimulatorArm64MainKlibrary UP-TO-DATE
build	Build with Gradle	2026-01-06T19:07:29.6480769Z > Task :rpc:compileTestKotlinWatchosSimulatorArm64 SKIPPED
build	Build with Gradle	2026-01-06T19:07:29.6481333Z > Task :rpc:watchosX64ProcessResources NO-SOURCE
build	Build with Gradle	2026-01-06T19:07:29.6481815Z > Task :rpc:watchosX64MainKlibrary UP-TO-DATE
build	Build with Gradle	2026-01-06T19:07:29.6482298Z > Task :rpc:compileTestKotlinWatchosX64 SKIPPED
build	Build with Gradle	2026-01-06T19:07:29.6482809Z > Task :rpc:metadataIosMainProcessResources NO-SOURCE
build	Build with Gradle	2026-01-06T19:07:29.6483368Z > Task :rpc:metadataMacosMainProcessResources NO-SOURCE
build	Build with Gradle	2026-01-06T19:07:29.6483950Z > Task :rpc:metadataWatchosMainProcessResources NO-SOURCE
build	Build with Gradle	2026-01-06T19:07:29.6484476Z > Task :rpc:linkDebugFrameworkIosArm64 SKIPPED
build	Build with Gradle	2026-01-06T19:07:29.6484935Z > Task :rpc:linkDebugFrameworkIosX64 SKIPPED
build	Build with Gradle	2026-01-06T19:07:29.6485653Z > Task :rpc:linkDebugFrameworkIosFat SKIPPED
build	Build with Gradle	2026-01-06T19:07:29.6486342Z > Task :rpc:linkDebugFrameworkIosSimulatorArm64 SKIPPED
build	Build with Gradle	2026-01-06T19:07:29.6486876Z > Task :rpc:linkDebugFrameworkMacosArm64 SKIPPED
build	Build with Gradle	2026-01-06T19:07:29.6487361Z > Task :rpc:linkDebugFrameworkMacosX64 SKIPPED
build	Build with Gradle	2026-01-06T19:07:29.6487839Z > Task :rpc:linkDebugFrameworkOsxFat SKIPPED
build	Build with Gradle	2026-01-06T19:07:29.6488315Z > Task :rpc:linkDebugFrameworkWatchosArm64 SKIPPED
build	Build with Gradle	2026-01-06T19:07:29.6488816Z > Task :rpc:linkDebugFrameworkWatchosX64 SKIPPED
build	Build with Gradle	2026-01-06T19:07:29.6489311Z > Task :rpc:linkDebugFrameworkWatchosFat SKIPPED
build	Build with Gradle	2026-01-06T19:07:29.6489876Z > Task :rpc:linkDebugFrameworkWatchosSimulatorArm64 SKIPPED
build	Build with Gradle	2026-01-06T19:07:29.6490454Z > Task :rpc:linkReleaseFrameworkIosArm64 SKIPPED
build	Build with Gradle	2026-01-06T19:07:29.6490943Z > Task :rpc:linkReleaseFrameworkIosX64 SKIPPED
build	Build with Gradle	2026-01-06T19:07:29.6491426Z > Task :rpc:linkReleaseFrameworkIosFat SKIPPED
build	Build with Gradle	2026-01-06T19:07:29.6491953Z > Task :rpc:linkReleaseFrameworkIosSimulatorArm64 SKIPPED
build	Build with Gradle	2026-01-06T19:07:29.6492518Z > Task :rpc:linkReleaseFrameworkMacosArm64 SKIPPED
build	Build with Gradle	2026-01-06T19:07:29.6493023Z > Task :rpc:linkReleaseFrameworkMacosX64 SKIPPED
build	Build with Gradle	2026-01-06T19:07:29.6493513Z > Task :rpc:linkReleaseFrameworkOsxFat SKIPPED
build	Build with Gradle	2026-01-06T19:07:29.6494025Z > Task :rpc:linkReleaseFrameworkWatchosArm64 SKIPPED
build	Build with Gradle	2026-01-06T19:07:29.6494757Z > Task :rpc:linkReleaseFrameworkWatchosX64 SKIPPED
build	Build with Gradle	2026-01-06T19:07:29.6495269Z > Task :rpc:linkReleaseFrameworkWatchosFat SKIPPED
build	Build with Gradle	2026-01-06T19:07:29.6495848Z > Task :rpc:linkReleaseFrameworkWatchosSimulatorArm64 SKIPPED
build	Build with Gradle	2026-01-06T19:07:29.6496644Z > Task :rpc:linkDebugTestIosSimulatorArm64 SKIPPED
build	Build with Gradle	2026-01-06T19:07:29.6497116Z > Task :rpc:iosSimulatorArm64Test SKIPPED
build	Build with Gradle	2026-01-06T19:07:29.6497549Z > Task :rpc:linkDebugTestIosX64 SKIPPED
build	Build with Gradle	2026-01-06T19:07:29.6497954Z > Task :rpc:iosX64Test SKIPPED
build	Build with Gradle	2026-01-06T19:07:29.6498355Z > Task :rpc:jvmTestProcessResources NO-SOURCE
build	Build with Gradle	2026-01-06T19:07:29.6498823Z > Task :rpc:linkDebugTestMacosArm64 SKIPPED
build	Build with Gradle	2026-01-06T19:07:29.6499266Z > Task :rpc:macosArm64Test SKIPPED
build	Build with Gradle	2026-01-06T19:07:29.6499671Z > Task :rpc:linkDebugTestMacosX64 SKIPPED
build	Build with Gradle	2026-01-06T19:07:29.6500082Z > Task :rpc:macosX64Test SKIPPED
build	Build with Gradle	2026-01-06T19:07:29.6500502Z > Task :rpc:preReleaseUnitTestBuild UP-TO-DATE
build	Build with Gradle	2026-01-06T19:07:29.6501013Z > Task :rpc:javaPreCompileDebugUnitTest
build	Build with Gradle	2026-01-06T19:07:29.6501515Z > Task :rpc:linkDebugTestWatchosSimulatorArm64 SKIPPED
build	Build with Gradle	2026-01-06T19:07:29.6502023Z > Task :rpc:watchosSimulatorArm64Test SKIPPED
build	Build with Gradle	2026-01-06T19:07:29.6502476Z > Task :rpc:linkDebugTestWatchosX64 SKIPPED
build	Build with Gradle	2026-01-06T19:07:29.6502901Z > Task :rpc:watchosX64Test SKIPPED
build	Build with Gradle	2026-01-06T19:07:29.6503306Z > Task :rpc:javaPreCompileReleaseUnitTest
build	Build with Gradle	2026-01-06T19:07:29.6503757Z > Task :rpc:generateDebugUnitTestStubRFile
build	Build with Gradle	2026-01-06T19:07:29.6504174Z > Task :signer:bundleDebugAar
build	Build with Gradle	2026-01-06T19:07:29.6504532Z > Task :signer:assembleDebug
build	Build with Gradle	2026-01-06T19:07:29.6504907Z > Task :signer:mergeReleaseJniLibFolders
build	Build with Gradle	2026-01-06T19:07:29.6505366Z > Task :signer:mergeReleaseNativeLibs NO-SOURCE
build	Build with Gradle	2026-01-06T19:07:29.6505858Z > Task :signer:stripReleaseDebugSymbols NO-SOURCE
build	Build with Gradle	2026-01-06T19:07:29.6506526Z > Task :signer:copyReleaseJniLibsProjectAndLocalJars
build	Build with Gradle	2026-01-06T19:07:29.6507039Z > Task :signer:extractDeepLinksForAarRelease
build	Build with Gradle	2026-01-06T19:07:29.7491531Z > Task :signer:extractReleaseAnnotations
build	Build with Gradle	2026-01-06T19:07:29.7518754Z > Task :signer:mergeReleaseGeneratedProguardFiles
build	Build with Gradle	2026-01-06T19:07:29.7519349Z > Task :signer:mergeReleaseConsumerProguardFiles
build	Build with Gradle	2026-01-06T19:07:29.7519830Z > Task :signer:mergeReleaseShaders
build	Build with Gradle	2026-01-06T19:07:29.7520274Z > Task :signer:compileReleaseShaders NO-SOURCE
build	Build with Gradle	2026-01-06T19:07:29.7520770Z > Task :signer:generateReleaseAssets UP-TO-DATE
build	Build with Gradle	2026-01-06T19:07:29.7521267Z > Task :signer:releaseAssetsCopyForAGP NO-SOURCE
build	Build with Gradle	2026-01-06T19:07:29.7521735Z > Task :signer:packageReleaseAssets
build	Build with Gradle	2026-01-06T19:07:29.7522168Z > Task :signer:prepareReleaseArtProfile
build	Build with Gradle	2026-01-06T19:07:29.7522615Z > Task :signer:processReleaseManifest
build	Build with Gradle	2026-01-06T19:07:29.7523052Z > Task :signer:writeReleaseAarMetadata
build	Build with Gradle	2026-01-06T19:07:29.7523888Z > Task :signer:mergeReleaseJavaResource
build	Build with Gradle	2026-01-06T19:07:29.7524444Z > Task :kotlin-crypto-pure:crypto-core:metadataCommonMainClasses
build	Build with Gradle	2026-01-06T19:07:29.7525005Z > Task :signer:mapReleaseSourceSetPaths
build	Build with Gradle	2026-01-06T19:07:29.7525423Z > Task :signer:syncReleaseLibJars
build	Build with Gradle	2026-01-06T19:07:29.7525892Z > Task :kotlin-crypto-pure:crypto-core:allMetadataJar
build	Build with Gradle	2026-01-06T19:07:29.7526668Z > Task :kotlin-crypto-pure:crypto-core:preReleaseBuild UP-TO-DATE
build	Build with Gradle	2026-01-06T19:07:29.7527329Z > Task :kotlin-crypto-pure:crypto-core:generateReleaseResValues
build	Build with Gradle	2026-01-06T19:07:29.7527863Z > Task :signer:bundleReleaseAar
build	Build with Gradle	2026-01-06T19:07:29.7528349Z > Task :kotlin-crypto-pure:crypto-core:generateReleaseResources
build	Build with Gradle	2026-01-06T19:07:29.7528883Z > Task :signer:mergeReleaseResources
build	Build with Gradle	2026-01-06T19:07:29.7529370Z > Task :signer:compileNativeMainKotlinMetadata SKIPPED
build	Build with Gradle	2026-01-06T19:07:29.7529979Z > Task :kotlin-crypto-pure:crypto-core:packageReleaseResources
build	Build with Gradle	2026-01-06T19:07:29.8459155Z > Task :signer:metadataNativeMainProcessResources NO-SOURCE
build	Build with Gradle	2026-01-06T19:07:29.8459883Z > Task :signer:metadataNativeMainClasses UP-TO-DATE
build	Build with Gradle	2026-01-06T19:07:29.8460441Z > Task :signer:compileAppleMainKotlinMetadata SKIPPED
build	Build with Gradle	2026-01-06T19:07:29.8461056Z > Task :kotlin-crypto-pure:crypto-core:parseReleaseLocalResources
build	Build with Gradle	2026-01-06T19:07:29.8461703Z > Task :kotlin-crypto-pure:crypto-core:generateReleaseRFile
build	Build with Gradle	2026-01-06T19:07:30.0456622Z > Task :signer:verifyReleaseResources
build	Build with Gradle	2026-01-06T19:07:30.0530200Z > Task :kotlin-crypto-pure:crypto-core:javaPreCompileRelease
build	Build with Gradle	2026-01-06T19:07:30.2456875Z > Task :kotlin-crypto-pure:crypto-core:compileReleaseLibraryResources
build	Build with Gradle	2026-01-06T19:07:30.2458092Z > Task :base58:transformCommonMainDependenciesMetadata
build	Build with Gradle	2026-01-06T19:07:31.3457090Z > Task :base58:mapReleaseSourceSetPaths
build	Build with Gradle	2026-01-06T19:07:31.7457028Z 
build	Build with Gradle	2026-01-06T19:07:31.7461389Z > Task :base58:compileCommonMainKotlinMetadata FAILED
build	Build with Gradle	2026-01-06T19:07:31.7480732Z e: file:///home/runner/work/solana-kmp/solana-kmp/kotlin-solana/base58/src/commonMain/kotlin/foundation/metaplex/base58/Base58.kt:3:8 Unresolved reference 'diglol'.
build	Build with Gradle	2026-01-06T19:07:31.7487959Z e: file:///home/runner/work/solana-kmp/solana-kmp/kotlin-solana/base58/src/commonMain/kotlin/foundation/metaplex/base58/Base58.kt:126:20 Unresolved reference 'Hash'.
build	Build with Gradle	2026-01-06T19:07:31.7588297Z e: file:///home/runner/work/solana-kmp/solana-kmp/kotlin-solana/base58/src/commonMain/kotlin/foundation/metaplex/base58/Base58.kt:126:25 Unresolved reference 'Hash'.
build	Build with Gradle	2026-01-06T19:07:31.7590390Z e: file:///home/runner/work/solana-kmp/solana-kmp/kotlin-solana/base58/src/commonMain/kotlin/foundation/metaplex/base58/Base58.kt:141:16 Unresolved reference 'Hash'.
build	Build with Gradle	2026-01-06T19:07:31.7592352Z e: file:///home/runner/work/solana-kmp/solana-kmp/kotlin-solana/base58/src/commonMain/kotlin/foundation/metaplex/base58/Base58.kt:141:21 Unresolved reference 'Hash'.
build	Build with Gradle	2026-01-06T19:07:31.8456341Z 
build	Build with Gradle	2026-01-06T19:07:31.8462328Z > Task :kotlin-crypto-pure:crypto-core:jvmProcessResources NO-SOURCE
build	Build with Gradle	2026-01-06T19:07:32.1456470Z > Task :base58:mergeReleaseResources
build	Build with Gradle	2026-01-06T19:07:32.1460651Z > Task :kotlin-crypto-pure:crypto-core:mergeDebugJniLibFolders
build	Build with Gradle	2026-01-06T19:07:32.1461684Z > Task :kotlin-crypto-pure:crypto-core:mergeDebugNativeLibs NO-SOURCE
build	Build with Gradle	2026-01-06T19:07:32.1462530Z > Task :kotlin-crypto-pure:crypto-core:stripDebugDebugSymbols NO-SOURCE
build	Build with Gradle	2026-01-06T19:07:32.2457231Z > Task :kotlin-crypto-pure:crypto-core:copyDebugJniLibsProjectAndLocalJars
build	Build with Gradle	2026-01-06T19:07:32.2461658Z > Task :kotlin-crypto-pure:crypto-core:extractDeepLinksForAarDebug
build	Build with Gradle	2026-01-06T19:07:32.2462573Z > Task :kotlin-crypto-pure:crypto-core:mergeDebugShaders
build	Build with Gradle	2026-01-06T19:07:32.2466682Z > Task :kotlin-crypto-pure:crypto-core:compileDebugShaders NO-SOURCE
build	Build with Gradle	2026-01-06T19:07:32.2467675Z > Task :kotlin-crypto-pure:crypto-core:debugAssetsCopyForAGP NO-SOURCE
build	Build with Gradle	2026-01-06T19:07:32.2468628Z > Task :kotlin-crypto-pure:crypto-core:generateDebugAssets UP-TO-DATE
build	Build with Gradle	2026-01-06T19:07:32.2469706Z > Task :kotlin-crypto-pure:crypto-core:packageDebugAssets
build	Build with Gradle	2026-01-06T19:07:32.2470957Z > Task :kotlin-crypto-pure:crypto-core:prepareDebugArtProfile
build	Build with Gradle	2026-01-06T19:07:32.2471810Z > Task :kotlin-crypto-pure:crypto-core:prepareLintJarForPublish
build	Build with Gradle	2026-01-06T19:07:32.3478176Z > Task :kotlin-crypto-pure:crypto-core:processDebugManifest
build	Build with Gradle	2026-01-06T19:07:32.4456868Z > Task :kotlin-crypto-pure:crypto-core:writeDebugAarMetadata
build	Build with Gradle	2026-01-06T19:07:32.4461740Z > Task :kotlin-crypto-pure:crypto-core:writeDebugLintModelMetadata
build	Build with Gradle	2026-01-06T19:07:32.4462645Z > Task :kotlin-crypto-pure:crypto-core:extractProguardFiles
build	Build with Gradle	2026-01-06T19:07:32.4464567Z > Task :kotlin-crypto-pure:crypto-core:preDebugAndroidTestBuild UP-TO-DATE
build	Build with Gradle	2026-01-06T19:07:32.4465523Z > Task :kotlin-crypto-pure:crypto-core:generateDebugAndroidTestResValues
build	Build with Gradle	2026-01-06T19:07:32.4467567Z > Task :kotlin-crypto-pure:crypto-core:preDebugUnitTestBuild UP-TO-DATE
build	Build with Gradle	2026-01-06T19:07:45.3456788Z > Task :kotlin-crypto-pure:crypto-core:compileKotlinJvm
build	Build with Gradle	2026-01-06T19:07:45.3457449Z > Task :kotlin-crypto-pure:crypto-core:jvmMainClasses
build	Build with Gradle	2026-01-06T19:07:45.3458122Z > Task :kotlin-crypto-pure:crypto-core:compileReleaseKotlinAndroid
build	Build with Gradle	2026-01-06T19:07:45.4457006Z > Task :kotlin-crypto-pure:crypto-core:compileDebugKotlinAndroid
build	Build with Gradle	2026-01-06T19:07:45.4458271Z > Task :kotlin-crypto-pure:crypto-core:jvmJar
build	Build with Gradle	2026-01-06T19:07:45.4459136Z > Task :kotlin-crypto-pure:crypto-core:compileDebugJavaWithJavac NO-SOURCE
build	Build with Gradle	2026-01-06T19:07:45.4460283Z > Task :kotlin-crypto-pure:crypto-core:compileReleaseJavaWithJavac NO-SOURCE
build	Build with Gradle	2026-01-06T19:07:45.4460979Z > Task :kotlin-crypto-pure:crypto-core:processDebugJavaRes
build	Build with Gradle	2026-01-06T19:07:45.4461588Z > Task :kotlin-crypto-pure:crypto-core:bundleLibCompileToJarDebug
build	Build with Gradle	2026-01-06T19:07:45.5483552Z > Task :kotlin-crypto-pure:crypto-core:bundleLibCompileToJarRelease
build	Build with Gradle	2026-01-06T19:07:45.5484434Z > Task :kotlin-crypto-pure:crypto-core:processReleaseJavaRes
build	Build with Gradle	2026-01-06T19:07:45.5485139Z > Task :kotlin-crypto-pure:crypto-core:bundleLibRuntimeToJarDebug
build	Build with Gradle	2026-01-06T19:07:45.5485904Z > Task :kotlin-crypto-pure:crypto-core:bundleLibRuntimeToJarRelease
build	Build with Gradle	2026-01-06T19:07:46.2477954Z > Task :kotlin-crypto-pure:crypto-core:extractDebugAnnotations
build	Build with Gradle	2026-01-06T19:07:46.2478821Z > Task :kotlin-crypto-pure:crypto-core:mergeDebugGeneratedProguardFiles
build	Build with Gradle	2026-01-06T19:07:46.2479603Z > Task :kotlin-crypto-pure:crypto-core:mergeDebugConsumerProguardFiles
build	Build with Gradle	2026-01-06T19:07:46.2480343Z > Task :kotlin-crypto-pure:crypto-core:createFullJarDebug
build	Build with Gradle	2026-01-06T19:07:46.3456413Z > Task :kotlin-crypto-pure:crypto-core:mergeDebugJavaResource
build	Build with Gradle	2026-01-06T19:07:47.3462074Z > Task :kotlin-crypto-pure:crypto-core:generateDebugLintModel
build	Build with Gradle	2026-01-06T19:07:47.3462821Z > Task :kotlin-crypto-pure:crypto-core:syncDebugLibJars
build	Build with Gradle	2026-01-06T19:07:47.3463455Z > Task :kotlin-crypto-pure:crypto-core:bundleDebugLocalLintAar
build	Build with Gradle	2026-01-06T19:07:47.4460607Z > Task :kotlin-crypto-pure:crypto-core:generateDebugAndroidTestLintModel
build	Build with Gradle	2026-01-06T19:07:47.6457691Z > Task :kotlin-crypto-pure:crypto-core:generateDebugUnitTestLintModel
build	Build with Gradle	2026-01-06T19:07:54.1456927Z > Task :kotlin-crypto-pure:crypto-core:lintAnalyzeDebugAndroidTest
build	Build with Gradle	2026-01-06T19:07:54.2457014Z > Task :kotlin-crypto-pure:crypto-core:lintAnalyzeDebugUnitTest
build	Build with Gradle	2026-01-06T19:07:57.4457572Z > Task :kotlin-crypto-pure:crypto-core:lintAnalyzeDebug
build	Build with Gradle	2026-01-06T19:07:57.5456413Z 
build	Build with Gradle	2026-01-06T19:07:57.5458369Z [Incubating] Problems report is available at: file:///home/runner/work/solana-kmp/solana-kmp/kotlin-solana/build/reports/problems/problems-report.html
build	Build with Gradle	2026-01-06T19:07:57.5466477Z 
build	Build with Gradle	2026-01-06T19:07:57.5466705Z FAILURE: Build failed with an exception.
build	Build with Gradle	2026-01-06T19:07:57.5467038Z 
build	Build with Gradle	2026-01-06T19:07:57.5467167Z * What went wrong:
build	Build with Gradle	2026-01-06T19:07:57.5467696Z Execution failed for task ':base58:compileCommonMainKotlinMetadata'.
build	Build with Gradle	2026-01-06T19:07:57.5469018Z > A failure occurred while executing org.jetbrains.kotlin.compilerRunner.GradleCompilerRunnerWithWorkers$GradleKotlinCompilerWorkAction
build	Build with Gradle	2026-01-06T19:07:57.5470207Z    > Compilation error. See log for more details
build	Build with Gradle	2026-01-06T19:07:57.5470564Z 
build	Build with Gradle	2026-01-06T19:07:57.5470682Z * Try:
build	Build with Gradle	2026-01-06T19:07:57.5471089Z > Run with --stacktrace option to get the stack trace.
build	Build with Gradle	2026-01-06T19:07:57.5472188Z > Run with --info or --debug option to get more log output.
build	Build with Gradle	2026-01-06T19:07:57.5472719Z > Run with --scan to get full insights.
build	Build with Gradle	2026-01-06T19:07:57.5473213Z > Get more help at https://help.gradle.org.
build	Build with Gradle	2026-01-06T19:07:57.5473542Z 
build	Build with Gradle	2026-01-06T19:07:57.5473698Z BUILD FAILED in 5m 16s
build	Build with Gradle	2026-01-06T19:07:57.5473930Z 
build	Build with Gradle	2026-01-06T19:07:57.5474352Z Deprecated Gradle features were used in this build, making it incompatible with Gradle 9.0.
build	Build with Gradle	2026-01-06T19:07:57.5474935Z 
build	Build with Gradle	2026-01-06T19:07:57.5475593Z You can use '--warning-mode all' to show the individual deprecation warnings and determine if they come from your own scripts or plugins.
build	Build with Gradle	2026-01-06T19:07:57.5476606Z 
build	Build with Gradle	2026-01-06T19:07:57.5477410Z For more on this, please refer to https://docs.gradle.org/8.13/userguide/command_line_interface.html#sec:command_line_warnings in the Gradle documentation.
build	Build with Gradle	2026-01-06T19:07:57.5478461Z 473 actionable tasks: 473 executed
build	Build with Gradle	2026-01-06T19:07:58.0590111Z ##[error]Process completed with exit code 1.
build	Post Setup Gradle	ï»¿2026-01-06T19:07:58.0658427Z Post job cleanup.
build	Post Setup Gradle	2026-01-06T19:07:58.2252629Z In final post-action step, saving state and writing summary
build	Post Setup Gradle	2026-01-06T19:07:58.2259700Z Cache is read-only: will not save state for use in subsequent builds.
build	Post Setup Gradle	2026-01-06T19:07:58.2261944Z Writing job summary
build	Post Set up JDK 17	ï»¿2026-01-06T19:07:58.2404872Z Post job cleanup.
build	Post Run actions/checkout@v4	ï»¿2026-01-06T19:07:58.4194204Z Post job cleanup.
build	Post Run actions/checkout@v4	2026-01-06T19:07:58.5190431Z [command]/usr/bin/git version
build	Post Run actions/checkout@v4	2026-01-06T19:07:58.5247661Z git version 2.52.0
build	Post Run actions/checkout@v4	2026-01-06T19:07:58.5314552Z Temporarily overriding HOME='/home/runner/work/_temp/2d2217cc-41a1-4792-ad78-d5e54924d04f' before making global git config changes
build	Post Run actions/checkout@v4	2026-01-06T19:07:58.5316451Z Adding repository directory to the temporary git global config as a safe directory
build	Post Run actions/checkout@v4	2026-01-06T19:07:58.5322052Z [command]/usr/bin/git config --global --add safe.directory /home/runner/work/solana-kmp/solana-kmp/kotlin-address
build	Post Run actions/checkout@v4	2026-01-06T19:07:58.5386919Z [command]/usr/bin/git config --local --name-only --get-regexp core\.sshCommand
build	Post Run actions/checkout@v4	2026-01-06T19:07:58.5434983Z [command]/usr/bin/git submodule foreach --recursive sh -c "git config --local --name-only --get-regexp 'core\.sshCommand' && git config --local --unset-all 'core.sshCommand' || :"
build	Post Run actions/checkout@v4	2026-01-06T19:07:58.5701474Z [command]/usr/bin/git config --local --name-only --get-regexp http\.https\:\/\/github\.com\/\.extraheader
build	Post Run actions/checkout@v4	2026-01-06T19:07:58.5727126Z http.https://github.com/.extraheader
build	Post Run actions/checkout@v4	2026-01-06T19:07:58.5740880Z [command]/usr/bin/git config --local --unset-all http.https://github.com/.extraheader
build	Post Run actions/checkout@v4	2026-01-06T19:07:58.5775721Z [command]/usr/bin/git submodule foreach --recursive sh -c "git config --local --name-only --get-regexp 'http\.https\:\/\/github\.com\/\.extraheader' && git config --local --unset-all 'http.https://github.com/.extraheader' || :"
build	Post Run actions/checkout@v4	2026-01-06T19:07:58.6029240Z [command]/usr/bin/git config --local --name-only --get-regexp ^includeIf\.gitdir:
build	Post Run actions/checkout@v4	2026-01-06T19:07:58.6065025Z [command]/usr/bin/git submodule foreach --recursive git config --local --show-origin --name-only --get-regexp remote.origin.url
build	Post Run actions/checkout@v4	ï»¿2026-01-06T19:07:58.6435226Z Post job cleanup.
build	Post Run actions/checkout@v4	2026-01-06T19:07:58.7422899Z [command]/usr/bin/git version
build	Post Run actions/checkout@v4	2026-01-06T19:07:58.7463129Z git version 2.52.0
build	Post Run actions/checkout@v4	2026-01-06T19:07:58.7510532Z Temporarily overriding HOME='/home/runner/work/_temp/566f919e-71b0-45dc-a01c-fb0a7c9f25e1' before making global git config changes
build	Post Run actions/checkout@v4	2026-01-06T19:07:58.7511633Z Adding repository directory to the temporary git global config as a safe directory
build	Post Run actions/checkout@v4	2026-01-06T19:07:58.7520146Z [command]/usr/bin/git config --global --add safe.directory /home/runner/work/solana-kmp/solana-kmp/kotlin-crypto-pure
build	Post Run actions/checkout@v4	2026-01-06T19:07:58.7576385Z [command]/usr/bin/git config --local --name-only --get-regexp core\.sshCommand
build	Post Run actions/checkout@v4	2026-01-06T19:07:58.7613945Z [command]/usr/bin/git submodule foreach --recursive sh -c "git config --local --name-only --get-regexp 'core\.sshCommand' && git config --local --unset-all 'core.sshCommand' || :"
build	Post Run actions/checkout@v4	2026-01-06T19:07:58.7864342Z [command]/usr/bin/git config --local --name-only --get-regexp http\.https\:\/\/github\.com\/\.extraheader
build	Post Run actions/checkout@v4	2026-01-06T19:07:58.7887411Z http.https://github.com/.extraheader
build	Post Run actions/checkout@v4	2026-01-06T19:07:58.7900917Z [command]/usr/bin/git config --local --unset-all http.https://github.com/.extraheader
build	Post Run actions/checkout@v4	2026-01-06T19:07:58.7933702Z [command]/usr/bin/git submodule foreach --recursive sh -c "git config --local --name-only --get-regexp 'http\.https\:\/\/github\.com\/\.extraheader' && git config --local --unset-all 'http.https://github.com/.extraheader' || :"
build	Post Run actions/checkout@v4	2026-01-06T19:07:58.8161066Z [command]/usr/bin/git config --local --name-only --get-regexp ^includeIf\.gitdir:
build	Post Run actions/checkout@v4	2026-01-06T19:07:58.8194559Z [command]/usr/bin/git submodule foreach --recursive git config --local --show-origin --name-only --get-regexp remote.origin.url
build	Post Run actions/checkout@v4	ï»¿2026-01-06T19:07:58.8541049Z Post job cleanup.
build	Post Run actions/checkout@v4	2026-01-06T19:07:58.9522241Z [command]/usr/bin/git version
build	Post Run actions/checkout@v4	2026-01-06T19:07:58.9564358Z git version 2.52.0
build	Post Run actions/checkout@v4	2026-01-06T19:07:58.9609382Z Temporarily overriding HOME='/home/runner/work/_temp/65d4c9cf-80d5-409d-bffb-35cbc95772b5' before making global git config changes
build	Post Run actions/checkout@v4	2026-01-06T19:07:58.9610668Z Adding repository directory to the temporary git global config as a safe directory
build	Post Run actions/checkout@v4	2026-01-06T19:07:58.9626046Z [command]/usr/bin/git config --global --add safe.directory /home/runner/work/solana-kmp/solana-kmp/kotlin-solana
build	Post Run actions/checkout@v4	2026-01-06T19:07:58.9665568Z [command]/usr/bin/git config --local --name-only --get-regexp core\.sshCommand
build	Post Run actions/checkout@v4	2026-01-06T19:07:58.9698744Z [command]/usr/bin/git submodule foreach --recursive sh -c "git config --local --name-only --get-regexp 'core\.sshCommand' && git config --local --unset-all 'core.sshCommand' || :"
build	Post Run actions/checkout@v4	2026-01-06T19:07:58.9934744Z [command]/usr/bin/git config --local --name-only --get-regexp http\.https\:\/\/github\.com\/\.extraheader
build	Post Run actions/checkout@v4	2026-01-06T19:07:58.9957271Z http.https://github.com/.extraheader
build	Post Run actions/checkout@v4	2026-01-06T19:07:58.9969732Z [command]/usr/bin/git config --local --unset-all http.https://github.com/.extraheader
build	Post Run actions/checkout@v4	2026-01-06T19:07:59.0000239Z [command]/usr/bin/git submodule foreach --recursive sh -c "git config --local --name-only --get-regexp 'http\.https\:\/\/github\.com\/\.extraheader' && git config --local --unset-all 'http.https://github.com/.extraheader' || :"
build	Post Run actions/checkout@v4	2026-01-06T19:07:59.0222621Z [command]/usr/bin/git config --local --name-only --get-regexp ^includeIf\.gitdir:
build	Post Run actions/checkout@v4	2026-01-06T19:07:59.0254527Z [command]/usr/bin/git submodule foreach --recursive git config --local --show-origin --name-only --get-regexp remote.origin.url
build	Complete job	ï»¿2026-01-06T19:07:59.0578748Z Cleaning up orphan processes
build	Complete job	2026-01-06T19:07:59.0884125Z Terminate orphan process: pid (2428) (java)
build	Complete job	2026-01-06T19:07:59.0907160Z Terminate orphan process: pid (2724) (java)
