Initialized native services in: C:\Users\aa223\.gradle\native
Initialized jansi services in: C:\Users\aa223\.gradle\native
The client will now receive all logging from the daemon (pid: 97840). The daemon log file: C:\Users\aa223\.gradle\daemon\8.13\daemon-97840.out.log
Starting 4th build in daemon [uptime: 10 mins 9.616 secs, performance: 99%, GC rate: 0.27/s, heap usage: 9% of 512 MiB, non-heap usage: 26% of 384 MiB]
Using 32 worker leases.
Invalidating in-memory cache of D:\OtherProject\mine\crypto\kotlin-miniscript\.gradle\8.13\fileHashes\fileHashes.bin
Invalidating in-memory cache of D:\OtherProject\mine\crypto\kotlin-miniscript\.gradle\buildOutputCleanup\outputFiles.bin
Invalidating in-memory cache of D:\OtherProject\mine\crypto\kotlin-miniscript\.gradle\8.13\fileHashes\resourceHashesCache.bin
Now considering [D:\OtherProject\mine\crypto\kotlin-miniscript] as hierarchies to watch
Watching the file system is configured to be enabled if available
File system watching is active
Starting Build
Invalidating in-memory cache of C:\Users\aa223\.gradle\caches\journal-1\file-access.bin
Settings evaluated using settings file 'D:\OtherProject\mine\crypto\kotlin-miniscript\settings.gradle.kts'.
Projects loaded. Root project using build file 'D:\OtherProject\mine\crypto\kotlin-miniscript\build.gradle.kts'.
Included projects: [root project 'kotlin-miniscript', project ':kotlin-crypto-pure']

> Configure project :
Evaluating root project 'kotlin-miniscript' using build file 'D:\OtherProject\mine\crypto\kotlin-miniscript\build.gradle.kts'.
Resolved plugin [id: 'org.jetbrains.kotlin.multiplatform', version: '2.1.0']
Resolved plugin [id: 'com.android.library', version: '8.5.2']
Using Kotlin Gradle Plugin gradle85 variant
Using default execution profile
kotlin scripting plugin: created the scripting discovery configuration: kotlinScriptDef
kotlin scripting plugin: created the scripting discovery configuration: testKotlinScriptDef
w: The following Kotlin/Native targets cannot be built on this machine and are disabled:
iosArm64, iosSimulatorArm64, iosX64, macosArm64, macosX64, watchosArm64, watchosSimulatorArm64, watchosX64
To hide this message, add 'kotlin.native.ignoreDisabledTargets=true' to the Gradle properties.


> Configure project :kotlin-crypto-pure
Evaluating project ':kotlin-crypto-pure' using build file 'D:\OtherProject\mine\crypto\kotlin-crypto-pure\build.gradle.kts'.
Resolved plugin [id: 'org.jetbrains.kotlin.multiplatform', version: '2.1.0']
Resolved plugin [id: 'com.android.library', version: '8.5.2']
Resolved plugin [id: 'org.gradle.maven-publish']
Using Kotlin Gradle Plugin gradle85 variant
Using default execution profile
kotlin scripting plugin: created the scripting discovery configuration: kotlinScriptDef
kotlin scripting plugin: created the scripting discovery configuration: testKotlinScriptDef
w: The following Kotlin/Native targets cannot be built on this machine and are disabled:
iosArm64, iosSimulatorArm64, iosX64, watchosArm64, watchosSimulatorArm64, watchosX64
To hide this message, add 'kotlin.native.ignoreDisabledTargets=true' to the Gradle properties.

w: The Default Kotlin Hierarchy Template was not applied to 'project ':kotlin-crypto-pure'':
Explicit .dependsOn() edges were configured for the following source sets:
[iosArm64Main, iosMain, iosSimulatorArm64Main, iosX64Main, watchosArm64Main, watchosMain, watchosSimulatorArm64Main, watchosX64Main]

Consider removing dependsOn-calls or disabling the default template by adding
    'kotlin.mpp.applyDefaultHierarchyTemplate=false'
to your gradle.properties

Learn more about hierarchy templates: https://kotl.in/hierarchy-template

All projects evaluated.
Task name matched 'compileKotlinJvm'
Selected primary task 'compileKotlinJvm' from project :
Tasks to be executed: [task ':checkKotlinGradlePluginConfigurationErrors', task ':kotlin-crypto-pure:checkKotlinGradlePluginConfigurationErrors', task ':kotlin-crypto-pure:compileKotlinJvm', task ':kotlin-crypto-pure:jvmProcessResources', task ':kotlin-crypto-pure:jvmMainClasses', task ':kotlin-crypto-pure:jvmJar', task ':compileKotlinJvm']
Tasks that were excluded: []
Resolve mutations for :checkKotlinGradlePluginConfigurationErrors (Thread[#616,Execution worker,5,main]) started.
:checkKotlinGradlePluginConfigurationErrors (Thread[#616,Execution worker,5,main]) started.
Invalidating in-memory cache of D:\OtherProject\mine\crypto\kotlin-miniscript\.gradle\8.13\executionHistory\executionHistory.bin

> Task :checkKotlinGradlePluginConfigurationErrors SKIPPED
Skipping task ':checkKotlinGradlePluginConfigurationErrors' as task onlyIf 'errorDiagnostics are present' is false.
Resolve mutations for :kotlin-crypto-pure:checkKotlinGradlePluginConfigurationErrors (Thread[#616,Execution worker,5,main]) started.
:kotlin-crypto-pure:checkKotlinGradlePluginConfigurationErrors (Thread[#616,Execution worker,5,main]) started.

> Task :kotlin-crypto-pure:checkKotlinGradlePluginConfigurationErrors SKIPPED
Skipping task ':kotlin-crypto-pure:checkKotlinGradlePluginConfigurationErrors' as task onlyIf 'errorDiagnostics are present' is false.
Resolve mutations for :kotlin-crypto-pure:compileKotlinJvm (Thread[#616,Execution worker,5,main]) started.
:kotlin-crypto-pure:compileKotlinJvm (Thread[#616,Execution worker,5,main]) started.

> Task :kotlin-crypto-pure:compileKotlinJvm UP-TO-DATE
Caching disabled for task ':kotlin-crypto-pure:compileKotlinJvm' because:
  Build cache is disabled
Skipping task ':kotlin-crypto-pure:compileKotlinJvm' as it is up-to-date.
Resolve mutations for :kotlin-crypto-pure:jvmProcessResources (Thread[#616,Execution worker,5,main]) started.
:kotlin-crypto-pure:jvmProcessResources (Thread[#616,Execution worker,5,main]) started.

> Task :kotlin-crypto-pure:jvmProcessResources NO-SOURCE
Skipping task ':kotlin-crypto-pure:jvmProcessResources' as it has no source files and no previous output files.
Resolve mutations for :kotlin-crypto-pure:jvmMainClasses (Thread[#616,Execution worker,5,main]) started.
:kotlin-crypto-pure:jvmMainClasses (Thread[#616,Execution worker,5,main]) started.

> Task :kotlin-crypto-pure:jvmMainClasses UP-TO-DATE
Skipping task ':kotlin-crypto-pure:jvmMainClasses' as it has no actions.
Resolve mutations for :kotlin-crypto-pure:jvmJar (Thread[#616,Execution worker,5,main]) started.
:kotlin-crypto-pure:jvmJar (Thread[#616,Execution worker,5,main]) started.

> Task :kotlin-crypto-pure:jvmJar UP-TO-DATE
Caching disabled for task ':kotlin-crypto-pure:jvmJar' because:
  Build cache is disabled
  Not worth caching
Skipping task ':kotlin-crypto-pure:jvmJar' as it is up-to-date.
work action resolve kotlin-crypto-pure-jvm-1.0.0.jar (project :kotlin-crypto-pure) (Thread[#616,Execution worker,5,main]) started.
Resolve mutations for :compileKotlinJvm (Thread[#616,Execution worker,5,main]) started.
:compileKotlinJvm (Thread[#616,Execution worker,5,main]) started.

> Task :compileKotlinJvm FAILED
Caching disabled for task ':compileKotlinJvm' because:
  Build cache is disabled
Task ':compileKotlinJvm' is not up-to-date because:
  Task has failed previously.
The input changes require a full rebuild for incremental task ':compileKotlinJvm'.
file or directory 'D:\OtherProject\mine\crypto\kotlin-miniscript\src\jvmMain\kotlin', not found
file or directory 'D:\OtherProject\mine\crypto\kotlin-miniscript\src\jvmMain\kotlin', not found
file or directory 'D:\OtherProject\mine\crypto\kotlin-miniscript\src\jvmMain\kotlin', not found
file or directory 'D:\OtherProject\mine\crypto\kotlin-miniscript\src\jvmMain\kotlin', not found
file or directory 'D:\OtherProject\mine\crypto\kotlin-miniscript\src\jvmMain\kotlin', not found
file or directory 'D:\OtherProject\mine\crypto\kotlin-miniscript\src\jvmMain\kotlin', not found
Kotlin source files: D:\OtherProject\mine\crypto\kotlin-miniscript\src\commonMain\kotlin\io\github\iml1s\miniscript\context\ScriptContext.kt, D:\OtherProject\mine\crypto\kotlin-miniscript\src\commonMain\kotlin\io\github\iml1s\miniscript\LockTime.kt, D:\OtherProject\mine\crypto\kotlin-miniscript\src\commonMain\kotlin\io\github\iml1s\miniscript\Miniscript.kt, D:\OtherProject\mine\crypto\kotlin-miniscript\src\commonMain\kotlin\io\github\iml1s\miniscript\MiniscriptError.kt, D:\OtherProject\mine\crypto\kotlin-miniscript\src\commonMain\kotlin\io\github\iml1s\miniscript\MiniscriptKey.kt, D:\OtherProject\mine\crypto\kotlin-miniscript\src\commonMain\kotlin\io\github\iml1s\miniscript\node\Terminal.kt, D:\OtherProject\mine\crypto\kotlin-miniscript\src\commonMain\kotlin\io\github\iml1s\miniscript\parser\MiniscriptParser.kt, D:\OtherProject\mine\crypto\kotlin-miniscript\src\commonMain\kotlin\io\github\iml1s\miniscript\policy\Concrete.kt, D:\OtherProject\mine\crypto\kotlin-miniscript\src\commonMain\kotlin\io\github\iml1s\miniscript\policy\Semantic.kt, D:\OtherProject\mine\crypto\kotlin-miniscript\src\commonMain\kotlin\io\github\iml1s\miniscript\Threshold.kt, D:\OtherProject\mine\crypto\kotlin-miniscript\src\commonMain\kotlin\io\github\iml1s\miniscript\types\Correctness.kt, D:\OtherProject\mine\crypto\kotlin-miniscript\src\commonMain\kotlin\io\github\iml1s\miniscript\types\ExtData.kt, D:\OtherProject\mine\crypto\kotlin-miniscript\src\commonMain\kotlin\io\github\iml1s\miniscript\types\Malleability.kt, D:\OtherProject\mine\crypto\kotlin-miniscript\src\commonMain\kotlin\io\github\iml1s\miniscript\types\Type.kt
Java source files: 
Script source files: 
Script file extensions: 
Using Kotlin/JVM incremental compilation
[KOTLIN] Kotlin compilation 'jdkHome' argument: C:\Program Files\Eclipse Adoptium\jdk-21.0.9.10-hotspot
Options for KOTLIN DAEMON: IncrementalCompilationOptions(super=CompilationOptions(compilerMode=INCREMENTAL_COMPILER, targetPlatform=JVM, reportCategories=[0, 3], reportSeverity=2, requestedCompilationResults=[0], kotlinScriptExtensions=[]), areFileChangesKnown=false, modifiedFiles=null, deletedFiles=null, classpathChanges=NotAvailableForNonIncrementalRun, workingDir=D:\OtherProject\mine\crypto\kotlin-miniscript\build\kotlin\compileKotlinJvm\cacheable, multiModuleICSettings=MultiModuleICSettings(buildHistoryFile=D:\OtherProject\mine\crypto\kotlin-miniscript\build\kotlin\compileKotlinJvm\local-state\build-history.bin, useModuleDetection=false), usePreciseJavaTracking=true, icFeatures=IncrementalCompilationFeatures(withAbiSnapshot=false, preciseCompilationResultsBackup=true, keepIncrementalCompilationCachesInMemory=true, enableUnsafeIncrementalCompilationForMultiplatform=false), outputFiles=[D:\OtherProject\mine\crypto\kotlin-miniscript\build\classes\kotlin\jvm\main, D:\OtherProject\mine\crypto\kotlin-miniscript\build\kotlin\compileKotlinJvm\cacheable, D:\OtherProject\mine\crypto\kotlin-miniscript\build\kotlin\compileKotlinJvm\local-state])
e: file:///D:/OtherProject/mine/crypto/kotlin-miniscript/src/commonMain/kotlin/io/github/iml1s/miniscript/Miniscript.kt:49:24 Unresolved reference 'MiniscriptParser'.
e: file:///D:/OtherProject/mine/crypto/kotlin-miniscript/src/commonMain/kotlin/io/github/iml1s/miniscript/Miniscript.kt:64:43 Initializer type mismatch: expected 'io.github.iml1s.miniscript.node.Terminal<Pk, Ctx>', actual 'kotlin.Any'.
e: file:///D:/OtherProject/mine/crypto/kotlin-miniscript/src/commonMain/kotlin/io/github/iml1s/miniscript/Miniscript.kt:65:33 Classifier 'class False<Pk : MiniscriptKey, Ctx : ScriptContext> : Terminal<Pk, Ctx>' does not have a companion object, so it cannot be used as an expression.
e: file:///D:/OtherProject/mine/crypto/kotlin-miniscript/src/commonMain/kotlin/io/github/iml1s/miniscript/Miniscript.kt:66:33 Classifier 'class True<Pk : MiniscriptKey, Ctx : ScriptContext> : Terminal<Pk, Ctx>' does not have a companion object, so it cannot be used as an expression.
e: file:///D:/OtherProject/mine/crypto/kotlin-miniscript/src/commonMain/kotlin/io/github/iml1s/miniscript/Miniscript.kt:129:54 Cannot infer type for this parameter. Please specify it explicitly.
e: file:///D:/OtherProject/mine/crypto/kotlin-miniscript/src/commonMain/kotlin/io/github/iml1s/miniscript/Miniscript.kt:129:54 Not enough information to infer type argument for 'R'.
e: file:///D:/OtherProject/mine/crypto/kotlin-miniscript/src/commonMain/kotlin/io/github/iml1s/miniscript/Miniscript.kt:129:58 Cannot infer type for this parameter. Please specify it explicitly.
e: file:///D:/OtherProject/mine/crypto/kotlin-miniscript/src/commonMain/kotlin/io/github/iml1s/miniscript/Miniscript.kt:129:60 Cannot infer type for this parameter. Please specify it explicitly.
e: file:///D:/OtherProject/mine/crypto/kotlin-miniscript/src/commonMain/kotlin/io/github/iml1s/miniscript/Miniscript.kt:129:60 Not enough information to infer type argument for 'Pk'.
e: file:///D:/OtherProject/mine/crypto/kotlin-miniscript/src/commonMain/kotlin/io/github/iml1s/miniscript/Miniscript.kt:173:65 Argument type mismatch: actual type is 'kotlin.Unit', but 'io.github.iml1s.miniscript.node.Terminal<Pk, Ctx>' was expected.
e: file:///D:/OtherProject/mine/crypto/kotlin-miniscript/src/commonMain/kotlin/io/github/iml1s/miniscript/Miniscript.kt:173:74 Classifier 'class True<Pk : MiniscriptKey, Ctx : ScriptContext> : Terminal<Pk, Ctx>' does not have a companion object, so it cannot be used as an expression.
e: file:///D:/OtherProject/mine/crypto/kotlin-miniscript/src/commonMain/kotlin/io/github/iml1s/miniscript/Miniscript.kt:174:64 Argument type mismatch: actual type is 'kotlin.Unit', but 'io.github.iml1s.miniscript.node.Terminal<Pk, Ctx>' was expected.
e: file:///D:/OtherProject/mine/crypto/kotlin-miniscript/src/commonMain/kotlin/io/github/iml1s/miniscript/Miniscript.kt:174:73 Classifier 'class False<Pk : MiniscriptKey, Ctx : ScriptContext> : Terminal<Pk, Ctx>' does not have a companion object, so it cannot be used as an expression.
e: file:///D:/OtherProject/mine/crypto/kotlin-miniscript/src/commonMain/kotlin/io/github/iml1s/miniscript/Miniscript.kt:175:49 Argument type mismatch: actual type is 'kotlin.Unit', but 'io.github.iml1s.miniscript.node.Terminal<Pk, Ctx>' was expected.
e: file:///D:/OtherProject/mine/crypto/kotlin-miniscript/src/commonMain/kotlin/io/github/iml1s/miniscript/Miniscript.kt:175:58 Classifier 'class False<Pk : MiniscriptKey, Ctx : ScriptContext> : Terminal<Pk, Ctx>' does not have a companion object, so it cannot be used as an expression.
e: file:///D:/OtherProject/mine/crypto/kotlin-miniscript/src/commonMain/kotlin/io/github/iml1s/miniscript/Miniscript.kt:187:10 Syntax error: Missing '}.
e: file:///D:/OtherProject/mine/crypto/kotlin-miniscript/src/commonMain/kotlin/io/github/iml1s/miniscript/MiniscriptKey.kt:20:47 Unresolved reference 'bitcoin'.
e: file:///D:/OtherProject/mine/crypto/kotlin-miniscript/src/commonMain/kotlin/io/github/iml1s/miniscript/policy/Concrete.kt:71:81 Type parameter 'Pk' is declared as 'out' but occurs in 'invariant' position in type 'io.github.iml1s.miniscript.Threshold<io.github.iml1s.miniscript.policy.Concrete<Pk>>'.
e: file:///D:/OtherProject/mine/crypto/kotlin-miniscript/src/commonMain/kotlin/io/github/iml1s/miniscript/policy/Semantic.kt:65:81 Type parameter 'Pk' is declared as 'out' but occurs in 'invariant' position in type 'io.github.iml1s.miniscript.Threshold<io.github.iml1s.miniscript.policy.Semantic<Pk>>'.
e: file:///D:/OtherProject/mine/crypto/kotlin-miniscript/src/commonMain/kotlin/io/github/iml1s/miniscript/policy/Semantic.kt:129:5 Modifier 'companion' is not applicable inside 'file'.
e: file:///D:/OtherProject/mine/crypto/kotlin-miniscript/src/commonMain/kotlin/io/github/iml1s/miniscript/policy/Semantic.kt:129:21 Syntax error: Name expected.
e: file:///D:/OtherProject/mine/crypto/kotlin-miniscript/src/commonMain/kotlin/io/github/iml1s/miniscript/policy/Semantic.kt:142:21 Unresolved reference 'Unsatisfiable'.
e: file:///D:/OtherProject/mine/crypto/kotlin-miniscript/src/commonMain/kotlin/io/github/iml1s/miniscript/policy/Semantic.kt:146:21 Unresolved reference 'Trivial'.
e: file:///D:/OtherProject/mine/crypto/kotlin-miniscript/src/commonMain/kotlin/io/github/iml1s/miniscript/policy/Semantic.kt:151:21 Unresolved reference 'Key'.
e: file:///D:/OtherProject/mine/crypto/kotlin-miniscript/src/commonMain/kotlin/io/github/iml1s/miniscript/policy/Semantic.kt:157:21 Unresolved reference 'After'.
e: file:///D:/OtherProject/mine/crypto/kotlin-miniscript/src/commonMain/kotlin/io/github/iml1s/miniscript/policy/Semantic.kt:163:21 Unresolved reference 'Older'.
e: file:///D:/OtherProject/mine/crypto/kotlin-miniscript/src/commonMain/kotlin/io/github/iml1s/miniscript/policy/Semantic.kt:173:21 Unresolved reference 'Thresh'.
e: file:///D:/OtherProject/mine/crypto/kotlin-miniscript/src/commonMain/kotlin/io/github/iml1s/miniscript/policy/Semantic.kt:178:21 Unresolved reference 'Thresh'.
e: file:///D:/OtherProject/mine/crypto/kotlin-miniscript/src/commonMain/kotlin/io/github/iml1s/miniscript/policy/Semantic.kt:185:21 Unresolved reference 'Thresh'.
e: file:///D:/OtherProject/mine/crypto/kotlin-miniscript/src/commonMain/kotlin/io/github/iml1s/miniscript/policy/Semantic.kt:197:1 Syntax error: Expecting a top level declaration.
Finished executing kotlin compiler using DAEMON strategy
e: file:///D:/OtherProject/mine/crypto/kotlin-miniscript/src/commonMain/kotlin/io/github/iml1s/miniscript/types/ExtData.kt:556:70 Cannot infer type for this parameter. Please specify it explicitly.
e: file:///D:/OtherProject/mine/crypto/kotlin-miniscript/src/commonMain/kotlin/io/github/iml1s/miniscript/types/ExtData.kt:556:70 Not enough information to infer type argument for 'Pk'.
e: file:///D:/OtherProject/mine/crypto/kotlin-miniscript/src/commonMain/kotlin/io/github/iml1s/miniscript/types/Type.kt:154:102 Cannot infer type for this parameter. Please specify it explicitly.
e: file:///D:/OtherProject/mine/crypto/kotlin-miniscript/src/commonMain/kotlin/io/github/iml1s/miniscript/types/Type.kt:154:106 No value passed for parameter 'value'.
e: file:///D:/OtherProject/mine/crypto/kotlin-miniscript/src/commonMain/kotlin/io/github/iml1s/miniscript/types/Type.kt:154:115 Unresolved reference 'it'.

FAILURE: Build failed with an exception.

* What went wrong:
Execution failed for task ':compileKotlinJvm'.
> A failure occurred while executing org.jetbrains.kotlin.compilerRunner.GradleCompilerRunnerWithWorkers$GradleKotlinCompilerWorkAction
   > Compilation error. See log for more details

* Try:
> Run with --stacktrace option to get the stack trace.
> Run with --debug option to get more log output.
> Run with --scan to get full insights.
> Get more help at https://help.gradle.org.

BUILD FAILED in 4s
3 actionable tasks: 1 executed, 2 up-to-date
Watched directory hierarchies: [D:\OtherProject\mine\crypto\kotlin-miniscript]
