Initialized native services in: C:\Users\aa223\.gradle\native
Initialized jansi services in: C:\Users\aa223\.gradle\native
The client will now receive all logging from the daemon (pid: 97840). The daemon log file: C:\Users\aa223\.gradle\daemon\8.13\daemon-97840.out.log
Starting 9th build in daemon [uptime: 15 mins 49.41 secs, performance: 100%, GC rate: 0.27/s, heap usage: 9% of 512 MiB, non-heap usage: 27% of 384 MiB]
Using 32 worker leases.
Now considering [D:\OtherProject\mine\crypto\kotlin-miniscript] as hierarchies to watch
Watching the file system is configured to be enabled if available
File system watching is active
Starting Build
Settings evaluated using settings file 'D:\OtherProject\mine\crypto\kotlin-miniscript\settings.gradle.kts'.
Projects loaded. Root project using build file 'D:\OtherProject\mine\crypto\kotlin-miniscript\build.gradle.kts'.
Included projects: [root project 'kotlin-miniscript', project ':kotlin-crypto-pure']

> Configure project :
Evaluating root project 'kotlin-miniscript' using build file 'D:\OtherProject\mine\crypto\kotlin-miniscript\build.gradle.kts'.
Resolved plugin [id: 'org.jetbrains.kotlin.multiplatform', version: '2.1.0']
Resolved plugin [id: 'com.android.library', version: '8.5.2']
Using Kotlin Gradle Plugin gradle85 variant
Using default execution profile
kotlin scripting plugin: created the scripting discovery configuration: kotlinScriptDef
kotlin scripting plugin: created the scripting discovery configuration: testKotlinScriptDef
w: The following Kotlin/Native targets cannot be built on this machine and are disabled:
iosArm64, iosSimulatorArm64, iosX64, macosArm64, macosX64, watchosArm64, watchosSimulatorArm64, watchosX64
To hide this message, add 'kotlin.native.ignoreDisabledTargets=true' to the Gradle properties.


> Configure project :kotlin-crypto-pure
Evaluating project ':kotlin-crypto-pure' using build file 'D:\OtherProject\mine\crypto\kotlin-crypto-pure\build.gradle.kts'.
Resolved plugin [id: 'org.jetbrains.kotlin.multiplatform', version: '2.1.0']
Resolved plugin [id: 'com.android.library', version: '8.5.2']
Resolved plugin [id: 'org.gradle.maven-publish']
Using Kotlin Gradle Plugin gradle85 variant
Using default execution profile
kotlin scripting plugin: created the scripting discovery configuration: kotlinScriptDef
kotlin scripting plugin: created the scripting discovery configuration: testKotlinScriptDef
w: The following Kotlin/Native targets cannot be built on this machine and are disabled:
iosArm64, iosSimulatorArm64, iosX64, watchosArm64, watchosSimulatorArm64, watchosX64
To hide this message, add 'kotlin.native.ignoreDisabledTargets=true' to the Gradle properties.

w: The Default Kotlin Hierarchy Template was not applied to 'project ':kotlin-crypto-pure'':
Explicit .dependsOn() edges were configured for the following source sets:
[iosArm64Main, iosMain, iosSimulatorArm64Main, iosX64Main, watchosArm64Main, watchosMain, watchosSimulatorArm64Main, watchosX64Main]

Consider removing dependsOn-calls or disabling the default template by adding
    'kotlin.mpp.applyDefaultHierarchyTemplate=false'
to your gradle.properties

Learn more about hierarchy templates: https://kotl.in/hierarchy-template

All projects evaluated.
Task name matched 'jvmTest'
Selected primary task 'jvmTest' from project :
Tasks to be executed: [task ':checkKotlinGradlePluginConfigurationErrors', task ':kotlin-crypto-pure:checkKotlinGradlePluginConfigurationErrors', task ':kotlin-crypto-pure:compileKotlinJvm', task ':kotlin-crypto-pure:jvmProcessResources', task ':kotlin-crypto-pure:jvmMainClasses', task ':kotlin-crypto-pure:jvmJar', task ':compileKotlinJvm', task ':jvmProcessResources', task ':jvmMainClasses', task ':jvmJar', task ':compileTestKotlinJvm', task ':jvmTestProcessResources', task ':jvmTestClasses', task ':jvmTest', task ':kotlin-crypto-pure:compileTestKotlinJvm', task ':kotlin-crypto-pure:jvmTestProcessResources', task ':kotlin-crypto-pure:jvmTestClasses', task ':kotlin-crypto-pure:jvmTest']
Tasks that were excluded: []
Resolve mutations for :checkKotlinGradlePluginConfigurationErrors (Thread[#1321,Execution worker,5,main]) started.
:checkKotlinGradlePluginConfigurationErrors (Thread[#1321,Execution worker,5,main]) started.

> Task :checkKotlinGradlePluginConfigurationErrors SKIPPED
Skipping task ':checkKotlinGradlePluginConfigurationErrors' as task onlyIf 'errorDiagnostics are present' is false.
Resolve mutations for :kotlin-crypto-pure:checkKotlinGradlePluginConfigurationErrors (Thread[#1321,Execution worker,5,main]) started.
:kotlin-crypto-pure:checkKotlinGradlePluginConfigurationErrors (Thread[#1324,Execution worker Thread 4,5,main]) started.

> Task :kotlin-crypto-pure:checkKotlinGradlePluginConfigurationErrors SKIPPED
Skipping task ':kotlin-crypto-pure:checkKotlinGradlePluginConfigurationErrors' as task onlyIf 'errorDiagnostics are present' is false.
Resolve mutations for :kotlin-crypto-pure:compileKotlinJvm (Thread[#1324,Execution worker Thread 4,5,main]) started.
:kotlin-crypto-pure:compileKotlinJvm (Thread[#1324,Execution worker Thread 4,5,main]) started.

> Task :kotlin-crypto-pure:compileKotlinJvm UP-TO-DATE
Caching disabled for task ':kotlin-crypto-pure:compileKotlinJvm' because:
  Build cache is disabled
Skipping task ':kotlin-crypto-pure:compileKotlinJvm' as it is up-to-date.
Resolve mutations for :kotlin-crypto-pure:jvmProcessResources (Thread[#1324,Execution worker Thread 4,5,main]) started.
:kotlin-crypto-pure:jvmProcessResources (Thread[#1323,Execution worker Thread 3,5,main]) started.

> Task :kotlin-crypto-pure:jvmProcessResources NO-SOURCE
Skipping task ':kotlin-crypto-pure:jvmProcessResources' as it has no source files and no previous output files.
Resolve mutations for :kotlin-crypto-pure:jvmMainClasses (Thread[#1323,Execution worker Thread 3,5,main]) started.
:kotlin-crypto-pure:jvmMainClasses (Thread[#1328,Execution worker Thread 7,5,main]) started.

> Task :kotlin-crypto-pure:jvmMainClasses UP-TO-DATE
Skipping task ':kotlin-crypto-pure:jvmMainClasses' as it has no actions.
Resolve mutations for :kotlin-crypto-pure:jvmJar (Thread[#1335,Execution worker Thread 14,5,main]) started.
:kotlin-crypto-pure:jvmJar (Thread[#1335,Execution worker Thread 14,5,main]) started.

> Task :kotlin-crypto-pure:jvmJar UP-TO-DATE
Caching disabled for task ':kotlin-crypto-pure:jvmJar' because:
  Build cache is disabled
  Not worth caching
Skipping task ':kotlin-crypto-pure:jvmJar' as it is up-to-date.
work action resolve kotlin-crypto-pure-jvm-1.0.0.jar (project :kotlin-crypto-pure) (Thread[#1335,Execution worker Thread 14,5,main]) started.
Resolve mutations for :compileKotlinJvm (Thread[#1335,Execution worker Thread 14,5,main]) started.
:compileKotlinJvm (Thread[#1335,Execution worker Thread 14,5,main]) started.

> Task :compileKotlinJvm UP-TO-DATE
Caching disabled for task ':compileKotlinJvm' because:
  Build cache is disabled
Skipping task ':compileKotlinJvm' as it is up-to-date.
Resolve mutations for :jvmProcessResources (Thread[#1335,Execution worker Thread 14,5,main]) started.
:jvmProcessResources (Thread[#1335,Execution worker Thread 14,5,main]) started.

> Task :jvmProcessResources NO-SOURCE
Skipping task ':jvmProcessResources' as it has no source files and no previous output files.
Resolve mutations for :jvmMainClasses (Thread[#1335,Execution worker Thread 14,5,main]) started.
:jvmMainClasses (Thread[#1335,Execution worker Thread 14,5,main]) started.

> Task :jvmMainClasses UP-TO-DATE
Skipping task ':jvmMainClasses' as it has no actions.
Resolve mutations for :jvmJar (Thread[#1335,Execution worker Thread 14,5,main]) started.
:jvmJar (Thread[#1340,Execution worker Thread 19,5,main]) started.

> Task :jvmJar UP-TO-DATE
Caching disabled for task ':jvmJar' because:
  Build cache is disabled
  Not worth caching
Skipping task ':jvmJar' as it is up-to-date.
Resolve mutations for :compileTestKotlinJvm (Thread[#1340,Execution worker Thread 19,5,main]) started.
:compileTestKotlinJvm (Thread[#1340,Execution worker Thread 19,5,main]) started.

> Task :compileTestKotlinJvm UP-TO-DATE
Caching disabled for task ':compileTestKotlinJvm' because:
  Build cache is disabled
Skipping task ':compileTestKotlinJvm' as it is up-to-date.
Resolve mutations for :jvmTestProcessResources (Thread[#1340,Execution worker Thread 19,5,main]) started.
:jvmTestProcessResources (Thread[#1340,Execution worker Thread 19,5,main]) started.

> Task :jvmTestProcessResources NO-SOURCE
Skipping task ':jvmTestProcessResources' as it has no source files and no previous output files.
Resolve mutations for :jvmTestClasses (Thread[#1340,Execution worker Thread 19,5,main]) started.
:jvmTestClasses (Thread[#1340,Execution worker Thread 19,5,main]) started.

> Task :jvmTestClasses UP-TO-DATE
Skipping task ':jvmTestClasses' as it has no actions.
Resolve mutations for :jvmTest (Thread[#1340,Execution worker Thread 19,5,main]) started.
:jvmTest (Thread[#1340,Execution worker Thread 19,5,main]) started.
Gradle Test Executor 2 started executing tests.
Gradle Test Executor 2 finished executing tests.

> Task :jvmTest FAILED
Caching disabled for task ':jvmTest' because:
  Build cache is disabled
Task ':jvmTest' is not up-to-date because:
  Task has failed previously.
Starting process 'Gradle Test Executor 2'. Working directory: D:\OtherProject\mine\crypto\kotlin-miniscript Command: C:\Program Files\Eclipse Adoptium\jdk-21.0.9.10-hotspot\bin\java.exe -Dorg.gradle.internal.worker.tmpdir=D:\OtherProject\mine\crypto\kotlin-miniscript\build\tmp\jvmTest\work @C:\Users\aa223\.gradle\.tmp\gradle-worker-classpath2853013059559959219txt -Xmx512m -Dfile.encoding=UTF-8 -Duser.country=TW -Duser.language=zh -Duser.variant -ea worker.org.gradle.process.internal.worker.GradleWorkerMain 'Gradle Test Executor 2'
Successfully started process 'Gradle Test Executor 2'

PolicyTest[jvm] > testNestedLift[jvm] FAILED
    java.lang.IllegalArgumentException: Unexpected tokens after root node: (
        at io.github.iml1s.miniscript.parser.MiniscriptParser$Companion.parse(MiniscriptParser.kt:26)
        at io.github.iml1s.miniscript.policy.Concrete$Companion.fromStr(Concrete.kt:104)
        at io.github.iml1s.miniscript.policy.PolicyTest.testNestedLift(PolicyTest.kt:63)

PolicyTest[jvm] > testLift[jvm] FAILED

5 tests completed, 5 failed
    java.lang.IllegalArgumentException: Unexpected tokens after root node: (
        at io.github.iml1s.miniscript.parser.MiniscriptParser$Companion.parse(MiniscriptParser.kt:26)
        at io.github.iml1s.miniscript.policy.Concrete$Companion.fromStr(Concrete.kt:104)
        at io.github.iml1s.miniscript.policy.PolicyTest.testLift(PolicyTest.kt:45)

PolicyTest[jvm] > testConcreteParse[jvm] FAILED
    java.lang.IllegalArgumentException: Unexpected tokens after root node: (
        at io.github.iml1s.miniscript.parser.MiniscriptParser$Companion.parse(MiniscriptParser.kt:26)
        at io.github.iml1s.miniscript.policy.Concrete$Companion.fromStr(Concrete.kt:104)
        at io.github.iml1s.miniscript.policy.PolicyTest.testConcreteParse(PolicyTest.kt:15)

PolicyTest[jvm] > testConcreteOrWithProb[jvm] FAILED
    java.lang.IllegalArgumentException: Unexpected tokens after root node: (
        at io.github.iml1s.miniscript.parser.MiniscriptParser$Companion.parse(MiniscriptParser.kt:26)
        at io.github.iml1s.miniscript.policy.Concrete$Companion.fromStr(Concrete.kt:104)
        at io.github.iml1s.miniscript.policy.PolicyTest.testConcreteOrWithProb(PolicyTest.kt:33)

PolicyTest[jvm] > testConcreteAnd[jvm] FAILED
    java.lang.IllegalArgumentException: Unexpected tokens after root node: (
        at io.github.iml1s.miniscript.parser.MiniscriptParser$Companion.parse(MiniscriptParser.kt:26)
        at io.github.iml1s.miniscript.policy.Concrete$Companion.fromStr(Concrete.kt:104)
        at io.github.iml1s.miniscript.policy.PolicyTest.testConcreteAnd(PolicyTest.kt:23)
Finished generating test XML results (0.001 secs) into: D:\OtherProject\mine\crypto\kotlin-miniscript\build\test-results\jvmTest
Generating HTML test report...
Finished generating test html results (0.009 secs) into: D:\OtherProject\mine\crypto\kotlin-miniscript\build\reports\tests\jvmTest

FAILURE: Build failed with an exception.

* What went wrong:
Execution failed for task ':jvmTest'.
> There were failing tests. See the report at: file:///D:/OtherProject/mine/crypto/kotlin-miniscript/build/reports/tests/jvmTest/index.html

* Try:
> Run with --scan to get full insights.

BUILD FAILED in 2s
6 actionable tasks: 1 executed, 5 up-to-date
Watched directory hierarchies: [D:\OtherProject\mine\crypto\kotlin-miniscript]
