Initialized native services in: C:\Users\aa223\.gradle\native
Initialized jansi services in: C:\Users\aa223\.gradle\native
The client will now receive all logging from the daemon (pid: 97840). The daemon log file: C:\Users\aa223\.gradle\daemon\8.13\daemon-97840.out.log
Starting 26th build in daemon [uptime: 3 hrs 53 mins 38.645 secs, performance: 100%, GC rate: 0.00/s, heap usage: 12% of 512 MiB, non-heap usage: 29% of 384 MiB]
Using 32 worker leases.
Now considering [D:\OtherProject\mine\crypto\kotlin-miniscript] as hierarchies to watch
Watching the file system is configured to be enabled if available
File system watching is active
Starting Build
Invalidating in-memory cache of C:\Users\aa223\.gradle\caches\journal-1\file-access.bin
Settings evaluated using settings file 'D:\OtherProject\mine\crypto\kotlin-miniscript\settings.gradle.kts'.
Projects loaded. Root project using build file 'D:\OtherProject\mine\crypto\kotlin-miniscript\build.gradle.kts'.
Included projects: [root project 'kotlin-miniscript', project ':kotlin-crypto-pure']

> Configure project :
Evaluating root project 'kotlin-miniscript' using build file 'D:\OtherProject\mine\crypto\kotlin-miniscript\build.gradle.kts'.
Resolved plugin [id: 'org.jetbrains.kotlin.multiplatform', version: '2.1.0']
Resolved plugin [id: 'com.android.library', version: '8.5.2']
Using Kotlin Gradle Plugin gradle85 variant
Using default execution profile
kotlin scripting plugin: created the scripting discovery configuration: kotlinScriptDef
kotlin scripting plugin: created the scripting discovery configuration: testKotlinScriptDef
w: The following Kotlin/Native targets cannot be built on this machine and are disabled:
iosArm64, iosSimulatorArm64, iosX64, macosArm64, macosX64, watchosArm64, watchosSimulatorArm64, watchosX64
To hide this message, add 'kotlin.native.ignoreDisabledTargets=true' to the Gradle properties.


> Configure project :kotlin-crypto-pure
Evaluating project ':kotlin-crypto-pure' using build file 'D:\OtherProject\mine\crypto\kotlin-crypto-pure\build.gradle.kts'.
Resolved plugin [id: 'org.jetbrains.kotlin.multiplatform', version: '2.1.0']
Resolved plugin [id: 'com.android.library', version: '8.5.2']
Resolved plugin [id: 'org.gradle.maven-publish']
Using Kotlin Gradle Plugin gradle85 variant
Using default execution profile
kotlin scripting plugin: created the scripting discovery configuration: kotlinScriptDef
kotlin scripting plugin: created the scripting discovery configuration: testKotlinScriptDef
w: The following Kotlin/Native targets cannot be built on this machine and are disabled:
iosArm64, iosSimulatorArm64, iosX64, watchosArm64, watchosSimulatorArm64, watchosX64
To hide this message, add 'kotlin.native.ignoreDisabledTargets=true' to the Gradle properties.

w: The Default Kotlin Hierarchy Template was not applied to 'project ':kotlin-crypto-pure'':
Explicit .dependsOn() edges were configured for the following source sets:
[iosArm64Main, iosMain, iosSimulatorArm64Main, iosX64Main, watchosArm64Main, watchosMain, watchosSimulatorArm64Main, watchosX64Main]

Consider removing dependsOn-calls or disabling the default template by adding
    'kotlin.mpp.applyDefaultHierarchyTemplate=false'
to your gradle.properties

Learn more about hierarchy templates: https://kotl.in/hierarchy-template

All projects evaluated.
Task name matched 'cleanTest'
Task name matched 'jvmTest'
Selected primary task 'cleanTest' from project :
Selected primary task 'jvmTest' from project :
Tasks to be executed: [task ':cleanTest', task ':kotlin-crypto-pure:cleanTest', task ':checkKotlinGradlePluginConfigurationErrors', task ':kotlin-crypto-pure:checkKotlinGradlePluginConfigurationErrors', task ':kotlin-crypto-pure:compileKotlinJvm', task ':kotlin-crypto-pure:jvmProcessResources', task ':kotlin-crypto-pure:jvmMainClasses', task ':kotlin-crypto-pure:jvmJar', task ':compileKotlinJvm', task ':jvmProcessResources', task ':jvmMainClasses', task ':jvmJar', task ':compileTestKotlinJvm', task ':jvmTestProcessResources', task ':jvmTestClasses', task ':jvmTest', task ':kotlin-crypto-pure:compileTestKotlinJvm', task ':kotlin-crypto-pure:jvmTestProcessResources', task ':kotlin-crypto-pure:jvmTestClasses', task ':kotlin-crypto-pure:jvmTest']
Tasks that were excluded: []
Resolve mutations for :cleanTest (Thread[#3996,Execution worker Thread 2,5,main]) started.
:cleanTest (Thread[#3996,Execution worker Thread 2,5,main]) started.

> Task :cleanTest UP-TO-DATE
Caching disabled for task ':cleanTest' because:
  Build cache is disabled
Task ':cleanTest' is not up-to-date because:
  Task has not declared any outputs despite executing actions.
Resolve mutations for :kotlin-crypto-pure:cleanTest (Thread[#3996,Execution worker Thread 2,5,main]) started.
:kotlin-crypto-pure:cleanTest (Thread[#3996,Execution worker Thread 2,5,main]) started.
destroyer locations for task group 0 (Thread[#4005,Execution worker Thread 11,5,main]) started.

> Task :kotlin-crypto-pure:cleanTest UP-TO-DATE
Caching disabled for task ':kotlin-crypto-pure:cleanTest' because:
  Build cache is disabled
Task ':kotlin-crypto-pure:cleanTest' is not up-to-date because:
  Task has not declared any outputs despite executing actions.
Resolve mutations for :checkKotlinGradlePluginConfigurationErrors (Thread[#3996,Execution worker Thread 2,5,main]) started.
:checkKotlinGradlePluginConfigurationErrors (Thread[#4013,Execution worker Thread 19,5,main]) started.

> Task :checkKotlinGradlePluginConfigurationErrors SKIPPED
Skipping task ':checkKotlinGradlePluginConfigurationErrors' as task onlyIf 'errorDiagnostics are present' is false.
Resolve mutations for :kotlin-crypto-pure:checkKotlinGradlePluginConfigurationErrors (Thread[#4013,Execution worker Thread 19,5,main]) started.
:kotlin-crypto-pure:checkKotlinGradlePluginConfigurationErrors (Thread[#3997,Execution worker Thread 3,5,main]) started.

> Task :kotlin-crypto-pure:checkKotlinGradlePluginConfigurationErrors SKIPPED
Skipping task ':kotlin-crypto-pure:checkKotlinGradlePluginConfigurationErrors' as task onlyIf 'errorDiagnostics are present' is false.
Resolve mutations for :kotlin-crypto-pure:compileKotlinJvm (Thread[#3997,Execution worker Thread 3,5,main]) started.
:kotlin-crypto-pure:compileKotlinJvm (Thread[#3997,Execution worker Thread 3,5,main]) started.

> Task :kotlin-crypto-pure:compileKotlinJvm UP-TO-DATE
Caching disabled for task ':kotlin-crypto-pure:compileKotlinJvm' because:
  Build cache is disabled
Skipping task ':kotlin-crypto-pure:compileKotlinJvm' as it is up-to-date.
Resolve mutations for :kotlin-crypto-pure:jvmProcessResources (Thread[#3997,Execution worker Thread 3,5,main]) started.
:kotlin-crypto-pure:jvmProcessResources (Thread[#3997,Execution worker Thread 3,5,main]) started.

> Task :kotlin-crypto-pure:jvmProcessResources NO-SOURCE
Skipping task ':kotlin-crypto-pure:jvmProcessResources' as it has no source files and no previous output files.
Resolve mutations for :kotlin-crypto-pure:jvmMainClasses (Thread[#3997,Execution worker Thread 3,5,main]) started.
:kotlin-crypto-pure:jvmMainClasses (Thread[#3996,Execution worker Thread 2,5,main]) started.

> Task :kotlin-crypto-pure:jvmMainClasses UP-TO-DATE
Skipping task ':kotlin-crypto-pure:jvmMainClasses' as it has no actions.
Resolve mutations for :kotlin-crypto-pure:jvmJar (Thread[#3996,Execution worker Thread 2,5,main]) started.
:kotlin-crypto-pure:jvmJar (Thread[#3996,Execution worker Thread 2,5,main]) started.

> Task :kotlin-crypto-pure:jvmJar UP-TO-DATE
Caching disabled for task ':kotlin-crypto-pure:jvmJar' because:
  Build cache is disabled
  Not worth caching
Skipping task ':kotlin-crypto-pure:jvmJar' as it is up-to-date.
work action resolve kotlin-crypto-pure-jvm-1.0.0.jar (project :kotlin-crypto-pure) (Thread[#3996,Execution worker Thread 2,5,main]) started.
Resolve mutations for :compileKotlinJvm (Thread[#3996,Execution worker Thread 2,5,main]) started.
:compileKotlinJvm (Thread[#3996,Execution worker Thread 2,5,main]) started.
Resolve mutations for :jvmProcessResources (Thread[#4018,Execution worker Thread 23,5,main]) started.
:jvmProcessResources (Thread[#4018,Execution worker Thread 23,5,main]) started.

> Task :jvmProcessResources NO-SOURCE
Skipping task ':jvmProcessResources' as it has no source files and no previous output files.
Resolve mutations for :jvmTestProcessResources (Thread[#4018,Execution worker Thread 23,5,main]) started.
:jvmTestProcessResources (Thread[#4018,Execution worker Thread 23,5,main]) started.

> Task :jvmTestProcessResources NO-SOURCE
Skipping task ':jvmTestProcessResources' as it has no source files and no previous output files.
Resolve mutations for :kotlin-crypto-pure:compileTestKotlinJvm (Thread[#4018,Execution worker Thread 23,5,main]) started.
:kotlin-crypto-pure:compileTestKotlinJvm (Thread[#4018,Execution worker Thread 23,5,main]) started.

> Task :kotlin-crypto-pure:compileTestKotlinJvm UP-TO-DATE
Caching disabled for task ':kotlin-crypto-pure:compileTestKotlinJvm' because:
  Build cache is disabled
Skipping task ':kotlin-crypto-pure:compileTestKotlinJvm' as it is up-to-date.
Resolve mutations for :kotlin-crypto-pure:jvmTestProcessResources (Thread[#4018,Execution worker Thread 23,5,main]) started.
:kotlin-crypto-pure:jvmTestProcessResources (Thread[#4018,Execution worker Thread 23,5,main]) started.

> Task :kotlin-crypto-pure:jvmTestProcessResources NO-SOURCE
Skipping task ':kotlin-crypto-pure:jvmTestProcessResources' as it has no source files and no previous output files.
Resolve mutations for :kotlin-crypto-pure:jvmTestClasses (Thread[#4018,Execution worker Thread 23,5,main]) started.
:kotlin-crypto-pure:jvmTestClasses (Thread[#4018,Execution worker Thread 23,5,main]) started.

> Task :kotlin-crypto-pure:jvmTestClasses UP-TO-DATE
Skipping task ':kotlin-crypto-pure:jvmTestClasses' as it has no actions.
Resolve mutations for :kotlin-crypto-pure:jvmTest (Thread[#4018,Execution worker Thread 23,5,main]) started.
:kotlin-crypto-pure:jvmTest (Thread[#4018,Execution worker Thread 23,5,main]) started.
Gradle Test Executor 11 started executing tests.
Gradle Test Executor 11 finished executing tests.

> Task :kotlin-crypto-pure:jvmTest FAILED
Caching disabled for task ':kotlin-crypto-pure:jvmTest' because:
  Build cache is disabled
Task ':kotlin-crypto-pure:jvmTest' is not up-to-date because:
  Value of input property 'filter.commandLineIncludePatterns' has changed for task ':kotlin-crypto-pure:jvmTest'
Starting process 'Gradle Test Executor 11'. Working directory: D:\OtherProject\mine\crypto\kotlin-crypto-pure Command: C:\Program Files\Eclipse Adoptium\jdk-21.0.9.10-hotspot\bin\java.exe -Dorg.gradle.internal.worker.tmpdir=D:\OtherProject\mine\crypto\kotlin-crypto-pure\build\tmp\jvmTest\work @C:\Users\aa223\.gradle\.tmp\gradle-worker-classpath15043274837912348933txt -Xmx512m -Dfile.encoding=UTF-8 -Duser.country=TW -Duser.language=zh -Duser.variant -ea worker.org.gradle.process.internal.worker.GradleWorkerMain 'Gradle Test Executor 11'
Successfully started process 'Gradle Test Executor 11'
Finished generating test XML results (0.01 secs) into: D:\OtherProject\mine\crypto\kotlin-crypto-pure\build\test-results\jvmTest
Generating HTML test report...
Finished generating test html results (0.017 secs) into: D:\OtherProject\mine\crypto\kotlin-crypto-pure\build\reports\tests\jvmTest

> Task :compileKotlinJvm
Caching disabled for task ':compileKotlinJvm' because:
  Build cache is disabled
Task ':compileKotlinJvm' is not up-to-date because:
  Input property 'commonSourceSet$kotlin_gradle_plugin_common' file D:\OtherProject\mine\crypto\kotlin-miniscript\src\commonMain\kotlin\io\github\iml1s\miniscript\Miniscript.kt has changed.
  Input property 'commonSourceSet$kotlin_gradle_plugin_common' file D:\OtherProject\mine\crypto\kotlin-miniscript\src\commonMain\kotlin\io\github\iml1s\miniscript\MiniscriptKey.kt has changed.
  Input property 'multiplatformStructure.fragments.$1.sources' file D:\OtherProject\mine\crypto\kotlin-miniscript\src\commonMain\kotlin\io\github\iml1s\miniscript\Miniscript.kt has changed.
  and more...
file or directory 'D:\OtherProject\mine\crypto\kotlin-miniscript\src\jvmMain\kotlin', not found
file or directory 'D:\OtherProject\mine\crypto\kotlin-miniscript\src\jvmMain\kotlin', not found
file or directory 'D:\OtherProject\mine\crypto\kotlin-miniscript\src\jvmMain\kotlin', not found
file or directory 'D:\OtherProject\mine\crypto\kotlin-miniscript\src\jvmMain\kotlin', not found
file or directory 'D:\OtherProject\mine\crypto\kotlin-miniscript\src\jvmMain\kotlin', not found
Kotlin source files: D:\OtherProject\mine\crypto\kotlin-miniscript\src\commonMain\kotlin\io\github\iml1s\miniscript\context\ScriptContext.kt, D:\OtherProject\mine\crypto\kotlin-miniscript\src\commonMain\kotlin\io\github\iml1s\miniscript\LockTime.kt, D:\OtherProject\mine\crypto\kotlin-miniscript\src\commonMain\kotlin\io\github\iml1s\miniscript\Miniscript.kt, D:\OtherProject\mine\crypto\kotlin-miniscript\src\commonMain\kotlin\io\github\iml1s\miniscript\MiniscriptError.kt, D:\OtherProject\mine\crypto\kotlin-miniscript\src\commonMain\kotlin\io\github\iml1s\miniscript\MiniscriptKey.kt, D:\OtherProject\mine\crypto\kotlin-miniscript\src\commonMain\kotlin\io\github\iml1s\miniscript\node\ScriptElt.kt, D:\OtherProject\mine\crypto\kotlin-miniscript\src\commonMain\kotlin\io\github\iml1s\miniscript\node\Terminal.kt, D:\OtherProject\mine\crypto\kotlin-miniscript\src\commonMain\kotlin\io\github\iml1s\miniscript\parser\MiniscriptParser.kt, D:\OtherProject\mine\crypto\kotlin-miniscript\src\commonMain\kotlin\io\github\iml1s\miniscript\policy\Concrete.kt, D:\OtherProject\mine\crypto\kotlin-miniscript\src\commonMain\kotlin\io\github\iml1s\miniscript\policy\Semantic.kt, D:\OtherProject\mine\crypto\kotlin-miniscript\src\commonMain\kotlin\io\github\iml1s\miniscript\Threshold.kt, D:\OtherProject\mine\crypto\kotlin-miniscript\src\commonMain\kotlin\io\github\iml1s\miniscript\types\Correctness.kt, D:\OtherProject\mine\crypto\kotlin-miniscript\src\commonMain\kotlin\io\github\iml1s\miniscript\types\ExtData.kt, D:\OtherProject\mine\crypto\kotlin-miniscript\src\commonMain\kotlin\io\github\iml1s\miniscript\types\Malleability.kt, D:\OtherProject\mine\crypto\kotlin-miniscript\src\commonMain\kotlin\io\github\iml1s\miniscript\types\Type.kt
Java source files: 
Script source files: 
Script file extensions: 
Using Kotlin/JVM incremental compilation
[KOTLIN] Kotlin compilation 'jdkHome' argument: C:\Program Files\Eclipse Adoptium\jdk-21.0.9.10-hotspot
i: starting the daemon as: C:\Program Files\Eclipse Adoptium\jdk-21.0.9.10-hotspot\bin\java -cp C:\Users\aa223\.gradle\caches\modules-2\files-2.1\org.jetbrains.kotlin\kotlin-compiler-embeddable\2.1.0\988bf980588bbbcfa1ba19c1ffd7aa869b335a31\kotlin-compiler-embeddable-2.1.0.jar;C:\Users\aa223\.gradle\caches\modules-2\files-2.1\org.jetbrains.kotlin\kotlin-stdlib\2.1.0\85f8b81009cda5890e54ba67d64b5e599c645020\kotlin-stdlib-2.1.0.jar;C:\Users\aa223\.gradle\caches\modules-2\files-2.1\org.jetbrains.kotlin\kotlin-script-runtime\2.1.0\5909da8c57b75a117714ab0e348c86101b7a3284\kotlin-script-runtime-2.1.0.jar;C:\Users\aa223\.gradle\caches\modules-2\files-2.1\org.jetbrains.kotlin\kotlin-reflect\1.6.10\1cbe9c92c12a94eea200d23c2bbaedaf3daf5132\kotlin-reflect-1.6.10.jar;C:\Users\aa223\.gradle\caches\modules-2\files-2.1\org.jetbrains.kotlin\kotlin-daemon-embeddable\2.1.0\420bae1908e4a353f5b56c3c850d24d86367b25d\kotlin-daemon-embeddable-2.1.0.jar;C:\Users\aa223\.gradle\caches\modules-2\files-2.1\org.jetbrains.intellij.deps\trove4j\1.0.20200330\3afb14d5f9ceb459d724e907a21145e8ff394f02\trove4j-1.0.20200330.jar;C:\Users\aa223\.gradle\caches\modules-2\files-2.1\org.jetbrains.kotlinx\kotlinx-coroutines-core-jvm\1.6.4\2c997cd1c0ef33f3e751d3831929aeff1390cb30\kotlinx-coroutines-core-jvm-1.6.4.jar;C:\Users\aa223\.gradle\caches\modules-2\files-2.1\org.jetbrains\annotations\13.0\919f0dfe192fb4e063e7dacadee7f8bb9a2672a9\annotations-13.0.jar -Djava.awt.headless=true -Djava.rmi.server.hostname=127.0.0.1 -Xmx512m -XX:MaxMetaspaceSize=384m -XX:ReservedCodeCacheSize=320m -Dkotlin.environment.keepalive -ea -XX:+UseCodeCacheFlushing -XX:+UseParallelGC -Dkotlin.daemon.initiator.marker.file=C:\Users\aa223\AppData\Local\Temp\kotlin-compiler-in-kotlinminiscript-7873100320113686065.alive --add-exports java.base/sun.nio.ch=ALL-UNNAMED org.jetbrains.kotlin.daemon.KotlinCompileDaemon --daemon-runFilesPath C:\Users\aa223\AppData\Local\kotlin\daemon --daemon-autoshutdownIdleSeconds=7200 --daemon-compilerClasspath C:\Users\aa223\.gradle\caches\modules-2\files-2.1\org.jetbrains.kotlin\kotlin-compiler-embeddable\2.1.0\988bf980588bbbcfa1ba19c1ffd7aa869b335a31\kotlin-compiler-embeddable-2.1.0.jar;C:\Users\aa223\.gradle\caches\modules-2\files-2.1\org.jetbrains.kotlin\kotlin-stdlib\2.1.0\85f8b81009cda5890e54ba67d64b5e599c645020\kotlin-stdlib-2.1.0.jar;C:\Users\aa223\.gradle\caches\modules-2\files-2.1\org.jetbrains.kotlin\kotlin-script-runtime\2.1.0\5909da8c57b75a117714ab0e348c86101b7a3284\kotlin-script-runtime-2.1.0.jar;C:\Users\aa223\.gradle\caches\modules-2\files-2.1\org.jetbrains.kotlin\kotlin-reflect\1.6.10\1cbe9c92c12a94eea200d23c2bbaedaf3daf5132\kotlin-reflect-1.6.10.jar;C:\Users\aa223\.gradle\caches\modules-2\files-2.1\org.jetbrains.kotlin\kotlin-daemon-embeddable\2.1.0\420bae1908e4a353f5b56c3c850d24d86367b25d\kotlin-daemon-embeddable-2.1.0.jar;C:\Users\aa223\.gradle\caches\modules-2\files-2.1\org.jetbrains.intellij.deps\trove4j\1.0.20200330\3afb14d5f9ceb459d724e907a21145e8ff394f02\trove4j-1.0.20200330.jar;C:\Users\aa223\.gradle\caches\modules-2\files-2.1\org.jetbrains.kotlinx\kotlinx-coroutines-core-jvm\1.6.4\2c997cd1c0ef33f3e751d3831929aeff1390cb30\kotlinx-coroutines-core-jvm-1.6.4.jar;C:\Users\aa223\.gradle\caches\modules-2\files-2.1\org.jetbrains\annotations\13.0\919f0dfe192fb4e063e7dacadee7f8bb9a2672a9\annotations-13.0.jar
i: #1 retrying connecting to the daemon 
Options for KOTLIN DAEMON: IncrementalCompilationOptions(super=CompilationOptions(compilerMode=INCREMENTAL_COMPILER, targetPlatform=JVM, reportCategories=[0, 3], reportSeverity=2, requestedCompilationResults=[0], kotlinScriptExtensions=[]), areFileChangesKnown=true, modifiedFiles=[D:\OtherProject\mine\crypto\kotlin-miniscript\src\commonMain\kotlin\io\github\iml1s\miniscript\Miniscript.kt, D:\OtherProject\mine\crypto\kotlin-miniscript\src\commonMain\kotlin\io\github\iml1s\miniscript\MiniscriptKey.kt, D:\OtherProject\mine\crypto\kotlin-miniscript\src\commonMain\kotlin\io\github\iml1s\miniscript\Miniscript.kt, D:\OtherProject\mine\crypto\kotlin-miniscript\src\commonMain\kotlin\io\github\iml1s\miniscript\MiniscriptKey.kt], deletedFiles=[], classpathChanges=NoChanges, workingDir=D:\OtherProject\mine\crypto\kotlin-miniscript\build\kotlin\compileKotlinJvm\cacheable, multiModuleICSettings=MultiModuleICSettings(buildHistoryFile=D:\OtherProject\mine\crypto\kotlin-miniscript\build\kotlin\compileKotlinJvm\local-state\build-history.bin, useModuleDetection=false), usePreciseJavaTracking=true, icFeatures=IncrementalCompilationFeatures(withAbiSnapshot=false, preciseCompilationResultsBackup=true, keepIncrementalCompilationCachesInMemory=true, enableUnsafeIncrementalCompilationForMultiplatform=false), outputFiles=[D:\OtherProject\mine\crypto\kotlin-miniscript\build\classes\kotlin\jvm\main, D:\OtherProject\mine\crypto\kotlin-miniscript\build\kotlin\compileKotlinJvm\cacheable, D:\OtherProject\mine\crypto\kotlin-miniscript\build\kotlin\compileKotlinJvm\local-state])
Finished executing kotlin compiler using DAEMON strategy
Restoring task outputs to pre-compilation state

> Task :compileKotlinJvm FAILED
e: file:///D:/OtherProject/mine/crypto/kotlin-miniscript/src/commonMain/kotlin/io/github/iml1s/miniscript/Miniscript.kt:229:37 Argument type mismatch: actual type is 'kotlin.String', but 'kotlin.ByteArray' was expected.
e: file:///D:/OtherProject/mine/crypto/kotlin-miniscript/src/commonMain/kotlin/io/github/iml1s/miniscript/Miniscript.kt:233:38 Argument type mismatch: actual type is 'kotlin.String', but 'kotlin.ByteArray' was expected.
e: file:///D:/OtherProject/mine/crypto/kotlin-miniscript/src/commonMain/kotlin/io/github/iml1s/miniscript/Miniscript.kt:237:40 Argument type mismatch: actual type is 'kotlin.String', but 'kotlin.ByteArray' was expected.
e: file:///D:/OtherProject/mine/crypto/kotlin-miniscript/src/commonMain/kotlin/io/github/iml1s/miniscript/Miniscript.kt:241:38 Argument type mismatch: actual type is 'kotlin.String', but 'kotlin.ByteArray' was expected.

FAILURE: Build completed with 2 failures.

1: Task failed with an exception.
-----------
* What went wrong:
Execution failed for task ':kotlin-crypto-pure:jvmTest'.
> No tests found for given includes: [*MiniscriptOfficialTest](--tests filter)

* Try:
> Run with --stacktrace option to get the stack trace.
> Run with --debug option to get more log output.
> Run with --scan to get full insights.
> Get more help at https://help.gradle.org.
==============================================================================

2: Task failed with an exception.
-----------
* What went wrong:
Execution failed for task ':compileKotlinJvm'.
> A failure occurred while executing org.jetbrains.kotlin.compilerRunner.GradleCompilerRunnerWithWorkers$GradleKotlinCompilerWorkAction
   > Compilation error. See log for more details

* Try:
> Run with --stacktrace option to get the stack trace.
> Run with --debug option to get more log output.
> Run with --scan to get full insights.
> Get more help at https://help.gradle.org.
==============================================================================

BUILD FAILED in 12s
7 actionable tasks: 2 executed, 5 up-to-date
Watched directory hierarchies: [D:\OtherProject\mine\crypto\kotlin-miniscript]
