Initialized native services in: C:\Users\aa223\.gradle\native
Initialized jansi services in: C:\Users\aa223\.gradle\native
The client will now receive all logging from the daemon (pid: 97840). The daemon log file: C:\Users\aa223\.gradle\daemon\8.13\daemon-97840.out.log
Starting 33rd build in daemon [uptime: 4 hrs 34 mins 11.612 secs, performance: 99%, GC rate: 0.00/s, heap usage: 12% of 512 MiB, non-heap usage: 30% of 384 MiB]
Using 32 worker leases.
Now considering [D:\OtherProject\mine\crypto\kotlin-miniscript] as hierarchies to watch
Watching the file system is configured to be enabled if available
File system watching is active
Starting Build
Settings evaluated using settings file 'D:\OtherProject\mine\crypto\kotlin-miniscript\settings.gradle.kts'.
Projects loaded. Root project using build file 'D:\OtherProject\mine\crypto\kotlin-miniscript\build.gradle.kts'.
Included projects: [root project 'kotlin-miniscript', project ':kotlin-crypto-pure']

> Configure project :
Evaluating root project 'kotlin-miniscript' using build file 'D:\OtherProject\mine\crypto\kotlin-miniscript\build.gradle.kts'.
Resolved plugin [id: 'org.jetbrains.kotlin.multiplatform', version: '2.1.0']
Resolved plugin [id: 'com.android.library', version: '8.5.2']
Using Kotlin Gradle Plugin gradle85 variant
Using default execution profile
kotlin scripting plugin: created the scripting discovery configuration: kotlinScriptDef
kotlin scripting plugin: created the scripting discovery configuration: testKotlinScriptDef
w: The following Kotlin/Native targets cannot be built on this machine and are disabled:
iosArm64, iosSimulatorArm64, iosX64, macosArm64, macosX64, watchosArm64, watchosSimulatorArm64, watchosX64
To hide this message, add 'kotlin.native.ignoreDisabledTargets=true' to the Gradle properties.


> Configure project :kotlin-crypto-pure
Evaluating project ':kotlin-crypto-pure' using build file 'D:\OtherProject\mine\crypto\kotlin-crypto-pure\build.gradle.kts'.
Resolved plugin [id: 'org.jetbrains.kotlin.multiplatform', version: '2.1.0']
Resolved plugin [id: 'com.android.library', version: '8.5.2']
Resolved plugin [id: 'org.gradle.maven-publish']
Using Kotlin Gradle Plugin gradle85 variant
Using default execution profile
kotlin scripting plugin: created the scripting discovery configuration: kotlinScriptDef
kotlin scripting plugin: created the scripting discovery configuration: testKotlinScriptDef
w: The following Kotlin/Native targets cannot be built on this machine and are disabled:
iosArm64, iosSimulatorArm64, iosX64, watchosArm64, watchosSimulatorArm64, watchosX64
To hide this message, add 'kotlin.native.ignoreDisabledTargets=true' to the Gradle properties.

w: The Default Kotlin Hierarchy Template was not applied to 'project ':kotlin-crypto-pure'':
Explicit .dependsOn() edges were configured for the following source sets:
[iosArm64Main, iosMain, iosSimulatorArm64Main, iosX64Main, watchosArm64Main, watchosMain, watchosSimulatorArm64Main, watchosX64Main]

Consider removing dependsOn-calls or disabling the default template by adding
    'kotlin.mpp.applyDefaultHierarchyTemplate=false'
to your gradle.properties

Learn more about hierarchy templates: https://kotl.in/hierarchy-template

All projects evaluated.
Task path ':jvmTest' matched project ':'
Task name matched 'jvmTest'
Selected primary task 'jvmTest' from project :
Tasks to be executed: [task ':checkKotlinGradlePluginConfigurationErrors', task ':kotlin-crypto-pure:checkKotlinGradlePluginConfigurationErrors', task ':kotlin-crypto-pure:compileKotlinJvm', task ':kotlin-crypto-pure:jvmProcessResources', task ':kotlin-crypto-pure:jvmMainClasses', task ':kotlin-crypto-pure:jvmJar', task ':compileKotlinJvm', task ':jvmProcessResources', task ':jvmMainClasses', task ':jvmJar', task ':compileTestKotlinJvm', task ':jvmTestProcessResources', task ':jvmTestClasses', task ':jvmTest']
Tasks that were excluded: []
Resolve mutations for :checkKotlinGradlePluginConfigurationErrors (Thread[#5058,Execution worker,5,main]) started.
:checkKotlinGradlePluginConfigurationErrors (Thread[#5064,Execution worker Thread 7,5,main]) started.

> Task :checkKotlinGradlePluginConfigurationErrors SKIPPED
Skipping task ':checkKotlinGradlePluginConfigurationErrors' as task onlyIf 'errorDiagnostics are present' is false.
Resolve mutations for :kotlin-crypto-pure:checkKotlinGradlePluginConfigurationErrors (Thread[#5064,Execution worker Thread 7,5,main]) started.
:kotlin-crypto-pure:checkKotlinGradlePluginConfigurationErrors (Thread[#5065,Execution worker Thread 8,5,main]) started.

> Task :kotlin-crypto-pure:checkKotlinGradlePluginConfigurationErrors SKIPPED
Skipping task ':kotlin-crypto-pure:checkKotlinGradlePluginConfigurationErrors' as task onlyIf 'errorDiagnostics are present' is false.
Resolve mutations for :kotlin-crypto-pure:compileKotlinJvm (Thread[#5087,Execution worker Thread 29,5,main]) started.
:kotlin-crypto-pure:compileKotlinJvm (Thread[#5087,Execution worker Thread 29,5,main]) started.

> Task :kotlin-crypto-pure:compileKotlinJvm UP-TO-DATE
Caching disabled for task ':kotlin-crypto-pure:compileKotlinJvm' because:
  Build cache is disabled
Skipping task ':kotlin-crypto-pure:compileKotlinJvm' as it is up-to-date.
Resolve mutations for :kotlin-crypto-pure:jvmProcessResources (Thread[#5087,Execution worker Thread 29,5,main]) started.
:kotlin-crypto-pure:jvmProcessResources (Thread[#5071,Execution worker Thread 14,5,main]) started.

> Task :kotlin-crypto-pure:jvmProcessResources NO-SOURCE
Skipping task ':kotlin-crypto-pure:jvmProcessResources' as it has no source files and no previous output files.
Resolve mutations for :kotlin-crypto-pure:jvmMainClasses (Thread[#5071,Execution worker Thread 14,5,main]) started.
:kotlin-crypto-pure:jvmMainClasses (Thread[#5080,Execution worker Thread 23,5,main]) started.

> Task :kotlin-crypto-pure:jvmMainClasses UP-TO-DATE
Skipping task ':kotlin-crypto-pure:jvmMainClasses' as it has no actions.
Resolve mutations for :kotlin-crypto-pure:jvmJar (Thread[#5065,Execution worker Thread 8,5,main]) started.
:kotlin-crypto-pure:jvmJar (Thread[#5079,Execution worker Thread 22,5,main]) started.

> Task :kotlin-crypto-pure:jvmJar UP-TO-DATE
Caching disabled for task ':kotlin-crypto-pure:jvmJar' because:
  Build cache is disabled
  Not worth caching
Skipping task ':kotlin-crypto-pure:jvmJar' as it is up-to-date.
work action resolve kotlin-crypto-pure-jvm-1.0.0.jar (project :kotlin-crypto-pure) (Thread[#5079,Execution worker Thread 22,5,main]) started.
Resolve mutations for :compileKotlinJvm (Thread[#5079,Execution worker Thread 22,5,main]) started.
:compileKotlinJvm (Thread[#5079,Execution worker Thread 22,5,main]) started.

> Task :compileKotlinJvm UP-TO-DATE
Caching disabled for task ':compileKotlinJvm' because:
  Build cache is disabled
Skipping task ':compileKotlinJvm' as it is up-to-date.
Resolve mutations for :jvmProcessResources (Thread[#5079,Execution worker Thread 22,5,main]) started.
:jvmProcessResources (Thread[#5079,Execution worker Thread 22,5,main]) started.

> Task :jvmProcessResources NO-SOURCE
Skipping task ':jvmProcessResources' as it has no source files and no previous output files.
Resolve mutations for :jvmMainClasses (Thread[#5079,Execution worker Thread 22,5,main]) started.
:jvmMainClasses (Thread[#5083,Execution worker Thread 26,5,main]) started.

> Task :jvmMainClasses UP-TO-DATE
Skipping task ':jvmMainClasses' as it has no actions.
Resolve mutations for :jvmJar (Thread[#5083,Execution worker Thread 26,5,main]) started.
:jvmJar (Thread[#5072,Execution worker Thread 15,5,main]) started.

> Task :jvmJar UP-TO-DATE
Caching disabled for task ':jvmJar' because:
  Build cache is disabled
  Not worth caching
Skipping task ':jvmJar' as it is up-to-date.
Resolve mutations for :compileTestKotlinJvm (Thread[#5072,Execution worker Thread 15,5,main]) started.
:compileTestKotlinJvm (Thread[#5072,Execution worker Thread 15,5,main]) started.
Resolve mutations for :jvmTestProcessResources (Thread[#5057,included builds,5,main]) started.
:jvmTestProcessResources (Thread[#5057,included builds,5,main]) started.

> Task :jvmTestProcessResources NO-SOURCE
Skipping task ':jvmTestProcessResources' as it has no source files and no previous output files.

> Task :compileTestKotlinJvm
Caching disabled for task ':compileTestKotlinJvm' because:
  Build cache is disabled
Task ':compileTestKotlinJvm' is not up-to-date because:
  Task has failed previously.
The input changes require a full rebuild for incremental task ':compileTestKotlinJvm'.
file or directory 'D:\OtherProject\mine\crypto\kotlin-miniscript\src\jvmTest\kotlin', not found
file or directory 'D:\OtherProject\mine\crypto\kotlin-miniscript\src\jvmTest\kotlin', not found
file or directory 'D:\OtherProject\mine\crypto\kotlin-miniscript\src\jvmTest\kotlin', not found
file or directory 'D:\OtherProject\mine\crypto\kotlin-miniscript\src\jvmTest\kotlin', not found
file or directory 'D:\OtherProject\mine\crypto\kotlin-miniscript\src\jvmTest\kotlin', not found
file or directory 'D:\OtherProject\mine\crypto\kotlin-miniscript\src\jvmTest\kotlin', not found
Kotlin source files: D:\OtherProject\mine\crypto\kotlin-miniscript\src\commonTest\kotlin\io\github\iml1s\miniscript\MiniscriptOfficialTest.kt, D:\OtherProject\mine\crypto\kotlin-miniscript\src\commonTest\kotlin\io\github\iml1s\miniscript\MiniscriptTest.kt, D:\OtherProject\mine\crypto\kotlin-miniscript\src\commonTest\kotlin\io\github\iml1s\miniscript\policy\PolicyCompilerTest.kt, D:\OtherProject\mine\crypto\kotlin-miniscript\src\commonTest\kotlin\io\github\iml1s\miniscript\policy\PolicyTest.kt
Java source files: 
Script source files: 
Script file extensions: 
Using Kotlin/JVM incremental compilation
[KOTLIN] Kotlin compilation 'jdkHome' argument: C:\Program Files\Eclipse Adoptium\jdk-21.0.9.10-hotspot
Options for KOTLIN DAEMON: IncrementalCompilationOptions(super=CompilationOptions(compilerMode=INCREMENTAL_COMPILER, targetPlatform=JVM, reportCategories=[0, 3], reportSeverity=2, requestedCompilationResults=[0], kotlinScriptExtensions=[]), areFileChangesKnown=false, modifiedFiles=null, deletedFiles=null, classpathChanges=NotAvailableForNonIncrementalRun, workingDir=D:\OtherProject\mine\crypto\kotlin-miniscript\build\kotlin\compileTestKotlinJvm\cacheable, multiModuleICSettings=MultiModuleICSettings(buildHistoryFile=D:\OtherProject\mine\crypto\kotlin-miniscript\build\kotlin\compileTestKotlinJvm\local-state\build-history.bin, useModuleDetection=false), usePreciseJavaTracking=true, icFeatures=IncrementalCompilationFeatures(withAbiSnapshot=false, preciseCompilationResultsBackup=true, keepIncrementalCompilationCachesInMemory=true, enableUnsafeIncrementalCompilationForMultiplatform=false), outputFiles=[D:\OtherProject\mine\crypto\kotlin-miniscript\build\classes\kotlin\jvm\test, D:\OtherProject\mine\crypto\kotlin-miniscript\build\kotlin\compileTestKotlinJvm\cacheable, D:\OtherProject\mine\crypto\kotlin-miniscript\build\kotlin\compileTestKotlinJvm\local-state])
Finished executing kotlin compiler using DAEMON strategy
Resolve mutations for :jvmTestClasses (Thread[#5072,Execution worker Thread 15,5,main]) started.
:jvmTestClasses (Thread[#5072,Execution worker Thread 15,5,main]) started.

> Task :jvmTestClasses
Skipping task ':jvmTestClasses' as it has no actions.
Resolve mutations for :jvmTest (Thread[#5072,Execution worker Thread 15,5,main]) started.
:jvmTest (Thread[#5059,Execution worker Thread 2,5,main]) started.
Gradle Test Executor 15 started executing tests.
Gradle Test Executor 15 finished executing tests.

> Task :jvmTest FAILED
Caching disabled for task ':jvmTest' because:
  Build cache is disabled
Task ':jvmTest' is not up-to-date because:
  Value of input property 'filter.commandLineIncludePatterns' has changed for task ':jvmTest'
Starting process 'Gradle Test Executor 15'. Working directory: D:\OtherProject\mine\crypto\kotlin-miniscript Command: C:\Program Files\Eclipse Adoptium\jdk-21.0.9.10-hotspot\bin\java.exe -Dorg.gradle.internal.worker.tmpdir=D:\OtherProject\mine\crypto\kotlin-miniscript\build\tmp\jvmTest\work @C:\Users\aa223\.gradle\.tmp\gradle-worker-classpath8958678059031099074txt -Xmx512m -Dfile.encoding=UTF-8 -Duser.country=TW -Duser.language=zh -Duser.variant -ea worker.org.gradle.process.internal.worker.GradleWorkerMain 'Gradle Test Executor 15'
Successfully started process 'Gradle Test Executor 15'

PolicyCompilerTest[jvm] > testOrCompilation[jvm] FAILED
    RightNotDissatisfiable
        at app//io.github.iml1s.miniscript.MiniscriptError$RightNotDissatisfiable.<clinit>(MiniscriptError.kt)
        at app//io.github.iml1s.miniscript.types.Correctness$Companion.orB(Correctness.kt:260)
        at app//io.github.iml1s.miniscript.types.Type$Companion.orB(Type.kt:104)
        at app//io.github.iml1s.miniscript.types.Type$Companion.typeCheck(Type.kt:150)
        at app//io.github.iml1s.miniscript.Miniscript$Companion.fromAst(Miniscript.kt:80)
        at app//io.github.iml1s.miniscript.policy.CompilerKt.compileOr(Compiler.kt:104)
        at app//io.github.iml1s.miniscript.policy.CompilerKt.toTerminal(Compiler.kt:43)
        at app//io.github.iml1s.miniscript.policy.CompilerKt.compile(Compiler.kt:16)
        at app//io.github.iml1s.miniscript.policy.PolicyCompilerTest.testOrCompilation(PolicyCompilerTest.kt:39)

PolicyCompilerTest[jvm] > testBasicCompilation[jvm] FAILED
    ChildBase2(base1=B, base2=B)
        at app//io.github.iml1s.miniscript.types.Correctness$Companion.andB(Correctness.kt:241)
        at app//io.github.iml1s.miniscript.types.Type$Companion.andB(Type.kt:96)
        at app//io.github.iml1s.miniscript.types.Type$Companion.typeCheck(Type.kt:148)
        at app//io.github.iml1s.miniscript.Miniscript$Companion.fromAst(Miniscript.kt:80)
        at app//io.github.iml1s.miniscript.policy.CompilerKt.compileAnd(Compiler.kt:88)
        at app//io.github.iml1s.miniscript.policy.CompilerKt.toTerminal(Compiler.kt:42)
        at app//io.github.iml1s.miniscript.policy.CompilerKt.compile(Compiler.kt:16)
        at app//io.github.iml1s.miniscript.policy.PolicyCompilerTest.testBasicCompilation(PolicyCompilerTest.kt:20)

PolicyCompilerTest[jvm] > testThresh[jvm] FAILED
    ThresholdBase(index=1, base=B)
        at app//io.github.iml1s.miniscript.types.Correctness$Companion.threshold(Correctness.kt:353)
        at app//io.github.iml1s.miniscript.types.Type$Companion.threshold(Type.kt:124)
        at app//io.github.iml1s.miniscript.types.Type$Companion.typeCheck(Type.kt:154)
        at app//io.github.iml1s.miniscript.Miniscript$Companion.fromAst(Miniscript.kt:80)
        at app//io.github.iml1s.miniscript.policy.CompilerKt.compile(Compiler.kt:16)
        at app//io.github.iml1s.miniscript.policy.PolicyCompilerTest.testThresh(PolicyCompilerTest.kt:48)

3 tests completed, 3 failed
Finished generating test XML results (0.001 secs) into: D:\OtherProject\mine\crypto\kotlin-miniscript\build\test-results\jvmTest
Generating HTML test report...
Finished generating test html results (0.005 secs) into: D:\OtherProject\mine\crypto\kotlin-miniscript\build\reports\tests\jvmTest

FAILURE: Build failed with an exception.

* What went wrong:
Execution failed for task ':jvmTest'.
> There were failing tests. See the report at: file:///D:/OtherProject/mine/crypto/kotlin-miniscript/build/reports/tests/jvmTest/index.html

* Try:
> Run with --scan to get full insights.

BUILD FAILED in 3s
6 actionable tasks: 2 executed, 4 up-to-date
Watched directory hierarchies: [D:\OtherProject\mine\crypto\kotlin-miniscript]
