Initialized native services in: C:\Users\aa223\.gradle\native
Initialized jansi services in: C:\Users\aa223\.gradle\native
The client will now receive all logging from the daemon (pid: 97840). The daemon log file: C:\Users\aa223\.gradle\daemon\8.13\daemon-97840.out.log
Starting 28th build in daemon [uptime: 3 hrs 54 mins 55.096 secs, performance: 100%, GC rate: 0.00/s, heap usage: 12% of 512 MiB, non-heap usage: 29% of 384 MiB]
Using 32 worker leases.
Now considering [D:\OtherProject\mine\crypto\kotlin-miniscript] as hierarchies to watch
Watching the file system is configured to be enabled if available
File system watching is active
Starting Build
Settings evaluated using settings file 'D:\OtherProject\mine\crypto\kotlin-miniscript\settings.gradle.kts'.
Projects loaded. Root project using build file 'D:\OtherProject\mine\crypto\kotlin-miniscript\build.gradle.kts'.
Included projects: [root project 'kotlin-miniscript', project ':kotlin-crypto-pure']

> Configure project :
Evaluating root project 'kotlin-miniscript' using build file 'D:\OtherProject\mine\crypto\kotlin-miniscript\build.gradle.kts'.
Resolved plugin [id: 'org.jetbrains.kotlin.multiplatform', version: '2.1.0']
Resolved plugin [id: 'com.android.library', version: '8.5.2']
Using Kotlin Gradle Plugin gradle85 variant
Using default execution profile
kotlin scripting plugin: created the scripting discovery configuration: kotlinScriptDef
kotlin scripting plugin: created the scripting discovery configuration: testKotlinScriptDef
w: The following Kotlin/Native targets cannot be built on this machine and are disabled:
iosArm64, iosSimulatorArm64, iosX64, macosArm64, macosX64, watchosArm64, watchosSimulatorArm64, watchosX64
To hide this message, add 'kotlin.native.ignoreDisabledTargets=true' to the Gradle properties.


> Configure project :kotlin-crypto-pure
Evaluating project ':kotlin-crypto-pure' using build file 'D:\OtherProject\mine\crypto\kotlin-crypto-pure\build.gradle.kts'.
Resolved plugin [id: 'org.jetbrains.kotlin.multiplatform', version: '2.1.0']
Resolved plugin [id: 'com.android.library', version: '8.5.2']
Resolved plugin [id: 'org.gradle.maven-publish']
Using Kotlin Gradle Plugin gradle85 variant
Using default execution profile
kotlin scripting plugin: created the scripting discovery configuration: kotlinScriptDef
kotlin scripting plugin: created the scripting discovery configuration: testKotlinScriptDef
w: The following Kotlin/Native targets cannot be built on this machine and are disabled:
iosArm64, iosSimulatorArm64, iosX64, watchosArm64, watchosSimulatorArm64, watchosX64
To hide this message, add 'kotlin.native.ignoreDisabledTargets=true' to the Gradle properties.

w: The Default Kotlin Hierarchy Template was not applied to 'project ':kotlin-crypto-pure'':
Explicit .dependsOn() edges were configured for the following source sets:
[iosArm64Main, iosMain, iosSimulatorArm64Main, iosX64Main, watchosArm64Main, watchosMain, watchosSimulatorArm64Main, watchosX64Main]

Consider removing dependsOn-calls or disabling the default template by adding
    'kotlin.mpp.applyDefaultHierarchyTemplate=false'
to your gradle.properties

Learn more about hierarchy templates: https://kotl.in/hierarchy-template

All projects evaluated.
Task path ':jvmTest' matched project ':'
Task name matched 'jvmTest'
Selected primary task 'jvmTest' from project :
Tasks to be executed: [task ':checkKotlinGradlePluginConfigurationErrors', task ':kotlin-crypto-pure:checkKotlinGradlePluginConfigurationErrors', task ':kotlin-crypto-pure:compileKotlinJvm', task ':kotlin-crypto-pure:jvmProcessResources', task ':kotlin-crypto-pure:jvmMainClasses', task ':kotlin-crypto-pure:jvmJar', task ':compileKotlinJvm', task ':jvmProcessResources', task ':jvmMainClasses', task ':jvmJar', task ':compileTestKotlinJvm', task ':jvmTestProcessResources', task ':jvmTestClasses', task ':jvmTest']
Tasks that were excluded: []
Resolve mutations for :checkKotlinGradlePluginConfigurationErrors (Thread[#4309,Execution worker,5,main]) started.
:checkKotlinGradlePluginConfigurationErrors (Thread[#4309,Execution worker,5,main]) started.

> Task :checkKotlinGradlePluginConfigurationErrors SKIPPED
Skipping task ':checkKotlinGradlePluginConfigurationErrors' as task onlyIf 'errorDiagnostics are present' is false.
Resolve mutations for :kotlin-crypto-pure:checkKotlinGradlePluginConfigurationErrors (Thread[#4309,Execution worker,5,main]) started.
:kotlin-crypto-pure:checkKotlinGradlePluginConfigurationErrors (Thread[#4309,Execution worker,5,main]) started.

> Task :kotlin-crypto-pure:checkKotlinGradlePluginConfigurationErrors SKIPPED
Skipping task ':kotlin-crypto-pure:checkKotlinGradlePluginConfigurationErrors' as task onlyIf 'errorDiagnostics are present' is false.
Resolve mutations for :kotlin-crypto-pure:compileKotlinJvm (Thread[#4309,Execution worker,5,main]) started.
:kotlin-crypto-pure:compileKotlinJvm (Thread[#4309,Execution worker,5,main]) started.

> Task :kotlin-crypto-pure:compileKotlinJvm UP-TO-DATE
Caching disabled for task ':kotlin-crypto-pure:compileKotlinJvm' because:
  Build cache is disabled
Skipping task ':kotlin-crypto-pure:compileKotlinJvm' as it is up-to-date.
Resolve mutations for :kotlin-crypto-pure:jvmProcessResources (Thread[#4309,Execution worker,5,main]) started.
:kotlin-crypto-pure:jvmProcessResources (Thread[#4309,Execution worker,5,main]) started.

> Task :kotlin-crypto-pure:jvmProcessResources NO-SOURCE
Skipping task ':kotlin-crypto-pure:jvmProcessResources' as it has no source files and no previous output files.
Resolve mutations for :kotlin-crypto-pure:jvmMainClasses (Thread[#4309,Execution worker,5,main]) started.
:kotlin-crypto-pure:jvmMainClasses (Thread[#4309,Execution worker,5,main]) started.

> Task :kotlin-crypto-pure:jvmMainClasses UP-TO-DATE
Skipping task ':kotlin-crypto-pure:jvmMainClasses' as it has no actions.
Resolve mutations for :kotlin-crypto-pure:jvmJar (Thread[#4309,Execution worker,5,main]) started.
:kotlin-crypto-pure:jvmJar (Thread[#4309,Execution worker,5,main]) started.

> Task :kotlin-crypto-pure:jvmJar UP-TO-DATE
Caching disabled for task ':kotlin-crypto-pure:jvmJar' because:
  Build cache is disabled
  Not worth caching
Skipping task ':kotlin-crypto-pure:jvmJar' as it is up-to-date.
work action resolve kotlin-crypto-pure-jvm-1.0.0.jar (project :kotlin-crypto-pure) (Thread[#4309,Execution worker,5,main]) started.
Resolve mutations for :compileKotlinJvm (Thread[#4309,Execution worker,5,main]) started.
:compileKotlinJvm (Thread[#4309,Execution worker,5,main]) started.

> Task :compileKotlinJvm UP-TO-DATE
Caching disabled for task ':compileKotlinJvm' because:
  Build cache is disabled
Skipping task ':compileKotlinJvm' as it is up-to-date.
Resolve mutations for :jvmProcessResources (Thread[#4309,Execution worker,5,main]) started.
:jvmProcessResources (Thread[#4313,Execution worker Thread 5,5,main]) started.

> Task :jvmProcessResources NO-SOURCE
Skipping task ':jvmProcessResources' as it has no source files and no previous output files.
Resolve mutations for :jvmMainClasses (Thread[#4313,Execution worker Thread 5,5,main]) started.
:jvmMainClasses (Thread[#4313,Execution worker Thread 5,5,main]) started.

> Task :jvmMainClasses UP-TO-DATE
Skipping task ':jvmMainClasses' as it has no actions.
Resolve mutations for :jvmJar (Thread[#4313,Execution worker Thread 5,5,main]) started.
:jvmJar (Thread[#4313,Execution worker Thread 5,5,main]) started.

> Task :jvmJar
Caching disabled for task ':jvmJar' because:
  Build cache is disabled
  Not worth caching
Task ':jvmJar' is not up-to-date because:
  Input property 'rootSpec$1' file D:\OtherProject\mine\crypto\kotlin-miniscript\build\classes\kotlin\jvm\main\io\github\iml1s\miniscript\Miniscript$Companion.class has changed.
  Input property 'rootSpec$1' file D:\OtherProject\mine\crypto\kotlin-miniscript\build\classes\kotlin\jvm\main\io\github\iml1s\miniscript\StringKey.class has changed.
file or directory 'D:\OtherProject\mine\crypto\kotlin-miniscript\build\processedResources\jvm\main', not found
Resolve mutations for :compileTestKotlinJvm (Thread[#4313,Execution worker Thread 5,5,main]) started.
:compileTestKotlinJvm (Thread[#4313,Execution worker Thread 5,5,main]) started.
Resolve mutations for :jvmTestProcessResources (Thread[#4339,Execution worker Thread 30,5,main]) started.
:jvmTestProcessResources (Thread[#4339,Execution worker Thread 30,5,main]) started.

> Task :jvmTestProcessResources NO-SOURCE
Skipping task ':jvmTestProcessResources' as it has no source files and no previous output files.

> Task :compileTestKotlinJvm
Caching disabled for BuildToolsApiClasspathEntrySnapshotTransform: D:\OtherProject\mine\crypto\kotlin-miniscript\build\classes\kotlin\jvm\main because:
  Build cache is disabled
Caching disabled for task ':compileTestKotlinJvm' because:
  Build cache is disabled
Task ':compileTestKotlinJvm' is not up-to-date because:
  Input property 'classpathSnapshotProperties.classpathSnapshot' file C:\Users\aa223\.gradle\caches\8.13\transforms\21374ed1fa7280c1b701af0163bc15dd\transformed\main-snapshot.bin has been removed.
  Input property 'classpathSnapshotProperties.classpathSnapshot' file C:\Users\aa223\.gradle\caches\8.13\transforms\624f14530e4c17f0222315ba05200be5\transformed\main-snapshot.bin has been added.
  Input property 'commonSourceSet$kotlin_gradle_plugin_common' file D:\OtherProject\mine\crypto\kotlin-miniscript\src\commonTest\kotlin\io\github\iml1s\miniscript\MiniscriptOfficialTest.kt has been added.
  and more...
file or directory 'D:\OtherProject\mine\crypto\kotlin-miniscript\src\jvmTest\kotlin', not found
file or directory 'D:\OtherProject\mine\crypto\kotlin-miniscript\src\jvmTest\kotlin', not found
file or directory 'D:\OtherProject\mine\crypto\kotlin-miniscript\src\jvmTest\kotlin', not found
file or directory 'D:\OtherProject\mine\crypto\kotlin-miniscript\src\jvmTest\kotlin', not found
file or directory 'D:\OtherProject\mine\crypto\kotlin-miniscript\src\jvmTest\kotlin', not found
Kotlin source files: D:\OtherProject\mine\crypto\kotlin-miniscript\src\commonTest\kotlin\io\github\iml1s\miniscript\MiniscriptOfficialTest.kt, D:\OtherProject\mine\crypto\kotlin-miniscript\src\commonTest\kotlin\io\github\iml1s\miniscript\MiniscriptTest.kt, D:\OtherProject\mine\crypto\kotlin-miniscript\src\commonTest\kotlin\io\github\iml1s\miniscript\policy\PolicyTest.kt
Java source files: 
Script source files: 
Script file extensions: 
Using Kotlin/JVM incremental compilation
[KOTLIN] Kotlin compilation 'jdkHome' argument: C:\Program Files\Eclipse Adoptium\jdk-21.0.9.10-hotspot
Options for KOTLIN DAEMON: IncrementalCompilationOptions(super=CompilationOptions(compilerMode=INCREMENTAL_COMPILER, targetPlatform=JVM, reportCategories=[0, 3], reportSeverity=2, requestedCompilationResults=[0], kotlinScriptExtensions=[]), areFileChangesKnown=true, modifiedFiles=[D:\OtherProject\mine\crypto\kotlin-miniscript\src\commonTest\kotlin\io\github\iml1s\miniscript\MiniscriptOfficialTest.kt, D:\OtherProject\mine\crypto\kotlin-miniscript\src\commonTest\kotlin\io\github\iml1s\miniscript\MiniscriptOfficialTest.kt, C:\Users\aa223\.gradle\caches\8.13\transforms\624f14530e4c17f0222315ba05200be5\transformed\main-snapshot.bin], deletedFiles=[C:\Users\aa223\.gradle\caches\8.13\transforms\21374ed1fa7280c1b701af0163bc15dd\transformed\main-snapshot.bin], classpathChanges=ToBeComputedByIncrementalCompiler, workingDir=D:\OtherProject\mine\crypto\kotlin-miniscript\build\kotlin\compileTestKotlinJvm\cacheable, multiModuleICSettings=MultiModuleICSettings(buildHistoryFile=D:\OtherProject\mine\crypto\kotlin-miniscript\build\kotlin\compileTestKotlinJvm\local-state\build-history.bin, useModuleDetection=false), usePreciseJavaTracking=true, icFeatures=IncrementalCompilationFeatures(withAbiSnapshot=false, preciseCompilationResultsBackup=true, keepIncrementalCompilationCachesInMemory=true, enableUnsafeIncrementalCompilationForMultiplatform=false), outputFiles=[D:\OtherProject\mine\crypto\kotlin-miniscript\build\classes\kotlin\jvm\test, D:\OtherProject\mine\crypto\kotlin-miniscript\build\kotlin\compileTestKotlinJvm\cacheable, D:\OtherProject\mine\crypto\kotlin-miniscript\build\kotlin\compileTestKotlinJvm\local-state])
Finished executing kotlin compiler using DAEMON strategy
Resolve mutations for :jvmTestClasses (Thread[#4313,Execution worker Thread 5,5,main]) started.
:jvmTestClasses (Thread[#4313,Execution worker Thread 5,5,main]) started.

> Task :jvmTestClasses
Skipping task ':jvmTestClasses' as it has no actions.
Resolve mutations for :jvmTest (Thread[#4313,Execution worker Thread 5,5,main]) started.
:jvmTest (Thread[#4313,Execution worker Thread 5,5,main]) started.
Gradle Test Executor 13 started executing tests.
Gradle Test Executor 13 finished executing tests.

> Task :jvmTest FAILED
Caching disabled for task ':jvmTest' because:
  Build cache is disabled
Task ':jvmTest' is not up-to-date because:
  Value of input property 'filter.commandLineIncludePatterns' has changed for task ':jvmTest'
Starting process 'Gradle Test Executor 13'. Working directory: D:\OtherProject\mine\crypto\kotlin-miniscript Command: C:\Program Files\Eclipse Adoptium\jdk-21.0.9.10-hotspot\bin\java.exe -Dorg.gradle.internal.worker.tmpdir=D:\OtherProject\mine\crypto\kotlin-miniscript\build\tmp\jvmTest\work @C:\Users\aa223\.gradle\.tmp\gradle-worker-classpath12801843949116196644txt -Xmx512m -Dfile.encoding=UTF-8 -Duser.country=TW -Duser.language=zh -Duser.variant -ea worker.org.gradle.process.internal.worker.GradleWorkerMain 'Gradle Test Executor 13'
Successfully started process 'Gradle Test Executor 13'

MiniscriptOfficialTest[jvm] > testInvalidVectors[jvm] STANDARD_OUT
    Test Case #0 Valid Invalid: pk - pk requires 1 child
    Test Case #1 Valid Invalid: pk() - pk requires 1 child
    Test Case #2 Valid Invalid: unknown(A) - Unknown fragment: unknown

2 tests completed, 1 failed
    Test Case #3 Valid Invalid: and_v(pk(020000000000000000000000000000000000000000000000000000000000000001),pk(020000000000000000000000000000000000000000000000000000000000000002)) - Child base error: B, B
    Test Case #4 Valid Invalid: or_b(v:pk(020000000000000000000000000000000000000000000000000000000000000001),pk(020000000000000000000000000000000000000000000000000000000000000002)) - Left branch not dissatisfiable
    Test Case #5 Valid Invalid: thresh(3,pk(020000000000000000000000000000000000000000000000000000000000000001),s:pk(020000000000000000000000000000000000000000000000000000000000000002)) - Threshold k must be <= n
    Test Case #6 Valid Invalid: v:v:pk(020000000000000000000000000000000000000000000000000000000000000001) - Unknown fragment: v

MiniscriptOfficialTest[jvm] > testValidVectors[jvm] STANDARD_OUT
    Test Case #0 Passed: pk(020000000000000000000000000000000000000000000000000000000000000001)
    Test Case #1 Passed: pkh(020000000000000000000000000000000000000000000000000000000000000001)
    Test Case #2 Passed: 1
    Test Case #3 Passed: 0
    Test Case #4 Passed: older(1)
    Test Case #5 Passed: after(1)

MiniscriptOfficialTest[jvm] > testValidVectors[jvm] FAILED
    java.lang.AssertionError: Test Case #6 Exception: sha256(0000000000000000000000000000000000000000000000000000000000000000) - Unsupported simple integer: 32
        at org.junit.Assert.fail(Assert.java:89)
        at kotlin.test.junit.JUnitAsserter.fail(JUnitSupport.kt:56)
        at kotlin.test.AssertionsKt__AssertionsKt.fail(Assertions.kt:562)
        at kotlin.test.AssertionsKt.fail(Unknown Source)
        at io.github.iml1s.miniscript.MiniscriptOfficialTest.testValidVectors(MiniscriptOfficialTest.kt:90)
Finished generating test XML results (0.003 secs) into: D:\OtherProject\mine\crypto\kotlin-miniscript\build\test-results\jvmTest
Generating HTML test report...
Finished generating test html results (0.007 secs) into: D:\OtherProject\mine\crypto\kotlin-miniscript\build\reports\tests\jvmTest

FAILURE: Build failed with an exception.

* What went wrong:
Execution failed for task ':jvmTest'.
> There were failing tests. See the report at: file:///D:/OtherProject/mine/crypto/kotlin-miniscript/build/reports/tests/jvmTest/index.html

* Try:
> Run with --scan to get full insights.

BUILD FAILED in 5s
6 actionable tasks: 3 executed, 3 up-to-date
Watched directory hierarchies: [D:\OtherProject\mine\crypto\kotlin-miniscript]
