Initialized native services in: C:\Users\aa223\.gradle\native
Initialized jansi services in: C:\Users\aa223\.gradle\native
The client will now receive all logging from the daemon (pid: 50324). The daemon log file: C:\Users\aa223\.gradle\daemon\8.13\daemon-50324.out.log
Starting 7th build in daemon [uptime: 1 hrs 54 mins 59.525 secs, performance: 99%, GC rate: 0.00/s, heap usage: 7% of 512 MiB, non-heap usage: 44% of 384 MiB]
Using 32 worker leases.
Now considering [D:\OtherProject\mine\crypto\kotlin-miniscript] as hierarchies to watch
Watching the file system is configured to be enabled if available
File system watching is active
Starting Build
Settings evaluated using settings file 'D:\OtherProject\mine\crypto\kotlin-miniscript\settings.gradle.kts'.
Projects loaded. Root project using build file 'D:\OtherProject\mine\crypto\kotlin-miniscript\build.gradle.kts'.
Included projects: [root project 'kotlin-miniscript', project ':kotlin-address', project ':kotlin-crypto-pure']

> Configure project :
Evaluating root project 'kotlin-miniscript' using build file 'D:\OtherProject\mine\crypto\kotlin-miniscript\build.gradle.kts'.
Resolved plugin [id: 'org.jetbrains.kotlin.multiplatform', version: '2.1.0']
Resolved plugin [id: 'com.android.library', version: '8.5.2']
Using Kotlin Gradle Plugin gradle85 variant
Using default execution profile
kotlin scripting plugin: created the scripting discovery configuration: kotlinScriptDef
kotlin scripting plugin: created the scripting discovery configuration: testKotlinScriptDef
w: The following Kotlin/Native targets cannot be built on this machine and are disabled:
iosArm64, iosSimulatorArm64, iosX64, macosArm64, macosX64, watchosArm64, watchosSimulatorArm64, watchosX64
To hide this message, add 'kotlin.native.ignoreDisabledTargets=true' to the Gradle properties.


> Configure project :kotlin-address
Evaluating project ':kotlin-address' using build file 'D:\OtherProject\mine\crypto\kotlin-address\build.gradle.kts'.
Caching disabled for Kotlin DSL script compilation (Project/TopLevel/stage1) because:
  Build cache is disabled
Resolved plugin [id: 'org.jetbrains.kotlin.multiplatform', version: '2.1.0']
Resolved plugin [id: 'com.android.library', version: '8.5.2']
Resolved plugin [id: 'org.gradle.maven-publish']
Using Kotlin Gradle Plugin gradle85 variant
Using default execution profile
Caching disabled for Kotlin DSL script compilation (Project/TopLevel/stage2) because:
  Build cache is disabled
kotlin scripting plugin: created the scripting discovery configuration: kotlinScriptDef
kotlin scripting plugin: created the scripting discovery configuration: testKotlinScriptDef
w: The following Kotlin/Native targets cannot be built on this machine and are disabled:
iosArm64, iosSimulatorArm64, iosX64, watchosArm64, watchosSimulatorArm64, watchosX64
To hide this message, add 'kotlin.native.ignoreDisabledTargets=true' to the Gradle properties.


> Configure project :kotlin-crypto-pure
Evaluating project ':kotlin-crypto-pure' using build file 'D:\OtherProject\mine\crypto\kotlin-crypto-pure\build.gradle.kts'.
Resolved plugin [id: 'org.jetbrains.kotlin.multiplatform', version: '2.1.0']
Resolved plugin [id: 'com.android.library', version: '8.5.2']
Resolved plugin [id: 'org.gradle.maven-publish']
Using Kotlin Gradle Plugin gradle85 variant
Using default execution profile
kotlin scripting plugin: created the scripting discovery configuration: kotlinScriptDef
kotlin scripting plugin: created the scripting discovery configuration: testKotlinScriptDef
w: The following Kotlin/Native targets cannot be built on this machine and are disabled:
iosArm64, iosSimulatorArm64, iosX64, watchosArm64, watchosSimulatorArm64, watchosX64
To hide this message, add 'kotlin.native.ignoreDisabledTargets=true' to the Gradle properties.

w: The Default Kotlin Hierarchy Template was not applied to 'project ':kotlin-crypto-pure'':
Explicit .dependsOn() edges were configured for the following source sets:
[iosArm64Main, iosMain, iosSimulatorArm64Main, iosX64Main, watchosArm64Main, watchosMain, watchosSimulatorArm64Main, watchosX64Main]

Consider removing dependsOn-calls or disabling the default template by adding
    'kotlin.mpp.applyDefaultHierarchyTemplate=false'
to your gradle.properties

Learn more about hierarchy templates: https://kotl.in/hierarchy-template

All projects evaluated.
Task path ':jvmTest' matched project ':'
Task name matched 'jvmTest'
Selected primary task 'jvmTest' from project :
Tasks to be executed: [task ':checkKotlinGradlePluginConfigurationErrors', task ':kotlin-address:checkKotlinGradlePluginConfigurationErrors', task ':kotlin-crypto-pure:checkKotlinGradlePluginConfigurationErrors', task ':kotlin-crypto-pure:compileKotlinJvm', task ':kotlin-crypto-pure:jvmProcessResources', task ':kotlin-crypto-pure:jvmMainClasses', task ':kotlin-crypto-pure:jvmJar', task ':kotlin-address:compileKotlinJvm', task ':kotlin-address:jvmProcessResources', task ':kotlin-address:jvmMainClasses', task ':kotlin-address:jvmJar', task ':compileKotlinJvm', task ':jvmProcessResources', task ':jvmMainClasses', task ':jvmJar', task ':compileTestKotlinJvm', task ':jvmTestProcessResources', task ':jvmTestClasses', task ':jvmTest']
Tasks that were excluded: []
Resolve mutations for :checkKotlinGradlePluginConfigurationErrors (Thread[#983,Execution worker,5,main]) started.
:checkKotlinGradlePluginConfigurationErrors (Thread[#983,Execution worker,5,main]) started.

> Task :checkKotlinGradlePluginConfigurationErrors SKIPPED
Skipping task ':checkKotlinGradlePluginConfigurationErrors' as task onlyIf 'errorDiagnostics are present' is false.
Resolve mutations for :kotlin-address:checkKotlinGradlePluginConfigurationErrors (Thread[#983,Execution worker,5,main]) started.
:kotlin-address:checkKotlinGradlePluginConfigurationErrors (Thread[#983,Execution worker,5,main]) started.

> Task :kotlin-address:checkKotlinGradlePluginConfigurationErrors SKIPPED
Skipping task ':kotlin-address:checkKotlinGradlePluginConfigurationErrors' as task onlyIf 'errorDiagnostics are present' is false.
Resolve mutations for :kotlin-crypto-pure:checkKotlinGradlePluginConfigurationErrors (Thread[#983,Execution worker,5,main]) started.
:kotlin-crypto-pure:checkKotlinGradlePluginConfigurationErrors (Thread[#983,Execution worker,5,main]) started.

> Task :kotlin-crypto-pure:checkKotlinGradlePluginConfigurationErrors SKIPPED
Skipping task ':kotlin-crypto-pure:checkKotlinGradlePluginConfigurationErrors' as task onlyIf 'errorDiagnostics are present' is false.
Resolve mutations for :kotlin-crypto-pure:compileKotlinJvm (Thread[#994,Execution worker Thread 11,5,main]) started.
:kotlin-crypto-pure:compileKotlinJvm (Thread[#983,Execution worker,5,main]) started.

> Task :kotlin-crypto-pure:compileKotlinJvm UP-TO-DATE
Caching disabled for task ':kotlin-crypto-pure:compileKotlinJvm' because:
  Build cache is disabled
Skipping task ':kotlin-crypto-pure:compileKotlinJvm' as it is up-to-date.
Resolve mutations for :kotlin-crypto-pure:jvmProcessResources (Thread[#983,Execution worker,5,main]) started.
:kotlin-crypto-pure:jvmProcessResources (Thread[#983,Execution worker,5,main]) started.

> Task :kotlin-crypto-pure:jvmProcessResources NO-SOURCE
Skipping task ':kotlin-crypto-pure:jvmProcessResources' as it has no source files and no previous output files.
Resolve mutations for :kotlin-crypto-pure:jvmMainClasses (Thread[#983,Execution worker,5,main]) started.
:kotlin-crypto-pure:jvmMainClasses (Thread[#983,Execution worker,5,main]) started.

> Task :kotlin-crypto-pure:jvmMainClasses UP-TO-DATE
Skipping task ':kotlin-crypto-pure:jvmMainClasses' as it has no actions.
Resolve mutations for :kotlin-crypto-pure:jvmJar (Thread[#1005,Execution worker Thread 22,5,main]) started.
:kotlin-crypto-pure:jvmJar (Thread[#1005,Execution worker Thread 22,5,main]) started.

> Task :kotlin-crypto-pure:jvmJar UP-TO-DATE
Caching disabled for task ':kotlin-crypto-pure:jvmJar' because:
  Build cache is disabled
  Not worth caching
Skipping task ':kotlin-crypto-pure:jvmJar' as it is up-to-date.
work action resolve kotlin-crypto-pure-jvm-1.0.0.jar (project :kotlin-crypto-pure) (Thread[#1005,Execution worker Thread 22,5,main]) started.
Resolve mutations for :kotlin-address:compileKotlinJvm (Thread[#1005,Execution worker Thread 22,5,main]) started.
:kotlin-address:compileKotlinJvm (Thread[#1005,Execution worker Thread 22,5,main]) started.
Resolve mutations for :kotlin-address:jvmProcessResources (Thread[#982,included builds,5,main]) started.
:kotlin-address:jvmProcessResources (Thread[#982,included builds,5,main]) started.

> Task :kotlin-address:jvmProcessResources NO-SOURCE
Skipping task ':kotlin-address:jvmProcessResources' as it has no source files and no previous output files.
Resolve mutations for :jvmProcessResources (Thread[#982,included builds,5,main]) started.
:jvmProcessResources (Thread[#982,included builds,5,main]) started.

> Task :jvmProcessResources NO-SOURCE
Skipping task ':jvmProcessResources' as it has no source files and no previous output files.
Resolve mutations for :jvmTestProcessResources (Thread[#982,included builds,5,main]) started.
:jvmTestProcessResources (Thread[#982,included builds,5,main]) started.

> Task :jvmTestProcessResources NO-SOURCE
Skipping task ':jvmTestProcessResources' as it has no source files and no previous output files.

> Task :kotlin-address:compileKotlinJvm
Deleting stale output file: D:\OtherProject\mine\crypto\kotlin-address\build\kotlin\compileKotlinJvm\cacheable
Deleting stale output file: D:\OtherProject\mine\crypto\kotlin-address\build\kotlin\compileKotlinJvm\classpath-snapshot
Deleting stale output file: D:\OtherProject\mine\crypto\kotlin-address\build\classes\kotlin\jvm\main
Caching disabled for task ':kotlin-address:compileKotlinJvm' because:
  Build cache is disabled
Task ':kotlin-address:compileKotlinJvm' is not up-to-date because:
  No history is available.
The input changes require a full rebuild for incremental task ':kotlin-address:compileKotlinJvm'.
file or directory 'D:\OtherProject\mine\crypto\kotlin-address\src\jvmMain\kotlin', not found
file or directory 'D:\OtherProject\mine\crypto\kotlin-address\src\jvmMain\kotlin', not found
file or directory 'D:\OtherProject\mine\crypto\kotlin-address\src\jvmMain\kotlin', not found
file or directory 'D:\OtherProject\mine\crypto\kotlin-address\src\jvmMain\kotlin', not found
file or directory 'D:\OtherProject\mine\crypto\kotlin-address\src\jvmMain\kotlin', not found
file or directory 'D:\OtherProject\mine\crypto\kotlin-address\src\jvmMain\kotlin', not found
Kotlin source files: D:\OtherProject\mine\crypto\kotlin-address\src\commonMain\kotlin\io\github\iml1s\address\AddressGenerator.kt, D:\OtherProject\mine\crypto\kotlin-address\src\commonMain\kotlin\io\github\iml1s\address\AddressType.kt, D:\OtherProject\mine\crypto\kotlin-address\src\commonMain\kotlin\io\github\iml1s\address\Base58.kt, D:\OtherProject\mine\crypto\kotlin-address\src\commonMain\kotlin\io\github\iml1s\address\Bech32.kt, D:\OtherProject\mine\crypto\kotlin-address\src\commonMain\kotlin\io\github\iml1s\address\DerivationPath.kt, D:\OtherProject\mine\crypto\kotlin-address\src\commonMain\kotlin\io\github\iml1s\address\DeterministicWallet.kt, D:\OtherProject\mine\crypto\kotlin-address\src\commonMain\kotlin\io\github\iml1s\address\EthereumAddress.kt
Java source files: 
Script source files: 
Script file extensions: 
Using Kotlin/JVM incremental compilation
[KOTLIN] Kotlin compilation 'jdkHome' argument: C:\Program Files\Eclipse Adoptium\jdk-21.0.9.10-hotspot
Options for KOTLIN DAEMON: IncrementalCompilationOptions(super=CompilationOptions(compilerMode=INCREMENTAL_COMPILER, targetPlatform=JVM, reportCategories=[0, 3], reportSeverity=2, requestedCompilationResults=[0], kotlinScriptExtensions=[]), areFileChangesKnown=false, modifiedFiles=null, deletedFiles=null, classpathChanges=NotAvailableForNonIncrementalRun, workingDir=D:\OtherProject\mine\crypto\kotlin-address\build\kotlin\compileKotlinJvm\cacheable, multiModuleICSettings=MultiModuleICSettings(buildHistoryFile=D:\OtherProject\mine\crypto\kotlin-address\build\kotlin\compileKotlinJvm\local-state\build-history.bin, useModuleDetection=false), usePreciseJavaTracking=true, icFeatures=IncrementalCompilationFeatures(withAbiSnapshot=false, preciseCompilationResultsBackup=true, keepIncrementalCompilationCachesInMemory=true, enableUnsafeIncrementalCompilationForMultiplatform=false), outputFiles=[D:\OtherProject\mine\crypto\kotlin-address\build\classes\kotlin\jvm\main, D:\OtherProject\mine\crypto\kotlin-address\build\kotlin\compileKotlinJvm\cacheable, D:\OtherProject\mine\crypto\kotlin-address\build\kotlin\compileKotlinJvm\local-state])
Finished executing kotlin compiler using DAEMON strategy
Resolve mutations for :kotlin-address:jvmMainClasses (Thread[#1005,Execution worker Thread 22,5,main]) started.
:kotlin-address:jvmMainClasses (Thread[#1005,Execution worker Thread 22,5,main]) started.

> Task :kotlin-address:jvmMainClasses
Skipping task ':kotlin-address:jvmMainClasses' as it has no actions.
Resolve mutations for :kotlin-address:jvmJar (Thread[#1005,Execution worker Thread 22,5,main]) started.
:kotlin-address:jvmJar (Thread[#1005,Execution worker Thread 22,5,main]) started.

> Task :kotlin-address:jvmJar
Deleting stale output file: D:\OtherProject\mine\crypto\kotlin-address\build\libs\kotlin-address-jvm-1.0.0.jar
Caching disabled for task ':kotlin-address:jvmJar' because:
  Build cache is disabled
  Not worth caching
Task ':kotlin-address:jvmJar' is not up-to-date because:
  No history is available.
file or directory 'D:\OtherProject\mine\crypto\kotlin-address\build\processedResources\jvm\main', not found
work action resolve kotlin-address-jvm-1.0.0.jar (project :kotlin-address) (Thread[#1005,Execution worker Thread 22,5,main]) started.
Resolve mutations for :compileKotlinJvm (Thread[#1005,Execution worker Thread 22,5,main]) started.
:compileKotlinJvm (Thread[#1005,Execution worker Thread 22,5,main]) started.

> Task :compileKotlinJvm FAILED
Caching disabled for BuildToolsApiClasspathEntrySnapshotTransform: D:\OtherProject\mine\crypto\kotlin-address\build\libs\kotlin-address-jvm-1.0.0.jar because:
  Build cache is disabled
Caching disabled for task ':compileKotlinJvm' because:
  Build cache is disabled
Task ':compileKotlinJvm' is not up-to-date because:
  Input property 'classpathSnapshotProperties.classpathSnapshot' file C:\Users\aa223\.gradle\caches\8.13\transforms\bb2fce4f992ae20e6689f46f51afaafd\transformed\kotlin-address-jvm-1_0_0_jar-snapshot.bin has been added.
  Input property 'commonSourceSet$kotlin_gradle_plugin_common' file D:\OtherProject\mine\crypto\kotlin-miniscript\src\commonMain\kotlin\io\github\iml1s\miniscript\Descriptor.kt has changed.
  Input property 'commonSourceSet$kotlin_gradle_plugin_common' file D:\OtherProject\mine\crypto\kotlin-miniscript\src\commonMain\kotlin\io\github\iml1s\miniscript\parser\DescriptorParser.kt has changed.
  and more...
file or directory 'D:\OtherProject\mine\crypto\kotlin-miniscript\src\jvmMain\kotlin', not found
file or directory 'D:\OtherProject\mine\crypto\kotlin-miniscript\src\jvmMain\kotlin', not found
file or directory 'D:\OtherProject\mine\crypto\kotlin-miniscript\src\jvmMain\kotlin', not found
file or directory 'D:\OtherProject\mine\crypto\kotlin-miniscript\src\jvmMain\kotlin', not found
file or directory 'D:\OtherProject\mine\crypto\kotlin-miniscript\src\jvmMain\kotlin', not found
Kotlin source files: D:\OtherProject\mine\crypto\kotlin-miniscript\src\commonMain\kotlin\io\github\iml1s\miniscript\context\ScriptContext.kt, D:\OtherProject\mine\crypto\kotlin-miniscript\src\commonMain\kotlin\io\github\iml1s\miniscript\Descriptor.kt, D:\OtherProject\mine\crypto\kotlin-miniscript\src\commonMain\kotlin\io\github\iml1s\miniscript\LockTime.kt, D:\OtherProject\mine\crypto\kotlin-miniscript\src\commonMain\kotlin\io\github\iml1s\miniscript\Miniscript.kt, D:\OtherProject\mine\crypto\kotlin-miniscript\src\commonMain\kotlin\io\github\iml1s\miniscript\MiniscriptError.kt, D:\OtherProject\mine\crypto\kotlin-miniscript\src\commonMain\kotlin\io\github\iml1s\miniscript\MiniscriptKey.kt, D:\OtherProject\mine\crypto\kotlin-miniscript\src\commonMain\kotlin\io\github\iml1s\miniscript\node\ScriptElt.kt, D:\OtherProject\mine\crypto\kotlin-miniscript\src\commonMain\kotlin\io\github\iml1s\miniscript\node\Terminal.kt, D:\OtherProject\mine\crypto\kotlin-miniscript\src\commonMain\kotlin\io\github\iml1s\miniscript\parser\DescriptorParser.kt, D:\OtherProject\mine\crypto\kotlin-miniscript\src\commonMain\kotlin\io\github\iml1s\miniscript\parser\MiniscriptParser.kt, D:\OtherProject\mine\crypto\kotlin-miniscript\src\commonMain\kotlin\io\github\iml1s\miniscript\policy\Compiler.kt, D:\OtherProject\mine\crypto\kotlin-miniscript\src\commonMain\kotlin\io\github\iml1s\miniscript\policy\Concrete.kt, D:\OtherProject\mine\crypto\kotlin-miniscript\src\commonMain\kotlin\io\github\iml1s\miniscript\policy\Semantic.kt, D:\OtherProject\mine\crypto\kotlin-miniscript\src\commonMain\kotlin\io\github\iml1s\miniscript\TapTree.kt, D:\OtherProject\mine\crypto\kotlin-miniscript\src\commonMain\kotlin\io\github\iml1s\miniscript\Threshold.kt, D:\OtherProject\mine\crypto\kotlin-miniscript\src\commonMain\kotlin\io\github\iml1s\miniscript\types\Correctness.kt, D:\OtherProject\mine\crypto\kotlin-miniscript\src\commonMain\kotlin\io\github\iml1s\miniscript\types\ExtData.kt, D:\OtherProject\mine\crypto\kotlin-miniscript\src\commonMain\kotlin\io\github\iml1s\miniscript\types\Malleability.kt, D:\OtherProject\mine\crypto\kotlin-miniscript\src\commonMain\kotlin\io\github\iml1s\miniscript\types\Type.kt
Java source files: 
Script source files: 
Script file extensions: 
Using Kotlin/JVM incremental compilation
[KOTLIN] Kotlin compilation 'jdkHome' argument: C:\Program Files\Eclipse Adoptium\jdk-21.0.9.10-hotspot
Options for KOTLIN DAEMON: IncrementalCompilationOptions(super=CompilationOptions(compilerMode=INCREMENTAL_COMPILER, targetPlatform=JVM, reportCategories=[0, 3], reportSeverity=2, requestedCompilationResults=[0], kotlinScriptExtensions=[]), areFileChangesKnown=true, modifiedFiles=[D:\OtherProject\mine\crypto\kotlin-miniscript\src\commonMain\kotlin\io\github\iml1s\miniscript\Descriptor.kt, D:\OtherProject\mine\crypto\kotlin-miniscript\src\commonMain\kotlin\io\github\iml1s\miniscript\parser\DescriptorParser.kt, D:\OtherProject\mine\crypto\kotlin-miniscript\src\commonMain\kotlin\io\github\iml1s\miniscript\parser\MiniscriptParser.kt, D:\OtherProject\mine\crypto\kotlin-miniscript\src\commonMain\kotlin\io\github\iml1s\miniscript\TapTree.kt, D:\OtherProject\mine\crypto\kotlin-miniscript\src\commonMain\kotlin\io\github\iml1s\miniscript\Descriptor.kt, D:\OtherProject\mine\crypto\kotlin-miniscript\src\commonMain\kotlin\io\github\iml1s\miniscript\parser\DescriptorParser.kt, D:\OtherProject\mine\crypto\kotlin-miniscript\src\commonMain\kotlin\io\github\iml1s\miniscript\parser\MiniscriptParser.kt, D:\OtherProject\mine\crypto\kotlin-miniscript\src\commonMain\kotlin\io\github\iml1s\miniscript\TapTree.kt, C:\Users\aa223\.gradle\caches\8.13\transforms\bb2fce4f992ae20e6689f46f51afaafd\transformed\kotlin-address-jvm-1_0_0_jar-snapshot.bin], deletedFiles=[], classpathChanges=ToBeComputedByIncrementalCompiler, workingDir=D:\OtherProject\mine\crypto\kotlin-miniscript\build\kotlin\compileKotlinJvm\cacheable, multiModuleICSettings=MultiModuleICSettings(buildHistoryFile=D:\OtherProject\mine\crypto\kotlin-miniscript\build\kotlin\compileKotlinJvm\local-state\build-history.bin, useModuleDetection=false), usePreciseJavaTracking=true, icFeatures=IncrementalCompilationFeatures(withAbiSnapshot=false, preciseCompilationResultsBackup=true, keepIncrementalCompilationCachesInMemory=true, enableUnsafeIncrementalCompilationForMultiplatform=false), outputFiles=[D:\OtherProject\mine\crypto\kotlin-miniscript\build\classes\kotlin\jvm\main, D:\OtherProject\mine\crypto\kotlin-miniscript\build\kotlin\compileKotlinJvm\cacheable, D:\OtherProject\mine\crypto\kotlin-miniscript\build\kotlin\compileKotlinJvm\local-state])
e: file:///D:/OtherProject/mine/crypto/kotlin-miniscript/src/commonMain/kotlin/io/github/iml1s/miniscript/Descriptor.kt:23:9 'scriptPubKey' overrides nothing.
e: file:///D:/OtherProject/mine/crypto/kotlin-miniscript/src/commonMain/kotlin/io/github/iml1s/miniscript/Descriptor.kt:72:9 'scriptPubKey' overrides nothing.
e: file:///D:/OtherProject/mine/crypto/kotlin-miniscript/src/commonMain/kotlin/io/github/iml1s/miniscript/Descriptor.kt:76:31 Cannot infer type for this parameter. Please specify it explicitly.
e: file:///D:/OtherProject/mine/crypto/kotlin-miniscript/src/commonMain/kotlin/io/github/iml1s/miniscript/Descriptor.kt:76:39 Unresolved reference 'words'.
e: file:///D:/OtherProject/mine/crypto/kotlin-miniscript/src/commonMain/kotlin/io/github/iml1s/miniscript/Descriptor.kt:77:55 Unresolved reference 'words'.
e: file:///D:/OtherProject/mine/crypto/kotlin-miniscript/src/commonMain/kotlin/io/github/iml1s/miniscript/Descriptor.kt:81:60 Argument type mismatch: actual type is 'kotlin.ByteArray?', but 'kotlin.ByteArray' was expected.
e: file:///D:/OtherProject/mine/crypto/kotlin-miniscript/src/commonMain/kotlin/io/github/iml1s/miniscript/Descriptor.kt:82:48 Only safe (?.) or non-null asserted (!!.) calls are allowed on a nullable receiver of type 'kotlin.ByteArray?'.
e: file:///D:/OtherProject/mine/crypto/kotlin-miniscript/src/commonMain/kotlin/io/github/iml1s/miniscript/Descriptor.kt:84:60 Argument type mismatch: actual type is 'kotlin.ByteArray?', but 'kotlin.ByteArray' was expected.
Finished executing kotlin compiler using DAEMON strategy
Restoring task outputs to pre-compilation state
e: file:///D:/OtherProject/mine/crypto/kotlin-miniscript/src/commonMain/kotlin/io/github/iml1s/miniscript/Descriptor.kt:92:42 Unresolved reference 'decodeCheck'.
e: file:///D:/OtherProject/mine/crypto/kotlin-miniscript/src/commonMain/kotlin/io/github/iml1s/miniscript/Descriptor.kt:94:35 Cannot infer type for this parameter. Please specify it explicitly.
e: file:///D:/OtherProject/mine/crypto/kotlin-miniscript/src/commonMain/kotlin/io/github/iml1s/miniscript/Descriptor.kt:126:9 'scriptPubKey' overrides nothing.
e: file:///D:/OtherProject/mine/crypto/kotlin-miniscript/src/commonMain/kotlin/io/github/iml1s/miniscript/TapTree.kt:17:42 Unresolved reference 'scriptToBytesInternal'.
e: file:///D:/OtherProject/mine/crypto/kotlin-miniscript/src/commonMain/kotlin/io/github/iml1s/miniscript/parser/DescriptorParser.kt:32:28 Unresolved reference 'Pkh'.
e: file:///D:/OtherProject/mine/crypto/kotlin-miniscript/src/commonMain/kotlin/io/github/iml1s/miniscript/parser/DescriptorParser.kt:38:28 Unresolved reference 'Pk'.
e: file:///D:/OtherProject/mine/crypto/kotlin-miniscript/src/commonMain/kotlin/io/github/iml1s/miniscript/parser/DescriptorParser.kt:44:28 Unresolved reference 'Wpkh'.
e: file:///D:/OtherProject/mine/crypto/kotlin-miniscript/src/commonMain/kotlin/io/github/iml1s/miniscript/parser/DescriptorParser.kt:54:54 Unresolved reference 'Multi'.
e: file:///D:/OtherProject/mine/crypto/kotlin-miniscript/src/commonMain/kotlin/io/github/iml1s/miniscript/parser/DescriptorParser.kt:55:33 Unresolved reference 'SortedMulti'.
e: file:///D:/OtherProject/mine/crypto/kotlin-miniscript/src/commonMain/kotlin/io/github/iml1s/miniscript/parser/DescriptorParser.kt:60:28 Unresolved reference 'Sh'.
e: file:///D:/OtherProject/mine/crypto/kotlin-miniscript/src/commonMain/kotlin/io/github/iml1s/miniscript/parser/DescriptorParser.kt:68:28 Unresolved reference 'Wsh'.
e: file:///D:/OtherProject/mine/crypto/kotlin-miniscript/src/commonMain/kotlin/io/github/iml1s/miniscript/parser/DescriptorParser.kt:104:31 Unresolved reference 'scriptPubKey'.

FAILURE: Build failed with an exception.

* What went wrong:
Execution failed for task ':compileKotlinJvm'.
> A failure occurred while executing org.jetbrains.kotlin.compilerRunner.GradleCompilerRunnerWithWorkers$GradleKotlinCompilerWorkAction
   > Compilation error. See log for more details

* Try:
> Run with --stacktrace option to get the stack trace.
> Run with --debug option to get more log output.
> Run with --scan to get full insights.
> Get more help at https://help.gradle.org.

BUILD FAILED in 8s
5 actionable tasks: 3 executed, 2 up-to-date
Watched directory hierarchies: [D:\OtherProject\mine\crypto\kotlin-miniscript]
