Upload (ubuntu-latest)	Check	2026-01-08T04:23:03.1813254Z 	/home/runner/work/kotlin-bitcoin-kmp/kotlin-bitcoin-kmp/main/src/commonTest/kotlin/fr/acinq/bitcoin/crypto/Sha1TestsCommon.kt
Upload (ubuntu-latest)	Check	2026-01-08T04:23:03.1814898Z 	/home/runner/work/kotlin-bitcoin-kmp/kotlin-bitcoin-kmp/main/src/commonTest/kotlin/fr/acinq/bitcoin/crypto/musig2/Musig2TestsCommon.kt
Upload (ubuntu-latest)	Check	2026-01-08T04:23:03.1816718Z 	/home/runner/work/kotlin-bitcoin-kmp/kotlin-bitcoin-kmp/main/src/commonTest/kotlin/fr/acinq/bitcoin/crypto/Pkbdf2TestsCommon.kt
Upload (ubuntu-latest)	Check	2026-01-08T04:23:03.1818341Z 	/home/runner/work/kotlin-bitcoin-kmp/kotlin-bitcoin-kmp/main/src/commonTest/kotlin/fr/acinq/bitcoin/CheckLockTimeVerifyTestsCommon.kt
Upload (ubuntu-latest)	Check	2026-01-08T04:23:03.1820028Z 	/home/runner/work/kotlin-bitcoin-kmp/kotlin-bitcoin-kmp/main/src/commonTest/kotlin/fr/acinq/bitcoin/reference/Base58ReferenceTestsCommon.kt
Upload (ubuntu-latest)	Check	2026-01-08T04:23:03.1821751Z 	/home/runner/work/kotlin-bitcoin-kmp/kotlin-bitcoin-kmp/main/src/commonTest/kotlin/fr/acinq/bitcoin/reference/TapscriptCoreTestsCommon.kt
Upload (ubuntu-latest)	Check	2026-01-08T04:23:03.1823298Z 	/home/runner/work/kotlin-bitcoin-kmp/kotlin-bitcoin-kmp/main/src/commonTest/kotlin/fr/acinq/bitcoin/reference/SigHashTestsCommon.kt
Upload (ubuntu-latest)	Check	2026-01-08T04:23:03.1824879Z 	/home/runner/work/kotlin-bitcoin-kmp/kotlin-bitcoin-kmp/main/src/commonTest/kotlin/fr/acinq/bitcoin/reference/KeyEncodingTestsCommon.kt
Upload (ubuntu-latest)	Check	2026-01-08T04:23:03.1826824Z 	/home/runner/work/kotlin-bitcoin-kmp/kotlin-bitcoin-kmp/main/src/commonTest/kotlin/fr/acinq/bitcoin/reference/TransactionTestsCommon.kt
Upload (ubuntu-latest)	Check	2026-01-08T04:23:03.1828408Z 	/home/runner/work/kotlin-bitcoin-kmp/kotlin-bitcoin-kmp/main/src/commonTest/kotlin/fr/acinq/bitcoin/reference/ScriptTestsCommon.kt
Upload (ubuntu-latest)	Check	2026-01-08T04:23:03.1830018Z 	/home/runner/work/kotlin-bitcoin-kmp/kotlin-bitcoin-kmp/main/src/commonTest/kotlin/fr/acinq/bitcoin/reference/BIP341TestsCommon.kt
Upload (ubuntu-latest)	Check	2026-01-08T04:23:03.1831556Z 	/home/runner/work/kotlin-bitcoin-kmp/kotlin-bitcoin-kmp/main/src/commonTest/kotlin/fr/acinq/bitcoin/BIP86TestsCommon.kt
Upload (ubuntu-latest)	Check	2026-01-08T04:23:03.1833000Z 	/home/runner/work/kotlin-bitcoin-kmp/kotlin-bitcoin-kmp/main/src/commonTest/kotlin/fr/acinq/bitcoin/SatoshiTestsCommon.kt
Upload (ubuntu-latest)	Check	2026-01-08T04:23:03.1834527Z 	/home/runner/work/kotlin-bitcoin-kmp/kotlin-bitcoin-kmp/main/src/commonTest/kotlin/fr/acinq/bitcoin/BtcSerializerTestsCommon.kt
Upload (ubuntu-latest)	Check	2026-01-08T04:23:03.1836045Z 	/home/runner/work/kotlin-bitcoin-kmp/kotlin-bitcoin-kmp/main/src/commonTest/kotlin/fr/acinq/bitcoin/Base58TestsCommon.kt
Upload (ubuntu-latest)	Check	2026-01-08T04:23:03.1837726Z 	/home/runner/work/kotlin-bitcoin-kmp/kotlin-bitcoin-kmp/main/src/commonTest/kotlin/fr/acinq/bitcoin/DeriveWalletKeysTestsCommon.kt
Upload (ubuntu-latest)	Check	2026-01-08T04:23:03.1839385Z 	/home/runner/work/kotlin-bitcoin-kmp/kotlin-bitcoin-kmp/main/src/commonTest/kotlin/fr/acinq/bitcoin/PowTestsCommon.kt
Upload (ubuntu-latest)	Check	2026-01-08T04:23:03.1840903Z 	/home/runner/work/kotlin-bitcoin-kmp/kotlin-bitcoin-kmp/main/src/commonTest/kotlin/fr/acinq/bitcoin/TestHelpers.kt
Upload (ubuntu-latest)	Check	2026-01-08T04:23:03.1842457Z 	/home/runner/work/kotlin-bitcoin-kmp/kotlin-bitcoin-kmp/main/src/commonTest/kotlin/fr/acinq/bitcoin/Bech32TestsCommon.kt
Upload (ubuntu-latest)	Check	2026-01-08T04:23:03.1843836Z 	/home/runner/work/kotlin-bitcoin-kmp/kotlin-bitcoin-kmp/main/src/commonTest/kotlin/fr/acinq/bitcoin/DescriptorTestsCommon.kt
Upload (ubuntu-latest)	Check	2026-01-08T04:23:03.1845355Z 	/home/runner/work/kotlin-bitcoin-kmp/kotlin-bitcoin-kmp/main/src/commonTest/kotlin/fr/acinq/bitcoin/SigHashTestsCommon.kt
Upload (ubuntu-latest)	Check	2026-01-08T04:23:03.1847835Z 	/home/runner/work/kotlin-bitcoin-kmp/kotlin-bitcoin-kmp/main/src/commonTest/kotlin/fr/acinq/bitcoin/BIP49TestsCommon.kt
Upload (ubuntu-latest)	Check	2026-01-08T04:23:03.1849408Z 	/home/runner/work/kotlin-bitcoin-kmp/kotlin-bitcoin-kmp/main/src/commonTest/kotlin/fr/acinq/bitcoin/TransactionTestsCommon.kt
Upload (ubuntu-latest)	Check	2026-01-08T04:23:03.1851039Z 	/home/runner/work/kotlin-bitcoin-kmp/kotlin-bitcoin-kmp/main/src/commonTest/kotlin/fr/acinq/bitcoin/DeterministicWalletTestsCommon.kt
Upload (ubuntu-latest)	Check	2026-01-08T04:23:03.1852589Z 	/home/runner/work/kotlin-bitcoin-kmp/kotlin-bitcoin-kmp/main/src/commonTest/kotlin/fr/acinq/bitcoin/ScriptTestsCommon.kt
Upload (ubuntu-latest)	Check	2026-01-08T04:23:03.1854012Z 	/home/runner/work/kotlin-bitcoin-kmp/kotlin-bitcoin-kmp/main/src/commonTest/kotlin/fr/acinq/bitcoin/BlockTestsCommon.kt
Upload (ubuntu-latest)	Check	2026-01-08T04:23:03.1855570Z 	/home/runner/work/kotlin-bitcoin-kmp/kotlin-bitcoin-kmp/main/src/commonTest/kotlin/fr/acinq/bitcoin/LexicographicalOrderingTestsCommon.kt
Upload (ubuntu-latest)	Check	2026-01-08T04:23:03.1857310Z 	/home/runner/work/kotlin-bitcoin-kmp/kotlin-bitcoin-kmp/main/src/commonTest/kotlin/fr/acinq/bitcoin/TaprootTestsCommon.kt
Upload (ubuntu-latest)	Check	2026-01-08T04:23:03.1858799Z 	/home/runner/work/kotlin-bitcoin-kmp/kotlin-bitcoin-kmp/main/src/commonTest/kotlin/fr/acinq/bitcoin/MnemonicCodeTestsCommon.kt
Upload (ubuntu-latest)	Check	2026-01-08T04:23:03.1859731Z ]
Upload (ubuntu-latest)	Check	2026-01-08T04:23:03.1860243Z 2026-01-08T04:23:01.180+0000 [ERROR] [system.err] v: Using Kotlin home directory dist/kotlinc
Upload (ubuntu-latest)	Check	2026-01-08T04:23:04.3293838Z 2026-01-08T04:23:04.268+0000 [LIFECYCLE] [org.gradle.cache.internal.DefaultFileLockManager] 
Upload (ubuntu-latest)	Check	2026-01-08T04:23:04.3297084Z 2026-01-08T04:23:04.268+0000 [DEBUG] [org.gradle.cache.internal.DefaultFileLockManager] Waiting to acquire shared lock on daemon addresses registry.
Upload (ubuntu-latest)	Check	2026-01-08T04:23:04.3300786Z 2026-01-08T04:23:04.268+0000 [DEBUG] [org.gradle.cache.internal.DefaultFileLockManager] Lock acquired on daemon addresses registry.
Upload (ubuntu-latest)	Check	2026-01-08T04:23:04.3303701Z 2026-01-08T04:23:04.268+0000 [DEBUG] [org.gradle.cache.internal.DefaultFileLockManager] Releasing lock on daemon addresses registry.
Upload (ubuntu-latest)	Check	2026-01-08T04:23:04.3315686Z 2026-01-08T04:23:04.268+0000 [DEBUG] [org.gradle.cache.internal.DefaultFileLockManager] Waiting to acquire shared lock on daemon addresses registry.
Upload (ubuntu-latest)	Check	2026-01-08T04:23:04.3317437Z 2026-01-08T04:23:04.268+0000 [DEBUG] [org.gradle.cache.internal.DefaultFileLockManager] Lock acquired on daemon addresses registry.
Upload (ubuntu-latest)	Check	2026-01-08T04:23:04.3318902Z 2026-01-08T04:23:04.268+0000 [DEBUG] [org.gradle.cache.internal.DefaultFileLockManager] Releasing lock on daemon addresses registry.
Upload (ubuntu-latest)	Check	2026-01-08T04:23:05.5299482Z 2026-01-08T04:23:05.461+0000 [DEBUG] [org.gradle.internal.operations.DefaultBuildOperationRunner] Completing Build operation 'Execute compile for :compileTestKotlinLinuxX64'
Upload (ubuntu-latest)	Check	2026-01-08T04:23:05.5304755Z 2026-01-08T04:23:05.461+0000 [DEBUG] [org.gradle.internal.operations.DefaultBuildOperationRunner] Completing Build operation 'Executing task ':compileTestKotlinLinuxX64''
Upload (ubuntu-latest)	Check	2026-01-08T04:23:05.5308205Z 2026-01-08T04:23:05.461+0000 [DEBUG] [org.gradle.internal.operations.DefaultBuildOperationRunner] Build operation 'Snapshot outputs after executing task ':compileTestKotlinLinuxX64'' started
Upload (ubuntu-latest)	Check	2026-01-08T04:23:05.5315353Z 2026-01-08T04:23:05.455+0000 [ERROR] [system.err] e: file:///home/runner/work/kotlin-bitcoin-kmp/kotlin-bitcoin-kmp/main/src/commonTest/kotlin/fr/acinq/bitcoin/TestHelpers.kt:26:1 Expected readEnvironmentVariable has no actual declaration in module <fr.acinq.bitcoin:bitcoin-kmp_test> for Native
Upload (ubuntu-latest)	Check	2026-01-08T04:23:05.5318292Z 2026-01-08T04:23:05.462+0000 [DEBUG] [org.gradle.internal.operations.DefaultBuildOperationRunner] Completing Build operation 'Snapshot outputs after executing task ':compileTestKotlinLinuxX64''
Upload (ubuntu-latest)	Check	2026-01-08T04:23:05.5320217Z 2026-01-08T04:23:03.129+0000 [LIFECYCLE] [class org.gradle.internal.buildevents.TaskExecutionLogger] 
Upload (ubuntu-latest)	Check	2026-01-08T04:23:05.5321525Z 2026-01-08T04:23:03.129+0000 [LIFECYCLE] [class org.gradle.internal.buildevents.TaskExecutionLogger] > Task :compileTestKotlinLinuxX64 FAILED
Upload (ubuntu-latest)	Check	2026-01-08T04:23:05.5323283Z 2026-01-08T04:23:05.461+0000 [DEBUG] [org.gradle.internal.operations.DefaultBuildOperationRunner] Build operation 'Execute compile for :compileTestKotlinLinuxX64' completed
Upload (ubuntu-latest)	Check	2026-01-08T04:23:05.5325316Z 2026-01-08T04:23:05.461+0000 [DEBUG] [org.gradle.internal.operations.DefaultBuildOperationRunner] Build operation 'Executing task ':compileTestKotlinLinuxX64'' completed
Upload (ubuntu-latest)	Check	2026-01-08T04:23:05.5327793Z 2026-01-08T04:23:05.461+0000 [DEBUG] [org.gradle.internal.vfs.impl.AbstractVirtualFileSystem] Invalidating VFS paths: [/home/runner/work/kotlin-bitcoin-kmp/kotlin-bitcoin-kmp/main/build/classes/kotlin/linuxX64/test/klib]
Upload (ubuntu-latest)	Check	2026-01-08T04:23:05.5330029Z 2026-01-08T04:23:05.462+0000 [DEBUG] [org.gradle.internal.watch.registry.impl.NonHierarchicalFileWatcherUpdater] Watching 208 directories to track changes
Upload (ubuntu-latest)	Check	2026-01-08T04:23:05.5332072Z 2026-01-08T04:23:05.462+0000 [DEBUG] [org.gradle.internal.operations.DefaultBuildOperationRunner] Build operation 'Snapshot outputs after executing task ':compileTestKotlinLinuxX64'' completed
Upload (ubuntu-latest)	Check	2026-01-08T04:23:05.5334252Z 2026-01-08T04:23:05.469+0000 [DEBUG] [org.gradle.api.internal.tasks.execution.ResolveTaskExecutionModeExecuter] Removed task artifact state for task ':compileTestKotlinLinuxX64' from context.
Upload (ubuntu-latest)	Check	2026-01-08T04:23:05.5336309Z 2026-01-08T04:23:05.501+0000 [DEBUG] [org.gradle.internal.operations.DefaultBuildOperationRunner] Completing Build operation 'Task :compileTestKotlinLinuxX64'
Upload (ubuntu-latest)	Check	2026-01-08T04:23:05.5338360Z 2026-01-08T04:23:05.501+0000 [DEBUG] [org.gradle.internal.operations.DefaultBuildOperationRunner] Build operation 'Task :compileTestKotlinLinuxX64' completed
Upload (ubuntu-latest)	Check	2026-01-08T04:23:05.5340220Z 2026-01-08T04:23:05.501+0000 [DEBUG] [org.gradle.execution.plan.DefaultFinalizedExecutionPlan] Node :compileTestKotlinLinuxX64 completed, executed: true
Upload (ubuntu-latest)	Check	2026-01-08T04:23:05.5341926Z 2026-01-08T04:23:05.501+0000 [DEBUG] [org.gradle.execution.plan.DefaultFinalizedExecutionPlan] Node :compileTestKotlinLinuxX64 failed
Upload (ubuntu-latest)	Check	2026-01-08T04:23:05.5343536Z 2026-01-08T04:23:05.502+0000 [DEBUG] [org.gradle.execution.plan.DefaultFinalizedExecutionPlan] Node :linkDebugTestLinuxX64 completed, executed: false
Upload (ubuntu-latest)	Check	2026-01-08T04:23:05.5345627Z 2026-01-08T04:23:05.502+0000 [DEBUG] [org.gradle.execution.plan.DefaultFinalizedExecutionPlan] Node Resolve mutations for :linkDebugTestLinuxX64 completed, executed: false
Upload (ubuntu-latest)	Check	2026-01-08T04:23:05.5347653Z 2026-01-08T04:23:05.502+0000 [DEBUG] [org.gradle.execution.plan.DefaultFinalizedExecutionPlan] Node :linuxX64Test completed, executed: false
Upload (ubuntu-latest)	Check	2026-01-08T04:23:05.5349441Z 2026-01-08T04:23:05.502+0000 [DEBUG] [org.gradle.execution.plan.DefaultFinalizedExecutionPlan] Node Resolve mutations for :linuxX64Test completed, executed: false
Upload (ubuntu-latest)	Check	2026-01-08T04:23:05.5351205Z 2026-01-08T04:23:05.502+0000 [DEBUG] [org.gradle.execution.plan.DefaultFinalizedExecutionPlan] Node :allTests completed, executed: false
Upload (ubuntu-latest)	Check	2026-01-08T04:23:05.5352901Z 2026-01-08T04:23:05.502+0000 [DEBUG] [org.gradle.execution.plan.DefaultFinalizedExecutionPlan] Node Resolve mutations for :allTests completed, executed: false
Upload (ubuntu-latest)	Check	2026-01-08T04:23:05.5354612Z 2026-01-08T04:23:05.502+0000 [DEBUG] [org.gradle.execution.plan.DefaultFinalizedExecutionPlan] Node :check completed, executed: false
Upload (ubuntu-latest)	Check	2026-01-08T04:23:05.5356268Z 2026-01-08T04:23:05.502+0000 [DEBUG] [org.gradle.internal.resources.AbstractTrackedResourceLock] Execution worker: released lock on state of project :
Upload (ubuntu-latest)	Check	2026-01-08T04:23:05.5358417Z 2026-01-08T04:23:05.502+0000 [DEBUG] [org.gradle.internal.resources.AbstractTrackedResourceLock] Execution worker: released lock on task execution for :
Upload (ubuntu-latest)	Check	2026-01-08T04:23:05.5360374Z 2026-01-08T04:23:05.502+0000 [DEBUG] [org.gradle.internal.resources.AbstractTrackedResourceLock] Execution worker: released lock on worker lease
Upload (ubuntu-latest)	Check	2026-01-08T04:23:05.5362022Z 2026-01-08T04:23:05.502+0000 [DEBUG] [org.gradle.internal.resources.AbstractTrackedResourceLock] Execution worker Thread 3: acquired lock on worker lease
Upload (ubuntu-latest)	Check	2026-01-08T04:23:05.5363718Z 2026-01-08T04:23:05.502+0000 [DEBUG] [org.gradle.internal.resources.AbstractTrackedResourceLock] Execution worker Thread 3: released lock on worker lease
Upload (ubuntu-latest)	Check	2026-01-08T04:23:05.5365445Z 2026-01-08T04:23:05.502+0000 [DEBUG] [org.gradle.internal.resources.AbstractTrackedResourceLock] Execution worker Thread 2: acquired lock on worker lease
Upload (ubuntu-latest)	Check	2026-01-08T04:23:05.5367368Z 2026-01-08T04:23:05.502+0000 [DEBUG] [org.gradle.internal.resources.AbstractTrackedResourceLock] Execution worker Thread 2: released lock on worker lease
Upload (ubuntu-latest)	Check	2026-01-08T04:23:05.5369079Z 2026-01-08T04:23:05.502+0000 [DEBUG] [org.gradle.internal.resources.AbstractTrackedResourceLock] included builds Thread 2: acquired lock on worker lease
Upload (ubuntu-latest)	Check	2026-01-08T04:23:05.5370707Z 2026-01-08T04:23:05.503+0000 [DEBUG] [org.gradle.internal.operations.DefaultBuildOperationRunner] Completing Build operation 'Run tasks'
Upload (ubuntu-latest)	Check	2026-01-08T04:23:05.5372254Z 2026-01-08T04:23:05.503+0000 [DEBUG] [org.gradle.internal.operations.DefaultBuildOperationRunner] Build operation 'Run tasks' completed
Upload (ubuntu-latest)	Check	2026-01-08T04:23:05.5373913Z 2026-01-08T04:23:05.503+0000 [DEBUG] [org.gradle.internal.resources.AbstractTrackedResourceLock] included builds Thread 2: released lock on worker lease
Upload (ubuntu-latest)	Check	2026-01-08T04:23:05.5375622Z 2026-01-08T04:23:05.503+0000 [DEBUG] [org.gradle.internal.resources.AbstractTrackedResourceLock] Execution worker: acquired lock on worker lease
Upload (ubuntu-latest)	Check	2026-01-08T04:23:05.5405264Z 2026-01-08T04:23:05.503+0000 [DEBUG] [org.gradle.internal.resources.AbstractTrackedResourceLock] Execution worker: released lock on worker lease
Upload (ubuntu-latest)	Check	2026-01-08T04:23:05.5406838Z 2026-01-08T04:23:05.503+0000 [DEBUG] [org.gradle.internal.resources.AbstractTrackedResourceLock] Execution worker Thread 2: acquired lock on worker lease
Upload (ubuntu-latest)	Check	2026-01-08T04:23:05.5408223Z 2026-01-08T04:23:05.503+0000 [DEBUG] [org.gradle.internal.resources.AbstractTrackedResourceLock] Execution worker Thread 2: released lock on worker lease
Upload (ubuntu-latest)	Check	2026-01-08T04:23:05.5409601Z 2026-01-08T04:23:05.503+0000 [DEBUG] [org.gradle.internal.resources.AbstractTrackedResourceLock] Execution worker Thread 3: acquired lock on worker lease
Upload (ubuntu-latest)	Check	2026-01-08T04:23:05.5410909Z 2026-01-08T04:23:05.503+0000 [DEBUG] [org.gradle.internal.resources.AbstractTrackedResourceLock] Execution worker Thread 3: released lock on worker lease
Upload (ubuntu-latest)	Check	2026-01-08T04:23:05.5412330Z 2026-01-08T04:23:05.504+0000 [DEBUG] [org.gradle.internal.resources.AbstractTrackedResourceLock] Daemon worker: acquired lock on worker lease
Upload (ubuntu-latest)	Check	2026-01-08T04:23:05.5413550Z 2026-01-08T04:23:05.504+0000 [DEBUG] [org.gradle.internal.operations.DefaultBuildOperationRunner] Completing Build operation 'Run main tasks'
Upload (ubuntu-latest)	Check	2026-01-08T04:23:05.5414776Z 2026-01-08T04:23:05.504+0000 [DEBUG] [org.gradle.internal.operations.DefaultBuildOperationRunner] Build operation 'Run main tasks' completed
Upload (ubuntu-latest)	Check	2026-01-08T04:23:05.5416037Z 2026-01-08T04:23:05.505+0000 [DEBUG] [org.gradle.internal.operations.DefaultBuildOperationRunner] Build operation 'Finish root build tree' started
Upload (ubuntu-latest)	Check	2026-01-08T04:23:05.5417415Z 2026-01-08T04:23:05.509+0000 [DEBUG] [org.jetbrains.kotlin.gradle.plugin.statistics.BuildFusService$Inject] Executing [reportGlobalMetrics]
Upload (ubuntu-latest)	Check	2026-01-08T04:23:05.5418578Z 2026-01-08T04:23:05.511+0000 [DEBUG] [org.jetbrains.kotlin.gradle.plugin.statistics.BuildFusService$Inject] Executing [reportBuildFinish]
Upload (ubuntu-latest)	Check	2026-01-08T04:23:05.5420268Z 2026-01-08T04:23:05.512+0000 [DEBUG] [org.jetbrains.kotlin.gradle.plugin.statistics.KotlinBuildStatsLoggerService] Executing [class org.jetbrains.kotlin.gradle.plugin.statistics.KotlinBuildStatsLoggerService.initSessionLogger]
Upload (ubuntu-latest)	Check	2026-01-08T04:23:05.5422607Z 2026-01-08T04:23:05.512+0000 [DEBUG] [org.jetbrains.kotlin.gradle.plugin.statistics.KotlinBuildStatsLoggerService] Executing [class org.jetbrains.kotlin.gradle.plugin.statistics.KotlinBuildStatsLoggerService.reportBuildFinish]
Upload (ubuntu-latest)	Check	2026-01-08T04:23:05.5424936Z 2026-01-08T04:23:05.518+0000 [DEBUG] [org.jetbrains.kotlin.gradle.plugin.statistics.KotlinBuildStatsBeanService] Executing [class org.jetbrains.kotlin.gradle.plugin.statistics.KotlinBuildStatsBeanService.buildFinished]
Upload (ubuntu-latest)	Check	2026-01-08T04:23:05.5427288Z 2026-01-08T04:23:05.518+0000 [DEBUG] [org.jetbrains.kotlin.gradle.plugin.statistics.KotlinBuildStatsBeanService] Unregistered org.jetbrains.kotlin.gradle.plugin.statistics.old.Pre232IdeaKotlinBuildStatsBeanService@52bebb0d
Upload (ubuntu-latest)	Check	2026-01-08T04:23:05.5429427Z 2026-01-08T04:23:05.518+0000 [DEBUG] [org.jetbrains.kotlin.gradle.plugin.statistics.KotlinBuildStatsBeanService] Executing [class org.jetbrains.kotlin.gradle.plugin.statistics.KotlinBuildStatsBeanService.buildFinished]
Upload (ubuntu-latest)	Check	2026-01-08T04:23:05.5431511Z 2026-01-08T04:23:05.518+0000 [DEBUG] [org.jetbrains.kotlin.gradle.plugin.statistics.KotlinBuildStatsBeanService] Unregistered org.jetbrains.kotlin.gradle.plugin.statistics.DefaultKotlinBuildStatsBeanService@7de430bd
Upload (ubuntu-latest)	Check	2026-01-08T04:23:05.5433165Z 2026-01-08T04:23:05.518+0000 [DEBUG] [org.jetbrains.kotlin.gradle.plugin.statistics.BuildFusService$Inject] [KOTLIN] Close BuildFusService$Inject
Upload (ubuntu-latest)	Check	2026-01-08T04:23:05.5435110Z 2026-01-08T04:23:05.518+0000 [DEBUG] [org.jetbrains.kotlin.gradle.plugin.KotlinGradleFinishBuildHandler] [KOTLIN] Deleted session-is-alive flag file: /home/runner/work/kotlin-bitcoin-kmp/kotlin-bitcoin-kmp/kotlin-secp256k1-kmp/.kotlin/sessions/kotlin-compiler-6719711722234266220.salive
Upload (ubuntu-latest)	Check	2026-01-08T04:23:05.5437182Z 2026-01-08T04:23:05.518+0000 [DEBUG] [org.jetbrains.kotlin.gradle.plugin.KotlinGradleBuildServices$Inject] [KOTLIN] Disposed KotlinGradleBuildServices
Upload (ubuntu-latest)	Check	2026-01-08T04:23:05.6294962Z 2026-01-08T04:23:05.524+0000 [DEBUG] [org.jetbrains.kotlin.gradle.plugin.statistics.BuildFusService$Inject] Executing [reportGlobalMetrics]
Upload (ubuntu-latest)	Check	2026-01-08T04:23:05.6297745Z 2026-01-08T04:23:05.525+0000 [DEBUG] [org.jetbrains.kotlin.gradle.plugin.statistics.BuildFusService$Inject] Executing [reportBuildFinish]
Upload (ubuntu-latest)	Check	2026-01-08T04:23:05.6327429Z 2026-01-08T04:23:05.546+0000 [ERROR] [org.gradle.internal.buildevents.BuildExceptionReporter] 
Upload (ubuntu-latest)	Check	2026-01-08T04:23:05.6329121Z 2026-01-08T04:23:05.546+0000 [ERROR] [org.gradle.internal.buildevents.BuildExceptionReporter] FAILURE: Build failed with an exception.
Upload (ubuntu-latest)	Check	2026-01-08T04:23:05.6330625Z 2026-01-08T04:23:05.546+0000 [ERROR] [org.gradle.internal.buildevents.BuildExceptionReporter] 
Upload (ubuntu-latest)	Check	2026-01-08T04:23:05.6331868Z 2026-01-08T04:23:05.546+0000 [ERROR] [org.gradle.internal.buildevents.BuildExceptionReporter] * What went wrong:
Upload (ubuntu-latest)	Check	2026-01-08T04:23:05.6333767Z 2026-01-08T04:23:05.546+0000 [ERROR] [org.gradle.internal.buildevents.BuildExceptionReporter] Execution failed for task ':compileTestKotlinLinuxX64'.
Upload (ubuntu-latest)	Check	2026-01-08T04:23:05.6335618Z 2026-01-08T04:23:05.547+0000 [ERROR] [org.gradle.internal.buildevents.BuildExceptionReporter] > Compilation finished with errors
Upload (ubuntu-latest)	Check	2026-01-08T04:23:05.6337861Z 2026-01-08T04:23:05.526+0000 [DEBUG] [org.jetbrains.kotlin.gradle.plugin.statistics.KotlinBuildStatsLoggerService] Executing [class org.jetbrains.kotlin.gradle.plugin.statistics.KotlinBuildStatsLoggerService.initSessionLogger]
Upload (ubuntu-latest)	Check	2026-01-08T04:23:05.6340286Z 2026-01-08T04:23:05.547+0000 [ERROR] [org.gradle.internal.buildevents.BuildExceptionReporter] 
Upload (ubuntu-latest)	Check	2026-01-08T04:23:05.6342233Z 2026-01-08T04:23:05.526+0000 [DEBUG] [org.jetbrains.kotlin.gradle.plugin.statistics.KotlinBuildStatsLoggerService] Executing [class org.jetbrains.kotlin.gradle.plugin.statistics.KotlinBuildStatsLoggerService.reportBuildFinish]
Upload (ubuntu-latest)	Check	2026-01-08T04:23:05.6345542Z 2026-01-08T04:23:05.547+0000 [ERROR] [org.gradle.internal.buildevents.BuildExceptionReporter] * Try:
Upload (ubuntu-latest)	Check	2026-01-08T04:23:05.6347290Z 2026-01-08T04:23:05.529+0000 [DEBUG] [org.jetbrains.kotlin.gradle.plugin.statistics.BuildFusService$Inject] [KOTLIN] Close BuildFusService$Inject
Upload (ubuntu-latest)	Check	2026-01-08T04:23:05.6351159Z 2026-01-08T04:23:05.547+0000 [ERROR] [org.gradle.internal.buildevents.BuildExceptionReporter] > Run with --scan to get full insights.
Upload (ubuntu-latest)	Check	2026-01-08T04:23:05.6352986Z 2026-01-08T04:23:05.547+0000 [ERROR] [org.gradle.internal.buildevents.BuildExceptionReporter] > Get more help at https://help.gradle.org.
Upload (ubuntu-latest)	Check	2026-01-08T04:23:05.6354261Z 2026-01-08T04:23:05.547+0000 [ERROR] [org.gradle.internal.buildevents.BuildExceptionReporter] 
Upload (ubuntu-latest)	Check	2026-01-08T04:23:05.6355345Z 2026-01-08T04:23:05.547+0000 [ERROR] [org.gradle.internal.buildevents.BuildExceptionReporter] * Exception is:
Upload (ubuntu-latest)	Check	2026-01-08T04:23:05.6357448Z 2026-01-08T04:23:05.547+0000 [ERROR] [org.gradle.internal.buildevents.BuildExceptionReporter] org.gradle.api.tasks.TaskExecutionException: Execution failed for task ':compileTestKotlinLinuxX64'.
Upload (ubuntu-latest)	Check	2026-01-08T04:23:05.6360036Z 2026-01-08T04:23:05.547+0000 [ERROR] [org.gradle.internal.buildevents.BuildExceptionReporter] 	at org.gradle.api.internal.tasks.execution.ExecuteActionsTaskExecuter.lambda$executeIfValid$1(ExecuteActionsTaskExecuter.java:130)
Upload (ubuntu-latest)	Check	2026-01-08T04:23:05.6362201Z 2026-01-08T04:23:05.547+0000 [ERROR] [org.gradle.internal.buildevents.BuildExceptionReporter] 	at org.gradle.internal.Try$Failure.ifSuccessfulOrElse(Try.java:293)
Upload (ubuntu-latest)	Check	2026-01-08T04:23:05.6364457Z 2026-01-08T04:23:05.547+0000 [ERROR] [org.gradle.internal.buildevents.BuildExceptionReporter] 	at org.gradle.api.internal.tasks.execution.ExecuteActionsTaskExecuter.executeIfValid(ExecuteActionsTaskExecuter.java:128)
Upload (ubuntu-latest)	Check	2026-01-08T04:23:05.6367248Z 2026-01-08T04:23:05.547+0000 [ERROR] [org.gradle.internal.buildevents.BuildExceptionReporter] 	at org.gradle.api.internal.tasks.execution.ExecuteActionsTaskExecuter.execute(ExecuteActionsTaskExecuter.java:116)
Upload (ubuntu-latest)	Check	2026-01-08T04:23:05.6369927Z 2026-01-08T04:23:05.547+0000 [ERROR] [org.gradle.internal.buildevents.BuildExceptionReporter] 	at org.gradle.api.internal.tasks.execution.ProblemsTaskPathTrackingTaskExecuter.execute(ProblemsTaskPathTrackingTaskExecuter.java:41)
Upload (ubuntu-latest)	Check	2026-01-08T04:23:05.6399313Z 2026-01-08T04:23:05.547+0000 [ERROR] [org.gradle.internal.buildevents.BuildExceptionReporter] 	at org.gradle.api.internal.tasks.execution.FinalizePropertiesTaskExecuter.execute(FinalizePropertiesTaskExecuter.java:46)
Upload (ubuntu-latest)	Check	2026-01-08T04:23:05.6401882Z 2026-01-08T04:23:05.547+0000 [ERROR] [org.gradle.internal.buildevents.BuildExceptionReporter] 	at org.gradle.api.internal.tasks.execution.ResolveTaskExecutionModeExecuter.execute(ResolveTaskExecutionModeExecuter.java:51)
Upload (ubuntu-latest)	Check	2026-01-08T04:23:05.6404442Z 2026-01-08T04:23:05.547+0000 [ERROR] [org.gradle.internal.buildevents.BuildExceptionReporter] 	at org.gradle.api.internal.tasks.execution.SkipTaskWithNoActionsExecuter.execute(SkipTaskWithNoActionsExecuter.java:57)
Upload (ubuntu-latest)	Check	2026-01-08T04:23:05.6407323Z 2026-01-08T04:23:05.547+0000 [ERROR] [org.gradle.internal.buildevents.BuildExceptionReporter] 	at org.gradle.api.internal.tasks.execution.SkipOnlyIfTaskExecuter.execute(SkipOnlyIfTaskExecuter.java:74)
Upload (ubuntu-latest)	Check	2026-01-08T04:23:05.6409856Z 2026-01-08T04:23:05.547+0000 [ERROR] [org.gradle.internal.buildevents.BuildExceptionReporter] 	at org.gradle.api.internal.tasks.execution.CatchExceptionTaskExecuter.execute(CatchExceptionTaskExecuter.java:36)
Upload (ubuntu-latest)	Check	2026-01-08T04:23:05.6412167Z 2026-01-08T04:23:05.547+0000 [ERROR] [org.gradle.internal.buildevents.BuildExceptionReporter] 	at org.gradle.api.internal.tasks.execution.EventFiringTaskExecuter$1.executeTask(EventFiringTaskExecuter.java:77)
Upload (ubuntu-latest)	Check	2026-01-08T04:23:05.6414553Z 2026-01-08T04:23:05.547+0000 [ERROR] [org.gradle.internal.buildevents.BuildExceptionReporter] 	at org.gradle.api.internal.tasks.execution.EventFiringTaskExecuter$1.call(EventFiringTaskExecuter.java:55)
Upload (ubuntu-latest)	Check	2026-01-08T04:23:05.6416952Z 2026-01-08T04:23:05.547+0000 [ERROR] [org.gradle.internal.buildevents.BuildExceptionReporter] 	at org.gradle.api.internal.tasks.execution.EventFiringTaskExecuter$1.call(EventFiringTaskExecuter.java:52)
Upload (ubuntu-latest)	Check	2026-01-08T04:23:05.6419477Z 2026-01-08T04:23:05.547+0000 [ERROR] [org.gradle.internal.buildevents.BuildExceptionReporter] 	at org.gradle.internal.operations.DefaultBuildOperationRunner$CallableBuildOperationWorker.execute(DefaultBuildOperationRunner.java:210)
Upload (ubuntu-latest)	Check	2026-01-08T04:23:05.6422120Z 2026-01-08T04:23:05.547+0000 [ERROR] [org.gradle.internal.buildevents.BuildExceptionReporter] 	at org.gradle.internal.operations.DefaultBuildOperationRunner$CallableBuildOperationWorker.execute(DefaultBuildOperationRunner.java:205)
Upload (ubuntu-latest)	Check	2026-01-08T04:23:05.6424866Z 2026-01-08T04:23:05.547+0000 [ERROR] [org.gradle.internal.buildevents.BuildExceptionReporter] 	at org.gradle.internal.operations.DefaultBuildOperationRunner$2.execute(DefaultBuildOperationRunner.java:67)
Upload (ubuntu-latest)	Check	2026-01-08T04:23:05.6427365Z 2026-01-08T04:23:05.547+0000 [ERROR] [org.gradle.internal.buildevents.BuildExceptionReporter] 	at org.gradle.internal.operations.DefaultBuildOperationRunner$2.execute(DefaultBuildOperationRunner.java:60)
Upload (ubuntu-latest)	Check	2026-01-08T04:23:05.6429731Z 2026-01-08T04:23:05.547+0000 [ERROR] [org.gradle.internal.buildevents.BuildExceptionReporter] 	at org.gradle.internal.operations.DefaultBuildOperationRunner.execute(DefaultBuildOperationRunner.java:167)
Upload (ubuntu-latest)	Check	2026-01-08T04:23:05.6432040Z 2026-01-08T04:23:05.547+0000 [ERROR] [org.gradle.internal.buildevents.BuildExceptionReporter] 	at org.gradle.internal.operations.DefaultBuildOperationRunner.execute(DefaultBuildOperationRunner.java:60)
Upload (ubuntu-latest)	Check	2026-01-08T04:23:05.6434325Z 2026-01-08T04:23:05.547+0000 [ERROR] [org.gradle.internal.buildevents.BuildExceptionReporter] 	at org.gradle.internal.operations.DefaultBuildOperationRunner.call(DefaultBuildOperationRunner.java:54)
Upload (ubuntu-latest)	Check	2026-01-08T04:23:05.6436972Z 2026-01-08T04:23:05.547+0000 [ERROR] [org.gradle.internal.buildevents.BuildExceptionReporter] 	at org.gradle.api.internal.tasks.execution.EventFiringTaskExecuter.execute(EventFiringTaskExecuter.java:52)
Upload (ubuntu-latest)	Check	2026-01-08T04:23:05.6439144Z 2026-01-08T04:23:05.547+0000 [ERROR] [org.gradle.internal.buildevents.BuildExceptionReporter] 	at org.gradle.execution.plan.LocalTaskNodeExecutor.execute(LocalTaskNodeExecutor.java:42)
Upload (ubuntu-latest)	Check	2026-01-08T04:23:05.6441536Z 2026-01-08T04:23:05.548+0000 [ERROR] [org.gradle.internal.buildevents.BuildExceptionReporter] 	at org.gradle.execution.taskgraph.DefaultTaskExecutionGraph$InvokeNodeExecutorsAction.execute(DefaultTaskExecutionGraph.java:331)
Upload (ubuntu-latest)	Check	2026-01-08T04:23:05.6444168Z 2026-01-08T04:23:05.548+0000 [ERROR] [org.gradle.internal.buildevents.BuildExceptionReporter] 	at org.gradle.execution.taskgraph.DefaultTaskExecutionGraph$InvokeNodeExecutorsAction.execute(DefaultTaskExecutionGraph.java:318)
Upload (ubuntu-latest)	Check	2026-01-08T04:23:05.6446941Z 2026-01-08T04:23:05.548+0000 [ERROR] [org.gradle.internal.buildevents.BuildExceptionReporter] 	at org.gradle.execution.taskgraph.DefaultTaskExecutionGraph$BuildOperationAwareExecutionAction.lambda$execute$0(DefaultTaskExecutionGraph.java:314)
Upload (ubuntu-latest)	Check	2026-01-08T04:23:05.6449717Z 2026-01-08T04:23:05.548+0000 [ERROR] [org.gradle.internal.buildevents.BuildExceptionReporter] 	at org.gradle.internal.operations.CurrentBuildOperationRef.with(CurrentBuildOperationRef.java:85)
Upload (ubuntu-latest)	Check	2026-01-08T04:23:05.6452258Z 2026-01-08T04:23:05.548+0000 [ERROR] [org.gradle.internal.buildevents.BuildExceptionReporter] 	at org.gradle.execution.taskgraph.DefaultTaskExecutionGraph$BuildOperationAwareExecutionAction.execute(DefaultTaskExecutionGraph.java:314)
Upload (ubuntu-latest)	Check	2026-01-08T04:23:05.6455155Z 2026-01-08T04:23:05.548+0000 [ERROR] [org.gradle.internal.buildevents.BuildExceptionReporter] 	at org.gradle.execution.taskgraph.DefaultTaskExecutionGraph$BuildOperationAwareExecutionAction.execute(DefaultTaskExecutionGraph.java:303)
Upload (ubuntu-latest)	Check	2026-01-08T04:23:05.6457862Z 2026-01-08T04:23:05.548+0000 [ERROR] [org.gradle.internal.buildevents.BuildExceptionReporter] 	at org.gradle.execution.plan.DefaultPlanExecutor$ExecutorWorker.execute(DefaultPlanExecutor.java:459)
Upload (ubuntu-latest)	Check	2026-01-08T04:23:05.6460145Z 2026-01-08T04:23:05.548+0000 [ERROR] [org.gradle.internal.buildevents.BuildExceptionReporter] 	at org.gradle.execution.plan.DefaultPlanExecutor$ExecutorWorker.run(DefaultPlanExecutor.java:376)
Upload (ubuntu-latest)	Check	2026-01-08T04:23:05.6462391Z 2026-01-08T04:23:05.548+0000 [ERROR] [org.gradle.internal.buildevents.BuildExceptionReporter] 	at org.gradle.internal.concurrent.ExecutorPolicy$CatchAndRecordFailures.onExecute(ExecutorPolicy.java:64)
Upload (ubuntu-latest)	Check	2026-01-08T04:23:05.6464600Z 2026-01-08T04:23:05.548+0000 [ERROR] [org.gradle.internal.buildevents.BuildExceptionReporter] 	at org.gradle.internal.concurrent.AbstractManagedExecutor$1.run(AbstractManagedExecutor.java:48)
Upload (ubuntu-latest)	Check	2026-01-08T04:23:05.6467373Z 2026-01-08T04:23:05.548+0000 [ERROR] [org.gradle.internal.buildevents.BuildExceptionReporter] Caused by: org.jetbrains.kotlin.backend.konan.KonanCompilationException: Compilation finished with errors
Upload (ubuntu-latest)	Check	2026-01-08T04:23:05.6469572Z 2026-01-08T04:23:05.548+0000 [ERROR] [org.gradle.internal.buildevents.BuildExceptionReporter] 	at org.jetbrains.kotlin.cli.bc.K2Native$Companion.mainNoExitWithRenderer$lambda$2(K2Native.kt:218)
Upload (ubuntu-latest)	Check	2026-01-08T04:23:05.6471468Z 2026-01-08T04:23:05.548+0000 [ERROR] [org.gradle.internal.buildevents.BuildExceptionReporter] 	at org.jetbrains.kotlin.util.UtilKt.profileIf(Util.kt:22)
Upload (ubuntu-latest)	Check	2026-01-08T04:23:05.6473089Z 2026-01-08T04:23:05.548+0000 [ERROR] [org.gradle.internal.buildevents.BuildExceptionReporter] 	at org.jetbrains.kotlin.util.UtilKt.profile(Util.kt:16)
Upload (ubuntu-latest)	Check	2026-01-08T04:23:05.6474874Z 2026-01-08T04:23:05.549+0000 [ERROR] [org.gradle.internal.buildevents.BuildExceptionReporter] 	at org.jetbrains.kotlin.cli.bc.K2Native$Companion.mainNoExitWithRenderer(K2Native.kt:216)
Upload (ubuntu-latest)	Check	2026-01-08T04:23:05.6477207Z 2026-01-08T04:23:05.549+0000 [ERROR] [org.gradle.internal.buildevents.BuildExceptionReporter] 	at org.jetbrains.kotlin.cli.bc.K2NativeKt.mainNoExitWithGradleRenderer(K2Native.kt:234)
Upload (ubuntu-latest)	Check	2026-01-08T04:23:05.6479191Z 2026-01-08T04:23:05.549+0000 [ERROR] [org.gradle.internal.buildevents.BuildExceptionReporter] 	at org.jetbrains.kotlin.cli.utilities.MainKt$daemonMain$1.invoke(main.kt:50)
Upload (ubuntu-latest)	Check	2026-01-08T04:23:05.6481002Z 2026-01-08T04:23:05.549+0000 [ERROR] [org.gradle.internal.buildevents.BuildExceptionReporter] 	at org.jetbrains.kotlin.cli.utilities.MainKt$daemonMain$1.invoke(main.kt:50)
Upload (ubuntu-latest)	Check	2026-01-08T04:23:05.6482848Z 2026-01-08T04:23:05.549+0000 [ERROR] [org.gradle.internal.buildevents.BuildExceptionReporter] 	at org.jetbrains.kotlin.cli.utilities.MainKt.mainImpl(main.kt:20)
Upload (ubuntu-latest)	Check	2026-01-08T04:23:05.6484617Z 2026-01-08T04:23:05.549+0000 [ERROR] [org.gradle.internal.buildevents.BuildExceptionReporter] 	at org.jetbrains.kotlin.cli.utilities.MainKt.inProcessMain(main.kt:57)
Upload (ubuntu-latest)	Check	2026-01-08T04:23:05.6486336Z 2026-01-08T04:23:05.549+0000 [ERROR] [org.gradle.internal.buildevents.BuildExceptionReporter] 	at org.jetbrains.kotlin.cli.utilities.MainKt.daemonMain(main.kt:50)
Upload (ubuntu-latest)	Check	2026-01-08T04:23:05.6488392Z 2026-01-08T04:23:05.549+0000 [ERROR] [org.gradle.internal.buildevents.BuildExceptionReporter] 	at java.base/jdk.internal.reflect.NativeMethodAccessorImpl.invoke0(Native Method)
Upload (ubuntu-latest)	Check	2026-01-08T04:23:05.6490585Z 2026-01-08T04:23:05.549+0000 [ERROR] [org.gradle.internal.buildevents.BuildExceptionReporter] 	at java.base/jdk.internal.reflect.NativeMethodAccessorImpl.invoke(NativeMethodAccessorImpl.java:77)
Upload (ubuntu-latest)	Check	2026-01-08T04:23:05.6493004Z 2026-01-08T04:23:05.549+0000 [ERROR] [org.gradle.internal.buildevents.BuildExceptionReporter] 	at java.base/jdk.internal.reflect.DelegatingMethodAccessorImpl.invoke(DelegatingMethodAccessorImpl.java:43)
Upload (ubuntu-latest)	Check	2026-01-08T04:23:05.6495536Z 2026-01-08T04:23:05.549+0000 [ERROR] [org.gradle.internal.buildevents.BuildExceptionReporter] 	at org.jetbrains.kotlin.internal.compilerRunner.native.KotlinNativeToolRunner.runInProcess(KotlinNativeToolRunner.kt:151)
Upload (ubuntu-latest)	Check	2026-01-08T04:23:05.6500999Z 2026-01-08T04:23:05.549+0000 [ERROR] [org.gradle.internal.buildevents.BuildExceptionReporter] 	at org.jetbrains.kotlin.internal.compilerRunner.native.KotlinNativeToolRunner.runTool(KotlinNativeToolRunner.kt:52)
Upload (ubuntu-latest)	Check	2026-01-08T04:23:05.6503329Z 2026-01-08T04:23:05.549+0000 [ERROR] [org.gradle.internal.buildevents.BuildExceptionReporter] 	at org.jetbrains.kotlin.gradle.tasks.KotlinNativeCompile$compile$1.invoke(KotlinNativeTasks.kt:594)
Upload (ubuntu-latest)	Check	2026-01-08T04:23:05.6505515Z 2026-01-08T04:23:05.549+0000 [ERROR] [org.gradle.internal.buildevents.BuildExceptionReporter] 	at org.jetbrains.kotlin.gradle.tasks.KotlinNativeCompile$compile$1.invoke(KotlinNativeTasks.kt:578)
Upload (ubuntu-latest)	Check	2026-01-08T04:23:05.6508056Z 2026-01-08T04:23:05.549+0000 [ERROR] [org.gradle.internal.buildevents.BuildExceptionReporter] 	at org.jetbrains.kotlin.compilerRunner.ReportUtilsKt.addBuildMetricsForTaskAction(reportUtils.kt:259)
Upload (ubuntu-latest)	Check	2026-01-08T04:23:05.6510513Z 2026-01-08T04:23:05.549+0000 [ERROR] [org.gradle.internal.buildevents.BuildExceptionReporter] 	at org.jetbrains.kotlin.gradle.tasks.KotlinNativeCompile.compile(KotlinNativeTasks.kt:578)
Upload (ubuntu-latest)	Check	2026-01-08T04:23:05.6512539Z 2026-01-08T04:23:05.549+0000 [ERROR] [org.gradle.internal.buildevents.BuildExceptionReporter] 	at java.base/jdk.internal.reflect.NativeMethodAccessorImpl.invoke0(Native Method)
Upload (ubuntu-latest)	Check	2026-01-08T04:23:05.6514625Z 2026-01-08T04:23:05.549+0000 [ERROR] [org.gradle.internal.buildevents.BuildExceptionReporter] 	at java.base/jdk.internal.reflect.NativeMethodAccessorImpl.invoke(NativeMethodAccessorImpl.java:77)
Upload (ubuntu-latest)	Check	2026-01-08T04:23:05.6517178Z 2026-01-08T04:23:05.549+0000 [ERROR] [org.gradle.internal.buildevents.BuildExceptionReporter] 	at java.base/jdk.internal.reflect.DelegatingMethodAccessorImpl.invoke(DelegatingMethodAccessorImpl.java:43)
Upload (ubuntu-latest)	Check	2026-01-08T04:23:05.6519324Z 2026-01-08T04:23:05.549+0000 [ERROR] [org.gradle.internal.buildevents.BuildExceptionReporter] 	at org.gradle.internal.reflect.JavaMethod.invoke(JavaMethod.java:125)
Upload (ubuntu-latest)	Check	2026-01-08T04:23:05.6521464Z 2026-01-08T04:23:05.549+0000 [ERROR] [org.gradle.internal.buildevents.BuildExceptionReporter] 	at org.gradle.api.internal.project.taskfactory.StandardTaskAction.doExecute(StandardTaskAction.java:58)
Upload (ubuntu-latest)	Check	2026-01-08T04:23:05.6523736Z 2026-01-08T04:23:05.549+0000 [ERROR] [org.gradle.internal.buildevents.BuildExceptionReporter] 	at org.gradle.api.internal.project.taskfactory.StandardTaskAction.execute(StandardTaskAction.java:51)
Upload (ubuntu-latest)	Check	2026-01-08T04:23:05.6525957Z 2026-01-08T04:23:05.549+0000 [ERROR] [org.gradle.internal.buildevents.BuildExceptionReporter] 	at org.gradle.api.internal.project.taskfactory.StandardTaskAction.execute(StandardTaskAction.java:29)
Upload (ubuntu-latest)	Check	2026-01-08T04:23:05.6537874Z 2026-01-08T04:23:05.549+0000 [ERROR] [org.gradle.internal.buildevents.BuildExceptionReporter] 	at org.gradle.api.internal.tasks.execution.TaskExecution$3.run(TaskExecution.java:244)
Upload (ubuntu-latest)	Check	2026-01-08T04:23:05.6540083Z 2026-01-08T04:23:05.549+0000 [ERROR] [org.gradle.internal.buildevents.BuildExceptionReporter] 	at org.gradle.internal.operations.DefaultBuildOperationRunner$1.execute(DefaultBuildOperationRunner.java:30)
Upload (ubuntu-latest)	Check	2026-01-08T04:23:05.6542344Z 2026-01-08T04:23:05.549+0000 [ERROR] [org.gradle.internal.buildevents.BuildExceptionReporter] 	at org.gradle.internal.operations.DefaultBuildOperationRunner$1.execute(DefaultBuildOperationRunner.java:27)
Upload (ubuntu-latest)	Check	2026-01-08T04:23:05.6544668Z 2026-01-08T04:23:05.549+0000 [ERROR] [org.gradle.internal.buildevents.BuildExceptionReporter] 	at org.gradle.internal.operations.DefaultBuildOperationRunner$2.execute(DefaultBuildOperationRunner.java:67)
Upload (ubuntu-latest)	Check	2026-01-08T04:23:05.6547319Z 2026-01-08T04:23:05.549+0000 [ERROR] [org.gradle.internal.buildevents.BuildExceptionReporter] 	at org.gradle.internal.operations.DefaultBuildOperationRunner$2.execute(DefaultBuildOperationRunner.java:60)
Upload (ubuntu-latest)	Check	2026-01-08T04:23:05.6549655Z 2026-01-08T04:23:05.549+0000 [ERROR] [org.gradle.internal.buildevents.BuildExceptionReporter] 	at org.gradle.internal.operations.DefaultBuildOperationRunner.execute(DefaultBuildOperationRunner.java:167)
Upload (ubuntu-latest)	Check	2026-01-08T04:23:05.6551939Z 2026-01-08T04:23:05.549+0000 [ERROR] [org.gradle.internal.buildevents.BuildExceptionReporter] 	at org.gradle.internal.operations.DefaultBuildOperationRunner.execute(DefaultBuildOperationRunner.java:60)
Upload (ubuntu-latest)	Check	2026-01-08T04:23:05.6554139Z 2026-01-08T04:23:05.549+0000 [ERROR] [org.gradle.internal.buildevents.BuildExceptionReporter] 	at org.gradle.internal.operations.DefaultBuildOperationRunner.run(DefaultBuildOperationRunner.java:48)
Upload (ubuntu-latest)	Check	2026-01-08T04:23:05.6556271Z 2026-01-08T04:23:05.549+0000 [ERROR] [org.gradle.internal.buildevents.BuildExceptionReporter] 	at org.gradle.api.internal.tasks.execution.TaskExecution.executeAction(TaskExecution.java:229)
Upload (ubuntu-latest)	Check	2026-01-08T04:23:05.6558768Z 2026-01-08T04:23:05.549+0000 [ERROR] [org.gradle.internal.buildevents.BuildExceptionReporter] 	at org.gradle.api.internal.tasks.execution.TaskExecution.executeActions(TaskExecution.java:212)
Upload (ubuntu-latest)	Check	2026-01-08T04:23:05.6561360Z 2026-01-08T04:23:05.549+0000 [ERROR] [org.gradle.internal.buildevents.BuildExceptionReporter] 	at org.gradle.api.internal.tasks.execution.TaskExecution.executeWithPreviousOutputFiles(TaskExecution.java:195)
Upload (ubuntu-latest)	Check	2026-01-08T04:23:05.6563592Z 2026-01-08T04:23:05.549+0000 [ERROR] [org.gradle.internal.buildevents.BuildExceptionReporter] 	at org.gradle.api.internal.tasks.execution.TaskExecution.execute(TaskExecution.java:162)
Upload (ubuntu-latest)	Check	2026-01-08T04:23:05.6565627Z 2026-01-08T04:23:05.549+0000 [ERROR] [org.gradle.internal.buildevents.BuildExceptionReporter] 	at org.gradle.internal.execution.steps.ExecuteStep.executeInternal(ExecuteStep.java:105)
Upload (ubuntu-latest)	Check	2026-01-08T04:23:05.6570812Z 2026-01-08T04:23:05.549+0000 [ERROR] [org.gradle.internal.buildevents.BuildExceptionReporter] 	at org.gradle.internal.execution.steps.ExecuteStep.access$000(ExecuteStep.java:44)
Upload (ubuntu-latest)	Check	2026-01-08T04:23:05.6574901Z 2026-01-08T04:23:05.550+0000 [ERROR] [org.gradle.internal.buildevents.BuildExceptionReporter] 	at org.gradle.internal.execution.steps.ExecuteStep$1.call(ExecuteStep.java:59)
Upload (ubuntu-latest)	Check	2026-01-08T04:23:05.6576877Z 2026-01-08T04:23:05.550+0000 [ERROR] [org.gradle.internal.buildevents.BuildExceptionReporter] 	at org.gradle.internal.execution.steps.ExecuteStep$1.call(ExecuteStep.java:56)
Upload (ubuntu-latest)	Check	2026-01-08T04:23:05.6579050Z 2026-01-08T04:23:05.550+0000 [ERROR] [org.gradle.internal.buildevents.BuildExceptionReporter] 	at org.gradle.internal.operations.DefaultBuildOperationRunner$CallableBuildOperationWorker.execute(DefaultBuildOperationRunner.java:210)
Upload (ubuntu-latest)	Check	2026-01-08T04:23:05.6580911Z 2026-01-08T04:23:05.550+0000 [ERROR] [org.gradle.internal.buildevents.BuildExceptionReporter] 	at org.gradle.internal.operations.DefaultBuildOperationRunner$CallableBuildOperationWorker.execute(DefaultBuildOperationRunner.java:205)
Upload (ubuntu-latest)	Check	2026-01-08T04:23:05.6582419Z 2026-01-08T04:23:05.550+0000 [ERROR] [org.gradle.internal.buildevents.BuildExceptionReporter] 	at org.gradle.internal.operations.DefaultBuildOperationRunner$2.execute(DefaultBuildOperationRunner.java:67)
Upload (ubuntu-latest)	Check	2026-01-08T04:23:05.6583736Z 2026-01-08T04:23:05.550+0000 [ERROR] [org.gradle.internal.buildevents.BuildExceptionReporter] 	at org.gradle.internal.operations.DefaultBuildOperationRunner$2.execute(DefaultBuildOperationRunner.java:60)
Upload (ubuntu-latest)	Check	2026-01-08T04:23:05.6585038Z 2026-01-08T04:23:05.550+0000 [ERROR] [org.gradle.internal.buildevents.BuildExceptionReporter] 	at org.gradle.internal.operations.DefaultBuildOperationRunner.execute(DefaultBuildOperationRunner.java:167)
Upload (ubuntu-latest)	Check	2026-01-08T04:23:05.6586577Z 2026-01-08T04:23:05.550+0000 [ERROR] [org.gradle.internal.buildevents.BuildExceptionReporter] 	at org.gradle.internal.operations.DefaultBuildOperationRunner.execute(DefaultBuildOperationRunner.java:60)
Upload (ubuntu-latest)	Check	2026-01-08T04:23:05.6588161Z 2026-01-08T04:23:05.550+0000 [ERROR] [org.gradle.internal.buildevents.BuildExceptionReporter] 	at org.gradle.internal.operations.DefaultBuildOperationRunner.call(DefaultBuildOperationRunner.java:54)
Upload (ubuntu-latest)	Check	2026-01-08T04:23:05.6589371Z 2026-01-08T04:23:05.550+0000 [ERROR] [org.gradle.internal.buildevents.BuildExceptionReporter] 	at org.gradle.internal.execution.steps.ExecuteStep.execute(ExecuteStep.java:56)
Upload (ubuntu-latest)	Check	2026-01-08T04:23:05.6590458Z 2026-01-08T04:23:05.550+0000 [ERROR] [org.gradle.internal.buildevents.BuildExceptionReporter] 	at org.gradle.internal.execution.steps.ExecuteStep.execute(ExecuteStep.java:44)
Upload (ubuntu-latest)	Check	2026-01-08T04:23:05.6591600Z 2026-01-08T04:23:05.550+0000 [ERROR] [org.gradle.internal.buildevents.BuildExceptionReporter] 	at org.gradle.internal.execution.steps.CancelExecutionStep.execute(CancelExecutionStep.java:42)
Upload (ubuntu-latest)	Check	2026-01-08T04:23:05.6592795Z 2026-01-08T04:23:05.550+0000 [ERROR] [org.gradle.internal.buildevents.BuildExceptionReporter] 	at org.gradle.internal.execution.steps.TimeoutStep.executeWithoutTimeout(TimeoutStep.java:75)
Upload (ubuntu-latest)	Check	2026-01-08T04:23:05.6594018Z 2026-01-08T04:23:05.550+0000 [ERROR] [org.gradle.internal.buildevents.BuildExceptionReporter] 	at org.gradle.internal.execution.steps.TimeoutStep.execute(TimeoutStep.java:55)
Upload (ubuntu-latest)	Check	2026-01-08T04:23:05.6595230Z 2026-01-08T04:23:05.550+0000 [ERROR] [org.gradle.internal.buildevents.BuildExceptionReporter] 	at org.gradle.internal.execution.steps.PreCreateOutputParentsStep.execute(PreCreateOutputParentsStep.java:50)
